IQ-TREE multicore version 2.4.0 for MacOS Intel 64-bit built Feb 12 2025
Developed by Bui Quang Minh, Nguyen Lam Tung, Olga Chernomor, Heiko Schmidt,
Dominik Schrempf, Michael Woodhams, Ly Trong Nhan, Thomas Wong

Host:    MAC307966 (SSE4.2, 64 GB RAM)
Command: iqtree -s /Users/agl4001/Documents/AOC-develop/results/Placentals_ZNF805/Placentals_ZNF805.RD.SA.codons.cln.fa -T AUTO -B 1000 --redo-tree
Seed:    536710 (Using SPRNG - Scalable Parallel Random Number Generator)
Time:    Thu Jun 26 20:56:34 2025
Kernel:  SSE2 - auto-detect threads (12 CPU cores detected)

Reading alignment file /Users/agl4001/Documents/AOC-develop/results/Placentals_ZNF805/Placentals_ZNF805.RD.SA.codons.cln.fa ... Fasta format detected
Reading fasta file: done in 0.00654793 secs using 92.06% CPU
Alignment most likely contains DNA/RNA sequences
WARNING: 54 sites contain only gaps or ambiguous characters.
Alignment has 62 sequences with 7407 columns, 1584 distinct patterns
1110 parsimony-informative, 752 singleton sites, 5545 constant sites
                                                                                                                  Gap/Ambiguity  Composition  p-value
Analyzing sequences: done in 0.000197172 secs using 83.18% CPU
   1  NM_001023563_4_Homo_sapiens_zinc_finger_protein_805_ZNF805_transcript_variant_1_mRNA                               74.61%    passed     27.26%
   2  XM_004089117_3_PREDICTED_Nomascus_leucogenys_zinc_finger_protein_805_ZNF805_mRNA                                   74.61%    passed     25.83%
   3  XM_004061536_3_PREDICTED_Gorilla_gorilla_gorilla_zinc_finger_protein_805_ZNF805_mRNA                               74.61%    passed     25.59%
   4  XM_003316703_6_PREDICTED_Pan_troglodytes_zinc_finger_protein_805_ZNF805_transcript_variant_X1_mRNA                 74.61%    passed     21.54%
   5  XM_054462876_2_PREDICTED_Pongo_pygmaeus_zinc_finger_protein_805_ZNF805_transcript_variant_X1_mRNA                  74.61%    passed     12.51%
   6  XM_012465351_3_PREDICTED_Aotus_nancymaae_zinc_finger_protein_805_ZNF805_mRNA                                       74.61%    passed     10.41%
   7  XM_017509572_2_PREDICTED_Cebus_imitator_zinc_finger_protein_805_ZNF805_transcript_variant_X1_mRNA                  74.61%    passed     10.99%
   8  XM_032263228_1_PREDICTED_Sapajus_apella_zinc_finger_protein_805_ZNF805_transcript_variant_X1_mRNA                  74.61%    passed     10.14%
   9  XM_005590500_5_PREDICTED_Macaca_fascicularis_zinc_finger_protein_805_ZNF805_transcript_variant_X1_mRNA             74.61%    passed     29.22%
  10  XM_050772038_1_PREDICTED_Macaca_thibetana_thibetana_zinc_finger_protein_805_ZNF805_transcript_variant_X1_mRNA      74.61%    passed     24.45%
  11  XM_030941696_1_PREDICTED_Rhinopithecus_roxellana_zinc_finger_protein_805_ZNF805_transcript_variant_X1_mRNA         74.61%    passed     39.10%
  12  XM_011979649_1_PREDICTED_Mandrillus_leucophaeus_zinc_finger_protein_805_ZNF805_mRNA                                76.27%    passed     14.56%
  13  XM_025368830_1_PREDICTED_Theropithecus_gelada_zinc_finger_protein_805_ZNF805_mRNA                                  74.61%    passed     19.47%
  14  NM_001270905_1_Callithrix_jacchus_zinc_finger_protein_805_ZNF805_mRNA                                              74.61%    passed     86.42%
  15  XM_053604405_1_PREDICTED_Nycticebus_coucang_zinc_finger_protein_805_ZNF805_mRNA                                    74.65%    failed      0.72%
  16  XM_012808667_2_PREDICTED_Otolemur_garnettii_zinc_finger_protein_805_ZNF805_mRNA                                    74.65%    failed      0.06%
  17  XM_055553698_1_PREDICTED_Bubalus_kerabau_zinc_finger_protein_805_ZNF805_transcript_variant_X7_mRNA                 66.46%    failed      4.38%
  18  XM_055410588_1_PREDICTED_Moschus_berezovskii_zinc_finger_protein_805_ZNF805_mRNA                                   74.56%    passed     96.35%
  19  XM_010857695_1_PREDICTED_Bison_bison_bison_zinc_finger_protein_805_ZNF805_mRNA                                     74.56%    passed     99.49%
  20  XM_070451668_1_PREDICTED_Odocoileus_virginianus_zinc_finger_protein_805_ZNF805_mRNA                                74.56%    failed      2.24%
  21  XM_005596578_4_PREDICTED_Equus_caballus_zinc_finger_protein_805_ZNF805_transcript_variant_X4_mRNA                  59.74%    passed     32.86%
  22  XM_070633507_1_PREDICTED_Equus_przewalskii_zinc_finger_protein_805_ZNF805_transcript_variant_X4_mRNA               59.66%    passed     34.58%
  23  XM_046681681_1_PREDICTED_Equus_quagga_zinc_finger_protein_805_ZNF805_mRNA                                          79.99%    passed     25.18%
  24  XM_058530448_1_PREDICTED_Diceros_bicornis_minor_zinc_finger_protein_805_ZNF805_transcript_variant_X1_mRNA          74.61%    passed     86.92%
  25  XM_007127435_4_PREDICTED_Physeter_macrocephalus_zinc_finger_protein_805_ZNF805_mRNA                                74.56%    passed     86.40%
  26  XM_065898241_1_PREDICTED_Phocoena_phocoena_zinc_finger_protein_805_ZNF805_mRNA                                     79.99%    passed     15.59%
  27  XM_060652504_1_PREDICTED_Panthera_onca_zinc_finger_protein_805_ZNF805_mRNA                                         77.32%    passed     48.00%
  28  XM_058707087_1_PREDICTED_Neofelis_nebulosa_zinc_finger_protein_805_ZNF805_transcript_variant_X1_mRNA               74.69%    passed     15.68%
  29  XM_042917715_1_PREDICTED_Panthera_leo_zinc_finger_protein_805_ZNF805_transcript_variant_X1_mRNA                    74.69%    failed      0.47%
  30  XM_064580304_1_PREDICTED_Mirounga_angustirostris_zinc_finger_protein_805_ZNF805_transcript_variant_X1_mRNA         74.77%    passed     32.41%
  31  XM_036091900_1_PREDICTED_Halichoerus_grypus_zinc_finger_protein_805_ZNF805_transcript_variant_X1_mRNA              74.40%    passed     58.29%
  32  XM_035724963_1_PREDICTED_Zalophus_californianus_zinc_finger_protein_805_ZNF805_transcript_variant_X1_mRNA          74.77%    passed     41.83%
  33  XM_034639534_1_PREDICTED_Ailuropoda_melanoleuca_zinc_finger_protein_805_ZNF805_mRNA                                80.28%    passed     17.10%
  34  XM_072822897_1_PREDICTED_Canis_lupus_baileyi_zinc_finger_protein_805_ZNF805_transcript_variant_X1_mRNA             74.85%    passed     17.90%
  35  XM_072763850_1_PREDICTED_Vulpes_vulpes_zinc_finger_protein_805_ZNF805_transcript_variant_X1_mRNA                   74.81%    passed     13.57%
  36  XM_013048059_2_PREDICTED_Mustela_putorius_furo_zinc_finger_protein_805_ZNF805_transcript_variant_X1_mRNA           74.77%    passed     99.42%
  37  XM_032324660_1_PREDICTED_Mustela_erminea_zinc_finger_protein_805_ZNF805_transcript_variant_X1_mRNA                 74.77%    passed     98.82%
  38  XM_059152342_1_PREDICTED_Mustela_lutreola_zinc_finger_protein_805_ZNF805_transcript_variant_X1_mRNA                74.81%    passed     99.85%
  39  XM_059383183_1_PREDICTED_Mustela_nigripes_zinc_finger_protein_805_ZNF805_transcript_variant_X1_mRNA                74.81%    passed     99.67%
  40  XM_047710679_1_PREDICTED_Lutra_lutra_zinc_finger_protein_805_ZNF805_transcript_variant_X1_mRNA                     74.89%    passed     96.19%
  41  XM_072968360_1_PREDICTED_Vicugna_pacos_zinc_finger_protein_805_ZNF805_mRNA                                         74.56%    passed      5.30%
  42  XM_010961969_3_PREDICTED_Camelus_bactrianus_zinc_finger_protein_805_ZNF805_transcript_variant_X1_mRNA              74.56%    failed      3.42%
  43  XM_006915918_3_PREDICTED_Pteropus_alecto_zinc_finger_protein_805_ZNF805_transcript_variant_X3_mRNA                 61.04%    passed     44.74%
  44  XM_029924784_1_PREDICTED_Suricata_suricatta_zinc_finger_protein_805_ZNF805_mRNA                                    77.76%    failed      2.53%
  45  XM_005861700_2_PREDICTED_Myotis_brandtii_zinc_finger_protein_805_ZNF805_transcript_variant_X2_mRNA                 76.18%    passed     23.33%
  46  XM_070401676_1_PREDICTED_Myotis_yumanensis_zinc_finger_protein_805_ZNF805_mRNA                                     72.42%    failed      0.00%
  47  XM_059664992_1_PREDICTED_Myotis_daubentonii_zinc_finger_protein_805_ZNF805_transcript_variant_X1_mRNA              72.62%    failed      0.00%
  48  XM_054710409_1_PREDICTED_Eptesicus_fuscus_zinc_finger_protein_805_ZNF805_mRNA                                      72.58%    failed      0.00%
  49  XM_024979418_2_PREDICTED_Bos_taurus_zinc_finger_protein_805_ZNF805_transcript_variant_X1_mRNA                      72.70%    passed     90.75%
  50  XM_040251742_1_PREDICTED_Oryx_dammah_zinc_finger_protein_805_ZNF805_transcript_variant_X1_mRNA                     72.70%    passed     66.68%
  51  XM_069552112_2_PREDICTED_Ovis_canadensis_zinc_finger_protein_805_ZNF805_transcript_variant_X2_mRNA                 72.82%    passed     62.06%
  52  XM_073796317_1_PREDICTED_Tursiops_truncatus_zinc_finger_protein_805_ZNF805_transcript_variant_X13_mRNA             40.46%    passed     85.53%
  53  XM_067720522_1_PREDICTED_Pseudorca_crassidens_zinc_finger_protein_805_ZNF805_transcript_variant_X1_mRNA            70.11%    passed     58.37%
  54  XM_022564902_2_PREDICTED_Delphinapterus_leucas_zinc_finger_protein_805_ZNF805_transcript_variant_X2_mRNA           55.25%    passed     93.47%
  55  XM_020170135_2_PREDICTED_Castor_canadensis_zinc_finger_protein_805_Znf805_transcript_variant_X1_mRNA               74.61%    passed     90.37%
  56  XM_013066272_2_PREDICTED_Heterocephalus_glaber_zinc_finger_protein_805_Znf805_transcript_variant_X1_mRNA           74.44%    failed      0.00%
  57  XM_012734707_1_PREDICTED_Condylura_cristata_zinc_finger_protein_805_ZNF805_mRNA                                    67.36%    passed     18.56%
  58  XM_015561781_1_PREDICTED_Myotis_davidii_zinc_finger_protein_805_ZNF805_transcript_variant_X4_mRNA                  74.81%    passed      5.71%
  59  XM_057719661_1_PREDICTED_Hippopotamus_amphibius_kiboko_zinc_finger_protein_805_ZNF805_transcript_variant_X1_mRNA   70.68%    passed     67.47%
  60  XM_006868260_1_PREDICTED_Chrysochloris_asiatica_zinc_finger_protein_805_ZNF805_mRNA                                80.44%    failed      1.52%
  61  XM_006902956_1_PREDICTED_Elephantulus_edwardii_zinc_finger_protein_805_ZNF805_mRNA                                 81.21%    failed      0.00%
  62  XM_055145341_1_PREDICTED_Sorex_araneus_zinc_finger_protein_805_ZNF805_transcript_variant_X1_mRNA                   72.50%    passed     43.78%
WARNING: 61 sequences contain more than 50% gaps/ambiguity
****  TOTAL                                                                                                              73.07%  13 sequences failed composition chi2 test (p-value<5%; df=3)


Create initial parsimony tree by phylogenetic likelihood library (PLL)... 0.008 seconds
Measuring multi-threading efficiency up to 12 CPU cores
Increase to 10 rounds for branch lengths
78 trees examined
Threads: 1 / Time: 12.095 sec / Speedup: 1.000 / Efficiency: 100% / LogL: -50491
Threads: 2 / Time: 88.347 sec / Speedup: 0.137 / Efficiency: 7% / LogL: -50491
BEST NUMBER OF THREADS: 1

Perform fast likelihood tree search using GTR+I+G model...
Estimate model parameters (epsilon = 5.000)
Perform nearest neighbor interchange...
Estimate model parameters (epsilon = 1.000)
1. Initial log-likelihood: -34834.827
2. Current log-likelihood: -34831.911
3. Current log-likelihood: -34829.830
4. Current log-likelihood: -34828.281
5. Current log-likelihood: -34827.087
Optimal log-likelihood: -34826.124
Rate parameters:  A-C: 1.35252  A-G: 4.07392  A-T: 0.84610  C-G: 1.30930  C-T: 5.81734  G-T: 1.00000
Base frequencies:  A: 0.273  C: 0.251  G: 0.268  T: 0.209
Proportion of invariable sites: 0.185
Gamma shape alpha: 1.417
Parameters optimization took 5 rounds (0.529 sec)
Time for fast ML tree search: 2.110 seconds

NOTE: ModelFinder requires 37 MB RAM!
ModelFinder will test up to 484 DNA models (sample size: 7407 epsilon: 0.100) ...
 No. Model         -LnL         df  AIC          AICc         BIC
  1  GTR+F         35894.538    129 72047.077    72051.686    72938.490
  2  GTR+F+I       35197.760    130 70655.519    70660.201    71553.843
  3  GTR+F+G4      34832.829    130 69925.659    69930.340    70823.982
  4  GTR+F+I+G4    34822.262    131 69906.524    69911.278    70811.758
  5  GTR+F+R2      34903.999    131 70069.998    70074.752    70975.232
  6  GTR+F+R3      34826.274    133 69918.549    69923.450    70837.603
  7  GTR+F+R4      34823.353    135 69916.706    69921.756    70849.580
 14  GTR+F+I+R2    34833.289    132 69930.579    69935.406    70842.723
 15  GTR+F+I+R3    34817.733    134 69903.466    69908.441    70829.430
 16  GTR+F+I+R4    34816.765    136 69905.530    69910.655    70845.314
 26  SYM+I+G4      34885.593    128 70027.187    70031.724    70911.690
 48  TVM+F+I+G4    34848.193    130 69956.386    69961.067    70854.710
 70  TVMe+I+G4     34887.982    127 70029.965    70034.431    70907.558
 92  TIM3+F+I+G4   34823.246    129 69904.493    69909.102    70795.906
114  TIM3e+I+G4    34886.480    126 70024.959    70029.355    70895.642
136  TIM2+F+I+G4   34841.203    129 69940.406    69945.015    70831.819
158  TIM2e+I+G4    34926.491    126 70104.981    70109.378    70975.664
180  TIM+F+I+G4    34840.325    129 69938.650    69943.259    70830.064
202  TIMe+I+G4     34925.401    126 70102.801    70107.197    70973.484
224  TPM3u+F+I+G4  34849.444    128 69954.887    69959.425    70839.390
246  TPM3+I+G4     34888.941    125 70027.882    70032.209    70891.655
268  TPM2u+F+I+G4  34868.014    128 69992.029    69996.566    70876.532
290  TPM2+I+G4     34928.846    125 70107.691    70112.018    70971.464
312  K3Pu+F+I+G4   34867.122    128 69990.244    69994.782    70874.747
334  K3P+I+G4      34927.753    125 70105.506    70109.833    70969.279
356  TN+F+I+G4     34841.474    128 69938.947    69943.485    70823.451
378  TNe+I+G4      34926.534    125 70103.069    70107.395    70966.842
400  HKY+F+I+G4    34868.286    127 69990.573    69995.039    70868.166
422  K2P+I+G4      34928.949    124 70105.899    70110.156    70962.761
444  F81+F+I+G4    35922.838    126 72097.675    72102.071    72968.358
466  JC+I+G4       35990.052    123 72226.105    72230.293    73076.057
Akaike Information Criterion:           GTR+F+I+R3
Corrected Akaike Information Criterion: GTR+F+I+R3
Bayesian Information Criterion:         TIM3+F+I+G4
Best-fit model: TIM3+F+I+G4 chosen according to BIC

All model information printed to /Users/agl4001/Documents/AOC-develop/results/Placentals_ZNF805/Placentals_ZNF805.RD.SA.codons.cln.fa.model.gz
CPU time for ModelFinder: 78.494 seconds (0h:1m:18s)
Wall-clock time for ModelFinder: 134.281 seconds (0h:2m:14s)
Generating 1000 samples for ultrafast bootstrap (seed: 536710)...

NOTE: 18 MB RAM (0 GB) is required!
Estimate model parameters (epsilon = 0.100)
Thoroughly optimizing +I+G parameters from 10 start values...
Init pinv, alpha: 0.000, 1.249 / Estimate: 0.000, 0.737 / LogL: -34834.398
Init pinv, alpha: 0.083, 1.249 / Estimate: 0.085, 0.975 / LogL: -34825.447
Init pinv, alpha: 0.166, 1.249 / Estimate: 0.156, 1.277 / LogL: -34823.833
Init pinv, alpha: 0.250, 1.249 / Estimate: 0.155, 1.274 / LogL: -34823.785
Init pinv, alpha: 0.333, 1.249 / Estimate: 0.156, 1.277 / LogL: -34823.829
Init pinv, alpha: 0.416, 1.249 / Estimate: 0.156, 1.275 / LogL: -34823.804
Init pinv, alpha: 0.499, 1.249 / Estimate: 0.156, 1.275 / LogL: -34823.811
Init pinv, alpha: 0.582, 1.249 / Estimate: 0.155, 1.274 / LogL: -34823.792
Init pinv, alpha: 0.665, 1.249 / Estimate: 0.156, 1.277 / LogL: -34823.845
Init pinv, alpha: 0.749, 1.249 / Estimate: 0.155, 1.274 / LogL: -34823.803
Optimal pinv,alpha: 0.155, 1.274 / LogL: -34823.785

Parameters optimization took 22.496 sec
Wrote distance file to... 
Computing ML distances based on estimated model parameters...
Calculating distance matrix: done in 0.013077 secs using 96.48% CPU
Computing ML distances took 0.013717 sec (of wall-clock time) 0.012928 sec (of CPU time)
Setting up auxiliary I and S matrices: done in 0.000133991 secs using 163.4% CPU
Computing RapidNJ tree took 0.000620 sec (of wall-clock time) 0.001015 sec (of CPU time)
Log-likelihood of RapidNJ tree: -35012.982
--------------------------------------------------------------------
|             INITIALIZING CANDIDATE TREE SET                      |
--------------------------------------------------------------------
Generating 98 parsimony trees... 1.384 second
Computing log-likelihood of 98 initial trees ... 2.875 seconds
Current best score: -34823.785

Do NNI search on 20 best initial trees
Estimate model parameters (epsilon = 0.100)
BETTER TREE FOUND at iteration 1: -34823.708
Estimate model parameters (epsilon = 0.100)
BETTER TREE FOUND at iteration 3: -34811.797
Estimate model parameters (epsilon = 0.100)
BETTER TREE FOUND at iteration 8: -34805.887
Iteration 10 / LogL: -34825.294 / Time: 0h:2m:45s
Iteration 20 / LogL: -34830.184 / Time: 0h:2m:50s
Finish initializing candidate tree set (5)
Current best tree score: -34805.887 / CPU time: 13.020
Number of iterations: 20
--------------------------------------------------------------------
|               OPTIMIZING CANDIDATE TREE SET                      |
--------------------------------------------------------------------
Iteration 30 / LogL: -34823.615 / Time: 0h:2m:54s (0h:1m:49s left)
Estimate model parameters (epsilon = 0.100)
BETTER TREE FOUND at iteration 33: -34801.116
Iteration 40 / LogL: -34802.296 / Time: 0h:2m:59s (0h:1m:47s left)
Iteration 50 / LogL: -34806.097 / Time: 0h:3m:4s (0h:1m:24s left)
Log-likelihood cutoff on original alignment: -34844.060
Iteration 60 / LogL: -34802.758 / Time: 0h:3m:9s (0h:1m:7s left)
Iteration 70 / LogL: -34801.129 / Time: 0h:3m:13s (0h:0m:54s left)
Iteration 80 / LogL: -34801.670 / Time: 0h:3m:18s (0h:0m:42s left)
Iteration 90 / LogL: -34801.136 / Time: 0h:3m:22s (0h:0m:33s left)
Iteration 100 / LogL: -34803.090 / Time: 0h:3m:27s (0h:0m:24s left)
Log-likelihood cutoff on original alignment: -34844.060
NOTE: Bootstrap correlation coefficient of split occurrence frequencies: 0.998
Iteration 110 / LogL: -34802.668 / Time: 0h:3m:31s (0h:1m:4s left)
Iteration 120 / LogL: -34801.158 / Time: 0h:3m:36s (0h:0m:55s left)
Iteration 130 / LogL: -34801.544 / Time: 0h:3m:41s (0h:0m:47s left)
TREE SEARCH COMPLETED AFTER 134 ITERATIONS / Time: 0h:3m:43s

--------------------------------------------------------------------
|                    FINALIZING TREE SEARCH                        |
--------------------------------------------------------------------
Performs final model parameters optimization
Estimate model parameters (epsilon = 0.010)
1. Initial log-likelihood: -34801.116
2. Current log-likelihood: -34801.074
3. Current log-likelihood: -34801.038
4. Current log-likelihood: -34801.005
5. Current log-likelihood: -34800.975
6. Current log-likelihood: -34800.948
7. Current log-likelihood: -34800.923
8. Current log-likelihood: -34800.901
9. Current log-likelihood: -34800.881
10. Current log-likelihood: -34800.863
11. Current log-likelihood: -34800.846
12. Current log-likelihood: -34800.832
13. Current log-likelihood: -34800.818
14. Current log-likelihood: -34800.806
15. Current log-likelihood: -34800.794
16. Current log-likelihood: -34800.784
Optimal log-likelihood: -34800.775
Rate parameters:  A-C: 1.47778  A-G: 4.53780  A-T: 1.00000  C-G: 1.47778  C-T: 6.53079  G-T: 1.00000
Base frequencies:  A: 0.273  C: 0.251  G: 0.268  T: 0.209
Proportion of invariable sites: 0.134
Gamma shape alpha: 1.133
Parameters optimization took 16 rounds (1.266 sec)
BEST SCORE FOUND : -34800.775
Creating bootstrap support values...
Split supports printed to NEXUS file /Users/agl4001/Documents/AOC-develop/results/Placentals_ZNF805/Placentals_ZNF805.RD.SA.codons.cln.fa.splits.nex
Total tree length: 4.824

Total number of iterations: 134
CPU time used for tree search: 61.832 sec (0h:1m:1s)
Wall-clock time used for tree search: 66.354 sec (0h:1m:6s)
Total CPU time used: 163.272 sec (0h:2m:43s)
Total wall-clock time used: 224.873 sec (0h:3m:44s)

Computing bootstrap consensus tree...
Reading input file /Users/agl4001/Documents/AOC-develop/results/Placentals_ZNF805/Placentals_ZNF805.RD.SA.codons.cln.fa.splits.nex...
62 taxa and 249 splits.
Consensus tree written to /Users/agl4001/Documents/AOC-develop/results/Placentals_ZNF805/Placentals_ZNF805.RD.SA.codons.cln.fa.contree
Reading input trees file /Users/agl4001/Documents/AOC-develop/results/Placentals_ZNF805/Placentals_ZNF805.RD.SA.codons.cln.fa.contree
Log-likelihood of consensus tree: -34800.777

Analysis results written to: 
  IQ-TREE report:                /Users/agl4001/Documents/AOC-develop/results/Placentals_ZNF805/Placentals_ZNF805.RD.SA.codons.cln.fa.iqtree
  Maximum-likelihood tree:       /Users/agl4001/Documents/AOC-develop/results/Placentals_ZNF805/Placentals_ZNF805.RD.SA.codons.cln.fa.treefile
  Likelihood distances:          /Users/agl4001/Documents/AOC-develop/results/Placentals_ZNF805/Placentals_ZNF805.RD.SA.codons.cln.fa.mldist

Ultrafast bootstrap approximation results written to:
  Split support values:          /Users/agl4001/Documents/AOC-develop/results/Placentals_ZNF805/Placentals_ZNF805.RD.SA.codons.cln.fa.splits.nex
  Consensus tree:                /Users/agl4001/Documents/AOC-develop/results/Placentals_ZNF805/Placentals_ZNF805.RD.SA.codons.cln.fa.contree
  Screen log file:               /Users/agl4001/Documents/AOC-develop/results/Placentals_ZNF805/Placentals_ZNF805.RD.SA.codons.cln.fa.log

Date and Time: Thu Jun 26 21:00:19 2025
