IQ-TREE multicore version 2.4.0 for MacOS Intel 64-bit built Feb 12 2025
Developed by Bui Quang Minh, Nguyen Lam Tung, Olga Chernomor, Heiko Schmidt,
Dominik Schrempf, Michael Woodhams, Ly Trong Nhan, Thomas Wong

Host:    MAC307966 (SSE4.2, 64 GB RAM)
Command: iqtree -s /Users/agl4001/Documents/AOC-develop/results/Primate_BTG1/Primate_BTG1.RD.SA.codons.cln.fa -T AUTO -B 1000 --redo-tree
Seed:    576411 (Using SPRNG - Scalable Parallel Random Number Generator)
Time:    Thu Jun 26 18:22:47 2025
Kernel:  SSE2 - auto-detect threads (12 CPU cores detected)

Reading alignment file /Users/agl4001/Documents/AOC-develop/results/Primate_BTG1/Primate_BTG1.RD.SA.codons.cln.fa ... Fasta format detected
Reading fasta file: done in 0.000368834 secs using 86.76% CPU
Alignment most likely contains DNA/RNA sequences
Alignment has 26 sequences with 780 columns, 49 distinct patterns
24 parsimony-informative, 19 singleton sites, 737 constant sites
                                                                                                                Gap/Ambiguity  Composition  p-value
Analyzing sequences: done in 1.12057e-05 secs using 53.54% CPU
   1  NM_001731_3_Homo_sapiens_BTG_anti_proliferation_factor_1_BTG1_mRNA                                               34.23%    passed     99.98%
   2  XM_069489666_1_PREDICTED_Eulemur_rufifrons_BTG_anti_proliferation_factor_1_BTG1_mRNA                             34.23%    passed     94.93%
   3  XM_055237919_2_PREDICTED_Symphalangus_syndactylus_BTG_anti_proliferation_factor_1_BTG1_mRNA                      34.23%    passed     99.97%
   4  XM_054444125_2_PREDICTED_Pongo_pygmaeus_BTG_anti_proliferation_factor_1_BTG1_mRNA                                34.23%    passed     99.82%
   5  NM_001266672_1_Macaca_mulatta_BTG_anti_proliferation_factor_1_BTG1_mRNA                                          34.23%    passed     99.98%
   6  XM_050750080_1_PREDICTED_Macaca_thibetana_thibetana_BTG_anti_proliferation_factor_1_BTG1_mRNA                    34.23%    passed     99.99%
   7  XM_045553258_1_PREDICTED_Lemur_catta_BTG_anti_proliferation_factor_1_BTG1_mRNA                                   34.23%    passed     93.59%
   8  XM_033221091_1_PREDICTED_Trachypithecus_francoisi_BTG_anti_proliferation_factor_1_BTG1_mRNA                      34.23%    passed     99.99%
   9  XM_032297546_1_PREDICTED_Sapajus_apella_BTG_anti_proliferation_factor_1_BTG1_mRNA                                34.23%    passed     98.36%
  10  XM_032170892_2_PREDICTED_Hylobates_moloch_BTG_anti_proliferation_factor_1_BTG1_mRNA                              34.23%    passed     99.97%
  11  XM_025400855_1_PREDICTED_Theropithecus_gelada_BTG_anti_proliferation_factor_1_BTG1_mRNA                          34.23%    passed     98.86%
  12  XM_002752814_4_PREDICTED_Callithrix_jacchus_BTG_anti_proliferation_factor_1_BTG1_mRNA                             0.00%    failed      3.11%
  13  XM_012775241_1_PREDICTED_Microcebus_murinus_BTG_anti_proliferation_factor_1_BTG1_mRNA                            34.23%    passed     96.84%
  14  XM_012664017_1_PREDICTED_Propithecus_coquereli_B_cell_translocation_gene_1_anti_proliferative_BTG1_mRNA          34.23%    passed     95.36%
  15  XM_012469349_2_PREDICTED_Aotus_nancymaae_BTG_anti_proliferation_factor_1_BTG1_mRNA                               34.23%    passed     97.41%
  16  XM_012031683_1_PREDICTED_Cercocebus_atys_B_cell_translocation_gene_1_anti_proliferative_BTG1_mRNA                34.23%    passed     99.59%
  17  XM_002823578_4_PREDICTED_Pongo_abelii_BTG_anti_proliferation_factor_1_BTG1_mRNA                                  34.23%    passed     99.49%
  18  XM_010383938_2_PREDICTED_Rhinopithecus_roxellana_BTG_anti_proliferation_factor_1_BTG1_mRNA                       34.23%    passed     99.83%
  19  XM_008004234_3_PREDICTED_Chlorocebus_sabaeus_BTG_anti_proliferation_factor_1_BTG1_mRNA                           34.23%    passed     99.82%
  20  XM_019038967_4_PREDICTED_Gorilla_gorilla_gorilla_BTG_anti_proliferation_factor_1_BTG1_mRNA                       34.23%    passed     99.99%
  21  XM_003927879_4_PREDICTED_Saimiri_boliviensis_BTG_anti_proliferation_factor_1_BTG1_mRNA                           34.23%    passed     97.41%
  22  XM_003906945_4_PREDICTED_Papio_anubis_BTG_anti_proliferation_factor_1_BTG1_mRNA                                  34.23%    passed     99.48%
  23  XM_003783357_2_PREDICTED_Otolemur_garnettii_BTG_anti_proliferation_factor_1_BTG1_mRNA                            34.23%    passed     98.02%
  24  XM_053582943_1_PREDICTED_Nycticebus_coucang_BTG_anti_proliferation_factor_1_BTG1_mRNA                            34.23%    passed     97.44%
  25  XM_011933701_1_PREDICTED_Colobus_angolensis_palliatus_B_cell_translocation_gene_1_anti_proliferative_BTG1_mRNA   34.23%    passed     99.93%
  26  XM_023223561_1_PREDICTED_Piliocolobus_tephrosceles_BTG_anti_proliferation_factor_1_BTG1_mRNA                     34.23%    passed     99.82%
****  TOTAL                                                                                                            32.91%  1 sequences failed composition chi2 test (p-value<5%; df=3)


Create initial parsimony tree by phylogenetic likelihood library (PLL)... 0.001 seconds
Measuring multi-threading efficiency up to 12 CPU cores
Increase to 10 rounds for branch lengths
7556 trees examined
Threads: 1 / Time: 12.001 sec / Speedup: 1.000 / Efficiency: 100% / LogL: -1723
Threads: 2 / Time: 13.792 sec / Speedup: 0.870 / Efficiency: 44% / LogL: -1723
BEST NUMBER OF THREADS: 1

Perform fast likelihood tree search using GTR+I+G model...
Estimate model parameters (epsilon = 5.000)
Perform nearest neighbor interchange...
Estimate model parameters (epsilon = 1.000)
1. Initial log-likelihood: -1437.418
Optimal log-likelihood: -1437.406
Rate parameters:  A-C: 3.80349  A-G: 11.37876  A-T: 0.98634  C-G: 1.98780  C-T: 25.51560  G-T: 1.00000
Base frequencies:  A: 0.266  C: 0.276  G: 0.254  T: 0.204
Proportion of invariable sites: 0.471
Gamma shape alpha: 0.404
Parameters optimization took 1 rounds (0.003 sec)
Time for fast ML tree search: 0.028 seconds

NOTE: ModelFinder requires 0 MB RAM!
ModelFinder will test up to 484 DNA models (sample size: 780 epsilon: 0.100) ...
 No. Model         -LnL         df  AIC          AICc         BIC
  1  GTR+F         1446.676     57  3007.353     3016.511     3272.933
  2  GTR+F+I       1437.428     58  2990.856     3000.348     3261.095
  3  GTR+F+G4      1437.523     58  2991.045     3000.538     3261.284
  4  GTR+F+I+G4    1437.406     59  2992.813     3002.646     3267.711
WARNING: Numerical underflow for lh-branch, use `-safe` option to avoid this warning
Pattern 17 likelihood is underflown
WARNING: Numerical underflow for lh-branch, use `-safe` option to avoid this warning
Pattern 17 likelihood is underflown
WARNING: Numerical underflow for lh-branch, use `-safe` option to avoid this warning
Pattern 17 likelihood is underflown
WARNING: Numerical underflow for lh-branch, use `-safe` option to avoid this warning
Pattern 17 likelihood is underflown
WARNING: Numerical underflow for lh-branch, use `-safe` option to avoid this warning
Pattern 17 likelihood is underflown
WARNING: Numerical underflow for lh-branch, use `-safe` option to avoid this warning
Pattern 17 likelihood is underflown
WARNING: Numerical underflow for lh-branch, use `-safe` option to avoid this warning
Pattern 12 likelihood is underflown
WARNING: Numerical underflow for lh-branch, use `-safe` option to avoid this warning
Pattern 12 likelihood is underflown
WARNING: Numerical underflow for lh-branch, use `-safe` option to avoid this warning
Pattern 12 likelihood is underflown
WARNING: Numerical underflow for lh-branch, use `-safe` option to avoid this warning
Pattern 12 likelihood is underflown
WARNING: Numerical underflow for lh-branch, use `-safe` option to avoid this warning
Pattern 12 likelihood is underflown
WARNING: Numerical underflow for lh-branch, use `-safe` option to avoid this warning
Pattern 12 likelihood is underflown
WARNING: Numerical underflow for lh-branch, use `-safe` option to avoid this warning
Pattern 17 likelihood is underflown
WARNING: Numerical underflow for lh-branch, use `-safe` option to avoid this warning
Pattern 17 likelihood is underflown
WARNING: Numerical underflow for lh-branch, use `-safe` option to avoid this warning
Pattern 17 likelihood is underflown
WARNING: Numerical underflow for lh-branch, use `-safe` option to avoid this warning
Pattern 17 likelihood is underflown
WARNING: Numerical underflow for lh-branch, use `-safe` option to avoid this warning
Pattern 17 likelihood is underflown
WARNING: Numerical underflow for lh-branch, use `-safe` option to avoid this warning
Pattern 17 likelihood is underflown
WARNING: Numerical underflow for lh-branch, use `-safe` option to avoid this warning
Pattern 17 likelihood is underflown
WARNING: Numerical underflow for lh-branch, use `-safe` option to avoid this warning
Pattern 17 likelihood is underflown
WARNING: Numerical underflow for lh-branch, use `-safe` option to avoid this warning
Pattern 17 likelihood is underflown
WARNING: Numerical underflow for lh-branch, use `-safe` option to avoid this warning
Pattern 17 likelihood is underflown
WARNING: Numerical underflow for lh-branch, use `-safe` option to avoid this warning
Pattern 17 likelihood is underflown
WARNING: Numerical underflow for lh-branch, use `-safe` option to avoid this warning
Pattern 17 likelihood is underflown
WARNING: Numerical underflow for lh-branch, use `-safe` option to avoid this warning
Pattern 17 likelihood is underflown
WARNING: Numerical underflow for lh-branch, use `-safe` option to avoid this warning
Pattern 17 likelihood is underflown
WARNING: Numerical underflow for lh-branch, use `-safe` option to avoid this warning
Pattern 17 likelihood is underflown
WARNING: Numerical underflow for lh-branch, use `-safe` option to avoid this warning
Pattern 17 likelihood is underflown
WARNING: Numerical underflow for lh-branch, use `-safe` option to avoid this warning
Pattern 17 likelihood is underflown
WARNING: Numerical underflow for lh-branch, use `-safe` option to avoid this warning
Pattern 17 likelihood is underflown
  5  GTR+F+R2      1438.281     59  2994.562     3004.395     3269.460
WARNING: Numerical underflow for lh-branch, use `-safe` option to avoid this warning
Pattern 27 likelihood is underflown
WARNING: Numerical underflow for lh-branch, use `-safe` option to avoid this warning
Pattern 27 likelihood is underflown
WARNING: Numerical underflow for lh-branch, use `-safe` option to avoid this warning
Pattern 27 likelihood is underflown
WARNING: Numerical underflow for lh-branch, use `-safe` option to avoid this warning
Pattern 27 likelihood is underflown
WARNING: Numerical underflow for lh-branch, use `-safe` option to avoid this warning
Pattern 27 likelihood is underflown
WARNING: Numerical underflow for lh-branch, use `-safe` option to avoid this warning
Pattern 27 likelihood is underflown
WARNING: Numerical underflow for lh-branch, use `-safe` option to avoid this warning
Pattern 27 likelihood is underflown
WARNING: Numerical underflow for lh-branch, use `-safe` option to avoid this warning
Pattern 27 likelihood is underflown
WARNING: Numerical underflow for lh-branch, use `-safe` option to avoid this warning
Pattern 27 likelihood is underflown
WARNING: Numerical underflow for lh-branch, use `-safe` option to avoid this warning
Pattern 21 likelihood is underflown
Pattern 30 likelihood is underflown
WARNING: Numerical underflow for lh-branch, use `-safe` option to avoid this warning
Pattern 21 likelihood is underflown
Pattern 30 likelihood is underflown
WARNING: Numerical underflow for lh-branch, use `-safe` option to avoid this warning
Pattern 21 likelihood is underflown
Pattern 30 likelihood is underflown
WARNING: Numerical underflow for lh-branch, use `-safe` option to avoid this warning
Pattern 21 likelihood is underflown
Pattern 30 likelihood is underflown
WARNING: Numerical underflow for lh-branch, use `-safe` option to avoid this warning
Pattern 21 likelihood is underflown
Pattern 30 likelihood is underflown
WARNING: Numerical underflow for lh-branch, use `-safe` option to avoid this warning
Pattern 21 likelihood is underflown
Pattern 30 likelihood is underflown
WARNING: Numerical underflow for lh-branch, use `-safe` option to avoid this warning
Pattern 21 likelihood is underflown
Pattern 30 likelihood is underflown
WARNING: Numerical underflow for lh-branch, use `-safe` option to avoid this warning
Pattern 21 likelihood is underflown
Pattern 30 likelihood is underflown
WARNING: Numerical underflow for lh-branch, use `-safe` option to avoid this warning
Pattern 21 likelihood is underflown
Pattern 30 likelihood is underflown
  6  GTR+F+R3      1437.475     61  2996.950     3007.485     3281.167
 14  GTR+F+I+R2    1437.593     60  2995.187     3005.367     3274.744
 15  GTR+F+I+R3    1437.431     62  2998.863     3009.758     3287.739
 24  SYM+I         1443.919     55  2997.837     3006.346     3254.098
 25  SYM+G4        1443.952     55  2997.905     3006.413     3254.166
 26  SYM+I+G4      1443.891     56  2999.782     3008.612     3260.702
 27  SYM+R2        1444.496     56  3000.993     3009.822     3261.913
 46  TVM+F+I       1439.996     57  2993.991     3003.149     3259.571
 47  TVM+F+G4      1440.302     57  2994.604     3003.762     3260.184
 48  TVM+F+I+G4    1439.927     58  2995.855     3005.347     3266.094
WARNING: Numerical underflow for lh-branch, use `-safe` option to avoid this warning
Pattern 12 likelihood is underflown
Pattern 17 likelihood is underflown
WARNING: Numerical underflow for lh-branch, use `-safe` option to avoid this warning
Pattern 12 likelihood is underflown
Pattern 17 likelihood is underflown
WARNING: Numerical underflow for lh-branch, use `-safe` option to avoid this warning
Pattern 12 likelihood is underflown
Pattern 17 likelihood is underflown
WARNING: Numerical underflow for lh-branch, use `-safe` option to avoid this warning
Pattern 12 likelihood is underflown
Pattern 17 likelihood is underflown
WARNING: Numerical underflow for lh-branch, use `-safe` option to avoid this warning
Pattern 12 likelihood is underflown
Pattern 17 likelihood is underflown
WARNING: Numerical underflow for lh-branch, use `-safe` option to avoid this warning
Pattern 12 likelihood is underflown
Pattern 17 likelihood is underflown
 49  TVM+F+R2      1440.667     58  2997.334     3006.826     3267.573
 68  TVMe+I        1445.749     54  2999.497     3007.690     3251.099
 69  TVMe+G4       1445.916     54  2999.831     3008.024     3251.433
 70  TVMe+I+G4     1445.690     55  3001.381     3009.889     3257.642
 71  TVMe+R2       1446.146     55  3002.291     3010.800     3258.553
 90  TIM3+F+I      1437.855     56  2987.711     2996.541     3248.631
 91  TIM3+F+G4     1437.950     56  2987.900     2996.730     3248.820
 92  TIM3+F+I+G4   1437.829     57  2989.657     2998.815     3255.237
 93  TIM3+F+R2     1438.100     57  2990.201     2999.359     3255.781
112  TIM3e+I       1444.385     53  2994.770     3002.654     3241.712
113  TIM3e+G4      1444.418     53  2994.836     3002.720     3241.779
114  TIM3e+I+G4    1444.352     54  2996.705     3004.898     3248.306
115  TIM3e+R2      1444.501     54  2997.002     3005.195     3248.604
134  TIM2+F+I      1438.582     56  2989.163     2997.993     3250.084
135  TIM2+F+G4     1438.730     56  2989.461     2998.291     3250.381
136  TIM2+F+I+G4   1438.554     57  2991.107     3000.265     3256.687
137  TIM2+F+R2     1438.833     57  2991.665     3000.823     3257.245
156  TIM2e+I       1445.607     53  2997.215     3005.099     3244.157
157  TIM2e+G4      1445.676     53  2997.353     3005.237     3244.295
158  TIM2e+I+G4    1445.574     54  2999.149     3007.342     3250.751
159  TIM2e+R2      1445.727     54  2999.454     3007.647     3251.055
178  TIM+F+I       1438.552     56  2989.104     2997.934     3250.024
179  TIM+F+G4      1438.696     56  2989.392     2998.222     3250.313
180  TIM+F+I+G4    1438.525     57  2991.050     3000.207     3256.629
181  TIM+F+R2      1438.732     57  2991.463     3000.621     3257.043
200  TIMe+I        1445.590     53  2997.180     3005.064     3244.122
201  TIMe+G4       1445.658     53  2997.315     3005.200     3244.258
202  TIMe+I+G4     1445.562     54  2999.124     3007.317     3250.726
203  TIMe+R2       1445.667     54  2999.334     3007.527     3250.936
222  TPM3u+F+I     1440.434     55  2990.869     2999.377     3247.130
223  TPM3u+F+G4    1440.740     55  2991.479     2999.987     3247.740
224  TPM3u+F+I+G4  1440.361     56  2992.723     3001.553     3253.643
225  TPM3u+F+R2    1440.706     56  2993.412     3002.242     3254.332
244  TPM3+I        1446.235     52  2996.469     3004.051     3238.753
245  TPM3+G4       1446.399     52  2996.798     3004.380     3239.081
246  TPM3+I+G4     1446.171     53  2998.342     3006.226     3245.285
247  TPM3+R2       1446.350     53  2998.701     3006.585     3245.643
266  TPM2u+F+I     1441.137     55  2992.274     3000.782     3248.535
267  TPM2u+F+G4    1441.540     55  2993.080     3001.589     3249.341
268  TPM2u+F+I+G4  1441.059     56  2994.117     3002.947     3255.038
WARNING: Numerical underflow for lh-branch, use `-safe` option to avoid this warning
Pattern 22 likelihood is underflown
WARNING: Numerical underflow for lh-branch, use `-safe` option to avoid this warning
Pattern 22 likelihood is underflown
WARNING: Numerical underflow for lh-branch, use `-safe` option to avoid this warning
Pattern 22 likelihood is underflown
WARNING: Numerical underflow for lh-branch, use `-safe` option to avoid this warning
Pattern 22 likelihood is underflown
WARNING: Numerical underflow for lh-branch, use `-safe` option to avoid this warning
Pattern 22 likelihood is underflown
WARNING: Numerical underflow for lh-branch, use `-safe` option to avoid this warning
Pattern 22 likelihood is underflown
269  TPM2u+F+R2    1441.407     56  2994.814     3003.644     3255.734
288  TPM2+I        1447.371     52  2998.742     3006.323     3241.025
289  TPM2+G4       1447.619     52  2999.237     3006.819     3241.520
290  TPM2+I+G4     1447.308     53  3000.616     3008.500     3247.559
291  TPM2+R2       1447.490     53  3000.981     3008.865     3247.923
310  K3Pu+F+I      1441.117     55  2992.234     3000.742     3248.495
311  K3Pu+F+G4     1441.511     55  2993.022     3001.530     3249.283
312  K3Pu+F+I+G4   1441.039     56  2994.077     3002.907     3254.998
313  K3Pu+F+R2     1441.303     56  2994.605     3003.435     3255.526
332  K3P+I         1447.373     52  2998.746     3006.328     3241.030
333  K3P+G4        1447.612     52  2999.224     3006.805     3241.507
334  K3P+I+G4      1447.310     53  3000.620     3008.504     3247.562
335  K3P+R2        1447.442     53  3000.883     3008.767     3247.826
354  TN+F+I        1438.947     55  2987.893     2996.402     3244.155
355  TN+F+G4       1439.092     55  2988.184     2996.692     3244.445
356  TN+F+I+G4     1438.913     56  2989.826     2998.655     3250.746
357  TN+F+R2       1438.964     56  2989.928     2998.758     3250.848
376  TNe+I         1446.005     52  2996.010     3003.592     3238.293
377  TNe+G4        1446.072     52  2996.144     3003.726     3238.427
378  TNe+I+G4      1445.969     53  2997.938     3005.823     3244.881
379  TNe+R2        1446.004     53  2998.009     3005.893     3244.951
398  HKY+F+I       1441.513     54  2991.026     2999.219     3242.627
399  HKY+F+G4      1441.908     54  2991.817     3000.010     3243.418
400  HKY+F+I+G4    1441.428     55  2992.857     3001.365     3249.118
401  HKY+F+R2      1441.633     55  2993.266     3001.775     3249.528
420  K2P+I         1447.788     51  2997.576     3004.862     3235.200
421  K2P+G4        1448.027     51  2998.053     3005.339     3235.677
422  K2P+I+G4      1447.718     52  2999.436     3007.018     3241.719
423  K2P+R2        1447.822     52  2999.643     3007.225     3241.927
442  F81+F+I       1466.797     53  3039.593     3047.478     3286.536
443  F81+F+G4      1467.036     53  3040.073     3047.957     3287.015
444  F81+F+I+G4    1466.707     54  3041.413     3049.606     3293.015
WARNING: Numerical underflow for lh-branch, use `-safe` option to avoid this warning
Pattern 13 likelihood is underflown
Pattern 23 likelihood is underflown
Pattern 32 likelihood is underflown
Pattern 44 likelihood is underflown
Pattern 45 likelihood is underflown
WARNING: Numerical underflow for lh-branch, use `-safe` option to avoid this warning
Pattern 13 likelihood is underflown
Pattern 23 likelihood is underflown
Pattern 32 likelihood is underflown
Pattern 44 likelihood is underflown
Pattern 45 likelihood is underflown
WARNING: Numerical underflow for lh-branch, use `-safe` option to avoid this warning
Pattern 13 likelihood is underflown
Pattern 23 likelihood is underflown
Pattern 32 likelihood is underflown
Pattern 44 likelihood is underflown
Pattern 45 likelihood is underflown
WARNING: Numerical underflow for lh-branch, use `-safe` option to avoid this warning
Pattern 13 likelihood is underflown
Pattern 23 likelihood is underflown
Pattern 32 likelihood is underflown
Pattern 44 likelihood is underflown
Pattern 45 likelihood is underflown
WARNING: Numerical underflow for lh-branch, use `-safe` option to avoid this warning
Pattern 13 likelihood is underflown
Pattern 23 likelihood is underflown
Pattern 32 likelihood is underflown
Pattern 44 likelihood is underflown
Pattern 45 likelihood is underflown
WARNING: Numerical underflow for lh-branch, use `-safe` option to avoid this warning
Pattern 13 likelihood is underflown
Pattern 23 likelihood is underflown
Pattern 32 likelihood is underflown
Pattern 44 likelihood is underflown
Pattern 45 likelihood is underflown
445  F81+F+R2      1466.824     54  3041.648     3049.841     3293.250
464  JC+I          1472.347     50  3044.694     3051.690     3277.659
465  JC+G4         1472.560     50  3045.120     3052.116     3278.085
466  JC+I+G4       1472.259     51  3046.518     3053.803     3284.142
WARNING: Numerical underflow for lh-branch, use `-safe` option to avoid this warning
Pattern 19 likelihood is underflown
Pattern 21 likelihood is underflown
Pattern 22 likelihood is underflown
Pattern 23 likelihood is underflown
Pattern 25 likelihood is underflown
Pattern 26 likelihood is underflown
Pattern 27 likelihood is underflown
Pattern 28 likelihood is underflown
Pattern 29 likelihood is underflown
Pattern 30 likelihood is underflown
Pattern 32 likelihood is underflown
Pattern 33 likelihood is underflown
Pattern 42 likelihood is underflown
Pattern 43 likelihood is underflown
Pattern 45 likelihood is underflown
Pattern 46 likelihood is underflown
Pattern 47 likelihood is underflown
Pattern 48 likelihood is underflown
WARNING: Numerical underflow for lh-branch, use `-safe` option to avoid this warning
Pattern 19 likelihood is underflown
Pattern 21 likelihood is underflown
Pattern 22 likelihood is underflown
Pattern 23 likelihood is underflown
Pattern 25 likelihood is underflown
Pattern 26 likelihood is underflown
Pattern 27 likelihood is underflown
Pattern 28 likelihood is underflown
Pattern 29 likelihood is underflown
Pattern 30 likelihood is underflown
Pattern 32 likelihood is underflown
Pattern 33 likelihood is underflown
Pattern 42 likelihood is underflown
Pattern 43 likelihood is underflown
Pattern 45 likelihood is underflown
Pattern 46 likelihood is underflown
Pattern 47 likelihood is underflown
Pattern 48 likelihood is underflown
WARNING: Numerical underflow for lh-branch, use `-safe` option to avoid this warning
Pattern 19 likelihood is underflown
Pattern 21 likelihood is underflown
Pattern 22 likelihood is underflown
Pattern 23 likelihood is underflown
Pattern 25 likelihood is underflown
Pattern 26 likelihood is underflown
Pattern 27 likelihood is underflown
Pattern 28 likelihood is underflown
Pattern 29 likelihood is underflown
Pattern 30 likelihood is underflown
Pattern 32 likelihood is underflown
Pattern 33 likelihood is underflown
Pattern 42 likelihood is underflown
Pattern 43 likelihood is underflown
Pattern 45 likelihood is underflown
Pattern 46 likelihood is underflown
Pattern 47 likelihood is underflown
Pattern 48 likelihood is underflown
WARNING: Numerical underflow for lh-branch, use `-safe` option to avoid this warning
Pattern 19 likelihood is underflown
Pattern 21 likelihood is underflown
Pattern 22 likelihood is underflown
Pattern 23 likelihood is underflown
Pattern 25 likelihood is underflown
Pattern 26 likelihood is underflown
Pattern 27 likelihood is underflown
Pattern 28 likelihood is underflown
Pattern 29 likelihood is underflown
Pattern 30 likelihood is underflown
Pattern 32 likelihood is underflown
Pattern 33 likelihood is underflown
Pattern 42 likelihood is underflown
Pattern 43 likelihood is underflown
Pattern 45 likelihood is underflown
Pattern 46 likelihood is underflown
Pattern 47 likelihood is underflown
Pattern 48 likelihood is underflown
WARNING: Numerical underflow for lh-branch, use `-safe` option to avoid this warning
Pattern 19 likelihood is underflown
Pattern 21 likelihood is underflown
Pattern 22 likelihood is underflown
Pattern 23 likelihood is underflown
Pattern 25 likelihood is underflown
Pattern 26 likelihood is underflown
Pattern 27 likelihood is underflown
Pattern 28 likelihood is underflown
Pattern 29 likelihood is underflown
Pattern 30 likelihood is underflown
Pattern 32 likelihood is underflown
Pattern 33 likelihood is underflown
Pattern 42 likelihood is underflown
Pattern 43 likelihood is underflown
Pattern 45 likelihood is underflown
Pattern 46 likelihood is underflown
Pattern 47 likelihood is underflown
Pattern 48 likelihood is underflown
WARNING: Numerical underflow for lh-branch, use `-safe` option to avoid this warning
Pattern 19 likelihood is underflown
Pattern 21 likelihood is underflown
Pattern 22 likelihood is underflown
Pattern 23 likelihood is underflown
Pattern 25 likelihood is underflown
Pattern 26 likelihood is underflown
Pattern 27 likelihood is underflown
Pattern 28 likelihood is underflown
Pattern 29 likelihood is underflown
Pattern 30 likelihood is underflown
Pattern 32 likelihood is underflown
Pattern 33 likelihood is underflown
Pattern 42 likelihood is underflown
Pattern 43 likelihood is underflown
Pattern 45 likelihood is underflown
Pattern 46 likelihood is underflown
Pattern 47 likelihood is underflown
Pattern 48 likelihood is underflown
467  JC+R2         1472.362     51  3046.724     3054.009     3284.348
Akaike Information Criterion:           TIM3+F+I
Corrected Akaike Information Criterion: TN+F+I
Bayesian Information Criterion:         K2P+I
Best-fit model: K2P+I chosen according to BIC

All model information printed to /Users/agl4001/Documents/AOC-develop/results/Primate_BTG1/Primate_BTG1.RD.SA.codons.cln.fa.model.gz
CPU time for ModelFinder: 39.656 seconds (0h:0m:39s)
Wall-clock time for ModelFinder: 26.070 seconds (0h:0m:26s)
Generating 1000 samples for ultrafast bootstrap (seed: 576411)...

NOTE: 0 MB RAM (0 GB) is required!
Estimate model parameters (epsilon = 0.100)
1. Initial log-likelihood: -1472.347
2. Current log-likelihood: -1452.265
Optimal log-likelihood: -1452.177
Rate parameters:  A-C: 1.00000  A-G: 25.01125  A-T: 1.00000  C-G: 1.00000  C-T: 25.01125  G-T: 1.00000
Base frequencies:  A: 0.250  C: 0.250  G: 0.250  T: 0.250
Proportion of invariable sites: 0.797
Parameters optimization took 2 rounds (0.002 sec)
Wrote distance file to... 
Computing ML distances based on estimated model parameters...
Calculating distance matrix: done in 0.000671148 secs using 96.25% CPU
Computing ML distances took 0.000715 sec (of wall-clock time) 0.000672 sec (of CPU time)
Setting up auxiliary I and S matrices: done in 2.69413e-05 secs using 81.66% CPU
Computing RapidNJ tree took 0.000117 sec (of wall-clock time) 0.000098 sec (of CPU time)
Log-likelihood of RapidNJ tree: -1452.776
--------------------------------------------------------------------
|             INITIALIZING CANDIDATE TREE SET                      |
--------------------------------------------------------------------
Generating 98 parsimony trees... 0.037 second
Computing log-likelihood of 98 initial trees ... 0.029 seconds
Current best score: -1452.177

Do NNI search on 20 best initial trees
Estimate model parameters (epsilon = 0.100)
BETTER TREE FOUND at iteration 1: -1452.102
Iteration 10 / LogL: -1452.687 / Time: 0h:0m:26s
Iteration 20 / LogL: -1452.687 / Time: 0h:0m:26s
Finish initializing candidate tree set (20)
Current best tree score: -1452.102 / CPU time: 0.174
Number of iterations: 20
--------------------------------------------------------------------
|               OPTIMIZING CANDIDATE TREE SET                      |
--------------------------------------------------------------------
Iteration 30 / LogL: -1452.104 / Time: 0h:0m:26s (0h:0m:0s left)
Iteration 40 / LogL: -1452.107 / Time: 0h:0m:26s (0h:0m:0s left)
Iteration 50 / LogL: -1454.701 / Time: 0h:0m:26s (0h:0m:0s left)
Log-likelihood cutoff on original alignment: -1478.329
UPDATE BEST LOG-LIKELIHOOD: -1452.102
Iteration 60 / LogL: -1452.106 / Time: 0h:0m:26s (0h:0m:0s left)
Iteration 70 / LogL: -1452.105 / Time: 0h:0m:26s (0h:0m:0s left)
Iteration 80 / LogL: -1452.108 / Time: 0h:0m:26s (0h:0m:0s left)
Iteration 90 / LogL: -1452.106 / Time: 0h:0m:26s (0h:0m:0s left)
Iteration 100 / LogL: -1452.107 / Time: 0h:0m:26s (0h:0m:0s left)
Log-likelihood cutoff on original alignment: -1478.775
NOTE: Bootstrap correlation coefficient of split occurrence frequencies: 0.987
NOTE: UFBoot does not converge, continue at least 100 more iterations
Iteration 110 / LogL: -1452.109 / Time: 0h:0m:27s (0h:0m:0s left)
Iteration 120 / LogL: -1452.105 / Time: 0h:0m:27s (0h:0m:0s left)
Iteration 130 / LogL: -1452.108 / Time: 0h:0m:27s (0h:0m:0s left)
Iteration 140 / LogL: -1452.690 / Time: 0h:0m:27s (0h:0m:0s left)
Iteration 150 / LogL: -1456.431 / Time: 0h:0m:27s (0h:0m:0s left)
Log-likelihood cutoff on original alignment: -1478.775
Iteration 160 / LogL: -1452.108 / Time: 0h:0m:27s (0h:0m:0s left)
Iteration 170 / LogL: -1452.104 / Time: 0h:0m:27s (0h:0m:0s left)
Iteration 180 / LogL: -1452.104 / Time: 0h:0m:27s (0h:0m:0s left)
Iteration 190 / LogL: -1452.108 / Time: 0h:0m:27s (0h:0m:0s left)
Iteration 200 / LogL: -1452.108 / Time: 0h:0m:28s (0h:0m:0s left)
Log-likelihood cutoff on original alignment: -1479.025
NOTE: Bootstrap correlation coefficient of split occurrence frequencies: 0.993
TREE SEARCH COMPLETED AFTER 200 ITERATIONS / Time: 0h:0m:28s

--------------------------------------------------------------------
|                    FINALIZING TREE SEARCH                        |
--------------------------------------------------------------------
Performs final model parameters optimization
Estimate model parameters (epsilon = 0.010)
1. Initial log-likelihood: -1452.102
2. Current log-likelihood: -1452.027
3. Current log-likelihood: -1451.950
4. Current log-likelihood: -1451.873
5. Current log-likelihood: -1451.795
6. Current log-likelihood: -1451.716
7. Current log-likelihood: -1451.637
8. Current log-likelihood: -1451.557
9. Current log-likelihood: -1451.476
10. Current log-likelihood: -1451.394
11. Current log-likelihood: -1451.312
12. Current log-likelihood: -1451.229
13. Current log-likelihood: -1451.145
14. Current log-likelihood: -1451.060
15. Current log-likelihood: -1450.975
16. Current log-likelihood: -1450.889
17. Current log-likelihood: -1450.803
18. Current log-likelihood: -1450.716
19. Current log-likelihood: -1450.628
20. Current log-likelihood: -1450.540
21. Current log-likelihood: -1450.452
22. Current log-likelihood: -1450.363
23. Current log-likelihood: -1450.273
24. Current log-likelihood: -1450.183
25. Current log-likelihood: -1450.093
26. Current log-likelihood: -1450.003
27. Current log-likelihood: -1449.913
28. Current log-likelihood: -1447.790
Optimal log-likelihood: -1447.789
Rate parameters:  A-C: 1.00000  A-G: 8.17618  A-T: 1.00000  C-G: 1.00000  C-T: 8.17618  G-T: 1.00000
Base frequencies:  A: 0.250  C: 0.250  G: 0.250  T: 0.250
Proportion of invariable sites: 0.793
Parameters optimization took 28 rounds (0.018 sec)
BEST SCORE FOUND : -1447.789
Creating bootstrap support values...
Split supports printed to NEXUS file /Users/agl4001/Documents/AOC-develop/results/Primate_BTG1/Primate_BTG1.RD.SA.codons.cln.fa.splits.nex
Total tree length: 0.109

Total number of iterations: 200
CPU time used for tree search: 2.204 sec (0h:0m:2s)
Wall-clock time used for tree search: 2.031 sec (0h:0m:2s)
Total CPU time used: 41.939 sec (0h:0m:41s)
Total wall-clock time used: 28.182 sec (0h:0m:28s)

Computing bootstrap consensus tree...
Reading input file /Users/agl4001/Documents/AOC-develop/results/Primate_BTG1/Primate_BTG1.RD.SA.codons.cln.fa.splits.nex...
26 taxa and 480 splits.
Consensus tree written to /Users/agl4001/Documents/AOC-develop/results/Primate_BTG1/Primate_BTG1.RD.SA.codons.cln.fa.contree
Reading input trees file /Users/agl4001/Documents/AOC-develop/results/Primate_BTG1/Primate_BTG1.RD.SA.codons.cln.fa.contree
Log-likelihood of consensus tree: -1447.801

Analysis results written to: 
  IQ-TREE report:                /Users/agl4001/Documents/AOC-develop/results/Primate_BTG1/Primate_BTG1.RD.SA.codons.cln.fa.iqtree
  Maximum-likelihood tree:       /Users/agl4001/Documents/AOC-develop/results/Primate_BTG1/Primate_BTG1.RD.SA.codons.cln.fa.treefile
  Likelihood distances:          /Users/agl4001/Documents/AOC-develop/results/Primate_BTG1/Primate_BTG1.RD.SA.codons.cln.fa.mldist

Ultrafast bootstrap approximation results written to:
  Split support values:          /Users/agl4001/Documents/AOC-develop/results/Primate_BTG1/Primate_BTG1.RD.SA.codons.cln.fa.splits.nex
  Consensus tree:                /Users/agl4001/Documents/AOC-develop/results/Primate_BTG1/Primate_BTG1.RD.SA.codons.cln.fa.contree
  Screen log file:               /Users/agl4001/Documents/AOC-develop/results/Primate_BTG1/Primate_BTG1.RD.SA.codons.cln.fa.log

Date and Time: Thu Jun 26 18:23:15 2025
