
# Average sequence length is (PROTEIN AA ungapped): 173.78125
# Average sequence length is (NUCLEOTIDE NUC): 521.34375


# Processing: NP_001722.1 protein BTG1 [Homo sapiens]
# Species: Homo sapiens
# Match: NM_001731.3 Homo sapiens BTG anti-proliferation factor 1 (BTG1), mRNA 



# Processing: XP_509262.1 protein BTG1 [Pan troglodytes]
# Species: Pan troglodytes
# Match: XM_509262.6 PREDICTED: Pan troglodytes BTG anti-proliferation factor 1 (BTG1), mRNA 



# Processing: NP_001253601.1 protein BTG1 [Macaca mulatta]
# Species: Macaca mulatta
# Match: NM_001266672.1 Macaca mulatta BTG anti-proliferation factor 1 (BTG1), mRNA 



# Processing: XP_002752860.1 protein BTG1 [Callithrix jacchus]
# Species: Callithrix jacchus
# Match: XM_002752814.4 PREDICTED: Callithrix jacchus BTG anti-proliferation factor 1 (BTG1), mRNA 



# Processing: XP_002823624.1 protein BTG1 [Pongo abelii]
# Species: Pongo abelii
# Match: XM_002823578.4 PREDICTED: Pongo abelii BTG anti-proliferation factor 1 (BTG1), mRNA 



# Processing: XP_003259699.1 protein BTG1 [Nomascus leucogenys]
# Species: Nomascus leucogenys
# Match: XM_003259651.4 PREDICTED: Nomascus leucogenys BTG anti-proliferation factor 1 (BTG1), mRNA 



# Processing: XP_003783405.1 protein BTG1 [Otolemur garnettii]
# Species: Otolemur garnettii
# Match: XM_003783357.2 PREDICTED: Otolemur garnettii BTG anti-proliferation factor 1 (BTG1), mRNA 



# Processing: XP_003846184.2 protein BTG1 [Pan paniscus]
# Species: Pan paniscus
# Match: XM_003846136.7 PREDICTED: Pan paniscus BTG anti-proliferation factor 1 (BTG1), mRNA 



# Processing: XP_003906994.1 protein BTG1 [Papio anubis]
# Species: Papio anubis
# Match: XM_003906945.4 PREDICTED: Papio anubis BTG anti-proliferation factor 1 (BTG1), mRNA 



# Processing: XP_003927928.1 protein BTG1 [Saimiri boliviensis]
# Species: Saimiri boliviensis
# Match: XM_003927879.4 PREDICTED: Saimiri boliviensis BTG anti-proliferation factor 1 (BTG1), mRNA 



# Processing: XP_018894512.2 protein BTG1 [Gorilla gorilla gorilla]
# Species: Gorilla gorilla gorilla
# Match: XM_019038967.4 PREDICTED: Gorilla gorilla gorilla BTG anti-proliferation factor 1 (BTG1), mRNA 



# Processing: XP_005571906.1 protein BTG1 [Macaca fascicularis]
# Species: Macaca fascicularis
# Match: XM_005571849.4 PREDICTED: Macaca fascicularis BTG anti-proliferation factor 1 (BTG1), mRNA 



# Processing: XP_008002425.2 protein BTG1 [Chlorocebus sabaeus]
# Species: Chlorocebus sabaeus
# Match: XM_008004234.3 PREDICTED: Chlorocebus sabaeus BTG anti-proliferation factor 1 (BTG1), mRNA 



# Processing: XP_010382240.1 protein BTG1 [Rhinopithecus roxellana]
# Species: Rhinopithecus roxellana
# Match: XM_010383938.2 PREDICTED: Rhinopithecus roxellana BTG anti-proliferation factor 1 (BTG1), mRNA 



# Processing: XP_011743019.1 protein BTG1 [Macaca nemestrina]
# Species: Macaca nemestrina
# Match: XM_011744717.3 PREDICTED: Macaca nemestrina BTG anti-proliferation factor 1 (LOC105483730), mRNA 



# Processing: XP_011789091.1 PREDICTED: protein BTG1 [Colobus angolensis palliatus]
# Species: Colobus angolensis palliatus
# Match: XM_011933701.1 PREDICTED: Colobus angolensis palliatus B-cell translocation gene 1, anti-proliferative (BTG1), mRNA 



# Processing: XP_011887073.1 PREDICTED: protein BTG1 [Cercocebus atys]
# Species: Cercocebus atys
# Match: XM_012031683.1 PREDICTED: Cercocebus atys B-cell translocation gene 1, anti-proliferative (BTG1), mRNA 



# Processing: XP_012324772.1 protein BTG1 [Aotus nancymaae]
# Species: Aotus nancymaae
# Match: XM_012469349.2 PREDICTED: Aotus nancymaae BTG anti-proliferation factor 1 (BTG1), mRNA 



# Processing: XP_012519471.1 PREDICTED: protein BTG1 [Propithecus coquereli]
# Species: Propithecus coquereli
# Match: XM_012664017.1 PREDICTED: Propithecus coquereli B-cell translocation gene 1, anti-proliferative (BTG1), mRNA 



# Processing: XP_012630695.1 protein BTG1 [Microcebus murinus]
# Species: Microcebus murinus
# Match: XM_012775241.1 PREDICTED: Microcebus murinus BTG anti-proliferation factor 1 (BTG1), mRNA 



# Processing: XP_017404100.1 protein BTG1 [Cebus imitator]
# Species: Cebus imitator
# Match: XM_017548611.2 PREDICTED: Cebus imitator BTG anti-proliferation factor 1 (BTG1), mRNA 



# Processing: XP_023079329.1 protein BTG1 [Piliocolobus tephrosceles]
# Species: Piliocolobus tephrosceles
# Match: XM_023223561.1 PREDICTED: Piliocolobus tephrosceles BTG anti-proliferation factor 1 (BTG1), mRNA 



# Processing: XP_025256640.1 protein BTG1 [Theropithecus gelada]
# Species: Theropithecus gelada
# Match: XM_025400855.1 PREDICTED: Theropithecus gelada BTG anti-proliferation factor 1 (BTG1), mRNA 



# Processing: XP_032026783.1 protein BTG1 [Hylobates moloch]
# Species: Hylobates moloch
# Match: XM_032170892.2 PREDICTED: Hylobates moloch BTG anti-proliferation factor 1 (BTG1), mRNA 



# Processing: XP_032153437.1 protein BTG1 [Sapajus apella]
# Species: Sapajus apella
# Match: XM_032297546.1 PREDICTED: Sapajus apella BTG anti-proliferation factor 1 (BTG1), mRNA 



# Processing: XP_033076982.1 protein BTG1 [Trachypithecus francoisi]
# Species: Trachypithecus francoisi
# Match: XM_033221091.1 PREDICTED: Trachypithecus francoisi BTG anti-proliferation factor 1 (BTG1), mRNA 



# Processing: XP_045409214.1 protein BTG1 [Lemur catta]
# Species: Lemur catta
# Match: XM_045553258.1 PREDICTED: Lemur catta BTG anti-proliferation factor 1 (BTG1), mRNA 



# Processing: XP_050606037.1 protein BTG1 [Macaca thibetana thibetana]
# Species: Macaca thibetana thibetana
# Match: XM_050750080.1 PREDICTED: Macaca thibetana thibetana BTG anti-proliferation factor 1 (BTG1), mRNA 



# Processing: XP_053438918.1 protein BTG1 [Nycticebus coucang]
# Species: Nycticebus coucang
# Match: XM_053582943.1 PREDICTED: Nycticebus coucang BTG anti-proliferation factor 1 (BTG1), mRNA 



# Processing: XP_054300100.1 protein BTG1 [Pongo pygmaeus]
# Species: Pongo pygmaeus
# Match: XM_054444125.2 PREDICTED: Pongo pygmaeus BTG anti-proliferation factor 1 (BTG1), mRNA 



# Processing: XP_055093894.1 protein BTG1 [Symphalangus syndactylus]
# Species: Symphalangus syndactylus
# Match: XM_055237919.2 PREDICTED: Symphalangus syndactylus BTG anti-proliferation factor 1 (BTG1), mRNA 



# Processing: XP_069345767.1 protein BTG1 [Eulemur rufifrons]
# Species: Eulemur rufifrons
# Match: XM_069489666.1 PREDICTED: Eulemur rufifrons BTG anti-proliferation factor 1 (BTG1), mRNA 

# Writing data to: /Users/agl4001/Documents/AOC-develop/results/Primate_BTG1/Primate_BTG1
--- The following had no matches
