Building DAG of jobs...
Using shell: /bin/bash
Provided cores: 12
Rules claiming more threads will be scaled down.
Job stats:
job                 count
----------------  -------
MergeFELCSVs            1
MergeMEMECSVs           1
PlotFEL                 5
PlotFELMerge            1
PlotMEME                5
all                     1
executiveSummary        1
total                  15

Select jobs to execute...

[Thu Jun 26 19:18:11 2025]
rule PlotFEL:
    input: /Users/agl4001/Documents/AOC-develop/results/Primate_REM2/Primate_REM2.2.codon.fas.FEL.json
    output: /Users/agl4001/Documents/AOC-develop/results/Primate_REM2/Tables/Primate_REM2.2.codon.fas.FEL.json.FEL.csv, /Users/agl4001/Documents/AOC-develop/results/Primate_REM2/Visualizations/Primate_REM2.2.codon.fas.FEL.json.FEL.png, /Users/agl4001/Documents/AOC-develop/results/Primate_REM2/Visualizations/Primate_REM2.2.codon.fas.FEL.json.FEL.svg, /Users/agl4001/Documents/AOC-develop/results/Primate_REM2/Visualizations/Primate_REM2.2.codon.fas.FEL.json.FEL.figureLegend
    jobid: 2
    reason: Missing output files: /Users/agl4001/Documents/AOC-develop/results/Primate_REM2/Tables/Primate_REM2.2.codon.fas.FEL.json.FEL.csv, /Users/agl4001/Documents/AOC-develop/results/Primate_REM2/Visualizations/Primate_REM2.2.codon.fas.FEL.json.FEL.svg, /Users/agl4001/Documents/AOC-develop/results/Primate_REM2/Visualizations/Primate_REM2.2.codon.fas.FEL.json.FEL.png, /Users/agl4001/Documents/AOC-develop/results/Primate_REM2/Visualizations/Primate_REM2.2.codon.fas.FEL.json.FEL.figureLegend
    wildcards: sample=Primate_REM2.2.codon.fas.FEL.json
    resources: tmpdir=/var/folders/h_/ggxlxnd12j36cf3lfm_8hx4c0000gr/T

[Thu Jun 26 19:18:11 2025]
rule PlotMEME:
    input: /Users/agl4001/Documents/AOC-develop/results/Primate_REM2/Primate_REM2.3.codon.fas.MEME.json
    output: /Users/agl4001/Documents/AOC-develop/results/Primate_REM2/Tables/Primate_REM2.3.codon.fas.MEME.json.MEME.csv, /Users/agl4001/Documents/AOC-develop/results/Primate_REM2/Visualizations/Primate_REM2.3.codon.fas.MEME.json.MEME.png, /Users/agl4001/Documents/AOC-develop/results/Primate_REM2/Visualizations/Primate_REM2.3.codon.fas.MEME.json.MEME.svg, /Users/agl4001/Documents/AOC-develop/results/Primate_REM2/Visualizations/Primate_REM2.3.codon.fas.MEME.json.MEME.figureLegend
    jobid: 8
    reason: Missing output files: /Users/agl4001/Documents/AOC-develop/results/Primate_REM2/Visualizations/Primate_REM2.3.codon.fas.MEME.json.MEME.svg, /Users/agl4001/Documents/AOC-develop/results/Primate_REM2/Visualizations/Primate_REM2.3.codon.fas.MEME.json.MEME.figureLegend, /Users/agl4001/Documents/AOC-develop/results/Primate_REM2/Visualizations/Primate_REM2.3.codon.fas.MEME.json.MEME.png, /Users/agl4001/Documents/AOC-develop/results/Primate_REM2/Tables/Primate_REM2.3.codon.fas.MEME.json.MEME.csv
    wildcards: sample=Primate_REM2.3.codon.fas.MEME.json
    resources: tmpdir=/var/folders/h_/ggxlxnd12j36cf3lfm_8hx4c0000gr/T

[Thu Jun 26 19:18:11 2025]
rule PlotFEL:
    input: /Users/agl4001/Documents/AOC-develop/results/Primate_REM2/Primate_REM2.3.codon.fas.FEL.json
    output: /Users/agl4001/Documents/AOC-develop/results/Primate_REM2/Tables/Primate_REM2.3.codon.fas.FEL.json.FEL.csv, /Users/agl4001/Documents/AOC-develop/results/Primate_REM2/Visualizations/Primate_REM2.3.codon.fas.FEL.json.FEL.png, /Users/agl4001/Documents/AOC-develop/results/Primate_REM2/Visualizations/Primate_REM2.3.codon.fas.FEL.json.FEL.svg, /Users/agl4001/Documents/AOC-develop/results/Primate_REM2/Visualizations/Primate_REM2.3.codon.fas.FEL.json.FEL.figureLegend
    jobid: 3
    reason: Missing output files: /Users/agl4001/Documents/AOC-develop/results/Primate_REM2/Visualizations/Primate_REM2.3.codon.fas.FEL.json.FEL.svg, /Users/agl4001/Documents/AOC-develop/results/Primate_REM2/Visualizations/Primate_REM2.3.codon.fas.FEL.json.FEL.png, /Users/agl4001/Documents/AOC-develop/results/Primate_REM2/Visualizations/Primate_REM2.3.codon.fas.FEL.json.FEL.figureLegend, /Users/agl4001/Documents/AOC-develop/results/Primate_REM2/Tables/Primate_REM2.3.codon.fas.FEL.json.FEL.csv
    wildcards: sample=Primate_REM2.3.codon.fas.FEL.json
    resources: tmpdir=/var/folders/h_/ggxlxnd12j36cf3lfm_8hx4c0000gr/T

[Thu Jun 26 19:18:11 2025]
rule PlotMEME:
    input: /Users/agl4001/Documents/AOC-develop/results/Primate_REM2/Primate_REM2.1.codon.fas.MEME.json
    output: /Users/agl4001/Documents/AOC-develop/results/Primate_REM2/Tables/Primate_REM2.1.codon.fas.MEME.json.MEME.csv, /Users/agl4001/Documents/AOC-develop/results/Primate_REM2/Visualizations/Primate_REM2.1.codon.fas.MEME.json.MEME.png, /Users/agl4001/Documents/AOC-develop/results/Primate_REM2/Visualizations/Primate_REM2.1.codon.fas.MEME.json.MEME.svg, /Users/agl4001/Documents/AOC-develop/results/Primate_REM2/Visualizations/Primate_REM2.1.codon.fas.MEME.json.MEME.figureLegend
    jobid: 6
    reason: Missing output files: /Users/agl4001/Documents/AOC-develop/results/Primate_REM2/Tables/Primate_REM2.1.codon.fas.MEME.json.MEME.csv, /Users/agl4001/Documents/AOC-develop/results/Primate_REM2/Visualizations/Primate_REM2.1.codon.fas.MEME.json.MEME.svg, /Users/agl4001/Documents/AOC-develop/results/Primate_REM2/Visualizations/Primate_REM2.1.codon.fas.MEME.json.MEME.png, /Users/agl4001/Documents/AOC-develop/results/Primate_REM2/Visualizations/Primate_REM2.1.codon.fas.MEME.json.MEME.figureLegend
    wildcards: sample=Primate_REM2.1.codon.fas.MEME.json
    resources: tmpdir=/var/folders/h_/ggxlxnd12j36cf3lfm_8hx4c0000gr/T

[Thu Jun 26 19:18:11 2025]
rule PlotMEME:
    input: /Users/agl4001/Documents/AOC-develop/results/Primate_REM2/Primate_REM2.5.codon.fas.MEME.json
    output: /Users/agl4001/Documents/AOC-develop/results/Primate_REM2/Tables/Primate_REM2.5.codon.fas.MEME.json.MEME.csv, /Users/agl4001/Documents/AOC-develop/results/Primate_REM2/Visualizations/Primate_REM2.5.codon.fas.MEME.json.MEME.png, /Users/agl4001/Documents/AOC-develop/results/Primate_REM2/Visualizations/Primate_REM2.5.codon.fas.MEME.json.MEME.svg, /Users/agl4001/Documents/AOC-develop/results/Primate_REM2/Visualizations/Primate_REM2.5.codon.fas.MEME.json.MEME.figureLegend
    jobid: 10
    reason: Missing output files: /Users/agl4001/Documents/AOC-develop/results/Primate_REM2/Visualizations/Primate_REM2.5.codon.fas.MEME.json.MEME.svg, /Users/agl4001/Documents/AOC-develop/results/Primate_REM2/Visualizations/Primate_REM2.5.codon.fas.MEME.json.MEME.figureLegend, /Users/agl4001/Documents/AOC-develop/results/Primate_REM2/Visualizations/Primate_REM2.5.codon.fas.MEME.json.MEME.png, /Users/agl4001/Documents/AOC-develop/results/Primate_REM2/Tables/Primate_REM2.5.codon.fas.MEME.json.MEME.csv
    wildcards: sample=Primate_REM2.5.codon.fas.MEME.json
    resources: tmpdir=/var/folders/h_/ggxlxnd12j36cf3lfm_8hx4c0000gr/T

[Thu Jun 26 19:18:11 2025]
rule PlotMEME:
    input: /Users/agl4001/Documents/AOC-develop/results/Primate_REM2/Primate_REM2.2.codon.fas.MEME.json
    output: /Users/agl4001/Documents/AOC-develop/results/Primate_REM2/Tables/Primate_REM2.2.codon.fas.MEME.json.MEME.csv, /Users/agl4001/Documents/AOC-develop/results/Primate_REM2/Visualizations/Primate_REM2.2.codon.fas.MEME.json.MEME.png, /Users/agl4001/Documents/AOC-develop/results/Primate_REM2/Visualizations/Primate_REM2.2.codon.fas.MEME.json.MEME.svg, /Users/agl4001/Documents/AOC-develop/results/Primate_REM2/Visualizations/Primate_REM2.2.codon.fas.MEME.json.MEME.figureLegend
    jobid: 7
    reason: Missing output files: /Users/agl4001/Documents/AOC-develop/results/Primate_REM2/Visualizations/Primate_REM2.2.codon.fas.MEME.json.MEME.svg, /Users/agl4001/Documents/AOC-develop/results/Primate_REM2/Tables/Primate_REM2.2.codon.fas.MEME.json.MEME.csv, /Users/agl4001/Documents/AOC-develop/results/Primate_REM2/Visualizations/Primate_REM2.2.codon.fas.MEME.json.MEME.png, /Users/agl4001/Documents/AOC-develop/results/Primate_REM2/Visualizations/Primate_REM2.2.codon.fas.MEME.json.MEME.figureLegend
    wildcards: sample=Primate_REM2.2.codon.fas.MEME.json
    resources: tmpdir=/var/folders/h_/ggxlxnd12j36cf3lfm_8hx4c0000gr/T

[Thu Jun 26 19:18:11 2025]
rule PlotFEL:
    input: /Users/agl4001/Documents/AOC-develop/results/Primate_REM2/Primate_REM2.4.codon.fas.FEL.json
    output: /Users/agl4001/Documents/AOC-develop/results/Primate_REM2/Tables/Primate_REM2.4.codon.fas.FEL.json.FEL.csv, /Users/agl4001/Documents/AOC-develop/results/Primate_REM2/Visualizations/Primate_REM2.4.codon.fas.FEL.json.FEL.png, /Users/agl4001/Documents/AOC-develop/results/Primate_REM2/Visualizations/Primate_REM2.4.codon.fas.FEL.json.FEL.svg, /Users/agl4001/Documents/AOC-develop/results/Primate_REM2/Visualizations/Primate_REM2.4.codon.fas.FEL.json.FEL.figureLegend
    jobid: 4
    reason: Missing output files: /Users/agl4001/Documents/AOC-develop/results/Primate_REM2/Visualizations/Primate_REM2.4.codon.fas.FEL.json.FEL.figureLegend, /Users/agl4001/Documents/AOC-develop/results/Primate_REM2/Visualizations/Primate_REM2.4.codon.fas.FEL.json.FEL.png, /Users/agl4001/Documents/AOC-develop/results/Primate_REM2/Tables/Primate_REM2.4.codon.fas.FEL.json.FEL.csv, /Users/agl4001/Documents/AOC-develop/results/Primate_REM2/Visualizations/Primate_REM2.4.codon.fas.FEL.json.FEL.svg
    wildcards: sample=Primate_REM2.4.codon.fas.FEL.json
    resources: tmpdir=/var/folders/h_/ggxlxnd12j36cf3lfm_8hx4c0000gr/T

[Thu Jun 26 19:18:11 2025]
rule PlotMEME:
    input: /Users/agl4001/Documents/AOC-develop/results/Primate_REM2/Primate_REM2.4.codon.fas.MEME.json
    output: /Users/agl4001/Documents/AOC-develop/results/Primate_REM2/Tables/Primate_REM2.4.codon.fas.MEME.json.MEME.csv, /Users/agl4001/Documents/AOC-develop/results/Primate_REM2/Visualizations/Primate_REM2.4.codon.fas.MEME.json.MEME.png, /Users/agl4001/Documents/AOC-develop/results/Primate_REM2/Visualizations/Primate_REM2.4.codon.fas.MEME.json.MEME.svg, /Users/agl4001/Documents/AOC-develop/results/Primate_REM2/Visualizations/Primate_REM2.4.codon.fas.MEME.json.MEME.figureLegend
    jobid: 9
    reason: Missing output files: /Users/agl4001/Documents/AOC-develop/results/Primate_REM2/Visualizations/Primate_REM2.4.codon.fas.MEME.json.MEME.png, /Users/agl4001/Documents/AOC-develop/results/Primate_REM2/Tables/Primate_REM2.4.codon.fas.MEME.json.MEME.csv, /Users/agl4001/Documents/AOC-develop/results/Primate_REM2/Visualizations/Primate_REM2.4.codon.fas.MEME.json.MEME.figureLegend, /Users/agl4001/Documents/AOC-develop/results/Primate_REM2/Visualizations/Primate_REM2.4.codon.fas.MEME.json.MEME.svg
    wildcards: sample=Primate_REM2.4.codon.fas.MEME.json
    resources: tmpdir=/var/folders/h_/ggxlxnd12j36cf3lfm_8hx4c0000gr/T

[Thu Jun 26 19:18:11 2025]
rule PlotFEL:
    input: /Users/agl4001/Documents/AOC-develop/results/Primate_REM2/Primate_REM2.5.codon.fas.FEL.json
    output: /Users/agl4001/Documents/AOC-develop/results/Primate_REM2/Tables/Primate_REM2.5.codon.fas.FEL.json.FEL.csv, /Users/agl4001/Documents/AOC-develop/results/Primate_REM2/Visualizations/Primate_REM2.5.codon.fas.FEL.json.FEL.png, /Users/agl4001/Documents/AOC-develop/results/Primate_REM2/Visualizations/Primate_REM2.5.codon.fas.FEL.json.FEL.svg, /Users/agl4001/Documents/AOC-develop/results/Primate_REM2/Visualizations/Primate_REM2.5.codon.fas.FEL.json.FEL.figureLegend
    jobid: 5
    reason: Missing output files: /Users/agl4001/Documents/AOC-develop/results/Primate_REM2/Tables/Primate_REM2.5.codon.fas.FEL.json.FEL.csv, /Users/agl4001/Documents/AOC-develop/results/Primate_REM2/Visualizations/Primate_REM2.5.codon.fas.FEL.json.FEL.figureLegend, /Users/agl4001/Documents/AOC-develop/results/Primate_REM2/Visualizations/Primate_REM2.5.codon.fas.FEL.json.FEL.png, /Users/agl4001/Documents/AOC-develop/results/Primate_REM2/Visualizations/Primate_REM2.5.codon.fas.FEL.json.FEL.svg
    wildcards: sample=Primate_REM2.5.codon.fas.FEL.json
    resources: tmpdir=/var/folders/h_/ggxlxnd12j36cf3lfm_8hx4c0000gr/T

[Thu Jun 26 19:18:11 2025]
rule executiveSummary:
    input: /Users/agl4001/Documents/AOC-develop/results/Primate_REM2/Primate_REM2
    output: /Users/agl4001/Documents/AOC-develop/results/Primate_REM2/Tables/Primate_REM2.AOC.executiveSummary.csv
    jobid: 11
    reason: Missing output files: /Users/agl4001/Documents/AOC-develop/results/Primate_REM2/Tables/Primate_REM2.AOC.executiveSummary.csv
    wildcards: sample=Primate_REM2
    resources: tmpdir=/var/folders/h_/ggxlxnd12j36cf3lfm_8hx4c0000gr/T

[Thu Jun 26 19:18:11 2025]
rule PlotFEL:
    input: /Users/agl4001/Documents/AOC-develop/results/Primate_REM2/Primate_REM2.1.codon.fas.FEL.json
    output: /Users/agl4001/Documents/AOC-develop/results/Primate_REM2/Tables/Primate_REM2.1.codon.fas.FEL.json.FEL.csv, /Users/agl4001/Documents/AOC-develop/results/Primate_REM2/Visualizations/Primate_REM2.1.codon.fas.FEL.json.FEL.png, /Users/agl4001/Documents/AOC-develop/results/Primate_REM2/Visualizations/Primate_REM2.1.codon.fas.FEL.json.FEL.svg, /Users/agl4001/Documents/AOC-develop/results/Primate_REM2/Visualizations/Primate_REM2.1.codon.fas.FEL.json.FEL.figureLegend
    jobid: 1
    reason: Missing output files: /Users/agl4001/Documents/AOC-develop/results/Primate_REM2/Visualizations/Primate_REM2.1.codon.fas.FEL.json.FEL.svg, /Users/agl4001/Documents/AOC-develop/results/Primate_REM2/Tables/Primate_REM2.1.codon.fas.FEL.json.FEL.csv, /Users/agl4001/Documents/AOC-develop/results/Primate_REM2/Visualizations/Primate_REM2.1.codon.fas.FEL.json.FEL.figureLegend, /Users/agl4001/Documents/AOC-develop/results/Primate_REM2/Visualizations/Primate_REM2.1.codon.fas.FEL.json.FEL.png
    wildcards: sample=Primate_REM2.1.codon.fas.FEL.json
    resources: tmpdir=/var/folders/h_/ggxlxnd12j36cf3lfm_8hx4c0000gr/T

[Thu Jun 26 19:18:14 2025]
Finished job 11.
1 of 15 steps (7%) done
[Thu Jun 26 19:18:15 2025]
Finished job 5.
2 of 15 steps (13%) done
[Thu Jun 26 19:18:15 2025]
Finished job 1.
3 of 15 steps (20%) done
[Thu Jun 26 19:18:15 2025]
Finished job 2.
4 of 15 steps (27%) done
[Thu Jun 26 19:18:15 2025]
Finished job 4.
5 of 15 steps (33%) done
[Thu Jun 26 19:18:15 2025]
Finished job 3.
6 of 15 steps (40%) done
[Thu Jun 26 19:18:15 2025]
Finished job 10.
7 of 15 steps (47%) done
[Thu Jun 26 19:18:15 2025]
Finished job 6.
8 of 15 steps (53%) done
Select jobs to execute...

[Thu Jun 26 19:18:15 2025]
rule MergeFELCSVs:
    input: /Users/agl4001/Documents/AOC-develop/results/Primate_REM2/Tables/Primate_REM2.1.codon.fas.FEL.json.FEL.csv, /Users/agl4001/Documents/AOC-develop/results/Primate_REM2/Tables/Primate_REM2.2.codon.fas.FEL.json.FEL.csv, /Users/agl4001/Documents/AOC-develop/results/Primate_REM2/Tables/Primate_REM2.3.codon.fas.FEL.json.FEL.csv, /Users/agl4001/Documents/AOC-develop/results/Primate_REM2/Tables/Primate_REM2.4.codon.fas.FEL.json.FEL.csv, /Users/agl4001/Documents/AOC-develop/results/Primate_REM2/Tables/Primate_REM2.5.codon.fas.FEL.json.FEL.csv
    output: /Users/agl4001/Documents/AOC-develop/results/Primate_REM2/Tables/Primate_REM2.AOC.merged_FEL_Results.csv
    jobid: 12
    reason: Missing output files: /Users/agl4001/Documents/AOC-develop/results/Primate_REM2/Tables/Primate_REM2.AOC.merged_FEL_Results.csv; Input files updated by another job: /Users/agl4001/Documents/AOC-develop/results/Primate_REM2/Tables/Primate_REM2.5.codon.fas.FEL.json.FEL.csv, /Users/agl4001/Documents/AOC-develop/results/Primate_REM2/Tables/Primate_REM2.1.codon.fas.FEL.json.FEL.csv, /Users/agl4001/Documents/AOC-develop/results/Primate_REM2/Tables/Primate_REM2.4.codon.fas.FEL.json.FEL.csv, /Users/agl4001/Documents/AOC-develop/results/Primate_REM2/Tables/Primate_REM2.3.codon.fas.FEL.json.FEL.csv, /Users/agl4001/Documents/AOC-develop/results/Primate_REM2/Tables/Primate_REM2.2.codon.fas.FEL.json.FEL.csv
    wildcards: sample=Primate_REM2
    resources: tmpdir=/var/folders/h_/ggxlxnd12j36cf3lfm_8hx4c0000gr/T

[Thu Jun 26 19:18:15 2025]
Finished job 9.
9 of 15 steps (60%) done
[Thu Jun 26 19:18:15 2025]
Finished job 8.
10 of 15 steps (67%) done
[Thu Jun 26 19:18:15 2025]
Finished job 7.
11 of 15 steps (73%) done
Select jobs to execute...

[Thu Jun 26 19:18:15 2025]
rule MergeMEMECSVs:
    input: /Users/agl4001/Documents/AOC-develop/results/Primate_REM2/Tables/Primate_REM2.1.codon.fas.MEME.json.MEME.csv, /Users/agl4001/Documents/AOC-develop/results/Primate_REM2/Tables/Primate_REM2.2.codon.fas.MEME.json.MEME.csv, /Users/agl4001/Documents/AOC-develop/results/Primate_REM2/Tables/Primate_REM2.3.codon.fas.MEME.json.MEME.csv, /Users/agl4001/Documents/AOC-develop/results/Primate_REM2/Tables/Primate_REM2.4.codon.fas.MEME.json.MEME.csv, /Users/agl4001/Documents/AOC-develop/results/Primate_REM2/Tables/Primate_REM2.5.codon.fas.MEME.json.MEME.csv
    output: /Users/agl4001/Documents/AOC-develop/results/Primate_REM2/Tables/Primate_REM2.AOC.merged_MEME_Results.csv
    jobid: 13
    reason: Missing output files: /Users/agl4001/Documents/AOC-develop/results/Primate_REM2/Tables/Primate_REM2.AOC.merged_MEME_Results.csv; Input files updated by another job: /Users/agl4001/Documents/AOC-develop/results/Primate_REM2/Tables/Primate_REM2.4.codon.fas.MEME.json.MEME.csv, /Users/agl4001/Documents/AOC-develop/results/Primate_REM2/Tables/Primate_REM2.5.codon.fas.MEME.json.MEME.csv, /Users/agl4001/Documents/AOC-develop/results/Primate_REM2/Tables/Primate_REM2.1.codon.fas.MEME.json.MEME.csv, /Users/agl4001/Documents/AOC-develop/results/Primate_REM2/Tables/Primate_REM2.2.codon.fas.MEME.json.MEME.csv, /Users/agl4001/Documents/AOC-develop/results/Primate_REM2/Tables/Primate_REM2.3.codon.fas.MEME.json.MEME.csv
    wildcards: sample=Primate_REM2
    resources: tmpdir=/var/folders/h_/ggxlxnd12j36cf3lfm_8hx4c0000gr/T

[Thu Jun 26 19:18:17 2025]
Finished job 13.
12 of 15 steps (80%) done
[Thu Jun 26 19:18:17 2025]
Finished job 12.
13 of 15 steps (87%) done
Select jobs to execute...

[Thu Jun 26 19:18:17 2025]
rule PlotFELMerge:
    input: /Users/agl4001/Documents/AOC-develop/results/Primate_REM2/Tables/Primate_REM2.AOC.merged_FEL_Results.csv
    output: /Users/agl4001/Documents/AOC-develop/results/Primate_REM2/Visualizations/Primate_REM2.FEL.merged.png, /Users/agl4001/Documents/AOC-develop/results/Primate_REM2/Visualizations/Primate_REM2.FEL.merged.svg
    jobid: 14
    reason: Missing output files: /Users/agl4001/Documents/AOC-develop/results/Primate_REM2/Visualizations/Primate_REM2.FEL.merged.svg, /Users/agl4001/Documents/AOC-develop/results/Primate_REM2/Visualizations/Primate_REM2.FEL.merged.png; Input files updated by another job: /Users/agl4001/Documents/AOC-develop/results/Primate_REM2/Tables/Primate_REM2.AOC.merged_FEL_Results.csv
    wildcards: sample=Primate_REM2
    resources: tmpdir=/var/folders/h_/ggxlxnd12j36cf3lfm_8hx4c0000gr/T

[Thu Jun 26 19:18:20 2025]
Finished job 14.
14 of 15 steps (93%) done
Select jobs to execute...

[Thu Jun 26 19:18:20 2025]
localrule all:
    input: /Users/agl4001/Documents/AOC-develop/results/Primate_REM2/Tables/Primate_REM2.1.codon.fas.FEL.json.FEL.csv, /Users/agl4001/Documents/AOC-develop/results/Primate_REM2/Tables/Primate_REM2.2.codon.fas.FEL.json.FEL.csv, /Users/agl4001/Documents/AOC-develop/results/Primate_REM2/Tables/Primate_REM2.3.codon.fas.FEL.json.FEL.csv, /Users/agl4001/Documents/AOC-develop/results/Primate_REM2/Tables/Primate_REM2.4.codon.fas.FEL.json.FEL.csv, /Users/agl4001/Documents/AOC-develop/results/Primate_REM2/Tables/Primate_REM2.5.codon.fas.FEL.json.FEL.csv, /Users/agl4001/Documents/AOC-develop/results/Primate_REM2/Visualizations/Primate_REM2.1.codon.fas.FEL.json.FEL.png, /Users/agl4001/Documents/AOC-develop/results/Primate_REM2/Visualizations/Primate_REM2.2.codon.fas.FEL.json.FEL.png, /Users/agl4001/Documents/AOC-develop/results/Primate_REM2/Visualizations/Primate_REM2.3.codon.fas.FEL.json.FEL.png, /Users/agl4001/Documents/AOC-develop/results/Primate_REM2/Visualizations/Primate_REM2.4.codon.fas.FEL.json.FEL.png, /Users/agl4001/Documents/AOC-develop/results/Primate_REM2/Visualizations/Primate_REM2.5.codon.fas.FEL.json.FEL.png, /Users/agl4001/Documents/AOC-develop/results/Primate_REM2/Visualizations/Primate_REM2.1.codon.fas.FEL.json.FEL.svg, /Users/agl4001/Documents/AOC-develop/results/Primate_REM2/Visualizations/Primate_REM2.2.codon.fas.FEL.json.FEL.svg, /Users/agl4001/Documents/AOC-develop/results/Primate_REM2/Visualizations/Primate_REM2.3.codon.fas.FEL.json.FEL.svg, /Users/agl4001/Documents/AOC-develop/results/Primate_REM2/Visualizations/Primate_REM2.4.codon.fas.FEL.json.FEL.svg, /Users/agl4001/Documents/AOC-develop/results/Primate_REM2/Visualizations/Primate_REM2.5.codon.fas.FEL.json.FEL.svg, /Users/agl4001/Documents/AOC-develop/results/Primate_REM2/Visualizations/Primate_REM2.1.codon.fas.FEL.json.FEL.figureLegend, /Users/agl4001/Documents/AOC-develop/results/Primate_REM2/Visualizations/Primate_REM2.2.codon.fas.FEL.json.FEL.figureLegend, /Users/agl4001/Documents/AOC-develop/results/Primate_REM2/Visualizations/Primate_REM2.3.codon.fas.FEL.json.FEL.figureLegend, /Users/agl4001/Documents/AOC-develop/results/Primate_REM2/Visualizations/Primate_REM2.4.codon.fas.FEL.json.FEL.figureLegend, /Users/agl4001/Documents/AOC-develop/results/Primate_REM2/Visualizations/Primate_REM2.5.codon.fas.FEL.json.FEL.figureLegend, /Users/agl4001/Documents/AOC-develop/results/Primate_REM2/Tables/Primate_REM2.1.codon.fas.MEME.json.MEME.csv, /Users/agl4001/Documents/AOC-develop/results/Primate_REM2/Tables/Primate_REM2.2.codon.fas.MEME.json.MEME.csv, /Users/agl4001/Documents/AOC-develop/results/Primate_REM2/Tables/Primate_REM2.3.codon.fas.MEME.json.MEME.csv, /Users/agl4001/Documents/AOC-develop/results/Primate_REM2/Tables/Primate_REM2.4.codon.fas.MEME.json.MEME.csv, /Users/agl4001/Documents/AOC-develop/results/Primate_REM2/Tables/Primate_REM2.5.codon.fas.MEME.json.MEME.csv, /Users/agl4001/Documents/AOC-develop/results/Primate_REM2/Visualizations/Primate_REM2.1.codon.fas.MEME.json.MEME.png, /Users/agl4001/Documents/AOC-develop/results/Primate_REM2/Visualizations/Primate_REM2.2.codon.fas.MEME.json.MEME.png, /Users/agl4001/Documents/AOC-develop/results/Primate_REM2/Visualizations/Primate_REM2.3.codon.fas.MEME.json.MEME.png, /Users/agl4001/Documents/AOC-develop/results/Primate_REM2/Visualizations/Primate_REM2.4.codon.fas.MEME.json.MEME.png, /Users/agl4001/Documents/AOC-develop/results/Primate_REM2/Visualizations/Primate_REM2.5.codon.fas.MEME.json.MEME.png, /Users/agl4001/Documents/AOC-develop/results/Primate_REM2/Visualizations/Primate_REM2.1.codon.fas.MEME.json.MEME.svg, /Users/agl4001/Documents/AOC-develop/results/Primate_REM2/Visualizations/Primate_REM2.2.codon.fas.MEME.json.MEME.svg, /Users/agl4001/Documents/AOC-develop/results/Primate_REM2/Visualizations/Primate_REM2.3.codon.fas.MEME.json.MEME.svg, /Users/agl4001/Documents/AOC-develop/results/Primate_REM2/Visualizations/Primate_REM2.4.codon.fas.MEME.json.MEME.svg, /Users/agl4001/Documents/AOC-develop/results/Primate_REM2/Visualizations/Primate_REM2.5.codon.fas.MEME.json.MEME.svg, /Users/agl4001/Documents/AOC-develop/results/Primate_REM2/Visualizations/Primate_REM2.1.codon.fas.MEME.json.MEME.figureLegend, /Users/agl4001/Documents/AOC-develop/results/Primate_REM2/Visualizations/Primate_REM2.2.codon.fas.MEME.json.MEME.figureLegend, /Users/agl4001/Documents/AOC-develop/results/Primate_REM2/Visualizations/Primate_REM2.3.codon.fas.MEME.json.MEME.figureLegend, /Users/agl4001/Documents/AOC-develop/results/Primate_REM2/Visualizations/Primate_REM2.4.codon.fas.MEME.json.MEME.figureLegend, /Users/agl4001/Documents/AOC-develop/results/Primate_REM2/Visualizations/Primate_REM2.5.codon.fas.MEME.json.MEME.figureLegend, /Users/agl4001/Documents/AOC-develop/results/Primate_REM2/Tables/Primate_REM2.AOC.executiveSummary.csv, /Users/agl4001/Documents/AOC-develop/results/Primate_REM2/Tables/Primate_REM2.AOC.merged_FEL_Results.csv, /Users/agl4001/Documents/AOC-develop/results/Primate_REM2/Tables/Primate_REM2.AOC.merged_MEME_Results.csv, /Users/agl4001/Documents/AOC-develop/results/Primate_REM2/Visualizations/Primate_REM2.FEL.merged.png, /Users/agl4001/Documents/AOC-develop/results/Primate_REM2/Visualizations/Primate_REM2.FEL.merged.svg
    jobid: 0
    reason: Input files updated by another job: /Users/agl4001/Documents/AOC-develop/results/Primate_REM2/Visualizations/Primate_REM2.3.codon.fas.MEME.json.MEME.figureLegend, /Users/agl4001/Documents/AOC-develop/results/Primate_REM2/Visualizations/Primate_REM2.3.codon.fas.FEL.json.FEL.svg, /Users/agl4001/Documents/AOC-develop/results/Primate_REM2/Visualizations/Primate_REM2.2.codon.fas.MEME.json.MEME.png, /Users/agl4001/Documents/AOC-develop/results/Primate_REM2/Visualizations/Primate_REM2.5.codon.fas.MEME.json.MEME.figureLegend, /Users/agl4001/Documents/AOC-develop/results/Primate_REM2/Tables/Primate_REM2.4.codon.fas.MEME.json.MEME.csv, /Users/agl4001/Documents/AOC-develop/results/Primate_REM2/Tables/Primate_REM2.3.codon.fas.FEL.json.FEL.csv, /Users/agl4001/Documents/AOC-develop/results/Primate_REM2/Visualizations/Primate_REM2.1.codon.fas.MEME.json.MEME.figureLegend, /Users/agl4001/Documents/AOC-develop/results/Primate_REM2/Visualizations/Primate_REM2.2.codon.fas.MEME.json.MEME.svg, /Users/agl4001/Documents/AOC-develop/results/Primate_REM2/Visualizations/Primate_REM2.1.codon.fas.FEL.json.FEL.svg, /Users/agl4001/Documents/AOC-develop/results/Primate_REM2/Visualizations/Primate_REM2.1.codon.fas.FEL.json.FEL.png, /Users/agl4001/Documents/AOC-develop/results/Primate_REM2/Tables/Primate_REM2.AOC.merged_MEME_Results.csv, /Users/agl4001/Documents/AOC-develop/results/Primate_REM2/Visualizations/Primate_REM2.2.codon.fas.FEL.json.FEL.svg, /Users/agl4001/Documents/AOC-develop/results/Primate_REM2/Visualizations/Primate_REM2.5.codon.fas.MEME.json.MEME.svg, /Users/agl4001/Documents/AOC-develop/results/Primate_REM2/Tables/Primate_REM2.4.codon.fas.FEL.json.FEL.csv, /Users/agl4001/Documents/AOC-develop/results/Primate_REM2/Visualizations/Primate_REM2.4.codon.fas.FEL.json.FEL.figureLegend, /Users/agl4001/Documents/AOC-develop/results/Primate_REM2/Visualizations/Primate_REM2.5.codon.fas.FEL.json.FEL.png, /Users/agl4001/Documents/AOC-develop/results/Primate_REM2/Visualizations/Primate_REM2.3.codon.fas.MEME.json.MEME.png, /Users/agl4001/Documents/AOC-develop/results/Primate_REM2/Visualizations/Primate_REM2.1.codon.fas.MEME.json.MEME.svg, /Users/agl4001/Documents/AOC-develop/results/Primate_REM2/Tables/Primate_REM2.AOC.executiveSummary.csv, /Users/agl4001/Documents/AOC-develop/results/Primate_REM2/Visualizations/Primate_REM2.1.codon.fas.FEL.json.FEL.figureLegend, /Users/agl4001/Documents/AOC-develop/results/Primate_REM2/Tables/Primate_REM2.1.codon.fas.FEL.json.FEL.csv, /Users/agl4001/Documents/AOC-develop/results/Primate_REM2/Visualizations/Primate_REM2.4.codon.fas.MEME.json.MEME.figureLegend, /Users/agl4001/Documents/AOC-develop/results/Primate_REM2/Visualizations/Primate_REM2.2.codon.fas.MEME.json.MEME.figureLegend, /Users/agl4001/Documents/AOC-develop/results/Primate_REM2/Tables/Primate_REM2.3.codon.fas.MEME.json.MEME.csv, /Users/agl4001/Documents/AOC-develop/results/Primate_REM2/Visualizations/Primate_REM2.4.codon.fas.MEME.json.MEME.svg, /Users/agl4001/Documents/AOC-develop/results/Primate_REM2/Visualizations/Primate_REM2.2.codon.fas.FEL.json.FEL.figureLegend, /Users/agl4001/Documents/AOC-develop/results/Primate_REM2/Visualizations/Primate_REM2.5.codon.fas.MEME.json.MEME.png, /Users/agl4001/Documents/AOC-develop/results/Primate_REM2/Tables/Primate_REM2.5.codon.fas.MEME.json.MEME.csv, /Users/agl4001/Documents/AOC-develop/results/Primate_REM2/Visualizations/Primate_REM2.2.codon.fas.FEL.json.FEL.png, /Users/agl4001/Documents/AOC-develop/results/Primate_REM2/Tables/Primate_REM2.AOC.merged_FEL_Results.csv, /Users/agl4001/Documents/AOC-develop/results/Primate_REM2/Visualizations/Primate_REM2.1.codon.fas.MEME.json.MEME.png, /Users/agl4001/Documents/AOC-develop/results/Primate_REM2/Visualizations/Primate_REM2.4.codon.fas.MEME.json.MEME.png, /Users/agl4001/Documents/AOC-develop/results/Primate_REM2/Tables/Primate_REM2.2.codon.fas.FEL.json.FEL.csv, /Users/agl4001/Documents/AOC-develop/results/Primate_REM2/Visualizations/Primate_REM2.3.codon.fas.FEL.json.FEL.png, /Users/agl4001/Documents/AOC-develop/results/Primate_REM2/Tables/Primate_REM2.2.codon.fas.MEME.json.MEME.csv, /Users/agl4001/Documents/AOC-develop/results/Primate_REM2/Visualizations/Primate_REM2.FEL.merged.svg, /Users/agl4001/Documents/AOC-develop/results/Primate_REM2/Visualizations/Primate_REM2.3.codon.fas.FEL.json.FEL.figureLegend, /Users/agl4001/Documents/AOC-develop/results/Primate_REM2/Tables/Primate_REM2.5.codon.fas.FEL.json.FEL.csv, /Users/agl4001/Documents/AOC-develop/results/Primate_REM2/Visualizations/Primate_REM2.5.codon.fas.FEL.json.FEL.figureLegend, /Users/agl4001/Documents/AOC-develop/results/Primate_REM2/Visualizations/Primate_REM2.4.codon.fas.FEL.json.FEL.png, /Users/agl4001/Documents/AOC-develop/results/Primate_REM2/Visualizations/Primate_REM2.FEL.merged.png, /Users/agl4001/Documents/AOC-develop/results/Primate_REM2/Visualizations/Primate_REM2.3.codon.fas.MEME.json.MEME.svg, /Users/agl4001/Documents/AOC-develop/results/Primate_REM2/Tables/Primate_REM2.1.codon.fas.MEME.json.MEME.csv, /Users/agl4001/Documents/AOC-develop/results/Primate_REM2/Visualizations/Primate_REM2.5.codon.fas.FEL.json.FEL.svg, /Users/agl4001/Documents/AOC-develop/results/Primate_REM2/Visualizations/Primate_REM2.4.codon.fas.FEL.json.FEL.svg
    resources: tmpdir=/var/folders/h_/ggxlxnd12j36cf3lfm_8hx4c0000gr/T

[Thu Jun 26 19:18:20 2025]
Finished job 0.
15 of 15 steps (100%) done
Complete log: .snakemake/log/2025-06-26T191808.901330.snakemake.log
