Building DAG of jobs...
Using shell: /bin/bash
Provided cores: 12
Rules claiming more threads will be scaled down.
Job stats:
job                      count
---------------------  -------
all                          1
cln                          1
iqtree                       1
macse                        1
recombination                1
remove_duplicates_msa        1
strike_ambigs_msa            1
tn93_cluster                 1
total                        8

Select jobs to execute...

[Wed Jun 25 14:57:42 2025]
rule macse:
    input: /Users/agl4001/Documents/AOC-develop/results/Primate_TP53/Primate_TP53
    output: /Users/agl4001/Documents/AOC-develop/results/Primate_TP53/Primate_TP53.codons.fa, /Users/agl4001/Documents/AOC-develop/results/Primate_TP53/Primate_TP53.aa.fa
    jobid: 2
    reason: Code has changed since last execution
    wildcards: GENE=Primate_TP53
    resources: tmpdir=/var/folders/h_/ggxlxnd12j36cf3lfm_8hx4c0000gr/T

[Wed Jun 25 14:58:04 2025]
Finished job 2.
1 of 8 steps (12%) done
Select jobs to execute...

[Wed Jun 25 14:58:04 2025]
rule cln:
    input: /Users/agl4001/Documents/AOC-develop/results/Primate_TP53/Primate_TP53.codons.fa
    output: /Users/agl4001/Documents/AOC-develop/results/Primate_TP53/Primate_TP53.codons.cln.fa
    jobid: 3
    reason: Input files updated by another job: /Users/agl4001/Documents/AOC-develop/results/Primate_TP53/Primate_TP53.codons.fa
    wildcards: GENE=Primate_TP53
    resources: tmpdir=/var/folders/h_/ggxlxnd12j36cf3lfm_8hx4c0000gr/T

[Wed Jun 25 14:58:04 2025]
Finished job 3.
2 of 8 steps (25%) done
Select jobs to execute...

[Wed Jun 25 14:58:04 2025]
rule strike_ambigs_msa:
    input: /Users/agl4001/Documents/AOC-develop/results/Primate_TP53/Primate_TP53.codons.cln.fa
    output: /Users/agl4001/Documents/AOC-develop/results/Primate_TP53/Primate_TP53.SA.codons.cln.fa
    jobid: 4
    reason: Input files updated by another job: /Users/agl4001/Documents/AOC-develop/results/Primate_TP53/Primate_TP53.codons.cln.fa
    wildcards: GENE=Primate_TP53
    resources: tmpdir=/var/folders/h_/ggxlxnd12j36cf3lfm_8hx4c0000gr/T

[Wed Jun 25 14:58:04 2025]
Finished job 4.
3 of 8 steps (38%) done
Select jobs to execute...

[Wed Jun 25 14:58:04 2025]
rule remove_duplicates_msa:
    input: /Users/agl4001/Documents/AOC-develop/results/Primate_TP53/Primate_TP53.SA.codons.cln.fa
    output: /Users/agl4001/Documents/AOC-develop/results/Primate_TP53/Primate_TP53.RD.SA.codons.cln.fa
    jobid: 5
    reason: Input files updated by another job: /Users/agl4001/Documents/AOC-develop/results/Primate_TP53/Primate_TP53.SA.codons.cln.fa
    wildcards: GENE=Primate_TP53
    resources: tmpdir=/var/folders/h_/ggxlxnd12j36cf3lfm_8hx4c0000gr/T

[Wed Jun 25 14:58:04 2025]
Finished job 5.
4 of 8 steps (50%) done
Select jobs to execute...

[Wed Jun 25 14:58:04 2025]
rule iqtree:
    input: /Users/agl4001/Documents/AOC-develop/results/Primate_TP53/Primate_TP53.RD.SA.codons.cln.fa
    output: /Users/agl4001/Documents/AOC-develop/results/Primate_TP53/Primate_TP53.RD.SA.codons.cln.fa.treefile
    jobid: 6
    reason: Input files updated by another job: /Users/agl4001/Documents/AOC-develop/results/Primate_TP53/Primate_TP53.RD.SA.codons.cln.fa
    wildcards: GENE=Primate_TP53
    resources: tmpdir=/var/folders/h_/ggxlxnd12j36cf3lfm_8hx4c0000gr/T


[Wed Jun 25 14:58:04 2025]
rule tn93_cluster:
    input: /Users/agl4001/Documents/AOC-develop/results/Primate_TP53/Primate_TP53.RD.SA.codons.cln.fa
    output: /Users/agl4001/Documents/AOC-develop/results/Primate_TP53/Primate_TP53.RD.SA.codons.cln.fa.cluster.json, /Users/agl4001/Documents/AOC-develop/results/Primate_TP53/Primate_TP53.RD.SA.codons.cln.fa.cluster.fasta
    jobid: 7
    reason: Input files updated by another job: /Users/agl4001/Documents/AOC-develop/results/Primate_TP53/Primate_TP53.RD.SA.codons.cln.fa
    wildcards: GENE=Primate_TP53
    resources: tmpdir=/var/folders/h_/ggxlxnd12j36cf3lfm_8hx4c0000gr/T

[Wed Jun 25 14:58:05 2025]
Finished job 7.
5 of 8 steps (62%) done
Select jobs to execute...

[Wed Jun 25 14:58:05 2025]
rule recombination:
    input: /Users/agl4001/Documents/AOC-develop/results/Primate_TP53/Primate_TP53.RD.SA.codons.cln.fa.cluster.fasta
    output: /Users/agl4001/Documents/AOC-develop/results/Primate_TP53/Primate_TP53.RD.SA.codons.cln.fa.cluster.fasta.GARD.json, /Users/agl4001/Documents/AOC-develop/results/Primate_TP53/Primate_TP53.RD.SA.codons.cln.fa.cluster.fasta.best-gard
    jobid: 8
    reason: Input files updated by another job: /Users/agl4001/Documents/AOC-develop/results/Primate_TP53/Primate_TP53.RD.SA.codons.cln.fa.cluster.fasta
    wildcards: GENE=Primate_TP53
    resources: tmpdir=/var/folders/h_/ggxlxnd12j36cf3lfm_8hx4c0000gr/T

[Wed Jun 25 14:58:59 2025]
Finished job 6.
6 of 8 steps (75%) done
