Building DAG of jobs...
Using shell: /bin/bash
Provided cores: 12
Rules claiming more threads will be scaled down.
Job stats:
job             count
------------  -------
MergeFELCSVs        1
PlotBGM             5
PlotFEL             5
PlotMEME            5
all                 1
total              17

Select jobs to execute...

[Thu Jun 26 07:55:07 2025]
rule PlotMEME:
    input: /Users/agl4001/Documents/AOC-develop/results/Primate_TP53/Primate_TP53.2.codon.fas.MEME.json
    output: /Users/agl4001/Documents/AOC-develop/results/Primate_TP53/Tables/Primate_TP53.2.codon.fas.MEME.json.MEME.csv, /Users/agl4001/Documents/AOC-develop/results/Primate_TP53/Visualizations/Primate_TP53.2.codon.fas.MEME.json.MEME.png, /Users/agl4001/Documents/AOC-develop/results/Primate_TP53/Visualizations/Primate_TP53.2.codon.fas.MEME.json.MEME.svg, /Users/agl4001/Documents/AOC-develop/results/Primate_TP53/Visualizations/Primate_TP53.2.codon.fas.MEME.json.MEME.figureLegend
    jobid: 7
    reason: Missing output files: /Users/agl4001/Documents/AOC-develop/results/Primate_TP53/Tables/Primate_TP53.2.codon.fas.MEME.json.MEME.csv
    wildcards: sample=Primate_TP53.2.codon.fas.MEME.json
    resources: tmpdir=/var/folders/h_/ggxlxnd12j36cf3lfm_8hx4c0000gr/T

[Thu Jun 26 07:55:07 2025]
rule PlotFEL:
    input: /Users/agl4001/Documents/AOC-develop/results/Primate_TP53/Primate_TP53.2.codon.fas.FEL.json
    output: /Users/agl4001/Documents/AOC-develop/results/Primate_TP53/Tables/Primate_TP53.2.codon.fas.FEL.json.FEL.csv, /Users/agl4001/Documents/AOC-develop/results/Primate_TP53/Visualizations/Primate_TP53.2.codon.fas.FEL.json.FEL.png, /Users/agl4001/Documents/AOC-develop/results/Primate_TP53/Visualizations/Primate_TP53.2.codon.fas.FEL.json.FEL.svg, /Users/agl4001/Documents/AOC-develop/results/Primate_TP53/Visualizations/Primate_TP53.2.codon.fas.FEL.json.FEL.figureLegend
    jobid: 2
    reason: Missing output files: /Users/agl4001/Documents/AOC-develop/results/Primate_TP53/Tables/Primate_TP53.2.codon.fas.FEL.json.FEL.csv
    wildcards: sample=Primate_TP53.2.codon.fas.FEL.json
    resources: tmpdir=/var/folders/h_/ggxlxnd12j36cf3lfm_8hx4c0000gr/T

[Thu Jun 26 07:55:07 2025]
rule PlotMEME:
    input: /Users/agl4001/Documents/AOC-develop/results/Primate_TP53/Primate_TP53.4.codon.fas.MEME.json
    output: /Users/agl4001/Documents/AOC-develop/results/Primate_TP53/Tables/Primate_TP53.4.codon.fas.MEME.json.MEME.csv, /Users/agl4001/Documents/AOC-develop/results/Primate_TP53/Visualizations/Primate_TP53.4.codon.fas.MEME.json.MEME.png, /Users/agl4001/Documents/AOC-develop/results/Primate_TP53/Visualizations/Primate_TP53.4.codon.fas.MEME.json.MEME.svg, /Users/agl4001/Documents/AOC-develop/results/Primate_TP53/Visualizations/Primate_TP53.4.codon.fas.MEME.json.MEME.figureLegend
    jobid: 9
    reason: Missing output files: /Users/agl4001/Documents/AOC-develop/results/Primate_TP53/Tables/Primate_TP53.4.codon.fas.MEME.json.MEME.csv
    wildcards: sample=Primate_TP53.4.codon.fas.MEME.json
    resources: tmpdir=/var/folders/h_/ggxlxnd12j36cf3lfm_8hx4c0000gr/T

[Thu Jun 26 07:55:07 2025]
rule PlotFEL:
    input: /Users/agl4001/Documents/AOC-develop/results/Primate_TP53/Primate_TP53.3.codon.fas.FEL.json
    output: /Users/agl4001/Documents/AOC-develop/results/Primate_TP53/Tables/Primate_TP53.3.codon.fas.FEL.json.FEL.csv, /Users/agl4001/Documents/AOC-develop/results/Primate_TP53/Visualizations/Primate_TP53.3.codon.fas.FEL.json.FEL.png, /Users/agl4001/Documents/AOC-develop/results/Primate_TP53/Visualizations/Primate_TP53.3.codon.fas.FEL.json.FEL.svg, /Users/agl4001/Documents/AOC-develop/results/Primate_TP53/Visualizations/Primate_TP53.3.codon.fas.FEL.json.FEL.figureLegend
    jobid: 3
    reason: Missing output files: /Users/agl4001/Documents/AOC-develop/results/Primate_TP53/Tables/Primate_TP53.3.codon.fas.FEL.json.FEL.csv
    wildcards: sample=Primate_TP53.3.codon.fas.FEL.json
    resources: tmpdir=/var/folders/h_/ggxlxnd12j36cf3lfm_8hx4c0000gr/T

[Thu Jun 26 07:55:07 2025]
rule PlotBGM:
    input: /Users/agl4001/Documents/AOC-develop/results/Primate_TP53/Primate_TP53.4.codon.fas.BGM.json
    output: /Users/agl4001/Documents/AOC-develop/results/Primate_TP53/Tables/Primate_TP53.4.codon.fas.BGM.json.BGM.csv, /Users/agl4001/Documents/AOC-develop/results/Primate_TP53/Visualizations/Primate_TP53.4.codon.fas.BGM.json.BGM.png, /Users/agl4001/Documents/AOC-develop/results/Primate_TP53/Visualizations/Primate_TP53.4.codon.fas.BGM.json.BGM.svg
    jobid: 14
    reason: Missing output files: /Users/agl4001/Documents/AOC-develop/results/Primate_TP53/Tables/Primate_TP53.4.codon.fas.BGM.json.BGM.csv
    wildcards: sample=Primate_TP53.4.codon.fas.BGM.json
    resources: tmpdir=/var/folders/h_/ggxlxnd12j36cf3lfm_8hx4c0000gr/T

[Thu Jun 26 07:55:07 2025]
rule PlotBGM:
    input: /Users/agl4001/Documents/AOC-develop/results/Primate_TP53/Primate_TP53.3.codon.fas.BGM.json
    output: /Users/agl4001/Documents/AOC-develop/results/Primate_TP53/Tables/Primate_TP53.3.codon.fas.BGM.json.BGM.csv, /Users/agl4001/Documents/AOC-develop/results/Primate_TP53/Visualizations/Primate_TP53.3.codon.fas.BGM.json.BGM.png, /Users/agl4001/Documents/AOC-develop/results/Primate_TP53/Visualizations/Primate_TP53.3.codon.fas.BGM.json.BGM.svg
    jobid: 13
    reason: Missing output files: /Users/agl4001/Documents/AOC-develop/results/Primate_TP53/Tables/Primate_TP53.3.codon.fas.BGM.json.BGM.csv
    wildcards: sample=Primate_TP53.3.codon.fas.BGM.json
    resources: tmpdir=/var/folders/h_/ggxlxnd12j36cf3lfm_8hx4c0000gr/T

[Thu Jun 26 07:55:07 2025]
rule PlotBGM:
    input: /Users/agl4001/Documents/AOC-develop/results/Primate_TP53/Primate_TP53.2.codon.fas.BGM.json
    output: /Users/agl4001/Documents/AOC-develop/results/Primate_TP53/Tables/Primate_TP53.2.codon.fas.BGM.json.BGM.csv, /Users/agl4001/Documents/AOC-develop/results/Primate_TP53/Visualizations/Primate_TP53.2.codon.fas.BGM.json.BGM.png, /Users/agl4001/Documents/AOC-develop/results/Primate_TP53/Visualizations/Primate_TP53.2.codon.fas.BGM.json.BGM.svg
    jobid: 12
    reason: Missing output files: /Users/agl4001/Documents/AOC-develop/results/Primate_TP53/Tables/Primate_TP53.2.codon.fas.BGM.json.BGM.csv
    wildcards: sample=Primate_TP53.2.codon.fas.BGM.json
    resources: tmpdir=/var/folders/h_/ggxlxnd12j36cf3lfm_8hx4c0000gr/T

[Thu Jun 26 07:55:07 2025]
rule PlotMEME:
    input: /Users/agl4001/Documents/AOC-develop/results/Primate_TP53/Primate_TP53.5.codon.fas.MEME.json
    output: /Users/agl4001/Documents/AOC-develop/results/Primate_TP53/Tables/Primate_TP53.5.codon.fas.MEME.json.MEME.csv, /Users/agl4001/Documents/AOC-develop/results/Primate_TP53/Visualizations/Primate_TP53.5.codon.fas.MEME.json.MEME.png, /Users/agl4001/Documents/AOC-develop/results/Primate_TP53/Visualizations/Primate_TP53.5.codon.fas.MEME.json.MEME.svg, /Users/agl4001/Documents/AOC-develop/results/Primate_TP53/Visualizations/Primate_TP53.5.codon.fas.MEME.json.MEME.figureLegend
    jobid: 10
    reason: Missing output files: /Users/agl4001/Documents/AOC-develop/results/Primate_TP53/Tables/Primate_TP53.5.codon.fas.MEME.json.MEME.csv
    wildcards: sample=Primate_TP53.5.codon.fas.MEME.json
    resources: tmpdir=/var/folders/h_/ggxlxnd12j36cf3lfm_8hx4c0000gr/T

[Thu Jun 26 07:55:07 2025]
rule PlotFEL:
    input: /Users/agl4001/Documents/AOC-develop/results/Primate_TP53/Primate_TP53.5.codon.fas.FEL.json
    output: /Users/agl4001/Documents/AOC-develop/results/Primate_TP53/Tables/Primate_TP53.5.codon.fas.FEL.json.FEL.csv, /Users/agl4001/Documents/AOC-develop/results/Primate_TP53/Visualizations/Primate_TP53.5.codon.fas.FEL.json.FEL.png, /Users/agl4001/Documents/AOC-develop/results/Primate_TP53/Visualizations/Primate_TP53.5.codon.fas.FEL.json.FEL.svg, /Users/agl4001/Documents/AOC-develop/results/Primate_TP53/Visualizations/Primate_TP53.5.codon.fas.FEL.json.FEL.figureLegend
    jobid: 5
    reason: Missing output files: /Users/agl4001/Documents/AOC-develop/results/Primate_TP53/Tables/Primate_TP53.5.codon.fas.FEL.json.FEL.csv
    wildcards: sample=Primate_TP53.5.codon.fas.FEL.json
    resources: tmpdir=/var/folders/h_/ggxlxnd12j36cf3lfm_8hx4c0000gr/T

[Thu Jun 26 07:55:07 2025]
rule PlotBGM:
    input: /Users/agl4001/Documents/AOC-develop/results/Primate_TP53/Primate_TP53.5.codon.fas.BGM.json
    output: /Users/agl4001/Documents/AOC-develop/results/Primate_TP53/Tables/Primate_TP53.5.codon.fas.BGM.json.BGM.csv, /Users/agl4001/Documents/AOC-develop/results/Primate_TP53/Visualizations/Primate_TP53.5.codon.fas.BGM.json.BGM.png, /Users/agl4001/Documents/AOC-develop/results/Primate_TP53/Visualizations/Primate_TP53.5.codon.fas.BGM.json.BGM.svg
    jobid: 15
    reason: Missing output files: /Users/agl4001/Documents/AOC-develop/results/Primate_TP53/Tables/Primate_TP53.5.codon.fas.BGM.json.BGM.csv
    wildcards: sample=Primate_TP53.5.codon.fas.BGM.json
    resources: tmpdir=/var/folders/h_/ggxlxnd12j36cf3lfm_8hx4c0000gr/T

[Thu Jun 26 07:55:07 2025]
rule PlotMEME:
    input: /Users/agl4001/Documents/AOC-develop/results/Primate_TP53/Primate_TP53.1.codon.fas.MEME.json
    output: /Users/agl4001/Documents/AOC-develop/results/Primate_TP53/Tables/Primate_TP53.1.codon.fas.MEME.json.MEME.csv, /Users/agl4001/Documents/AOC-develop/results/Primate_TP53/Visualizations/Primate_TP53.1.codon.fas.MEME.json.MEME.png, /Users/agl4001/Documents/AOC-develop/results/Primate_TP53/Visualizations/Primate_TP53.1.codon.fas.MEME.json.MEME.svg, /Users/agl4001/Documents/AOC-develop/results/Primate_TP53/Visualizations/Primate_TP53.1.codon.fas.MEME.json.MEME.figureLegend
    jobid: 6
    reason: Missing output files: /Users/agl4001/Documents/AOC-develop/results/Primate_TP53/Tables/Primate_TP53.1.codon.fas.MEME.json.MEME.csv
    wildcards: sample=Primate_TP53.1.codon.fas.MEME.json
    resources: tmpdir=/var/folders/h_/ggxlxnd12j36cf3lfm_8hx4c0000gr/T

[Thu Jun 26 07:55:07 2025]
rule PlotFEL:
    input: /Users/agl4001/Documents/AOC-develop/results/Primate_TP53/Primate_TP53.1.codon.fas.FEL.json
    output: /Users/agl4001/Documents/AOC-develop/results/Primate_TP53/Tables/Primate_TP53.1.codon.fas.FEL.json.FEL.csv, /Users/agl4001/Documents/AOC-develop/results/Primate_TP53/Visualizations/Primate_TP53.1.codon.fas.FEL.json.FEL.png, /Users/agl4001/Documents/AOC-develop/results/Primate_TP53/Visualizations/Primate_TP53.1.codon.fas.FEL.json.FEL.svg, /Users/agl4001/Documents/AOC-develop/results/Primate_TP53/Visualizations/Primate_TP53.1.codon.fas.FEL.json.FEL.figureLegend
    jobid: 1
    reason: Missing output files: /Users/agl4001/Documents/AOC-develop/results/Primate_TP53/Tables/Primate_TP53.1.codon.fas.FEL.json.FEL.csv
    wildcards: sample=Primate_TP53.1.codon.fas.FEL.json
    resources: tmpdir=/var/folders/h_/ggxlxnd12j36cf3lfm_8hx4c0000gr/T

[Thu Jun 26 07:55:11 2025]
Finished job 14.
1 of 17 steps (6%) done
Select jobs to execute...

[Thu Jun 26 07:55:11 2025]
rule PlotFEL:
    input: /Users/agl4001/Documents/AOC-develop/results/Primate_TP53/Primate_TP53.4.codon.fas.FEL.json
    output: /Users/agl4001/Documents/AOC-develop/results/Primate_TP53/Tables/Primate_TP53.4.codon.fas.FEL.json.FEL.csv, /Users/agl4001/Documents/AOC-develop/results/Primate_TP53/Visualizations/Primate_TP53.4.codon.fas.FEL.json.FEL.png, /Users/agl4001/Documents/AOC-develop/results/Primate_TP53/Visualizations/Primate_TP53.4.codon.fas.FEL.json.FEL.svg, /Users/agl4001/Documents/AOC-develop/results/Primate_TP53/Visualizations/Primate_TP53.4.codon.fas.FEL.json.FEL.figureLegend
    jobid: 4
    reason: Missing output files: /Users/agl4001/Documents/AOC-develop/results/Primate_TP53/Tables/Primate_TP53.4.codon.fas.FEL.json.FEL.csv
    wildcards: sample=Primate_TP53.4.codon.fas.FEL.json
    resources: tmpdir=/var/folders/h_/ggxlxnd12j36cf3lfm_8hx4c0000gr/T

[Thu Jun 26 07:55:11 2025]
Finished job 12.
2 of 17 steps (12%) done
[Thu Jun 26 07:55:11 2025]
Finished job 13.
3 of 17 steps (18%) done
Select jobs to execute...

[Thu Jun 26 07:55:11 2025]
rule PlotBGM:
    input: /Users/agl4001/Documents/AOC-develop/results/Primate_TP53/Primate_TP53.1.codon.fas.BGM.json
    output: /Users/agl4001/Documents/AOC-develop/results/Primate_TP53/Tables/Primate_TP53.1.codon.fas.BGM.json.BGM.csv, /Users/agl4001/Documents/AOC-develop/results/Primate_TP53/Visualizations/Primate_TP53.1.codon.fas.BGM.json.BGM.png, /Users/agl4001/Documents/AOC-develop/results/Primate_TP53/Visualizations/Primate_TP53.1.codon.fas.BGM.json.BGM.svg
    jobid: 11
    reason: Missing output files: /Users/agl4001/Documents/AOC-develop/results/Primate_TP53/Visualizations/Primate_TP53.1.codon.fas.BGM.json.BGM.png, /Users/agl4001/Documents/AOC-develop/results/Primate_TP53/Visualizations/Primate_TP53.1.codon.fas.BGM.json.BGM.svg, /Users/agl4001/Documents/AOC-develop/results/Primate_TP53/Tables/Primate_TP53.1.codon.fas.BGM.json.BGM.csv
    wildcards: sample=Primate_TP53.1.codon.fas.BGM.json
    resources: tmpdir=/var/folders/h_/ggxlxnd12j36cf3lfm_8hx4c0000gr/T

[Thu Jun 26 07:55:11 2025]
rule PlotMEME:
    input: /Users/agl4001/Documents/AOC-develop/results/Primate_TP53/Primate_TP53.3.codon.fas.MEME.json
    output: /Users/agl4001/Documents/AOC-develop/results/Primate_TP53/Tables/Primate_TP53.3.codon.fas.MEME.json.MEME.csv, /Users/agl4001/Documents/AOC-develop/results/Primate_TP53/Visualizations/Primate_TP53.3.codon.fas.MEME.json.MEME.png, /Users/agl4001/Documents/AOC-develop/results/Primate_TP53/Visualizations/Primate_TP53.3.codon.fas.MEME.json.MEME.svg, /Users/agl4001/Documents/AOC-develop/results/Primate_TP53/Visualizations/Primate_TP53.3.codon.fas.MEME.json.MEME.figureLegend
    jobid: 8
    reason: Missing output files: /Users/agl4001/Documents/AOC-develop/results/Primate_TP53/Tables/Primate_TP53.3.codon.fas.MEME.json.MEME.csv
    wildcards: sample=Primate_TP53.3.codon.fas.MEME.json
    resources: tmpdir=/var/folders/h_/ggxlxnd12j36cf3lfm_8hx4c0000gr/T

[Thu Jun 26 07:55:11 2025]
Finished job 15.
4 of 17 steps (24%) done
[Thu Jun 26 07:55:12 2025]
Finished job 2.
5 of 17 steps (29%) done
[Thu Jun 26 07:55:12 2025]
Finished job 5.
6 of 17 steps (35%) done
[Thu Jun 26 07:55:12 2025]
Finished job 1.
7 of 17 steps (41%) done
[Thu Jun 26 07:55:13 2025]
Finished job 3.
8 of 17 steps (47%) done
[Thu Jun 26 07:55:13 2025]
Finished job 6.
9 of 17 steps (53%) done
[Thu Jun 26 07:55:13 2025]
Finished job 9.
10 of 17 steps (59%) done
[Thu Jun 26 07:55:13 2025]
Finished job 7.
11 of 17 steps (65%) done
[Thu Jun 26 07:55:13 2025]
Finished job 10.
12 of 17 steps (71%) done
[Thu Jun 26 07:55:15 2025]
Finished job 8.
13 of 17 steps (76%) done
[Thu Jun 26 07:55:15 2025]
Finished job 4.
14 of 17 steps (82%) done
Select jobs to execute...

[Thu Jun 26 07:55:15 2025]
rule MergeFELCSVs:
    input: /Users/agl4001/Documents/AOC-develop/results/Primate_TP53/Tables/Primate_TP53.1.codon.fas.FEL.json.FEL.csv, /Users/agl4001/Documents/AOC-develop/results/Primate_TP53/Tables/Primate_TP53.2.codon.fas.FEL.json.FEL.csv, /Users/agl4001/Documents/AOC-develop/results/Primate_TP53/Tables/Primate_TP53.3.codon.fas.FEL.json.FEL.csv, /Users/agl4001/Documents/AOC-develop/results/Primate_TP53/Tables/Primate_TP53.4.codon.fas.FEL.json.FEL.csv, /Users/agl4001/Documents/AOC-develop/results/Primate_TP53/Tables/Primate_TP53.5.codon.fas.FEL.json.FEL.csv
    output: /Users/agl4001/Documents/AOC-develop/results/Primate_TP53/Tables/Primate_TP53.AOC.merged_FEL_Results.csv
    jobid: 17
    reason: Missing output files: /Users/agl4001/Documents/AOC-develop/results/Primate_TP53/Tables/Primate_TP53.AOC.merged_FEL_Results.csv; Input files updated by another job: /Users/agl4001/Documents/AOC-develop/results/Primate_TP53/Tables/Primate_TP53.4.codon.fas.FEL.json.FEL.csv, /Users/agl4001/Documents/AOC-develop/results/Primate_TP53/Tables/Primate_TP53.1.codon.fas.FEL.json.FEL.csv, /Users/agl4001/Documents/AOC-develop/results/Primate_TP53/Tables/Primate_TP53.5.codon.fas.FEL.json.FEL.csv, /Users/agl4001/Documents/AOC-develop/results/Primate_TP53/Tables/Primate_TP53.2.codon.fas.FEL.json.FEL.csv, /Users/agl4001/Documents/AOC-develop/results/Primate_TP53/Tables/Primate_TP53.3.codon.fas.FEL.json.FEL.csv
    wildcards: sample=Primate_TP53
    resources: tmpdir=/var/folders/h_/ggxlxnd12j36cf3lfm_8hx4c0000gr/T

[Thu Jun 26 07:55:17 2025]
Finished job 17.
15 of 17 steps (88%) done
Exiting because a job execution failed. Look above for error message
Complete log: .snakemake/log/2025-06-26T075505.446856.snakemake.log
