Building DAG of jobs...
Using shell: /bin/bash
Provided cores: 12
Rules claiming more threads will be scaled down.
Job stats:
job                 count
----------------  -------
MergeFELCSVs            1
MergeMEMECSVs           1
PlotFEL                 9
PlotFELMerge            1
PlotMEME                9
all                     1
executiveSummary        1
total                  23

Select jobs to execute...

[Fri Jun 27 10:40:55 2025]
rule PlotMEME:
    input: /Users/agl4001/Documents/AOC-develop/results/Placentals_ZNF805/Placentals_ZNF805.3.codon.fas.MEME.json
    output: /Users/agl4001/Documents/AOC-develop/results/Placentals_ZNF805/Tables/Placentals_ZNF805.3.codon.fas.MEME.json.MEME.csv, /Users/agl4001/Documents/AOC-develop/results/Placentals_ZNF805/Visualizations/Placentals_ZNF805.3.codon.fas.MEME.json.MEME.png, /Users/agl4001/Documents/AOC-develop/results/Placentals_ZNF805/Visualizations/Placentals_ZNF805.3.codon.fas.MEME.json.MEME.svg, /Users/agl4001/Documents/AOC-develop/results/Placentals_ZNF805/Visualizations/Placentals_ZNF805.3.codon.fas.MEME.json.MEME.figureLegend
    jobid: 12
    reason: Missing output files: /Users/agl4001/Documents/AOC-develop/results/Placentals_ZNF805/Visualizations/Placentals_ZNF805.3.codon.fas.MEME.json.MEME.svg, /Users/agl4001/Documents/AOC-develop/results/Placentals_ZNF805/Tables/Placentals_ZNF805.3.codon.fas.MEME.json.MEME.csv, /Users/agl4001/Documents/AOC-develop/results/Placentals_ZNF805/Visualizations/Placentals_ZNF805.3.codon.fas.MEME.json.MEME.figureLegend, /Users/agl4001/Documents/AOC-develop/results/Placentals_ZNF805/Visualizations/Placentals_ZNF805.3.codon.fas.MEME.json.MEME.png
    wildcards: sample=Placentals_ZNF805.3.codon.fas.MEME.json
    resources: tmpdir=/var/folders/h_/ggxlxnd12j36cf3lfm_8hx4c0000gr/T

[Fri Jun 27 10:40:55 2025]
rule PlotFEL:
    input: /Users/agl4001/Documents/AOC-develop/results/Placentals_ZNF805/Placentals_ZNF805.2.codon.fas.FEL.json
    output: /Users/agl4001/Documents/AOC-develop/results/Placentals_ZNF805/Tables/Placentals_ZNF805.2.codon.fas.FEL.json.FEL.csv, /Users/agl4001/Documents/AOC-develop/results/Placentals_ZNF805/Visualizations/Placentals_ZNF805.2.codon.fas.FEL.json.FEL.png, /Users/agl4001/Documents/AOC-develop/results/Placentals_ZNF805/Visualizations/Placentals_ZNF805.2.codon.fas.FEL.json.FEL.svg, /Users/agl4001/Documents/AOC-develop/results/Placentals_ZNF805/Visualizations/Placentals_ZNF805.2.codon.fas.FEL.json.FEL.figureLegend
    jobid: 2
    reason: Missing output files: /Users/agl4001/Documents/AOC-develop/results/Placentals_ZNF805/Visualizations/Placentals_ZNF805.2.codon.fas.FEL.json.FEL.png, /Users/agl4001/Documents/AOC-develop/results/Placentals_ZNF805/Visualizations/Placentals_ZNF805.2.codon.fas.FEL.json.FEL.svg, /Users/agl4001/Documents/AOC-develop/results/Placentals_ZNF805/Visualizations/Placentals_ZNF805.2.codon.fas.FEL.json.FEL.figureLegend, /Users/agl4001/Documents/AOC-develop/results/Placentals_ZNF805/Tables/Placentals_ZNF805.2.codon.fas.FEL.json.FEL.csv
    wildcards: sample=Placentals_ZNF805.2.codon.fas.FEL.json
    resources: tmpdir=/var/folders/h_/ggxlxnd12j36cf3lfm_8hx4c0000gr/T

[Fri Jun 27 10:40:55 2025]
rule PlotMEME:
    input: /Users/agl4001/Documents/AOC-develop/results/Placentals_ZNF805/Placentals_ZNF805.8.codon.fas.MEME.json
    output: /Users/agl4001/Documents/AOC-develop/results/Placentals_ZNF805/Tables/Placentals_ZNF805.8.codon.fas.MEME.json.MEME.csv, /Users/agl4001/Documents/AOC-develop/results/Placentals_ZNF805/Visualizations/Placentals_ZNF805.8.codon.fas.MEME.json.MEME.png, /Users/agl4001/Documents/AOC-develop/results/Placentals_ZNF805/Visualizations/Placentals_ZNF805.8.codon.fas.MEME.json.MEME.svg, /Users/agl4001/Documents/AOC-develop/results/Placentals_ZNF805/Visualizations/Placentals_ZNF805.8.codon.fas.MEME.json.MEME.figureLegend
    jobid: 17
    reason: Missing output files: /Users/agl4001/Documents/AOC-develop/results/Placentals_ZNF805/Visualizations/Placentals_ZNF805.8.codon.fas.MEME.json.MEME.figureLegend, /Users/agl4001/Documents/AOC-develop/results/Placentals_ZNF805/Tables/Placentals_ZNF805.8.codon.fas.MEME.json.MEME.csv, /Users/agl4001/Documents/AOC-develop/results/Placentals_ZNF805/Visualizations/Placentals_ZNF805.8.codon.fas.MEME.json.MEME.svg, /Users/agl4001/Documents/AOC-develop/results/Placentals_ZNF805/Visualizations/Placentals_ZNF805.8.codon.fas.MEME.json.MEME.png
    wildcards: sample=Placentals_ZNF805.8.codon.fas.MEME.json
    resources: tmpdir=/var/folders/h_/ggxlxnd12j36cf3lfm_8hx4c0000gr/T

[Fri Jun 27 10:40:55 2025]
rule PlotFEL:
    input: /Users/agl4001/Documents/AOC-develop/results/Placentals_ZNF805/Placentals_ZNF805.9.codon.fas.FEL.json
    output: /Users/agl4001/Documents/AOC-develop/results/Placentals_ZNF805/Tables/Placentals_ZNF805.9.codon.fas.FEL.json.FEL.csv, /Users/agl4001/Documents/AOC-develop/results/Placentals_ZNF805/Visualizations/Placentals_ZNF805.9.codon.fas.FEL.json.FEL.png, /Users/agl4001/Documents/AOC-develop/results/Placentals_ZNF805/Visualizations/Placentals_ZNF805.9.codon.fas.FEL.json.FEL.svg, /Users/agl4001/Documents/AOC-develop/results/Placentals_ZNF805/Visualizations/Placentals_ZNF805.9.codon.fas.FEL.json.FEL.figureLegend
    jobid: 9
    reason: Missing output files: /Users/agl4001/Documents/AOC-develop/results/Placentals_ZNF805/Tables/Placentals_ZNF805.9.codon.fas.FEL.json.FEL.csv, /Users/agl4001/Documents/AOC-develop/results/Placentals_ZNF805/Visualizations/Placentals_ZNF805.9.codon.fas.FEL.json.FEL.svg, /Users/agl4001/Documents/AOC-develop/results/Placentals_ZNF805/Visualizations/Placentals_ZNF805.9.codon.fas.FEL.json.FEL.figureLegend, /Users/agl4001/Documents/AOC-develop/results/Placentals_ZNF805/Visualizations/Placentals_ZNF805.9.codon.fas.FEL.json.FEL.png
    wildcards: sample=Placentals_ZNF805.9.codon.fas.FEL.json
    resources: tmpdir=/var/folders/h_/ggxlxnd12j36cf3lfm_8hx4c0000gr/T

[Fri Jun 27 10:40:55 2025]
rule PlotMEME:
    input: /Users/agl4001/Documents/AOC-develop/results/Placentals_ZNF805/Placentals_ZNF805.4.codon.fas.MEME.json
    output: /Users/agl4001/Documents/AOC-develop/results/Placentals_ZNF805/Tables/Placentals_ZNF805.4.codon.fas.MEME.json.MEME.csv, /Users/agl4001/Documents/AOC-develop/results/Placentals_ZNF805/Visualizations/Placentals_ZNF805.4.codon.fas.MEME.json.MEME.png, /Users/agl4001/Documents/AOC-develop/results/Placentals_ZNF805/Visualizations/Placentals_ZNF805.4.codon.fas.MEME.json.MEME.svg, /Users/agl4001/Documents/AOC-develop/results/Placentals_ZNF805/Visualizations/Placentals_ZNF805.4.codon.fas.MEME.json.MEME.figureLegend
    jobid: 13
    reason: Missing output files: /Users/agl4001/Documents/AOC-develop/results/Placentals_ZNF805/Visualizations/Placentals_ZNF805.4.codon.fas.MEME.json.MEME.svg, /Users/agl4001/Documents/AOC-develop/results/Placentals_ZNF805/Visualizations/Placentals_ZNF805.4.codon.fas.MEME.json.MEME.png, /Users/agl4001/Documents/AOC-develop/results/Placentals_ZNF805/Tables/Placentals_ZNF805.4.codon.fas.MEME.json.MEME.csv, /Users/agl4001/Documents/AOC-develop/results/Placentals_ZNF805/Visualizations/Placentals_ZNF805.4.codon.fas.MEME.json.MEME.figureLegend
    wildcards: sample=Placentals_ZNF805.4.codon.fas.MEME.json
    resources: tmpdir=/var/folders/h_/ggxlxnd12j36cf3lfm_8hx4c0000gr/T

[Fri Jun 27 10:40:55 2025]
rule PlotMEME:
    input: /Users/agl4001/Documents/AOC-develop/results/Placentals_ZNF805/Placentals_ZNF805.7.codon.fas.MEME.json
    output: /Users/agl4001/Documents/AOC-develop/results/Placentals_ZNF805/Tables/Placentals_ZNF805.7.codon.fas.MEME.json.MEME.csv, /Users/agl4001/Documents/AOC-develop/results/Placentals_ZNF805/Visualizations/Placentals_ZNF805.7.codon.fas.MEME.json.MEME.png, /Users/agl4001/Documents/AOC-develop/results/Placentals_ZNF805/Visualizations/Placentals_ZNF805.7.codon.fas.MEME.json.MEME.svg, /Users/agl4001/Documents/AOC-develop/results/Placentals_ZNF805/Visualizations/Placentals_ZNF805.7.codon.fas.MEME.json.MEME.figureLegend
    jobid: 16
    reason: Missing output files: /Users/agl4001/Documents/AOC-develop/results/Placentals_ZNF805/Visualizations/Placentals_ZNF805.7.codon.fas.MEME.json.MEME.svg, /Users/agl4001/Documents/AOC-develop/results/Placentals_ZNF805/Visualizations/Placentals_ZNF805.7.codon.fas.MEME.json.MEME.figureLegend, /Users/agl4001/Documents/AOC-develop/results/Placentals_ZNF805/Visualizations/Placentals_ZNF805.7.codon.fas.MEME.json.MEME.png, /Users/agl4001/Documents/AOC-develop/results/Placentals_ZNF805/Tables/Placentals_ZNF805.7.codon.fas.MEME.json.MEME.csv
    wildcards: sample=Placentals_ZNF805.7.codon.fas.MEME.json
    resources: tmpdir=/var/folders/h_/ggxlxnd12j36cf3lfm_8hx4c0000gr/T

[Fri Jun 27 10:40:55 2025]
rule PlotFEL:
    input: /Users/agl4001/Documents/AOC-develop/results/Placentals_ZNF805/Placentals_ZNF805.6.codon.fas.FEL.json
    output: /Users/agl4001/Documents/AOC-develop/results/Placentals_ZNF805/Tables/Placentals_ZNF805.6.codon.fas.FEL.json.FEL.csv, /Users/agl4001/Documents/AOC-develop/results/Placentals_ZNF805/Visualizations/Placentals_ZNF805.6.codon.fas.FEL.json.FEL.png, /Users/agl4001/Documents/AOC-develop/results/Placentals_ZNF805/Visualizations/Placentals_ZNF805.6.codon.fas.FEL.json.FEL.svg, /Users/agl4001/Documents/AOC-develop/results/Placentals_ZNF805/Visualizations/Placentals_ZNF805.6.codon.fas.FEL.json.FEL.figureLegend
    jobid: 6
    reason: Missing output files: /Users/agl4001/Documents/AOC-develop/results/Placentals_ZNF805/Visualizations/Placentals_ZNF805.6.codon.fas.FEL.json.FEL.figureLegend, /Users/agl4001/Documents/AOC-develop/results/Placentals_ZNF805/Visualizations/Placentals_ZNF805.6.codon.fas.FEL.json.FEL.png, /Users/agl4001/Documents/AOC-develop/results/Placentals_ZNF805/Tables/Placentals_ZNF805.6.codon.fas.FEL.json.FEL.csv, /Users/agl4001/Documents/AOC-develop/results/Placentals_ZNF805/Visualizations/Placentals_ZNF805.6.codon.fas.FEL.json.FEL.svg
    wildcards: sample=Placentals_ZNF805.6.codon.fas.FEL.json
    resources: tmpdir=/var/folders/h_/ggxlxnd12j36cf3lfm_8hx4c0000gr/T

[Fri Jun 27 10:40:55 2025]
rule PlotMEME:
    input: /Users/agl4001/Documents/AOC-develop/results/Placentals_ZNF805/Placentals_ZNF805.9.codon.fas.MEME.json
    output: /Users/agl4001/Documents/AOC-develop/results/Placentals_ZNF805/Tables/Placentals_ZNF805.9.codon.fas.MEME.json.MEME.csv, /Users/agl4001/Documents/AOC-develop/results/Placentals_ZNF805/Visualizations/Placentals_ZNF805.9.codon.fas.MEME.json.MEME.png, /Users/agl4001/Documents/AOC-develop/results/Placentals_ZNF805/Visualizations/Placentals_ZNF805.9.codon.fas.MEME.json.MEME.svg, /Users/agl4001/Documents/AOC-develop/results/Placentals_ZNF805/Visualizations/Placentals_ZNF805.9.codon.fas.MEME.json.MEME.figureLegend
    jobid: 18
    reason: Missing output files: /Users/agl4001/Documents/AOC-develop/results/Placentals_ZNF805/Tables/Placentals_ZNF805.9.codon.fas.MEME.json.MEME.csv, /Users/agl4001/Documents/AOC-develop/results/Placentals_ZNF805/Visualizations/Placentals_ZNF805.9.codon.fas.MEME.json.MEME.svg, /Users/agl4001/Documents/AOC-develop/results/Placentals_ZNF805/Visualizations/Placentals_ZNF805.9.codon.fas.MEME.json.MEME.png, /Users/agl4001/Documents/AOC-develop/results/Placentals_ZNF805/Visualizations/Placentals_ZNF805.9.codon.fas.MEME.json.MEME.figureLegend
    wildcards: sample=Placentals_ZNF805.9.codon.fas.MEME.json
    resources: tmpdir=/var/folders/h_/ggxlxnd12j36cf3lfm_8hx4c0000gr/T

[Fri Jun 27 10:40:55 2025]
rule PlotMEME:
    input: /Users/agl4001/Documents/AOC-develop/results/Placentals_ZNF805/Placentals_ZNF805.1.codon.fas.MEME.json
    output: /Users/agl4001/Documents/AOC-develop/results/Placentals_ZNF805/Tables/Placentals_ZNF805.1.codon.fas.MEME.json.MEME.csv, /Users/agl4001/Documents/AOC-develop/results/Placentals_ZNF805/Visualizations/Placentals_ZNF805.1.codon.fas.MEME.json.MEME.png, /Users/agl4001/Documents/AOC-develop/results/Placentals_ZNF805/Visualizations/Placentals_ZNF805.1.codon.fas.MEME.json.MEME.svg, /Users/agl4001/Documents/AOC-develop/results/Placentals_ZNF805/Visualizations/Placentals_ZNF805.1.codon.fas.MEME.json.MEME.figureLegend
    jobid: 10
    reason: Missing output files: /Users/agl4001/Documents/AOC-develop/results/Placentals_ZNF805/Tables/Placentals_ZNF805.1.codon.fas.MEME.json.MEME.csv, /Users/agl4001/Documents/AOC-develop/results/Placentals_ZNF805/Visualizations/Placentals_ZNF805.1.codon.fas.MEME.json.MEME.svg, /Users/agl4001/Documents/AOC-develop/results/Placentals_ZNF805/Visualizations/Placentals_ZNF805.1.codon.fas.MEME.json.MEME.figureLegend, /Users/agl4001/Documents/AOC-develop/results/Placentals_ZNF805/Visualizations/Placentals_ZNF805.1.codon.fas.MEME.json.MEME.png
    wildcards: sample=Placentals_ZNF805.1.codon.fas.MEME.json
    resources: tmpdir=/var/folders/h_/ggxlxnd12j36cf3lfm_8hx4c0000gr/T

[Fri Jun 27 10:40:55 2025]
rule PlotMEME:
    input: /Users/agl4001/Documents/AOC-develop/results/Placentals_ZNF805/Placentals_ZNF805.6.codon.fas.MEME.json
    output: /Users/agl4001/Documents/AOC-develop/results/Placentals_ZNF805/Tables/Placentals_ZNF805.6.codon.fas.MEME.json.MEME.csv, /Users/agl4001/Documents/AOC-develop/results/Placentals_ZNF805/Visualizations/Placentals_ZNF805.6.codon.fas.MEME.json.MEME.png, /Users/agl4001/Documents/AOC-develop/results/Placentals_ZNF805/Visualizations/Placentals_ZNF805.6.codon.fas.MEME.json.MEME.svg, /Users/agl4001/Documents/AOC-develop/results/Placentals_ZNF805/Visualizations/Placentals_ZNF805.6.codon.fas.MEME.json.MEME.figureLegend
    jobid: 15
    reason: Missing output files: /Users/agl4001/Documents/AOC-develop/results/Placentals_ZNF805/Visualizations/Placentals_ZNF805.6.codon.fas.MEME.json.MEME.figureLegend, /Users/agl4001/Documents/AOC-develop/results/Placentals_ZNF805/Visualizations/Placentals_ZNF805.6.codon.fas.MEME.json.MEME.png, /Users/agl4001/Documents/AOC-develop/results/Placentals_ZNF805/Tables/Placentals_ZNF805.6.codon.fas.MEME.json.MEME.csv, /Users/agl4001/Documents/AOC-develop/results/Placentals_ZNF805/Visualizations/Placentals_ZNF805.6.codon.fas.MEME.json.MEME.svg
    wildcards: sample=Placentals_ZNF805.6.codon.fas.MEME.json
    resources: tmpdir=/var/folders/h_/ggxlxnd12j36cf3lfm_8hx4c0000gr/T

[Fri Jun 27 10:40:55 2025]
rule PlotMEME:
    input: /Users/agl4001/Documents/AOC-develop/results/Placentals_ZNF805/Placentals_ZNF805.2.codon.fas.MEME.json
    output: /Users/agl4001/Documents/AOC-develop/results/Placentals_ZNF805/Tables/Placentals_ZNF805.2.codon.fas.MEME.json.MEME.csv, /Users/agl4001/Documents/AOC-develop/results/Placentals_ZNF805/Visualizations/Placentals_ZNF805.2.codon.fas.MEME.json.MEME.png, /Users/agl4001/Documents/AOC-develop/results/Placentals_ZNF805/Visualizations/Placentals_ZNF805.2.codon.fas.MEME.json.MEME.svg, /Users/agl4001/Documents/AOC-develop/results/Placentals_ZNF805/Visualizations/Placentals_ZNF805.2.codon.fas.MEME.json.MEME.figureLegend
    jobid: 11
    reason: Missing output files: /Users/agl4001/Documents/AOC-develop/results/Placentals_ZNF805/Tables/Placentals_ZNF805.2.codon.fas.MEME.json.MEME.csv, /Users/agl4001/Documents/AOC-develop/results/Placentals_ZNF805/Visualizations/Placentals_ZNF805.2.codon.fas.MEME.json.MEME.figureLegend, /Users/agl4001/Documents/AOC-develop/results/Placentals_ZNF805/Visualizations/Placentals_ZNF805.2.codon.fas.MEME.json.MEME.svg, /Users/agl4001/Documents/AOC-develop/results/Placentals_ZNF805/Visualizations/Placentals_ZNF805.2.codon.fas.MEME.json.MEME.png
    wildcards: sample=Placentals_ZNF805.2.codon.fas.MEME.json
    resources: tmpdir=/var/folders/h_/ggxlxnd12j36cf3lfm_8hx4c0000gr/T

[Fri Jun 27 10:40:55 2025]
rule PlotFEL:
    input: /Users/agl4001/Documents/AOC-develop/results/Placentals_ZNF805/Placentals_ZNF805.1.codon.fas.FEL.json
    output: /Users/agl4001/Documents/AOC-develop/results/Placentals_ZNF805/Tables/Placentals_ZNF805.1.codon.fas.FEL.json.FEL.csv, /Users/agl4001/Documents/AOC-develop/results/Placentals_ZNF805/Visualizations/Placentals_ZNF805.1.codon.fas.FEL.json.FEL.png, /Users/agl4001/Documents/AOC-develop/results/Placentals_ZNF805/Visualizations/Placentals_ZNF805.1.codon.fas.FEL.json.FEL.svg, /Users/agl4001/Documents/AOC-develop/results/Placentals_ZNF805/Visualizations/Placentals_ZNF805.1.codon.fas.FEL.json.FEL.figureLegend
    jobid: 1
    reason: Missing output files: /Users/agl4001/Documents/AOC-develop/results/Placentals_ZNF805/Visualizations/Placentals_ZNF805.1.codon.fas.FEL.json.FEL.png, /Users/agl4001/Documents/AOC-develop/results/Placentals_ZNF805/Visualizations/Placentals_ZNF805.1.codon.fas.FEL.json.FEL.svg, /Users/agl4001/Documents/AOC-develop/results/Placentals_ZNF805/Visualizations/Placentals_ZNF805.1.codon.fas.FEL.json.FEL.figureLegend, /Users/agl4001/Documents/AOC-develop/results/Placentals_ZNF805/Tables/Placentals_ZNF805.1.codon.fas.FEL.json.FEL.csv
    wildcards: sample=Placentals_ZNF805.1.codon.fas.FEL.json
    resources: tmpdir=/var/folders/h_/ggxlxnd12j36cf3lfm_8hx4c0000gr/T

[Fri Jun 27 10:41:00 2025]
Finished job 6.
1 of 23 steps (4%) done
Select jobs to execute...

[Fri Jun 27 10:41:00 2025]
rule PlotFEL:
    input: /Users/agl4001/Documents/AOC-develop/results/Placentals_ZNF805/Placentals_ZNF805.5.codon.fas.FEL.json
    output: /Users/agl4001/Documents/AOC-develop/results/Placentals_ZNF805/Tables/Placentals_ZNF805.5.codon.fas.FEL.json.FEL.csv, /Users/agl4001/Documents/AOC-develop/results/Placentals_ZNF805/Visualizations/Placentals_ZNF805.5.codon.fas.FEL.json.FEL.png, /Users/agl4001/Documents/AOC-develop/results/Placentals_ZNF805/Visualizations/Placentals_ZNF805.5.codon.fas.FEL.json.FEL.svg, /Users/agl4001/Documents/AOC-develop/results/Placentals_ZNF805/Visualizations/Placentals_ZNF805.5.codon.fas.FEL.json.FEL.figureLegend
    jobid: 5
    reason: Missing output files: /Users/agl4001/Documents/AOC-develop/results/Placentals_ZNF805/Visualizations/Placentals_ZNF805.5.codon.fas.FEL.json.FEL.png, /Users/agl4001/Documents/AOC-develop/results/Placentals_ZNF805/Tables/Placentals_ZNF805.5.codon.fas.FEL.json.FEL.csv, /Users/agl4001/Documents/AOC-develop/results/Placentals_ZNF805/Visualizations/Placentals_ZNF805.5.codon.fas.FEL.json.FEL.svg, /Users/agl4001/Documents/AOC-develop/results/Placentals_ZNF805/Visualizations/Placentals_ZNF805.5.codon.fas.FEL.json.FEL.figureLegend
    wildcards: sample=Placentals_ZNF805.5.codon.fas.FEL.json
    resources: tmpdir=/var/folders/h_/ggxlxnd12j36cf3lfm_8hx4c0000gr/T

[Fri Jun 27 10:41:00 2025]
Finished job 9.
2 of 23 steps (9%) done
[Fri Jun 27 10:41:01 2025]
Finished job 1.
3 of 23 steps (13%) done
[Fri Jun 27 10:41:01 2025]
Finished job 15.
4 of 23 steps (17%) done
[Fri Jun 27 10:41:01 2025]
Finished job 16.
5 of 23 steps (22%) done
[Fri Jun 27 10:41:01 2025]
Finished job 18.
6 of 23 steps (26%) done
[Fri Jun 27 10:41:01 2025]
Finished job 2.
7 of 23 steps (30%) done
[Fri Jun 27 10:41:01 2025]
Finished job 11.
8 of 23 steps (35%) done
Select jobs to execute...

[Fri Jun 27 10:41:01 2025]
rule executiveSummary:
    input: /Users/agl4001/Documents/AOC-develop/results/Placentals_ZNF805/Placentals_ZNF805
    output: /Users/agl4001/Documents/AOC-develop/results/Placentals_ZNF805/Tables/Placentals_ZNF805.AOC.executiveSummary.csv
    jobid: 19
    reason: Missing output files: /Users/agl4001/Documents/AOC-develop/results/Placentals_ZNF805/Tables/Placentals_ZNF805.AOC.executiveSummary.csv
    wildcards: sample=Placentals_ZNF805
    resources: tmpdir=/var/folders/h_/ggxlxnd12j36cf3lfm_8hx4c0000gr/T

[Fri Jun 27 10:41:01 2025]
rule PlotFEL:
    input: /Users/agl4001/Documents/AOC-develop/results/Placentals_ZNF805/Placentals_ZNF805.7.codon.fas.FEL.json
    output: /Users/agl4001/Documents/AOC-develop/results/Placentals_ZNF805/Tables/Placentals_ZNF805.7.codon.fas.FEL.json.FEL.csv, /Users/agl4001/Documents/AOC-develop/results/Placentals_ZNF805/Visualizations/Placentals_ZNF805.7.codon.fas.FEL.json.FEL.png, /Users/agl4001/Documents/AOC-develop/results/Placentals_ZNF805/Visualizations/Placentals_ZNF805.7.codon.fas.FEL.json.FEL.svg, /Users/agl4001/Documents/AOC-develop/results/Placentals_ZNF805/Visualizations/Placentals_ZNF805.7.codon.fas.FEL.json.FEL.figureLegend
    jobid: 7
    reason: Missing output files: /Users/agl4001/Documents/AOC-develop/results/Placentals_ZNF805/Visualizations/Placentals_ZNF805.7.codon.fas.FEL.json.FEL.svg, /Users/agl4001/Documents/AOC-develop/results/Placentals_ZNF805/Visualizations/Placentals_ZNF805.7.codon.fas.FEL.json.FEL.png, /Users/agl4001/Documents/AOC-develop/results/Placentals_ZNF805/Tables/Placentals_ZNF805.7.codon.fas.FEL.json.FEL.csv, /Users/agl4001/Documents/AOC-develop/results/Placentals_ZNF805/Visualizations/Placentals_ZNF805.7.codon.fas.FEL.json.FEL.figureLegend
    wildcards: sample=Placentals_ZNF805.7.codon.fas.FEL.json
    resources: tmpdir=/var/folders/h_/ggxlxnd12j36cf3lfm_8hx4c0000gr/T

[Fri Jun 27 10:41:01 2025]
rule PlotFEL:
    input: /Users/agl4001/Documents/AOC-develop/results/Placentals_ZNF805/Placentals_ZNF805.3.codon.fas.FEL.json
    output: /Users/agl4001/Documents/AOC-develop/results/Placentals_ZNF805/Tables/Placentals_ZNF805.3.codon.fas.FEL.json.FEL.csv, /Users/agl4001/Documents/AOC-develop/results/Placentals_ZNF805/Visualizations/Placentals_ZNF805.3.codon.fas.FEL.json.FEL.png, /Users/agl4001/Documents/AOC-develop/results/Placentals_ZNF805/Visualizations/Placentals_ZNF805.3.codon.fas.FEL.json.FEL.svg, /Users/agl4001/Documents/AOC-develop/results/Placentals_ZNF805/Visualizations/Placentals_ZNF805.3.codon.fas.FEL.json.FEL.figureLegend
    jobid: 3
    reason: Missing output files: /Users/agl4001/Documents/AOC-develop/results/Placentals_ZNF805/Visualizations/Placentals_ZNF805.3.codon.fas.FEL.json.FEL.png, /Users/agl4001/Documents/AOC-develop/results/Placentals_ZNF805/Visualizations/Placentals_ZNF805.3.codon.fas.FEL.json.FEL.svg, /Users/agl4001/Documents/AOC-develop/results/Placentals_ZNF805/Visualizations/Placentals_ZNF805.3.codon.fas.FEL.json.FEL.figureLegend, /Users/agl4001/Documents/AOC-develop/results/Placentals_ZNF805/Tables/Placentals_ZNF805.3.codon.fas.FEL.json.FEL.csv
    wildcards: sample=Placentals_ZNF805.3.codon.fas.FEL.json
    resources: tmpdir=/var/folders/h_/ggxlxnd12j36cf3lfm_8hx4c0000gr/T

[Fri Jun 27 10:41:01 2025]
rule PlotMEME:
    input: /Users/agl4001/Documents/AOC-develop/results/Placentals_ZNF805/Placentals_ZNF805.5.codon.fas.MEME.json
    output: /Users/agl4001/Documents/AOC-develop/results/Placentals_ZNF805/Tables/Placentals_ZNF805.5.codon.fas.MEME.json.MEME.csv, /Users/agl4001/Documents/AOC-develop/results/Placentals_ZNF805/Visualizations/Placentals_ZNF805.5.codon.fas.MEME.json.MEME.png, /Users/agl4001/Documents/AOC-develop/results/Placentals_ZNF805/Visualizations/Placentals_ZNF805.5.codon.fas.MEME.json.MEME.svg, /Users/agl4001/Documents/AOC-develop/results/Placentals_ZNF805/Visualizations/Placentals_ZNF805.5.codon.fas.MEME.json.MEME.figureLegend
    jobid: 14
    reason: Missing output files: /Users/agl4001/Documents/AOC-develop/results/Placentals_ZNF805/Visualizations/Placentals_ZNF805.5.codon.fas.MEME.json.MEME.svg, /Users/agl4001/Documents/AOC-develop/results/Placentals_ZNF805/Tables/Placentals_ZNF805.5.codon.fas.MEME.json.MEME.csv, /Users/agl4001/Documents/AOC-develop/results/Placentals_ZNF805/Visualizations/Placentals_ZNF805.5.codon.fas.MEME.json.MEME.png, /Users/agl4001/Documents/AOC-develop/results/Placentals_ZNF805/Visualizations/Placentals_ZNF805.5.codon.fas.MEME.json.MEME.figureLegend
    wildcards: sample=Placentals_ZNF805.5.codon.fas.MEME.json
    resources: tmpdir=/var/folders/h_/ggxlxnd12j36cf3lfm_8hx4c0000gr/T

[Fri Jun 27 10:41:01 2025]
rule PlotFEL:
    input: /Users/agl4001/Documents/AOC-develop/results/Placentals_ZNF805/Placentals_ZNF805.4.codon.fas.FEL.json
    output: /Users/agl4001/Documents/AOC-develop/results/Placentals_ZNF805/Tables/Placentals_ZNF805.4.codon.fas.FEL.json.FEL.csv, /Users/agl4001/Documents/AOC-develop/results/Placentals_ZNF805/Visualizations/Placentals_ZNF805.4.codon.fas.FEL.json.FEL.png, /Users/agl4001/Documents/AOC-develop/results/Placentals_ZNF805/Visualizations/Placentals_ZNF805.4.codon.fas.FEL.json.FEL.svg, /Users/agl4001/Documents/AOC-develop/results/Placentals_ZNF805/Visualizations/Placentals_ZNF805.4.codon.fas.FEL.json.FEL.figureLegend
    jobid: 4
    reason: Missing output files: /Users/agl4001/Documents/AOC-develop/results/Placentals_ZNF805/Visualizations/Placentals_ZNF805.4.codon.fas.FEL.json.FEL.svg, /Users/agl4001/Documents/AOC-develop/results/Placentals_ZNF805/Visualizations/Placentals_ZNF805.4.codon.fas.FEL.json.FEL.png, /Users/agl4001/Documents/AOC-develop/results/Placentals_ZNF805/Tables/Placentals_ZNF805.4.codon.fas.FEL.json.FEL.csv, /Users/agl4001/Documents/AOC-develop/results/Placentals_ZNF805/Visualizations/Placentals_ZNF805.4.codon.fas.FEL.json.FEL.figureLegend
    wildcards: sample=Placentals_ZNF805.4.codon.fas.FEL.json
    resources: tmpdir=/var/folders/h_/ggxlxnd12j36cf3lfm_8hx4c0000gr/T

[Fri Jun 27 10:41:01 2025]
rule PlotFEL:
    input: /Users/agl4001/Documents/AOC-develop/results/Placentals_ZNF805/Placentals_ZNF805.8.codon.fas.FEL.json
    output: /Users/agl4001/Documents/AOC-develop/results/Placentals_ZNF805/Tables/Placentals_ZNF805.8.codon.fas.FEL.json.FEL.csv, /Users/agl4001/Documents/AOC-develop/results/Placentals_ZNF805/Visualizations/Placentals_ZNF805.8.codon.fas.FEL.json.FEL.png, /Users/agl4001/Documents/AOC-develop/results/Placentals_ZNF805/Visualizations/Placentals_ZNF805.8.codon.fas.FEL.json.FEL.svg, /Users/agl4001/Documents/AOC-develop/results/Placentals_ZNF805/Visualizations/Placentals_ZNF805.8.codon.fas.FEL.json.FEL.figureLegend
    jobid: 8
    reason: Missing output files: /Users/agl4001/Documents/AOC-develop/results/Placentals_ZNF805/Visualizations/Placentals_ZNF805.8.codon.fas.FEL.json.FEL.figureLegend, /Users/agl4001/Documents/AOC-develop/results/Placentals_ZNF805/Tables/Placentals_ZNF805.8.codon.fas.FEL.json.FEL.csv, /Users/agl4001/Documents/AOC-develop/results/Placentals_ZNF805/Visualizations/Placentals_ZNF805.8.codon.fas.FEL.json.FEL.svg, /Users/agl4001/Documents/AOC-develop/results/Placentals_ZNF805/Visualizations/Placentals_ZNF805.8.codon.fas.FEL.json.FEL.png
    wildcards: sample=Placentals_ZNF805.8.codon.fas.FEL.json
    resources: tmpdir=/var/folders/h_/ggxlxnd12j36cf3lfm_8hx4c0000gr/T

[Fri Jun 27 10:41:01 2025]
Finished job 12.
9 of 23 steps (39%) done
[Fri Jun 27 10:41:01 2025]
Finished job 17.
10 of 23 steps (43%) done
[Fri Jun 27 10:41:01 2025]
Finished job 10.
11 of 23 steps (48%) done
[Fri Jun 27 10:41:01 2025]
Finished job 13.
12 of 23 steps (52%) done
[Fri Jun 27 10:41:04 2025]
Finished job 5.
13 of 23 steps (57%) done
[Fri Jun 27 10:41:04 2025]
Finished job 14.
14 of 23 steps (61%) done
Select jobs to execute...

[Fri Jun 27 10:41:04 2025]
rule MergeMEMECSVs:
    input: /Users/agl4001/Documents/AOC-develop/results/Placentals_ZNF805/Tables/Placentals_ZNF805.1.codon.fas.MEME.json.MEME.csv, /Users/agl4001/Documents/AOC-develop/results/Placentals_ZNF805/Tables/Placentals_ZNF805.2.codon.fas.MEME.json.MEME.csv, /Users/agl4001/Documents/AOC-develop/results/Placentals_ZNF805/Tables/Placentals_ZNF805.3.codon.fas.MEME.json.MEME.csv, /Users/agl4001/Documents/AOC-develop/results/Placentals_ZNF805/Tables/Placentals_ZNF805.4.codon.fas.MEME.json.MEME.csv, /Users/agl4001/Documents/AOC-develop/results/Placentals_ZNF805/Tables/Placentals_ZNF805.5.codon.fas.MEME.json.MEME.csv, /Users/agl4001/Documents/AOC-develop/results/Placentals_ZNF805/Tables/Placentals_ZNF805.6.codon.fas.MEME.json.MEME.csv, /Users/agl4001/Documents/AOC-develop/results/Placentals_ZNF805/Tables/Placentals_ZNF805.7.codon.fas.MEME.json.MEME.csv, /Users/agl4001/Documents/AOC-develop/results/Placentals_ZNF805/Tables/Placentals_ZNF805.8.codon.fas.MEME.json.MEME.csv, /Users/agl4001/Documents/AOC-develop/results/Placentals_ZNF805/Tables/Placentals_ZNF805.9.codon.fas.MEME.json.MEME.csv
    output: /Users/agl4001/Documents/AOC-develop/results/Placentals_ZNF805/Tables/Placentals_ZNF805.AOC.merged_MEME_Results.csv
    jobid: 21
    reason: Missing output files: /Users/agl4001/Documents/AOC-develop/results/Placentals_ZNF805/Tables/Placentals_ZNF805.AOC.merged_MEME_Results.csv; Input files updated by another job: /Users/agl4001/Documents/AOC-develop/results/Placentals_ZNF805/Tables/Placentals_ZNF805.2.codon.fas.MEME.json.MEME.csv, /Users/agl4001/Documents/AOC-develop/results/Placentals_ZNF805/Tables/Placentals_ZNF805.8.codon.fas.MEME.json.MEME.csv, /Users/agl4001/Documents/AOC-develop/results/Placentals_ZNF805/Tables/Placentals_ZNF805.7.codon.fas.MEME.json.MEME.csv, /Users/agl4001/Documents/AOC-develop/results/Placentals_ZNF805/Tables/Placentals_ZNF805.1.codon.fas.MEME.json.MEME.csv, /Users/agl4001/Documents/AOC-develop/results/Placentals_ZNF805/Tables/Placentals_ZNF805.4.codon.fas.MEME.json.MEME.csv, /Users/agl4001/Documents/AOC-develop/results/Placentals_ZNF805/Tables/Placentals_ZNF805.6.codon.fas.MEME.json.MEME.csv, /Users/agl4001/Documents/AOC-develop/results/Placentals_ZNF805/Tables/Placentals_ZNF805.5.codon.fas.MEME.json.MEME.csv, /Users/agl4001/Documents/AOC-develop/results/Placentals_ZNF805/Tables/Placentals_ZNF805.9.codon.fas.MEME.json.MEME.csv, /Users/agl4001/Documents/AOC-develop/results/Placentals_ZNF805/Tables/Placentals_ZNF805.3.codon.fas.MEME.json.MEME.csv
    wildcards: sample=Placentals_ZNF805
    resources: tmpdir=/var/folders/h_/ggxlxnd12j36cf3lfm_8hx4c0000gr/T

[Fri Jun 27 10:41:04 2025]
Finished job 7.
15 of 23 steps (65%) done
[Fri Jun 27 10:41:04 2025]
Finished job 3.
16 of 23 steps (70%) done
[Fri Jun 27 10:41:04 2025]
Finished job 4.
17 of 23 steps (74%) done
[Fri Jun 27 10:41:04 2025]
Finished job 8.
18 of 23 steps (78%) done
Select jobs to execute...

[Fri Jun 27 10:41:04 2025]
rule MergeFELCSVs:
    input: /Users/agl4001/Documents/AOC-develop/results/Placentals_ZNF805/Tables/Placentals_ZNF805.1.codon.fas.FEL.json.FEL.csv, /Users/agl4001/Documents/AOC-develop/results/Placentals_ZNF805/Tables/Placentals_ZNF805.2.codon.fas.FEL.json.FEL.csv, /Users/agl4001/Documents/AOC-develop/results/Placentals_ZNF805/Tables/Placentals_ZNF805.3.codon.fas.FEL.json.FEL.csv, /Users/agl4001/Documents/AOC-develop/results/Placentals_ZNF805/Tables/Placentals_ZNF805.4.codon.fas.FEL.json.FEL.csv, /Users/agl4001/Documents/AOC-develop/results/Placentals_ZNF805/Tables/Placentals_ZNF805.5.codon.fas.FEL.json.FEL.csv, /Users/agl4001/Documents/AOC-develop/results/Placentals_ZNF805/Tables/Placentals_ZNF805.6.codon.fas.FEL.json.FEL.csv, /Users/agl4001/Documents/AOC-develop/results/Placentals_ZNF805/Tables/Placentals_ZNF805.7.codon.fas.FEL.json.FEL.csv, /Users/agl4001/Documents/AOC-develop/results/Placentals_ZNF805/Tables/Placentals_ZNF805.8.codon.fas.FEL.json.FEL.csv, /Users/agl4001/Documents/AOC-develop/results/Placentals_ZNF805/Tables/Placentals_ZNF805.9.codon.fas.FEL.json.FEL.csv
    output: /Users/agl4001/Documents/AOC-develop/results/Placentals_ZNF805/Tables/Placentals_ZNF805.AOC.merged_FEL_Results.csv
    jobid: 20
    reason: Missing output files: /Users/agl4001/Documents/AOC-develop/results/Placentals_ZNF805/Tables/Placentals_ZNF805.AOC.merged_FEL_Results.csv; Input files updated by another job: /Users/agl4001/Documents/AOC-develop/results/Placentals_ZNF805/Tables/Placentals_ZNF805.9.codon.fas.FEL.json.FEL.csv, /Users/agl4001/Documents/AOC-develop/results/Placentals_ZNF805/Tables/Placentals_ZNF805.7.codon.fas.FEL.json.FEL.csv, /Users/agl4001/Documents/AOC-develop/results/Placentals_ZNF805/Tables/Placentals_ZNF805.4.codon.fas.FEL.json.FEL.csv, /Users/agl4001/Documents/AOC-develop/results/Placentals_ZNF805/Tables/Placentals_ZNF805.8.codon.fas.FEL.json.FEL.csv, /Users/agl4001/Documents/AOC-develop/results/Placentals_ZNF805/Tables/Placentals_ZNF805.1.codon.fas.FEL.json.FEL.csv, /Users/agl4001/Documents/AOC-develop/results/Placentals_ZNF805/Tables/Placentals_ZNF805.6.codon.fas.FEL.json.FEL.csv, /Users/agl4001/Documents/AOC-develop/results/Placentals_ZNF805/Tables/Placentals_ZNF805.5.codon.fas.FEL.json.FEL.csv, /Users/agl4001/Documents/AOC-develop/results/Placentals_ZNF805/Tables/Placentals_ZNF805.3.codon.fas.FEL.json.FEL.csv, /Users/agl4001/Documents/AOC-develop/results/Placentals_ZNF805/Tables/Placentals_ZNF805.2.codon.fas.FEL.json.FEL.csv
    wildcards: sample=Placentals_ZNF805
    resources: tmpdir=/var/folders/h_/ggxlxnd12j36cf3lfm_8hx4c0000gr/T

[Fri Jun 27 10:41:06 2025]
Finished job 21.
19 of 23 steps (83%) done
[Fri Jun 27 10:41:06 2025]
Finished job 20.
20 of 23 steps (87%) done
Select jobs to execute...

[Fri Jun 27 10:41:06 2025]
rule PlotFELMerge:
    input: /Users/agl4001/Documents/AOC-develop/results/Placentals_ZNF805/Tables/Placentals_ZNF805.AOC.merged_FEL_Results.csv
    output: /Users/agl4001/Documents/AOC-develop/results/Placentals_ZNF805/Visualizations/Placentals_ZNF805.FEL.merged.png, /Users/agl4001/Documents/AOC-develop/results/Placentals_ZNF805/Visualizations/Placentals_ZNF805.FEL.merged.svg
    jobid: 22
    reason: Missing output files: /Users/agl4001/Documents/AOC-develop/results/Placentals_ZNF805/Visualizations/Placentals_ZNF805.FEL.merged.svg, /Users/agl4001/Documents/AOC-develop/results/Placentals_ZNF805/Visualizations/Placentals_ZNF805.FEL.merged.png; Input files updated by another job: /Users/agl4001/Documents/AOC-develop/results/Placentals_ZNF805/Tables/Placentals_ZNF805.AOC.merged_FEL_Results.csv
    wildcards: sample=Placentals_ZNF805
    resources: tmpdir=/var/folders/h_/ggxlxnd12j36cf3lfm_8hx4c0000gr/T

[Fri Jun 27 10:41:09 2025]
Finished job 22.
21 of 23 steps (91%) done
Exiting because a job execution failed. Look above for error message
Complete log: .snakemake/log/2025-06-27T104053.353214.snakemake.log
