Building DAG of jobs...
Using shell: /bin/bash
Provided cores: 12
Rules claiming more threads will be scaled down.
Job stats:
job      count
-----  -------
RELAX        5
all          1
total        6

Select jobs to execute...

[Wed Jun 25 19:06:58 2025]
rule RELAX:
    input: /Users/agl4001/Documents/AOC-develop/results/Primate_TP53/Primate_TP53.2.codon.fas, /Users/agl4001/Documents/AOC-develop/results/Primate_TP53/Primate_TP53.2.codon.fas.FastTree.treefile.labelled
    output: /Users/agl4001/Documents/AOC-develop/results/Primate_TP53/Primate_TP53.2.codon.fas.RELAX.json
    jobid: 58
    reason: Missing output files: /Users/agl4001/Documents/AOC-develop/results/Primate_TP53/Primate_TP53.2.codon.fas.RELAX.json
    wildcards: sample=Primate_TP53.2.codon.fas
    resources: tmpdir=/var/folders/h_/ggxlxnd12j36cf3lfm_8hx4c0000gr/T


[Wed Jun 25 19:06:58 2025]
rule RELAX:
    input: /Users/agl4001/Documents/AOC-develop/results/Primate_TP53/Primate_TP53.3.codon.fas, /Users/agl4001/Documents/AOC-develop/results/Primate_TP53/Primate_TP53.3.codon.fas.FastTree.treefile.labelled
    output: /Users/agl4001/Documents/AOC-develop/results/Primate_TP53/Primate_TP53.3.codon.fas.RELAX.json
    jobid: 60
    reason: Code has changed since last execution
    wildcards: sample=Primate_TP53.3.codon.fas
    resources: tmpdir=/var/folders/h_/ggxlxnd12j36cf3lfm_8hx4c0000gr/T


[Wed Jun 25 19:06:58 2025]
rule RELAX:
    input: /Users/agl4001/Documents/AOC-develop/results/Primate_TP53/Primate_TP53.4.codon.fas, /Users/agl4001/Documents/AOC-develop/results/Primate_TP53/Primate_TP53.4.codon.fas.FastTree.treefile.labelled
    output: /Users/agl4001/Documents/AOC-develop/results/Primate_TP53/Primate_TP53.4.codon.fas.RELAX.json
    jobid: 62
    reason: Code has changed since last execution
    wildcards: sample=Primate_TP53.4.codon.fas
    resources: tmpdir=/var/folders/h_/ggxlxnd12j36cf3lfm_8hx4c0000gr/T


[Wed Jun 25 19:06:58 2025]
rule RELAX:
    input: /Users/agl4001/Documents/AOC-develop/results/Primate_TP53/Primate_TP53.5.codon.fas, /Users/agl4001/Documents/AOC-develop/results/Primate_TP53/Primate_TP53.5.codon.fas.FastTree.treefile.labelled
    output: /Users/agl4001/Documents/AOC-develop/results/Primate_TP53/Primate_TP53.5.codon.fas.RELAX.json
    jobid: 64
    reason: Code has changed since last execution
    wildcards: sample=Primate_TP53.5.codon.fas
    resources: tmpdir=/var/folders/h_/ggxlxnd12j36cf3lfm_8hx4c0000gr/T


[Wed Jun 25 19:06:58 2025]
rule RELAX:
    input: /Users/agl4001/Documents/AOC-develop/results/Primate_TP53/Primate_TP53.1.codon.fas, /Users/agl4001/Documents/AOC-develop/results/Primate_TP53/Primate_TP53.1.codon.fas.FastTree.treefile.labelled
    output: /Users/agl4001/Documents/AOC-develop/results/Primate_TP53/Primate_TP53.1.codon.fas.RELAX.json
    jobid: 56
    reason: Code has changed since last execution
    wildcards: sample=Primate_TP53.1.codon.fas
    resources: tmpdir=/var/folders/h_/ggxlxnd12j36cf3lfm_8hx4c0000gr/T

[Wed Jun 25 19:09:19 2025]
Finished job 56.
1 of 6 steps (17%) done
[Wed Jun 25 19:13:52 2025]
Finished job 58.
2 of 6 steps (33%) done
[Wed Jun 25 19:15:41 2025]
Finished job 64.
3 of 6 steps (50%) done
[Wed Jun 25 19:21:22 2025]
Finished job 60.
4 of 6 steps (67%) done
[Wed Jun 25 19:27:14 2025]
Finished job 62.
5 of 6 steps (83%) done
Select jobs to execute...

[Wed Jun 25 19:27:14 2025]
localrule all:
    input: /Users/agl4001/Documents/AOC-develop/results/Primate_TP53/Primate_TP53.1.codon.fas.dst, /Users/agl4001/Documents/AOC-develop/results/Primate_TP53/Primate_TP53.2.codon.fas.dst, /Users/agl4001/Documents/AOC-develop/results/Primate_TP53/Primate_TP53.3.codon.fas.dst, /Users/agl4001/Documents/AOC-develop/results/Primate_TP53/Primate_TP53.4.codon.fas.dst, /Users/agl4001/Documents/AOC-develop/results/Primate_TP53/Primate_TP53.5.codon.fas.dst, /Users/agl4001/Documents/AOC-develop/results/Primate_TP53/Primate_TP53.1.codon.fas.FastTree.treefile, /Users/agl4001/Documents/AOC-develop/results/Primate_TP53/Primate_TP53.2.codon.fas.FastTree.treefile, /Users/agl4001/Documents/AOC-develop/results/Primate_TP53/Primate_TP53.3.codon.fas.FastTree.treefile, /Users/agl4001/Documents/AOC-develop/results/Primate_TP53/Primate_TP53.4.codon.fas.FastTree.treefile, /Users/agl4001/Documents/AOC-develop/results/Primate_TP53/Primate_TP53.5.codon.fas.FastTree.treefile, /Users/agl4001/Documents/AOC-develop/results/Primate_TP53/Primate_TP53.1.codon.fas.FEL.json, /Users/agl4001/Documents/AOC-develop/results/Primate_TP53/Primate_TP53.2.codon.fas.FEL.json, /Users/agl4001/Documents/AOC-develop/results/Primate_TP53/Primate_TP53.3.codon.fas.FEL.json, /Users/agl4001/Documents/AOC-develop/results/Primate_TP53/Primate_TP53.4.codon.fas.FEL.json, /Users/agl4001/Documents/AOC-develop/results/Primate_TP53/Primate_TP53.5.codon.fas.FEL.json, /Users/agl4001/Documents/AOC-develop/results/Primate_TP53/Primate_TP53.1.codon.fas.FUBAR.json, /Users/agl4001/Documents/AOC-develop/results/Primate_TP53/Primate_TP53.2.codon.fas.FUBAR.json, /Users/agl4001/Documents/AOC-develop/results/Primate_TP53/Primate_TP53.3.codon.fas.FUBAR.json, /Users/agl4001/Documents/AOC-develop/results/Primate_TP53/Primate_TP53.4.codon.fas.FUBAR.json, /Users/agl4001/Documents/AOC-develop/results/Primate_TP53/Primate_TP53.5.codon.fas.FUBAR.json, /Users/agl4001/Documents/AOC-develop/results/Primate_TP53/Primate_TP53.1.codon.fas.BUSTEDS.json, /Users/agl4001/Documents/AOC-develop/results/Primate_TP53/Primate_TP53.2.codon.fas.BUSTEDS.json, /Users/agl4001/Documents/AOC-develop/results/Primate_TP53/Primate_TP53.3.codon.fas.BUSTEDS.json, /Users/agl4001/Documents/AOC-develop/results/Primate_TP53/Primate_TP53.4.codon.fas.BUSTEDS.json, /Users/agl4001/Documents/AOC-develop/results/Primate_TP53/Primate_TP53.5.codon.fas.BUSTEDS.json, /Users/agl4001/Documents/AOC-develop/results/Primate_TP53/Primate_TP53.1.codon.fas.MEME.json, /Users/agl4001/Documents/AOC-develop/results/Primate_TP53/Primate_TP53.2.codon.fas.MEME.json, /Users/agl4001/Documents/AOC-develop/results/Primate_TP53/Primate_TP53.3.codon.fas.MEME.json, /Users/agl4001/Documents/AOC-develop/results/Primate_TP53/Primate_TP53.4.codon.fas.MEME.json, /Users/agl4001/Documents/AOC-develop/results/Primate_TP53/Primate_TP53.5.codon.fas.MEME.json, /Users/agl4001/Documents/AOC-develop/results/Primate_TP53/Primate_TP53.1.codon.fas.ABSREL.json, /Users/agl4001/Documents/AOC-develop/results/Primate_TP53/Primate_TP53.2.codon.fas.ABSREL.json, /Users/agl4001/Documents/AOC-develop/results/Primate_TP53/Primate_TP53.3.codon.fas.ABSREL.json, /Users/agl4001/Documents/AOC-develop/results/Primate_TP53/Primate_TP53.4.codon.fas.ABSREL.json, /Users/agl4001/Documents/AOC-develop/results/Primate_TP53/Primate_TP53.5.codon.fas.ABSREL.json, /Users/agl4001/Documents/AOC-develop/results/Primate_TP53/Primate_TP53.1.codon.fas.SLAC.json, /Users/agl4001/Documents/AOC-develop/results/Primate_TP53/Primate_TP53.2.codon.fas.SLAC.json, /Users/agl4001/Documents/AOC-develop/results/Primate_TP53/Primate_TP53.3.codon.fas.SLAC.json, /Users/agl4001/Documents/AOC-develop/results/Primate_TP53/Primate_TP53.4.codon.fas.SLAC.json, /Users/agl4001/Documents/AOC-develop/results/Primate_TP53/Primate_TP53.5.codon.fas.SLAC.json, /Users/agl4001/Documents/AOC-develop/results/Primate_TP53/Primate_TP53.1.codon.fas.BGM.json, /Users/agl4001/Documents/AOC-develop/results/Primate_TP53/Primate_TP53.2.codon.fas.BGM.json, /Users/agl4001/Documents/AOC-develop/results/Primate_TP53/Primate_TP53.3.codon.fas.BGM.json, /Users/agl4001/Documents/AOC-develop/results/Primate_TP53/Primate_TP53.4.codon.fas.BGM.json, /Users/agl4001/Documents/AOC-develop/results/Primate_TP53/Primate_TP53.5.codon.fas.BGM.json, /Users/agl4001/Documents/AOC-develop/results/Primate_TP53/Primate_TP53.1.codon.fas.BUSTEDS-MH.json, /Users/agl4001/Documents/AOC-develop/results/Primate_TP53/Primate_TP53.2.codon.fas.BUSTEDS-MH.json, /Users/agl4001/Documents/AOC-develop/results/Primate_TP53/Primate_TP53.3.codon.fas.BUSTEDS-MH.json, /Users/agl4001/Documents/AOC-develop/results/Primate_TP53/Primate_TP53.4.codon.fas.BUSTEDS-MH.json, /Users/agl4001/Documents/AOC-develop/results/Primate_TP53/Primate_TP53.5.codon.fas.BUSTEDS-MH.json, /Users/agl4001/Documents/AOC-develop/results/Primate_TP53/Primate_TP53.1.codon.fas.FMM.json, /Users/agl4001/Documents/AOC-develop/results/Primate_TP53/Primate_TP53.2.codon.fas.FMM.json, /Users/agl4001/Documents/AOC-develop/results/Primate_TP53/Primate_TP53.3.codon.fas.FMM.json, /Users/agl4001/Documents/AOC-develop/results/Primate_TP53/Primate_TP53.4.codon.fas.FMM.json, /Users/agl4001/Documents/AOC-develop/results/Primate_TP53/Primate_TP53.5.codon.fas.FMM.json, /Users/agl4001/Documents/AOC-develop/results/Primate_TP53/Primate_TP53.1.codon.fas.RELAX.json, /Users/agl4001/Documents/AOC-develop/results/Primate_TP53/Primate_TP53.2.codon.fas.RELAX.json, /Users/agl4001/Documents/AOC-develop/results/Primate_TP53/Primate_TP53.3.codon.fas.RELAX.json, /Users/agl4001/Documents/AOC-develop/results/Primate_TP53/Primate_TP53.4.codon.fas.RELAX.json, /Users/agl4001/Documents/AOC-develop/results/Primate_TP53/Primate_TP53.5.codon.fas.RELAX.json, /Users/agl4001/Documents/AOC-develop/results/Primate_TP53/Primate_TP53.1.codon.fas.CFEL.json, /Users/agl4001/Documents/AOC-develop/results/Primate_TP53/Primate_TP53.2.codon.fas.CFEL.json, /Users/agl4001/Documents/AOC-develop/results/Primate_TP53/Primate_TP53.3.codon.fas.CFEL.json, /Users/agl4001/Documents/AOC-develop/results/Primate_TP53/Primate_TP53.4.codon.fas.CFEL.json, /Users/agl4001/Documents/AOC-develop/results/Primate_TP53/Primate_TP53.5.codon.fas.CFEL.json
    jobid: 0
    reason: Input files updated by another job: /Users/agl4001/Documents/AOC-develop/results/Primate_TP53/Primate_TP53.1.codon.fas.RELAX.json, /Users/agl4001/Documents/AOC-develop/results/Primate_TP53/Primate_TP53.4.codon.fas.RELAX.json, /Users/agl4001/Documents/AOC-develop/results/Primate_TP53/Primate_TP53.2.codon.fas.RELAX.json, /Users/agl4001/Documents/AOC-develop/results/Primate_TP53/Primate_TP53.3.codon.fas.RELAX.json, /Users/agl4001/Documents/AOC-develop/results/Primate_TP53/Primate_TP53.5.codon.fas.RELAX.json
    resources: tmpdir=/var/folders/h_/ggxlxnd12j36cf3lfm_8hx4c0000gr/T

[Wed Jun 25 19:27:14 2025]
Finished job 0.
6 of 6 steps (100%) done
Complete log: .snakemake/log/2025-06-25T190657.386520.snakemake.log
