Building DAG of jobs...
Using shell: /bin/bash
Provided cores: 12
Rules claiming more threads will be scaled down.
Job stats:
job             count
------------  -------
PlotBGM             1
PlotFELMerge        1
all                 1
total               3

Select jobs to execute...

[Thu Jun 26 08:23:44 2025]
rule PlotFELMerge:
    input: /Users/agl4001/Documents/AOC-develop/results/Primate_TP53/Tables/Primate_TP53.AOC.merged_FEL_Results.csv
    output: /Users/agl4001/Documents/AOC-develop/results/Primate_TP53/Visualizations/Primate_TP53.FEL.merged.png, /Users/agl4001/Documents/AOC-develop/results/Primate_TP53/Visualizations/Primate_TP53.FEL.merged.svg
    jobid: 18
    reason: Code has changed since last execution
    wildcards: sample=Primate_TP53
    resources: tmpdir=/var/folders/h_/ggxlxnd12j36cf3lfm_8hx4c0000gr/T

[Thu Jun 26 08:23:44 2025]
rule PlotBGM:
    input: /Users/agl4001/Documents/AOC-develop/results/Primate_TP53/Primate_TP53.1.codon.fas.BGM.json
    output: /Users/agl4001/Documents/AOC-develop/results/Primate_TP53/Tables/Primate_TP53.1.codon.fas.BGM.json.BGM.csv, /Users/agl4001/Documents/AOC-develop/results/Primate_TP53/Visualizations/Primate_TP53.1.codon.fas.BGM.json.BGM.png, /Users/agl4001/Documents/AOC-develop/results/Primate_TP53/Visualizations/Primate_TP53.1.codon.fas.BGM.json.BGM.svg
    jobid: 11
    reason: Missing output files: /Users/agl4001/Documents/AOC-develop/results/Primate_TP53/Visualizations/Primate_TP53.1.codon.fas.BGM.json.BGM.png, /Users/agl4001/Documents/AOC-develop/results/Primate_TP53/Tables/Primate_TP53.1.codon.fas.BGM.json.BGM.csv, /Users/agl4001/Documents/AOC-develop/results/Primate_TP53/Visualizations/Primate_TP53.1.codon.fas.BGM.json.BGM.svg
    wildcards: sample=Primate_TP53.1.codon.fas.BGM.json
    resources: tmpdir=/var/folders/h_/ggxlxnd12j36cf3lfm_8hx4c0000gr/T

[Thu Jun 26 08:23:47 2025]
Finished job 18.
1 of 3 steps (33%) done
Exiting because a job execution failed. Look above for error message
Complete log: .snakemake/log/2025-06-26T082342.930617.snakemake.log
