Building DAG of jobs...
Using shell: /bin/bash
Provided cores: 12
Rules claiming more threads will be scaled down.
Job stats:
job                 count
----------------  -------
PlotBGM                 5
PlotFEL                 5
PlotMEME                5
all                     1
executiveSummary        1
total                  17

Select jobs to execute...

[Wed Jun 25 19:33:31 2025]
rule PlotMEME:
    input: /Users/agl4001/Documents/AOC-develop/results/Primate_TP53/Primate_TP53.2.codon.fas.MEME.json
    output: /Users/agl4001/Documents/AOC-develop/results/Primate_TP53/Visualizations/Primate_TP53.2.codon.fas.MEME.json.MEME.csv, /Users/agl4001/Documents/AOC-develop/results/Primate_TP53/Visualizations/Primate_TP53.2.codon.fas.MEME.json.MEME.png, /Users/agl4001/Documents/AOC-develop/results/Primate_TP53/Visualizations/Primate_TP53.2.codon.fas.MEME.json.MEME.svg, /Users/agl4001/Documents/AOC-develop/results/Primate_TP53/Visualizations/Primate_TP53.2.codon.fas.MEME.json.MEME.figureLegend
    jobid: 7
    reason: Missing output files: /Users/agl4001/Documents/AOC-develop/results/Primate_TP53/Visualizations/Primate_TP53.2.codon.fas.MEME.json.MEME.figureLegend, /Users/agl4001/Documents/AOC-develop/results/Primate_TP53/Visualizations/Primate_TP53.2.codon.fas.MEME.json.MEME.png, /Users/agl4001/Documents/AOC-develop/results/Primate_TP53/Visualizations/Primate_TP53.2.codon.fas.MEME.json.MEME.svg, /Users/agl4001/Documents/AOC-develop/results/Primate_TP53/Visualizations/Primate_TP53.2.codon.fas.MEME.json.MEME.csv
    wildcards: sample=Primate_TP53.2.codon.fas.MEME.json
    resources: tmpdir=/var/folders/h_/ggxlxnd12j36cf3lfm_8hx4c0000gr/T

[Wed Jun 25 19:33:31 2025]
rule PlotFEL:
    input: /Users/agl4001/Documents/AOC-develop/results/Primate_TP53/Primate_TP53.4.codon.fas.FEL.json
    output: /Users/agl4001/Documents/AOC-develop/results/Primate_TP53/Visualizations/Primate_TP53.4.codon.fas.FEL.json.FEL.csv, /Users/agl4001/Documents/AOC-develop/results/Primate_TP53/Visualizations/Primate_TP53.4.codon.fas.FEL.json.FEL.png, /Users/agl4001/Documents/AOC-develop/results/Primate_TP53/Visualizations/Primate_TP53.4.codon.fas.FEL.json.FEL.svg, /Users/agl4001/Documents/AOC-develop/results/Primate_TP53/Visualizations/Primate_TP53.4.codon.fas.FEL.json.FEL.figureLegend
    jobid: 4
    reason: Missing output files: /Users/agl4001/Documents/AOC-develop/results/Primate_TP53/Visualizations/Primate_TP53.4.codon.fas.FEL.json.FEL.figureLegend, /Users/agl4001/Documents/AOC-develop/results/Primate_TP53/Visualizations/Primate_TP53.4.codon.fas.FEL.json.FEL.csv, /Users/agl4001/Documents/AOC-develop/results/Primate_TP53/Visualizations/Primate_TP53.4.codon.fas.FEL.json.FEL.svg, /Users/agl4001/Documents/AOC-develop/results/Primate_TP53/Visualizations/Primate_TP53.4.codon.fas.FEL.json.FEL.png
    wildcards: sample=Primate_TP53.4.codon.fas.FEL.json
    resources: tmpdir=/var/folders/h_/ggxlxnd12j36cf3lfm_8hx4c0000gr/T

[Wed Jun 25 19:33:31 2025]
rule PlotMEME:
    input: /Users/agl4001/Documents/AOC-develop/results/Primate_TP53/Primate_TP53.4.codon.fas.MEME.json
    output: /Users/agl4001/Documents/AOC-develop/results/Primate_TP53/Visualizations/Primate_TP53.4.codon.fas.MEME.json.MEME.csv, /Users/agl4001/Documents/AOC-develop/results/Primate_TP53/Visualizations/Primate_TP53.4.codon.fas.MEME.json.MEME.png, /Users/agl4001/Documents/AOC-develop/results/Primate_TP53/Visualizations/Primate_TP53.4.codon.fas.MEME.json.MEME.svg, /Users/agl4001/Documents/AOC-develop/results/Primate_TP53/Visualizations/Primate_TP53.4.codon.fas.MEME.json.MEME.figureLegend
    jobid: 9
    reason: Missing output files: /Users/agl4001/Documents/AOC-develop/results/Primate_TP53/Visualizations/Primate_TP53.4.codon.fas.MEME.json.MEME.svg, /Users/agl4001/Documents/AOC-develop/results/Primate_TP53/Visualizations/Primate_TP53.4.codon.fas.MEME.json.MEME.csv, /Users/agl4001/Documents/AOC-develop/results/Primate_TP53/Visualizations/Primate_TP53.4.codon.fas.MEME.json.MEME.figureLegend, /Users/agl4001/Documents/AOC-develop/results/Primate_TP53/Visualizations/Primate_TP53.4.codon.fas.MEME.json.MEME.png
    wildcards: sample=Primate_TP53.4.codon.fas.MEME.json
    resources: tmpdir=/var/folders/h_/ggxlxnd12j36cf3lfm_8hx4c0000gr/T

[Wed Jun 25 19:33:31 2025]
rule PlotFEL:
    input: /Users/agl4001/Documents/AOC-develop/results/Primate_TP53/Primate_TP53.5.codon.fas.FEL.json
    output: /Users/agl4001/Documents/AOC-develop/results/Primate_TP53/Visualizations/Primate_TP53.5.codon.fas.FEL.json.FEL.csv, /Users/agl4001/Documents/AOC-develop/results/Primate_TP53/Visualizations/Primate_TP53.5.codon.fas.FEL.json.FEL.png, /Users/agl4001/Documents/AOC-develop/results/Primate_TP53/Visualizations/Primate_TP53.5.codon.fas.FEL.json.FEL.svg, /Users/agl4001/Documents/AOC-develop/results/Primate_TP53/Visualizations/Primate_TP53.5.codon.fas.FEL.json.FEL.figureLegend
    jobid: 5
    reason: Missing output files: /Users/agl4001/Documents/AOC-develop/results/Primate_TP53/Visualizations/Primate_TP53.5.codon.fas.FEL.json.FEL.csv, /Users/agl4001/Documents/AOC-develop/results/Primate_TP53/Visualizations/Primate_TP53.5.codon.fas.FEL.json.FEL.png, /Users/agl4001/Documents/AOC-develop/results/Primate_TP53/Visualizations/Primate_TP53.5.codon.fas.FEL.json.FEL.figureLegend, /Users/agl4001/Documents/AOC-develop/results/Primate_TP53/Visualizations/Primate_TP53.5.codon.fas.FEL.json.FEL.svg
    wildcards: sample=Primate_TP53.5.codon.fas.FEL.json
    resources: tmpdir=/var/folders/h_/ggxlxnd12j36cf3lfm_8hx4c0000gr/T

[Wed Jun 25 19:33:31 2025]
rule PlotBGM:
    input: /Users/agl4001/Documents/AOC-develop/results/Primate_TP53/Primate_TP53.5.codon.fas.BGM.json
    output: /Users/agl4001/Documents/AOC-develop/results/Primate_TP53/Visualizations/Primate_TP53.5.codon.fas.BGM.json.BGM.csv, /Users/agl4001/Documents/AOC-develop/results/Primate_TP53/Visualizations/Primate_TP53.5.codon.fas.BGM.json.BGM.png, /Users/agl4001/Documents/AOC-develop/results/Primate_TP53/Visualizations/Primate_TP53.5.codon.fas.BGM.json.BGM.svg
    jobid: 15
    reason: Missing output files: /Users/agl4001/Documents/AOC-develop/results/Primate_TP53/Visualizations/Primate_TP53.5.codon.fas.BGM.json.BGM.svg, /Users/agl4001/Documents/AOC-develop/results/Primate_TP53/Visualizations/Primate_TP53.5.codon.fas.BGM.json.BGM.csv, /Users/agl4001/Documents/AOC-develop/results/Primate_TP53/Visualizations/Primate_TP53.5.codon.fas.BGM.json.BGM.png
    wildcards: sample=Primate_TP53.5.codon.fas.BGM.json
    resources: tmpdir=/var/folders/h_/ggxlxnd12j36cf3lfm_8hx4c0000gr/T

[Wed Jun 25 19:33:31 2025]
rule PlotBGM:
    input: /Users/agl4001/Documents/AOC-develop/results/Primate_TP53/Primate_TP53.3.codon.fas.BGM.json
    output: /Users/agl4001/Documents/AOC-develop/results/Primate_TP53/Visualizations/Primate_TP53.3.codon.fas.BGM.json.BGM.csv, /Users/agl4001/Documents/AOC-develop/results/Primate_TP53/Visualizations/Primate_TP53.3.codon.fas.BGM.json.BGM.png, /Users/agl4001/Documents/AOC-develop/results/Primate_TP53/Visualizations/Primate_TP53.3.codon.fas.BGM.json.BGM.svg
    jobid: 13
    reason: Missing output files: /Users/agl4001/Documents/AOC-develop/results/Primate_TP53/Visualizations/Primate_TP53.3.codon.fas.BGM.json.BGM.svg, /Users/agl4001/Documents/AOC-develop/results/Primate_TP53/Visualizations/Primate_TP53.3.codon.fas.BGM.json.BGM.csv, /Users/agl4001/Documents/AOC-develop/results/Primate_TP53/Visualizations/Primate_TP53.3.codon.fas.BGM.json.BGM.png
    wildcards: sample=Primate_TP53.3.codon.fas.BGM.json
    resources: tmpdir=/var/folders/h_/ggxlxnd12j36cf3lfm_8hx4c0000gr/T

[Wed Jun 25 19:33:31 2025]
rule PlotFEL:
    input: /Users/agl4001/Documents/AOC-develop/results/Primate_TP53/Primate_TP53.3.codon.fas.FEL.json
    output: /Users/agl4001/Documents/AOC-develop/results/Primate_TP53/Visualizations/Primate_TP53.3.codon.fas.FEL.json.FEL.csv, /Users/agl4001/Documents/AOC-develop/results/Primate_TP53/Visualizations/Primate_TP53.3.codon.fas.FEL.json.FEL.png, /Users/agl4001/Documents/AOC-develop/results/Primate_TP53/Visualizations/Primate_TP53.3.codon.fas.FEL.json.FEL.svg, /Users/agl4001/Documents/AOC-develop/results/Primate_TP53/Visualizations/Primate_TP53.3.codon.fas.FEL.json.FEL.figureLegend
    jobid: 3
    reason: Missing output files: /Users/agl4001/Documents/AOC-develop/results/Primate_TP53/Visualizations/Primate_TP53.3.codon.fas.FEL.json.FEL.svg, /Users/agl4001/Documents/AOC-develop/results/Primate_TP53/Visualizations/Primate_TP53.3.codon.fas.FEL.json.FEL.png, /Users/agl4001/Documents/AOC-develop/results/Primate_TP53/Visualizations/Primate_TP53.3.codon.fas.FEL.json.FEL.csv, /Users/agl4001/Documents/AOC-develop/results/Primate_TP53/Visualizations/Primate_TP53.3.codon.fas.FEL.json.FEL.figureLegend
    wildcards: sample=Primate_TP53.3.codon.fas.FEL.json
    resources: tmpdir=/var/folders/h_/ggxlxnd12j36cf3lfm_8hx4c0000gr/T

[Wed Jun 25 19:33:31 2025]
rule PlotMEME:
    input: /Users/agl4001/Documents/AOC-develop/results/Primate_TP53/Primate_TP53.5.codon.fas.MEME.json
    output: /Users/agl4001/Documents/AOC-develop/results/Primate_TP53/Visualizations/Primate_TP53.5.codon.fas.MEME.json.MEME.csv, /Users/agl4001/Documents/AOC-develop/results/Primate_TP53/Visualizations/Primate_TP53.5.codon.fas.MEME.json.MEME.png, /Users/agl4001/Documents/AOC-develop/results/Primate_TP53/Visualizations/Primate_TP53.5.codon.fas.MEME.json.MEME.svg, /Users/agl4001/Documents/AOC-develop/results/Primate_TP53/Visualizations/Primate_TP53.5.codon.fas.MEME.json.MEME.figureLegend
    jobid: 10
    reason: Missing output files: /Users/agl4001/Documents/AOC-develop/results/Primate_TP53/Visualizations/Primate_TP53.5.codon.fas.MEME.json.MEME.svg, /Users/agl4001/Documents/AOC-develop/results/Primate_TP53/Visualizations/Primate_TP53.5.codon.fas.MEME.json.MEME.csv, /Users/agl4001/Documents/AOC-develop/results/Primate_TP53/Visualizations/Primate_TP53.5.codon.fas.MEME.json.MEME.figureLegend, /Users/agl4001/Documents/AOC-develop/results/Primate_TP53/Visualizations/Primate_TP53.5.codon.fas.MEME.json.MEME.png
    wildcards: sample=Primate_TP53.5.codon.fas.MEME.json
    resources: tmpdir=/var/folders/h_/ggxlxnd12j36cf3lfm_8hx4c0000gr/T

[Wed Jun 25 19:33:31 2025]
rule PlotBGM:
    input: /Users/agl4001/Documents/AOC-develop/results/Primate_TP53/Primate_TP53.4.codon.fas.BGM.json
    output: /Users/agl4001/Documents/AOC-develop/results/Primate_TP53/Visualizations/Primate_TP53.4.codon.fas.BGM.json.BGM.csv, /Users/agl4001/Documents/AOC-develop/results/Primate_TP53/Visualizations/Primate_TP53.4.codon.fas.BGM.json.BGM.png, /Users/agl4001/Documents/AOC-develop/results/Primate_TP53/Visualizations/Primate_TP53.4.codon.fas.BGM.json.BGM.svg
    jobid: 14
    reason: Missing output files: /Users/agl4001/Documents/AOC-develop/results/Primate_TP53/Visualizations/Primate_TP53.4.codon.fas.BGM.json.BGM.csv, /Users/agl4001/Documents/AOC-develop/results/Primate_TP53/Visualizations/Primate_TP53.4.codon.fas.BGM.json.BGM.png, /Users/agl4001/Documents/AOC-develop/results/Primate_TP53/Visualizations/Primate_TP53.4.codon.fas.BGM.json.BGM.svg
    wildcards: sample=Primate_TP53.4.codon.fas.BGM.json
    resources: tmpdir=/var/folders/h_/ggxlxnd12j36cf3lfm_8hx4c0000gr/T

[Wed Jun 25 19:33:31 2025]
rule executiveSummary:
    input: /Users/agl4001/Documents/AOC-develop/results/Primate_TP53/Primate_TP53
    output: /Users/agl4001/Documents/AOC-develop/results/Primate_TP53/Primate_TP53.aoc.executiveSummary.csv
    jobid: 16
    reason: Missing output files: /Users/agl4001/Documents/AOC-develop/results/Primate_TP53/Primate_TP53.aoc.executiveSummary.csv
    wildcards: sample=Primate_TP53
    resources: tmpdir=/var/folders/h_/ggxlxnd12j36cf3lfm_8hx4c0000gr/T

[Wed Jun 25 19:33:31 2025]
rule PlotMEME:
    input: /Users/agl4001/Documents/AOC-develop/results/Primate_TP53/Primate_TP53.1.codon.fas.MEME.json
    output: /Users/agl4001/Documents/AOC-develop/results/Primate_TP53/Visualizations/Primate_TP53.1.codon.fas.MEME.json.MEME.csv, /Users/agl4001/Documents/AOC-develop/results/Primate_TP53/Visualizations/Primate_TP53.1.codon.fas.MEME.json.MEME.png, /Users/agl4001/Documents/AOC-develop/results/Primate_TP53/Visualizations/Primate_TP53.1.codon.fas.MEME.json.MEME.svg, /Users/agl4001/Documents/AOC-develop/results/Primate_TP53/Visualizations/Primate_TP53.1.codon.fas.MEME.json.MEME.figureLegend
    jobid: 6
    reason: Missing output files: /Users/agl4001/Documents/AOC-develop/results/Primate_TP53/Visualizations/Primate_TP53.1.codon.fas.MEME.json.MEME.png, /Users/agl4001/Documents/AOC-develop/results/Primate_TP53/Visualizations/Primate_TP53.1.codon.fas.MEME.json.MEME.figureLegend, /Users/agl4001/Documents/AOC-develop/results/Primate_TP53/Visualizations/Primate_TP53.1.codon.fas.MEME.json.MEME.svg, /Users/agl4001/Documents/AOC-develop/results/Primate_TP53/Visualizations/Primate_TP53.1.codon.fas.MEME.json.MEME.csv
    wildcards: sample=Primate_TP53.1.codon.fas.MEME.json
    resources: tmpdir=/var/folders/h_/ggxlxnd12j36cf3lfm_8hx4c0000gr/T

[Wed Jun 25 19:33:31 2025]
rule PlotBGM:
    input: /Users/agl4001/Documents/AOC-develop/results/Primate_TP53/Primate_TP53.1.codon.fas.BGM.json
    output: /Users/agl4001/Documents/AOC-develop/results/Primate_TP53/Visualizations/Primate_TP53.1.codon.fas.BGM.json.BGM.csv, /Users/agl4001/Documents/AOC-develop/results/Primate_TP53/Visualizations/Primate_TP53.1.codon.fas.BGM.json.BGM.png, /Users/agl4001/Documents/AOC-develop/results/Primate_TP53/Visualizations/Primate_TP53.1.codon.fas.BGM.json.BGM.svg
    jobid: 11
    reason: Missing output files: /Users/agl4001/Documents/AOC-develop/results/Primate_TP53/Visualizations/Primate_TP53.1.codon.fas.BGM.json.BGM.svg, /Users/agl4001/Documents/AOC-develop/results/Primate_TP53/Visualizations/Primate_TP53.1.codon.fas.BGM.json.BGM.csv, /Users/agl4001/Documents/AOC-develop/results/Primate_TP53/Visualizations/Primate_TP53.1.codon.fas.BGM.json.BGM.png
    wildcards: sample=Primate_TP53.1.codon.fas.BGM.json
    resources: tmpdir=/var/folders/h_/ggxlxnd12j36cf3lfm_8hx4c0000gr/T

Select jobs to execute...

[Wed Jun 25 19:33:35 2025]
rule PlotBGM:
    input: /Users/agl4001/Documents/AOC-develop/results/Primate_TP53/Primate_TP53.2.codon.fas.BGM.json
    output: /Users/agl4001/Documents/AOC-develop/results/Primate_TP53/Visualizations/Primate_TP53.2.codon.fas.BGM.json.BGM.csv, /Users/agl4001/Documents/AOC-develop/results/Primate_TP53/Visualizations/Primate_TP53.2.codon.fas.BGM.json.BGM.png, /Users/agl4001/Documents/AOC-develop/results/Primate_TP53/Visualizations/Primate_TP53.2.codon.fas.BGM.json.BGM.svg
    jobid: 12
    reason: Missing output files: /Users/agl4001/Documents/AOC-develop/results/Primate_TP53/Visualizations/Primate_TP53.2.codon.fas.BGM.json.BGM.csv, /Users/agl4001/Documents/AOC-develop/results/Primate_TP53/Visualizations/Primate_TP53.2.codon.fas.BGM.json.BGM.png, /Users/agl4001/Documents/AOC-develop/results/Primate_TP53/Visualizations/Primate_TP53.2.codon.fas.BGM.json.BGM.svg
    wildcards: sample=Primate_TP53.2.codon.fas.BGM.json
    resources: tmpdir=/var/folders/h_/ggxlxnd12j36cf3lfm_8hx4c0000gr/T

[Wed Jun 25 19:33:35 2025]
Finished job 13.
1 of 17 steps (6%) done
Select jobs to execute...

[Wed Jun 25 19:33:35 2025]
rule PlotFEL:
    input: /Users/agl4001/Documents/AOC-develop/results/Primate_TP53/Primate_TP53.1.codon.fas.FEL.json
    output: /Users/agl4001/Documents/AOC-develop/results/Primate_TP53/Visualizations/Primate_TP53.1.codon.fas.FEL.json.FEL.csv, /Users/agl4001/Documents/AOC-develop/results/Primate_TP53/Visualizations/Primate_TP53.1.codon.fas.FEL.json.FEL.png, /Users/agl4001/Documents/AOC-develop/results/Primate_TP53/Visualizations/Primate_TP53.1.codon.fas.FEL.json.FEL.svg, /Users/agl4001/Documents/AOC-develop/results/Primate_TP53/Visualizations/Primate_TP53.1.codon.fas.FEL.json.FEL.figureLegend
    jobid: 1
    reason: Missing output files: /Users/agl4001/Documents/AOC-develop/results/Primate_TP53/Visualizations/Primate_TP53.1.codon.fas.FEL.json.FEL.png, /Users/agl4001/Documents/AOC-develop/results/Primate_TP53/Visualizations/Primate_TP53.1.codon.fas.FEL.json.FEL.figureLegend, /Users/agl4001/Documents/AOC-develop/results/Primate_TP53/Visualizations/Primate_TP53.1.codon.fas.FEL.json.FEL.svg, /Users/agl4001/Documents/AOC-develop/results/Primate_TP53/Visualizations/Primate_TP53.1.codon.fas.FEL.json.FEL.csv
    wildcards: sample=Primate_TP53.1.codon.fas.FEL.json
    resources: tmpdir=/var/folders/h_/ggxlxnd12j36cf3lfm_8hx4c0000gr/T

[Wed Jun 25 19:33:35 2025]
Finished job 15.
2 of 17 steps (12%) done
[Wed Jun 25 19:33:35 2025]
Finished job 16.
3 of 17 steps (18%) done
Select jobs to execute...

[Wed Jun 25 19:33:35 2025]
rule PlotFEL:
    input: /Users/agl4001/Documents/AOC-develop/results/Primate_TP53/Primate_TP53.2.codon.fas.FEL.json
    output: /Users/agl4001/Documents/AOC-develop/results/Primate_TP53/Visualizations/Primate_TP53.2.codon.fas.FEL.json.FEL.csv, /Users/agl4001/Documents/AOC-develop/results/Primate_TP53/Visualizations/Primate_TP53.2.codon.fas.FEL.json.FEL.png, /Users/agl4001/Documents/AOC-develop/results/Primate_TP53/Visualizations/Primate_TP53.2.codon.fas.FEL.json.FEL.svg, /Users/agl4001/Documents/AOC-develop/results/Primate_TP53/Visualizations/Primate_TP53.2.codon.fas.FEL.json.FEL.figureLegend
    jobid: 2
    reason: Missing output files: /Users/agl4001/Documents/AOC-develop/results/Primate_TP53/Visualizations/Primate_TP53.2.codon.fas.FEL.json.FEL.png, /Users/agl4001/Documents/AOC-develop/results/Primate_TP53/Visualizations/Primate_TP53.2.codon.fas.FEL.json.FEL.svg, /Users/agl4001/Documents/AOC-develop/results/Primate_TP53/Visualizations/Primate_TP53.2.codon.fas.FEL.json.FEL.figureLegend, /Users/agl4001/Documents/AOC-develop/results/Primate_TP53/Visualizations/Primate_TP53.2.codon.fas.FEL.json.FEL.csv
    wildcards: sample=Primate_TP53.2.codon.fas.FEL.json
    resources: tmpdir=/var/folders/h_/ggxlxnd12j36cf3lfm_8hx4c0000gr/T

[Wed Jun 25 19:33:35 2025]
rule PlotMEME:
    input: /Users/agl4001/Documents/AOC-develop/results/Primate_TP53/Primate_TP53.3.codon.fas.MEME.json
    output: /Users/agl4001/Documents/AOC-develop/results/Primate_TP53/Visualizations/Primate_TP53.3.codon.fas.MEME.json.MEME.csv, /Users/agl4001/Documents/AOC-develop/results/Primate_TP53/Visualizations/Primate_TP53.3.codon.fas.MEME.json.MEME.png, /Users/agl4001/Documents/AOC-develop/results/Primate_TP53/Visualizations/Primate_TP53.3.codon.fas.MEME.json.MEME.svg, /Users/agl4001/Documents/AOC-develop/results/Primate_TP53/Visualizations/Primate_TP53.3.codon.fas.MEME.json.MEME.figureLegend
    jobid: 8
    reason: Missing output files: /Users/agl4001/Documents/AOC-develop/results/Primate_TP53/Visualizations/Primate_TP53.3.codon.fas.MEME.json.MEME.svg, /Users/agl4001/Documents/AOC-develop/results/Primate_TP53/Visualizations/Primate_TP53.3.codon.fas.MEME.json.MEME.figureLegend, /Users/agl4001/Documents/AOC-develop/results/Primate_TP53/Visualizations/Primate_TP53.3.codon.fas.MEME.json.MEME.csv, /Users/agl4001/Documents/AOC-develop/results/Primate_TP53/Visualizations/Primate_TP53.3.codon.fas.MEME.json.MEME.png
    wildcards: sample=Primate_TP53.3.codon.fas.MEME.json
    resources: tmpdir=/var/folders/h_/ggxlxnd12j36cf3lfm_8hx4c0000gr/T

[Wed Jun 25 19:33:35 2025]
Finished job 14.
4 of 17 steps (24%) done
[Wed Jun 25 19:33:37 2025]
Finished job 3.
5 of 17 steps (29%) done
[Wed Jun 25 19:33:37 2025]
Finished job 7.
6 of 17 steps (35%) done
[Wed Jun 25 19:33:37 2025]
Finished job 4.
7 of 17 steps (41%) done
[Wed Jun 25 19:33:37 2025]
Finished job 5.
8 of 17 steps (47%) done
[Wed Jun 25 19:33:37 2025]
Finished job 10.
9 of 17 steps (53%) done
[Wed Jun 25 19:33:37 2025]
Finished job 6.
10 of 17 steps (59%) done
[Wed Jun 25 19:33:37 2025]
Finished job 9.
11 of 17 steps (65%) done
[Wed Jun 25 19:33:38 2025]
Finished job 12.
12 of 17 steps (71%) done
[Wed Jun 25 19:33:39 2025]
Finished job 1.
13 of 17 steps (76%) done
[Wed Jun 25 19:33:39 2025]
Finished job 2.
14 of 17 steps (82%) done
[Wed Jun 25 19:33:39 2025]
Finished job 8.
15 of 17 steps (88%) done
Exiting because a job execution failed. Look above for error message
Complete log: .snakemake/log/2025-06-25T193329.498589.snakemake.log
