Building DAG of jobs...
Using shell: /bin/bash
Provided cores: 12
Rules claiming more threads will be scaled down.
Job stats:
job                 count
----------------  -------
all                     1
executiveSummary        1
total                   2

Select jobs to execute...

[Thu Jun 26 14:02:16 2025]
rule executiveSummary:
    input: /Users/agl4001/Documents/AOC-develop/results/Primate_ACE2/Primate_ACE2
    output: /Users/agl4001/Documents/AOC-develop/results/Primate_ACE2/Tables/Primate_ACE2.AOC.executiveSummary.csv
    jobid: 9
    reason: Missing output files: /Users/agl4001/Documents/AOC-develop/results/Primate_ACE2/Tables/Primate_ACE2.AOC.executiveSummary.csv
    wildcards: sample=Primate_ACE2
    resources: tmpdir=/var/folders/h_/ggxlxnd12j36cf3lfm_8hx4c0000gr/T

Exiting because a job execution failed. Look above for error message
Complete log: .snakemake/log/2025-06-26T140214.465667.snakemake.log
