Building DAG of jobs...
Using shell: /bin/bash
Provided cores: 12
Rules claiming more threads will be scaled down.
Job stats:
job                       count
----------------------  -------
all                           1
parse_gard_alternative        1
total                         2

Select jobs to execute...

[Wed Jun 25 17:48:05 2025]
rule parse_gard_alternative:
    input: /Users/agl4001/Documents/AOC-develop/results/Primate_TP53/Primate_TP53.RD.SA.codons.cln.fa.cluster.fasta.best-gard, /Users/agl4001/Documents/AOC-develop/results/Primate_TP53/Primate_TP53.RD.SA.codons.cln.fa
    output: /Users/agl4001/Documents/AOC-develop/results/Primate_TP53/Primate_TP53.1.codon.alt.fas, /Users/agl4001/Documents/AOC-develop/results/Primate_TP53/Primate_TP53.gard.alt.log
    jobid: 10
    reason: Code has changed since last execution
    wildcards: GENE=Primate_TP53
    resources: tmpdir=/var/folders/h_/ggxlxnd12j36cf3lfm_8hx4c0000gr/T

[Wed Jun 25 17:48:06 2025]
Finished job 10.
1 of 2 steps (50%) done
Select jobs to execute...

[Wed Jun 25 17:48:06 2025]
localrule all:
    input: /Users/agl4001/Documents/AOC-develop/results/Primate_TP53/Primate_TP53, /Users/agl4001/Documents/AOC-develop/results/Primate_TP53/Primate_TP53.codons.fa, /Users/agl4001/Documents/AOC-develop/results/Primate_TP53/Primate_TP53.aa.fa, /Users/agl4001/Documents/AOC-develop/results/Primate_TP53/Primate_TP53.codons.cln.fa, /Users/agl4001/Documents/AOC-develop/results/Primate_TP53/Primate_TP53.SA.codons.cln.fa, /Users/agl4001/Documents/AOC-develop/results/Primate_TP53/Primate_TP53.RD.SA.codons.cln.fa, /Users/agl4001/Documents/AOC-develop/results/Primate_TP53/Primate_TP53.RD.SA.codons.cln.fa.treefile, /Users/agl4001/Documents/AOC-develop/results/Primate_TP53/Primate_TP53.RD.SA.codons.cln.fa.cluster.json, /Users/agl4001/Documents/AOC-develop/results/Primate_TP53/Primate_TP53.RD.SA.codons.cln.fa.cluster.fasta, /Users/agl4001/Documents/AOC-develop/results/Primate_TP53/Primate_TP53.RD.SA.codons.cln.fa.cluster.fasta.GARD.json, /Users/agl4001/Documents/AOC-develop/results/Primate_TP53/Primate_TP53.RD.SA.codons.cln.fa.cluster.fasta.best-gard, /Users/agl4001/Documents/AOC-develop/results/Primate_TP53/Primate_TP53.1.codon.fas, /Users/agl4001/Documents/AOC-develop/results/Primate_TP53/Primate_TP53.gard.log, /Users/agl4001/Documents/AOC-develop/results/Primate_TP53/Primate_TP53.1.codon.alt.fas, /Users/agl4001/Documents/AOC-develop/results/Primate_TP53/Primate_TP53.gard.alt.log, /Users/agl4001/Documents/AOC-develop/results/Primate_TP53/Primate_TP53_Annotated.csv
    jobid: 0
    reason: Input files updated by another job: /Users/agl4001/Documents/AOC-develop/results/Primate_TP53/Primate_TP53.1.codon.alt.fas, /Users/agl4001/Documents/AOC-develop/results/Primate_TP53/Primate_TP53.gard.alt.log
    resources: tmpdir=/var/folders/h_/ggxlxnd12j36cf3lfm_8hx4c0000gr/T

[Wed Jun 25 17:48:06 2025]
Finished job 0.
2 of 2 steps (100%) done
Complete log: .snakemake/log/2025-06-25T174804.380233.snakemake.log
