Building DAG of jobs...
Using shell: /bin/bash
Provided cores: 12
Rules claiming more threads will be scaled down.
Job stats:
job                 count
----------------  -------
MergeFELCSVs            1
MergeMEMECSVs           1
PlotFEL                 5
PlotFELMerge            1
PlotMEME                5
all                     1
executiveSummary        1
total                  15

Select jobs to execute...

[Thu Jun 26 18:22:24 2025]
rule PlotFEL:
    input: /Users/agl4001/Documents/AOC-develop/results/Primate_TP53/Primate_TP53.2.codon.fas.FEL.json
    output: /Users/agl4001/Documents/AOC-develop/results/Primate_TP53/Tables/Primate_TP53.2.codon.fas.FEL.json.FEL.csv, /Users/agl4001/Documents/AOC-develop/results/Primate_TP53/Visualizations/Primate_TP53.2.codon.fas.FEL.json.FEL.png, /Users/agl4001/Documents/AOC-develop/results/Primate_TP53/Visualizations/Primate_TP53.2.codon.fas.FEL.json.FEL.svg, /Users/agl4001/Documents/AOC-develop/results/Primate_TP53/Visualizations/Primate_TP53.2.codon.fas.FEL.json.FEL.figureLegend
    jobid: 2
    reason: Missing output files: /Users/agl4001/Documents/AOC-develop/results/Primate_TP53/Visualizations/Primate_TP53.2.codon.fas.FEL.json.FEL.figureLegend, /Users/agl4001/Documents/AOC-develop/results/Primate_TP53/Visualizations/Primate_TP53.2.codon.fas.FEL.json.FEL.png, /Users/agl4001/Documents/AOC-develop/results/Primate_TP53/Visualizations/Primate_TP53.2.codon.fas.FEL.json.FEL.svg, /Users/agl4001/Documents/AOC-develop/results/Primate_TP53/Tables/Primate_TP53.2.codon.fas.FEL.json.FEL.csv
    wildcards: sample=Primate_TP53.2.codon.fas.FEL.json
    resources: tmpdir=/var/folders/h_/ggxlxnd12j36cf3lfm_8hx4c0000gr/T

[Thu Jun 26 18:22:24 2025]
rule PlotMEME:
    input: /Users/agl4001/Documents/AOC-develop/results/Primate_TP53/Primate_TP53.3.codon.fas.MEME.json
    output: /Users/agl4001/Documents/AOC-develop/results/Primate_TP53/Tables/Primate_TP53.3.codon.fas.MEME.json.MEME.csv, /Users/agl4001/Documents/AOC-develop/results/Primate_TP53/Visualizations/Primate_TP53.3.codon.fas.MEME.json.MEME.png, /Users/agl4001/Documents/AOC-develop/results/Primate_TP53/Visualizations/Primate_TP53.3.codon.fas.MEME.json.MEME.svg, /Users/agl4001/Documents/AOC-develop/results/Primate_TP53/Visualizations/Primate_TP53.3.codon.fas.MEME.json.MEME.figureLegend
    jobid: 8
    reason: Missing output files: /Users/agl4001/Documents/AOC-develop/results/Primate_TP53/Visualizations/Primate_TP53.3.codon.fas.MEME.json.MEME.png, /Users/agl4001/Documents/AOC-develop/results/Primate_TP53/Tables/Primate_TP53.3.codon.fas.MEME.json.MEME.csv, /Users/agl4001/Documents/AOC-develop/results/Primate_TP53/Visualizations/Primate_TP53.3.codon.fas.MEME.json.MEME.svg, /Users/agl4001/Documents/AOC-develop/results/Primate_TP53/Visualizations/Primate_TP53.3.codon.fas.MEME.json.MEME.figureLegend
    wildcards: sample=Primate_TP53.3.codon.fas.MEME.json
    resources: tmpdir=/var/folders/h_/ggxlxnd12j36cf3lfm_8hx4c0000gr/T

[Thu Jun 26 18:22:24 2025]
rule PlotFEL:
    input: /Users/agl4001/Documents/AOC-develop/results/Primate_TP53/Primate_TP53.3.codon.fas.FEL.json
    output: /Users/agl4001/Documents/AOC-develop/results/Primate_TP53/Tables/Primate_TP53.3.codon.fas.FEL.json.FEL.csv, /Users/agl4001/Documents/AOC-develop/results/Primate_TP53/Visualizations/Primate_TP53.3.codon.fas.FEL.json.FEL.png, /Users/agl4001/Documents/AOC-develop/results/Primate_TP53/Visualizations/Primate_TP53.3.codon.fas.FEL.json.FEL.svg, /Users/agl4001/Documents/AOC-develop/results/Primate_TP53/Visualizations/Primate_TP53.3.codon.fas.FEL.json.FEL.figureLegend
    jobid: 3
    reason: Missing output files: /Users/agl4001/Documents/AOC-develop/results/Primate_TP53/Visualizations/Primate_TP53.3.codon.fas.FEL.json.FEL.png, /Users/agl4001/Documents/AOC-develop/results/Primate_TP53/Visualizations/Primate_TP53.3.codon.fas.FEL.json.FEL.figureLegend, /Users/agl4001/Documents/AOC-develop/results/Primate_TP53/Visualizations/Primate_TP53.3.codon.fas.FEL.json.FEL.svg, /Users/agl4001/Documents/AOC-develop/results/Primate_TP53/Tables/Primate_TP53.3.codon.fas.FEL.json.FEL.csv
    wildcards: sample=Primate_TP53.3.codon.fas.FEL.json
    resources: tmpdir=/var/folders/h_/ggxlxnd12j36cf3lfm_8hx4c0000gr/T

[Thu Jun 26 18:22:24 2025]
rule PlotMEME:
    input: /Users/agl4001/Documents/AOC-develop/results/Primate_TP53/Primate_TP53.1.codon.fas.MEME.json
    output: /Users/agl4001/Documents/AOC-develop/results/Primate_TP53/Tables/Primate_TP53.1.codon.fas.MEME.json.MEME.csv, /Users/agl4001/Documents/AOC-develop/results/Primate_TP53/Visualizations/Primate_TP53.1.codon.fas.MEME.json.MEME.png, /Users/agl4001/Documents/AOC-develop/results/Primate_TP53/Visualizations/Primate_TP53.1.codon.fas.MEME.json.MEME.svg, /Users/agl4001/Documents/AOC-develop/results/Primate_TP53/Visualizations/Primate_TP53.1.codon.fas.MEME.json.MEME.figureLegend
    jobid: 6
    reason: Missing output files: /Users/agl4001/Documents/AOC-develop/results/Primate_TP53/Visualizations/Primate_TP53.1.codon.fas.MEME.json.MEME.svg, /Users/agl4001/Documents/AOC-develop/results/Primate_TP53/Visualizations/Primate_TP53.1.codon.fas.MEME.json.MEME.png, /Users/agl4001/Documents/AOC-develop/results/Primate_TP53/Tables/Primate_TP53.1.codon.fas.MEME.json.MEME.csv, /Users/agl4001/Documents/AOC-develop/results/Primate_TP53/Visualizations/Primate_TP53.1.codon.fas.MEME.json.MEME.figureLegend
    wildcards: sample=Primate_TP53.1.codon.fas.MEME.json
    resources: tmpdir=/var/folders/h_/ggxlxnd12j36cf3lfm_8hx4c0000gr/T

[Thu Jun 26 18:22:24 2025]
rule PlotMEME:
    input: /Users/agl4001/Documents/AOC-develop/results/Primate_TP53/Primate_TP53.5.codon.fas.MEME.json
    output: /Users/agl4001/Documents/AOC-develop/results/Primate_TP53/Tables/Primate_TP53.5.codon.fas.MEME.json.MEME.csv, /Users/agl4001/Documents/AOC-develop/results/Primate_TP53/Visualizations/Primate_TP53.5.codon.fas.MEME.json.MEME.png, /Users/agl4001/Documents/AOC-develop/results/Primate_TP53/Visualizations/Primate_TP53.5.codon.fas.MEME.json.MEME.svg, /Users/agl4001/Documents/AOC-develop/results/Primate_TP53/Visualizations/Primate_TP53.5.codon.fas.MEME.json.MEME.figureLegend
    jobid: 10
    reason: Missing output files: /Users/agl4001/Documents/AOC-develop/results/Primate_TP53/Visualizations/Primate_TP53.5.codon.fas.MEME.json.MEME.png, /Users/agl4001/Documents/AOC-develop/results/Primate_TP53/Tables/Primate_TP53.5.codon.fas.MEME.json.MEME.csv, /Users/agl4001/Documents/AOC-develop/results/Primate_TP53/Visualizations/Primate_TP53.5.codon.fas.MEME.json.MEME.figureLegend, /Users/agl4001/Documents/AOC-develop/results/Primate_TP53/Visualizations/Primate_TP53.5.codon.fas.MEME.json.MEME.svg
    wildcards: sample=Primate_TP53.5.codon.fas.MEME.json
    resources: tmpdir=/var/folders/h_/ggxlxnd12j36cf3lfm_8hx4c0000gr/T

[Thu Jun 26 18:22:24 2025]
rule PlotMEME:
    input: /Users/agl4001/Documents/AOC-develop/results/Primate_TP53/Primate_TP53.2.codon.fas.MEME.json
    output: /Users/agl4001/Documents/AOC-develop/results/Primate_TP53/Tables/Primate_TP53.2.codon.fas.MEME.json.MEME.csv, /Users/agl4001/Documents/AOC-develop/results/Primate_TP53/Visualizations/Primate_TP53.2.codon.fas.MEME.json.MEME.png, /Users/agl4001/Documents/AOC-develop/results/Primate_TP53/Visualizations/Primate_TP53.2.codon.fas.MEME.json.MEME.svg, /Users/agl4001/Documents/AOC-develop/results/Primate_TP53/Visualizations/Primate_TP53.2.codon.fas.MEME.json.MEME.figureLegend
    jobid: 7
    reason: Missing output files: /Users/agl4001/Documents/AOC-develop/results/Primate_TP53/Tables/Primate_TP53.2.codon.fas.MEME.json.MEME.csv, /Users/agl4001/Documents/AOC-develop/results/Primate_TP53/Visualizations/Primate_TP53.2.codon.fas.MEME.json.MEME.png, /Users/agl4001/Documents/AOC-develop/results/Primate_TP53/Visualizations/Primate_TP53.2.codon.fas.MEME.json.MEME.figureLegend, /Users/agl4001/Documents/AOC-develop/results/Primate_TP53/Visualizations/Primate_TP53.2.codon.fas.MEME.json.MEME.svg
    wildcards: sample=Primate_TP53.2.codon.fas.MEME.json
    resources: tmpdir=/var/folders/h_/ggxlxnd12j36cf3lfm_8hx4c0000gr/T

[Thu Jun 26 18:22:24 2025]
rule PlotFEL:
    input: /Users/agl4001/Documents/AOC-develop/results/Primate_TP53/Primate_TP53.4.codon.fas.FEL.json
    output: /Users/agl4001/Documents/AOC-develop/results/Primate_TP53/Tables/Primate_TP53.4.codon.fas.FEL.json.FEL.csv, /Users/agl4001/Documents/AOC-develop/results/Primate_TP53/Visualizations/Primate_TP53.4.codon.fas.FEL.json.FEL.png, /Users/agl4001/Documents/AOC-develop/results/Primate_TP53/Visualizations/Primate_TP53.4.codon.fas.FEL.json.FEL.svg, /Users/agl4001/Documents/AOC-develop/results/Primate_TP53/Visualizations/Primate_TP53.4.codon.fas.FEL.json.FEL.figureLegend
    jobid: 4
    reason: Missing output files: /Users/agl4001/Documents/AOC-develop/results/Primate_TP53/Tables/Primate_TP53.4.codon.fas.FEL.json.FEL.csv, /Users/agl4001/Documents/AOC-develop/results/Primate_TP53/Visualizations/Primate_TP53.4.codon.fas.FEL.json.FEL.png, /Users/agl4001/Documents/AOC-develop/results/Primate_TP53/Visualizations/Primate_TP53.4.codon.fas.FEL.json.FEL.svg, /Users/agl4001/Documents/AOC-develop/results/Primate_TP53/Visualizations/Primate_TP53.4.codon.fas.FEL.json.FEL.figureLegend
    wildcards: sample=Primate_TP53.4.codon.fas.FEL.json
    resources: tmpdir=/var/folders/h_/ggxlxnd12j36cf3lfm_8hx4c0000gr/T

[Thu Jun 26 18:22:24 2025]
rule PlotMEME:
    input: /Users/agl4001/Documents/AOC-develop/results/Primate_TP53/Primate_TP53.4.codon.fas.MEME.json
    output: /Users/agl4001/Documents/AOC-develop/results/Primate_TP53/Tables/Primate_TP53.4.codon.fas.MEME.json.MEME.csv, /Users/agl4001/Documents/AOC-develop/results/Primate_TP53/Visualizations/Primate_TP53.4.codon.fas.MEME.json.MEME.png, /Users/agl4001/Documents/AOC-develop/results/Primate_TP53/Visualizations/Primate_TP53.4.codon.fas.MEME.json.MEME.svg, /Users/agl4001/Documents/AOC-develop/results/Primate_TP53/Visualizations/Primate_TP53.4.codon.fas.MEME.json.MEME.figureLegend
    jobid: 9
    reason: Missing output files: /Users/agl4001/Documents/AOC-develop/results/Primate_TP53/Visualizations/Primate_TP53.4.codon.fas.MEME.json.MEME.svg, /Users/agl4001/Documents/AOC-develop/results/Primate_TP53/Tables/Primate_TP53.4.codon.fas.MEME.json.MEME.csv, /Users/agl4001/Documents/AOC-develop/results/Primate_TP53/Visualizations/Primate_TP53.4.codon.fas.MEME.json.MEME.figureLegend, /Users/agl4001/Documents/AOC-develop/results/Primate_TP53/Visualizations/Primate_TP53.4.codon.fas.MEME.json.MEME.png
    wildcards: sample=Primate_TP53.4.codon.fas.MEME.json
    resources: tmpdir=/var/folders/h_/ggxlxnd12j36cf3lfm_8hx4c0000gr/T

[Thu Jun 26 18:22:24 2025]
rule PlotFEL:
    input: /Users/agl4001/Documents/AOC-develop/results/Primate_TP53/Primate_TP53.5.codon.fas.FEL.json
    output: /Users/agl4001/Documents/AOC-develop/results/Primate_TP53/Tables/Primate_TP53.5.codon.fas.FEL.json.FEL.csv, /Users/agl4001/Documents/AOC-develop/results/Primate_TP53/Visualizations/Primate_TP53.5.codon.fas.FEL.json.FEL.png, /Users/agl4001/Documents/AOC-develop/results/Primate_TP53/Visualizations/Primate_TP53.5.codon.fas.FEL.json.FEL.svg, /Users/agl4001/Documents/AOC-develop/results/Primate_TP53/Visualizations/Primate_TP53.5.codon.fas.FEL.json.FEL.figureLegend
    jobid: 5
    reason: Missing output files: /Users/agl4001/Documents/AOC-develop/results/Primate_TP53/Visualizations/Primate_TP53.5.codon.fas.FEL.json.FEL.figureLegend, /Users/agl4001/Documents/AOC-develop/results/Primate_TP53/Tables/Primate_TP53.5.codon.fas.FEL.json.FEL.csv, /Users/agl4001/Documents/AOC-develop/results/Primate_TP53/Visualizations/Primate_TP53.5.codon.fas.FEL.json.FEL.png, /Users/agl4001/Documents/AOC-develop/results/Primate_TP53/Visualizations/Primate_TP53.5.codon.fas.FEL.json.FEL.svg
    wildcards: sample=Primate_TP53.5.codon.fas.FEL.json
    resources: tmpdir=/var/folders/h_/ggxlxnd12j36cf3lfm_8hx4c0000gr/T

[Thu Jun 26 18:22:24 2025]
rule executiveSummary:
    input: /Users/agl4001/Documents/AOC-develop/results/Primate_TP53/Primate_TP53
    output: /Users/agl4001/Documents/AOC-develop/results/Primate_TP53/Tables/Primate_TP53.AOC.executiveSummary.csv
    jobid: 11
    reason: Missing output files: /Users/agl4001/Documents/AOC-develop/results/Primate_TP53/Tables/Primate_TP53.AOC.executiveSummary.csv
    wildcards: sample=Primate_TP53
    resources: tmpdir=/var/folders/h_/ggxlxnd12j36cf3lfm_8hx4c0000gr/T

[Thu Jun 26 18:22:24 2025]
rule PlotFEL:
    input: /Users/agl4001/Documents/AOC-develop/results/Primate_TP53/Primate_TP53.1.codon.fas.FEL.json
    output: /Users/agl4001/Documents/AOC-develop/results/Primate_TP53/Tables/Primate_TP53.1.codon.fas.FEL.json.FEL.csv, /Users/agl4001/Documents/AOC-develop/results/Primate_TP53/Visualizations/Primate_TP53.1.codon.fas.FEL.json.FEL.png, /Users/agl4001/Documents/AOC-develop/results/Primate_TP53/Visualizations/Primate_TP53.1.codon.fas.FEL.json.FEL.svg, /Users/agl4001/Documents/AOC-develop/results/Primate_TP53/Visualizations/Primate_TP53.1.codon.fas.FEL.json.FEL.figureLegend
    jobid: 1
    reason: Missing output files: /Users/agl4001/Documents/AOC-develop/results/Primate_TP53/Visualizations/Primate_TP53.1.codon.fas.FEL.json.FEL.png, /Users/agl4001/Documents/AOC-develop/results/Primate_TP53/Visualizations/Primate_TP53.1.codon.fas.FEL.json.FEL.figureLegend, /Users/agl4001/Documents/AOC-develop/results/Primate_TP53/Visualizations/Primate_TP53.1.codon.fas.FEL.json.FEL.svg, /Users/agl4001/Documents/AOC-develop/results/Primate_TP53/Tables/Primate_TP53.1.codon.fas.FEL.json.FEL.csv
    wildcards: sample=Primate_TP53.1.codon.fas.FEL.json
    resources: tmpdir=/var/folders/h_/ggxlxnd12j36cf3lfm_8hx4c0000gr/T

[Thu Jun 26 18:22:29 2025]
Finished job 2.
1 of 15 steps (7%) done
[Thu Jun 26 18:22:29 2025]
Finished job 1.
2 of 15 steps (13%) done
[Thu Jun 26 18:22:29 2025]
Finished job 3.
3 of 15 steps (20%) done
[Thu Jun 26 18:22:29 2025]
Finished job 5.
4 of 15 steps (27%) done
[Thu Jun 26 18:22:29 2025]
Finished job 7.
5 of 15 steps (33%) done
[Thu Jun 26 18:22:29 2025]
Finished job 8.
6 of 15 steps (40%) done
[Thu Jun 26 18:22:29 2025]
Finished job 10.
7 of 15 steps (47%) done
[Thu Jun 26 18:22:29 2025]
Finished job 6.
8 of 15 steps (53%) done
[Thu Jun 26 18:22:29 2025]
Finished job 4.
9 of 15 steps (60%) done
Select jobs to execute...

[Thu Jun 26 18:22:29 2025]
rule MergeFELCSVs:
    input: /Users/agl4001/Documents/AOC-develop/results/Primate_TP53/Tables/Primate_TP53.1.codon.fas.FEL.json.FEL.csv, /Users/agl4001/Documents/AOC-develop/results/Primate_TP53/Tables/Primate_TP53.2.codon.fas.FEL.json.FEL.csv, /Users/agl4001/Documents/AOC-develop/results/Primate_TP53/Tables/Primate_TP53.3.codon.fas.FEL.json.FEL.csv, /Users/agl4001/Documents/AOC-develop/results/Primate_TP53/Tables/Primate_TP53.4.codon.fas.FEL.json.FEL.csv, /Users/agl4001/Documents/AOC-develop/results/Primate_TP53/Tables/Primate_TP53.5.codon.fas.FEL.json.FEL.csv
    output: /Users/agl4001/Documents/AOC-develop/results/Primate_TP53/Tables/Primate_TP53.AOC.merged_FEL_Results.csv
    jobid: 12
    reason: Missing output files: /Users/agl4001/Documents/AOC-develop/results/Primate_TP53/Tables/Primate_TP53.AOC.merged_FEL_Results.csv; Input files updated by another job: /Users/agl4001/Documents/AOC-develop/results/Primate_TP53/Tables/Primate_TP53.4.codon.fas.FEL.json.FEL.csv, /Users/agl4001/Documents/AOC-develop/results/Primate_TP53/Tables/Primate_TP53.5.codon.fas.FEL.json.FEL.csv, /Users/agl4001/Documents/AOC-develop/results/Primate_TP53/Tables/Primate_TP53.2.codon.fas.FEL.json.FEL.csv, /Users/agl4001/Documents/AOC-develop/results/Primate_TP53/Tables/Primate_TP53.1.codon.fas.FEL.json.FEL.csv, /Users/agl4001/Documents/AOC-develop/results/Primate_TP53/Tables/Primate_TP53.3.codon.fas.FEL.json.FEL.csv
    wildcards: sample=Primate_TP53
    resources: tmpdir=/var/folders/h_/ggxlxnd12j36cf3lfm_8hx4c0000gr/T

[Thu Jun 26 18:22:29 2025]
Finished job 9.
10 of 15 steps (67%) done
Select jobs to execute...

[Thu Jun 26 18:22:29 2025]
rule MergeMEMECSVs:
    input: /Users/agl4001/Documents/AOC-develop/results/Primate_TP53/Tables/Primate_TP53.1.codon.fas.MEME.json.MEME.csv, /Users/agl4001/Documents/AOC-develop/results/Primate_TP53/Tables/Primate_TP53.2.codon.fas.MEME.json.MEME.csv, /Users/agl4001/Documents/AOC-develop/results/Primate_TP53/Tables/Primate_TP53.3.codon.fas.MEME.json.MEME.csv, /Users/agl4001/Documents/AOC-develop/results/Primate_TP53/Tables/Primate_TP53.4.codon.fas.MEME.json.MEME.csv, /Users/agl4001/Documents/AOC-develop/results/Primate_TP53/Tables/Primate_TP53.5.codon.fas.MEME.json.MEME.csv
    output: /Users/agl4001/Documents/AOC-develop/results/Primate_TP53/Tables/Primate_TP53.AOC.merged_MEME_Results.csv
    jobid: 13
    reason: Missing output files: /Users/agl4001/Documents/AOC-develop/results/Primate_TP53/Tables/Primate_TP53.AOC.merged_MEME_Results.csv; Input files updated by another job: /Users/agl4001/Documents/AOC-develop/results/Primate_TP53/Tables/Primate_TP53.3.codon.fas.MEME.json.MEME.csv, /Users/agl4001/Documents/AOC-develop/results/Primate_TP53/Tables/Primate_TP53.4.codon.fas.MEME.json.MEME.csv, /Users/agl4001/Documents/AOC-develop/results/Primate_TP53/Tables/Primate_TP53.2.codon.fas.MEME.json.MEME.csv, /Users/agl4001/Documents/AOC-develop/results/Primate_TP53/Tables/Primate_TP53.1.codon.fas.MEME.json.MEME.csv, /Users/agl4001/Documents/AOC-develop/results/Primate_TP53/Tables/Primate_TP53.5.codon.fas.MEME.json.MEME.csv
    wildcards: sample=Primate_TP53
    resources: tmpdir=/var/folders/h_/ggxlxnd12j36cf3lfm_8hx4c0000gr/T

[Thu Jun 26 18:22:31 2025]
Finished job 13.
11 of 15 steps (73%) done
[Thu Jun 26 18:22:31 2025]
Finished job 12.
12 of 15 steps (80%) done
Select jobs to execute...

[Thu Jun 26 18:22:31 2025]
rule PlotFELMerge:
    input: /Users/agl4001/Documents/AOC-develop/results/Primate_TP53/Tables/Primate_TP53.AOC.merged_FEL_Results.csv
    output: /Users/agl4001/Documents/AOC-develop/results/Primate_TP53/Visualizations/Primate_TP53.FEL.merged.png, /Users/agl4001/Documents/AOC-develop/results/Primate_TP53/Visualizations/Primate_TP53.FEL.merged.svg
    jobid: 14
    reason: Missing output files: /Users/agl4001/Documents/AOC-develop/results/Primate_TP53/Visualizations/Primate_TP53.FEL.merged.png, /Users/agl4001/Documents/AOC-develop/results/Primate_TP53/Visualizations/Primate_TP53.FEL.merged.svg; Input files updated by another job: /Users/agl4001/Documents/AOC-develop/results/Primate_TP53/Tables/Primate_TP53.AOC.merged_FEL_Results.csv
    wildcards: sample=Primate_TP53
    resources: tmpdir=/var/folders/h_/ggxlxnd12j36cf3lfm_8hx4c0000gr/T

[Thu Jun 26 18:22:34 2025]
Finished job 14.
13 of 15 steps (87%) done
Exiting because a job execution failed. Look above for error message
Complete log: .snakemake/log/2025-06-26T182222.038221.snakemake.log
