Building DAG of jobs...
Using shell: /bin/bash
Provided cores: 12
Rules claiming more threads will be scaled down.
Job stats:
job              count
-------------  -------
MergeMEMECSVs        1
PlotBGM              1
all                  1
total                3

Select jobs to execute...

[Thu Jun 26 09:22:27 2025]
rule MergeMEMECSVs:
    input: /Users/agl4001/Documents/AOC-develop/results/Primate_TP53/Tables/Primate_TP53.1.codon.fas.MEME.json.MEME.csv, /Users/agl4001/Documents/AOC-develop/results/Primate_TP53/Tables/Primate_TP53.2.codon.fas.MEME.json.MEME.csv, /Users/agl4001/Documents/AOC-develop/results/Primate_TP53/Tables/Primate_TP53.3.codon.fas.MEME.json.MEME.csv, /Users/agl4001/Documents/AOC-develop/results/Primate_TP53/Tables/Primate_TP53.4.codon.fas.MEME.json.MEME.csv, /Users/agl4001/Documents/AOC-develop/results/Primate_TP53/Tables/Primate_TP53.5.codon.fas.MEME.json.MEME.csv
    output: /Users/agl4001/Documents/AOC-develop/results/Primate_TP53/Tables/Primate_TP53.AOC.merged_MEME_Results.csv
    jobid: 18
    reason: Missing output files: /Users/agl4001/Documents/AOC-develop/results/Primate_TP53/Tables/Primate_TP53.AOC.merged_MEME_Results.csv
    wildcards: sample=Primate_TP53
    resources: tmpdir=/var/folders/h_/ggxlxnd12j36cf3lfm_8hx4c0000gr/T

[Thu Jun 26 09:22:27 2025]
rule PlotBGM:
    input: /Users/agl4001/Documents/AOC-develop/results/Primate_TP53/Primate_TP53.1.codon.fas.BGM.json
    output: /Users/agl4001/Documents/AOC-develop/results/Primate_TP53/Tables/Primate_TP53.1.codon.fas.BGM.json.BGM.csv, /Users/agl4001/Documents/AOC-develop/results/Primate_TP53/Visualizations/Primate_TP53.1.codon.fas.BGM.json.BGM.png, /Users/agl4001/Documents/AOC-develop/results/Primate_TP53/Visualizations/Primate_TP53.1.codon.fas.BGM.json.BGM.svg
    jobid: 11
    reason: Missing output files: /Users/agl4001/Documents/AOC-develop/results/Primate_TP53/Tables/Primate_TP53.1.codon.fas.BGM.json.BGM.csv, /Users/agl4001/Documents/AOC-develop/results/Primate_TP53/Visualizations/Primate_TP53.1.codon.fas.BGM.json.BGM.png, /Users/agl4001/Documents/AOC-develop/results/Primate_TP53/Visualizations/Primate_TP53.1.codon.fas.BGM.json.BGM.svg
    wildcards: sample=Primate_TP53.1.codon.fas.BGM.json
    resources: tmpdir=/var/folders/h_/ggxlxnd12j36cf3lfm_8hx4c0000gr/T

[Thu Jun 26 09:22:29 2025]
Finished job 18.
1 of 3 steps (33%) done
Exiting because a job execution failed. Look above for error message
Complete log: .snakemake/log/2025-06-26T092225.000210.snakemake.log
