Building DAG of jobs...
Using shell: /bin/bash
Provided cores: 12
Rules claiming more threads will be scaled down.
Job stats:
job      count
-----  -------
RELAX        4
all          1
total        5

Select jobs to execute...

[Thu Jun 26 12:07:46 2025]
rule RELAX:
    input: /Users/agl4001/Documents/AOC-develop/results/Primate_ACE2/Primate_ACE2.3.codon.fas, /Users/agl4001/Documents/AOC-develop/results/Primate_ACE2/Primate_ACE2.3.codon.fas.FastTree.treefile.labelled
    output: /Users/agl4001/Documents/AOC-develop/results/Primate_ACE2/Primate_ACE2.3.codon.fas.RELAX.json
    jobid: 49
    reason: Missing output files: /Users/agl4001/Documents/AOC-develop/results/Primate_ACE2/Primate_ACE2.3.codon.fas.RELAX.json
    wildcards: sample=Primate_ACE2.3.codon.fas
    resources: tmpdir=/var/folders/h_/ggxlxnd12j36cf3lfm_8hx4c0000gr/T


[Thu Jun 26 12:07:46 2025]
rule RELAX:
    input: /Users/agl4001/Documents/AOC-develop/results/Primate_ACE2/Primate_ACE2.4.codon.fas, /Users/agl4001/Documents/AOC-develop/results/Primate_ACE2/Primate_ACE2.4.codon.fas.FastTree.treefile.labelled
    output: /Users/agl4001/Documents/AOC-develop/results/Primate_ACE2/Primate_ACE2.4.codon.fas.RELAX.json
    jobid: 51
    reason: Missing output files: /Users/agl4001/Documents/AOC-develop/results/Primate_ACE2/Primate_ACE2.4.codon.fas.RELAX.json
    wildcards: sample=Primate_ACE2.4.codon.fas
    resources: tmpdir=/var/folders/h_/ggxlxnd12j36cf3lfm_8hx4c0000gr/T


[Thu Jun 26 12:07:46 2025]
rule RELAX:
    input: /Users/agl4001/Documents/AOC-develop/results/Primate_ACE2/Primate_ACE2.2.codon.fas, /Users/agl4001/Documents/AOC-develop/results/Primate_ACE2/Primate_ACE2.2.codon.fas.FastTree.treefile.labelled
    output: /Users/agl4001/Documents/AOC-develop/results/Primate_ACE2/Primate_ACE2.2.codon.fas.RELAX.json
    jobid: 47
    reason: Missing output files: /Users/agl4001/Documents/AOC-develop/results/Primate_ACE2/Primate_ACE2.2.codon.fas.RELAX.json
    wildcards: sample=Primate_ACE2.2.codon.fas
    resources: tmpdir=/var/folders/h_/ggxlxnd12j36cf3lfm_8hx4c0000gr/T


[Thu Jun 26 12:07:46 2025]
rule RELAX:
    input: /Users/agl4001/Documents/AOC-develop/results/Primate_ACE2/Primate_ACE2.1.codon.fas, /Users/agl4001/Documents/AOC-develop/results/Primate_ACE2/Primate_ACE2.1.codon.fas.FastTree.treefile.labelled
    output: /Users/agl4001/Documents/AOC-develop/results/Primate_ACE2/Primate_ACE2.1.codon.fas.RELAX.json
    jobid: 45
    reason: Missing output files: /Users/agl4001/Documents/AOC-develop/results/Primate_ACE2/Primate_ACE2.1.codon.fas.RELAX.json
    wildcards: sample=Primate_ACE2.1.codon.fas
    resources: tmpdir=/var/folders/h_/ggxlxnd12j36cf3lfm_8hx4c0000gr/T

[Thu Jun 26 12:07:46 2025]
Error in rule RELAX:
    jobid: 49
    input: /Users/agl4001/Documents/AOC-develop/results/Primate_ACE2/Primate_ACE2.3.codon.fas, /Users/agl4001/Documents/AOC-develop/results/Primate_ACE2/Primate_ACE2.3.codon.fas.FastTree.treefile.labelled
    output: /Users/agl4001/Documents/AOC-develop/results/Primate_ACE2/Primate_ACE2.3.codon.fas.RELAX.json
    shell:
        hyphy RELAX --alignment /Users/agl4001/Documents/AOC-develop/results/Primate_ACE2/Primate_ACE2.3.codon.fas --tree /Users/agl4001/Documents/AOC-develop/results/Primate_ACE2/Primate_ACE2.3.codon.fas.FastTree.treefile.labelled --output /Users/agl4001/Documents/AOC-develop/results/Primate_ACE2/Primate_ACE2.3.codon.fas.RELAX.json --reference-group Primates --models All --mode 'Group mode' --starting-points 25 --srv Yes
        (one of the commands exited with non-zero exit code; note that snakemake uses bash strict mode!)

[Thu Jun 26 12:07:46 2025]
Error in rule RELAX:
    jobid: 47
    input: /Users/agl4001/Documents/AOC-develop/results/Primate_ACE2/Primate_ACE2.2.codon.fas, /Users/agl4001/Documents/AOC-develop/results/Primate_ACE2/Primate_ACE2.2.codon.fas.FastTree.treefile.labelled
    output: /Users/agl4001/Documents/AOC-develop/results/Primate_ACE2/Primate_ACE2.2.codon.fas.RELAX.json
    shell:
        hyphy RELAX --alignment /Users/agl4001/Documents/AOC-develop/results/Primate_ACE2/Primate_ACE2.2.codon.fas --tree /Users/agl4001/Documents/AOC-develop/results/Primate_ACE2/Primate_ACE2.2.codon.fas.FastTree.treefile.labelled --output /Users/agl4001/Documents/AOC-develop/results/Primate_ACE2/Primate_ACE2.2.codon.fas.RELAX.json --reference-group Primates --models All --mode 'Group mode' --starting-points 25 --srv Yes
        (one of the commands exited with non-zero exit code; note that snakemake uses bash strict mode!)

[Thu Jun 26 12:07:46 2025]
Error in rule RELAX:
    jobid: 51
    input: /Users/agl4001/Documents/AOC-develop/results/Primate_ACE2/Primate_ACE2.4.codon.fas, /Users/agl4001/Documents/AOC-develop/results/Primate_ACE2/Primate_ACE2.4.codon.fas.FastTree.treefile.labelled
    output: /Users/agl4001/Documents/AOC-develop/results/Primate_ACE2/Primate_ACE2.4.codon.fas.RELAX.json
    shell:
        hyphy RELAX --alignment /Users/agl4001/Documents/AOC-develop/results/Primate_ACE2/Primate_ACE2.4.codon.fas --tree /Users/agl4001/Documents/AOC-develop/results/Primate_ACE2/Primate_ACE2.4.codon.fas.FastTree.treefile.labelled --output /Users/agl4001/Documents/AOC-develop/results/Primate_ACE2/Primate_ACE2.4.codon.fas.RELAX.json --reference-group Primates --models All --mode 'Group mode' --starting-points 25 --srv Yes
        (one of the commands exited with non-zero exit code; note that snakemake uses bash strict mode!)

[Thu Jun 26 12:07:46 2025]
Error in rule RELAX:
    jobid: 45
    input: /Users/agl4001/Documents/AOC-develop/results/Primate_ACE2/Primate_ACE2.1.codon.fas, /Users/agl4001/Documents/AOC-develop/results/Primate_ACE2/Primate_ACE2.1.codon.fas.FastTree.treefile.labelled
    output: /Users/agl4001/Documents/AOC-develop/results/Primate_ACE2/Primate_ACE2.1.codon.fas.RELAX.json
    shell:
        hyphy RELAX --alignment /Users/agl4001/Documents/AOC-develop/results/Primate_ACE2/Primate_ACE2.1.codon.fas --tree /Users/agl4001/Documents/AOC-develop/results/Primate_ACE2/Primate_ACE2.1.codon.fas.FastTree.treefile.labelled --output /Users/agl4001/Documents/AOC-develop/results/Primate_ACE2/Primate_ACE2.1.codon.fas.RELAX.json --reference-group Primates --models All --mode 'Group mode' --starting-points 25 --srv Yes
        (one of the commands exited with non-zero exit code; note that snakemake uses bash strict mode!)

Exiting because a job execution failed. Look above for error message
Complete log: .snakemake/log/2025-06-26T120745.622503.snakemake.log
