Building DAG of jobs...
Using shell: /bin/bash
Provided cores: 12
Rules claiming more threads will be scaled down.
Job stats:
job                 count
----------------  -------
all                     1
executiveSummary        1
total                   2

Select jobs to execute...

[Thu Jun 26 09:30:45 2025]
rule executiveSummary:
    input: /Users/agl4001/Documents/AOC-develop/results/Primate_TP53/Primate_TP53
    output: /Users/agl4001/Documents/AOC-develop/results/Primate_TP53/Tables/Primate_TP53.AOC.executiveSummary.csv
    jobid: 11
    reason: Code has changed since last execution
    wildcards: sample=Primate_TP53
    resources: tmpdir=/var/folders/h_/ggxlxnd12j36cf3lfm_8hx4c0000gr/T

[Thu Jun 26 09:30:47 2025]
Finished job 11.
1 of 2 steps (50%) done
Select jobs to execute...

[Thu Jun 26 09:30:47 2025]
localrule all:
    input: /Users/agl4001/Documents/AOC-develop/results/Primate_TP53/Tables/Primate_TP53.1.codon.fas.FEL.json.FEL.csv, /Users/agl4001/Documents/AOC-develop/results/Primate_TP53/Tables/Primate_TP53.2.codon.fas.FEL.json.FEL.csv, /Users/agl4001/Documents/AOC-develop/results/Primate_TP53/Tables/Primate_TP53.3.codon.fas.FEL.json.FEL.csv, /Users/agl4001/Documents/AOC-develop/results/Primate_TP53/Tables/Primate_TP53.4.codon.fas.FEL.json.FEL.csv, /Users/agl4001/Documents/AOC-develop/results/Primate_TP53/Tables/Primate_TP53.5.codon.fas.FEL.json.FEL.csv, /Users/agl4001/Documents/AOC-develop/results/Primate_TP53/Visualizations/Primate_TP53.1.codon.fas.FEL.json.FEL.png, /Users/agl4001/Documents/AOC-develop/results/Primate_TP53/Visualizations/Primate_TP53.2.codon.fas.FEL.json.FEL.png, /Users/agl4001/Documents/AOC-develop/results/Primate_TP53/Visualizations/Primate_TP53.3.codon.fas.FEL.json.FEL.png, /Users/agl4001/Documents/AOC-develop/results/Primate_TP53/Visualizations/Primate_TP53.4.codon.fas.FEL.json.FEL.png, /Users/agl4001/Documents/AOC-develop/results/Primate_TP53/Visualizations/Primate_TP53.5.codon.fas.FEL.json.FEL.png, /Users/agl4001/Documents/AOC-develop/results/Primate_TP53/Visualizations/Primate_TP53.1.codon.fas.FEL.json.FEL.svg, /Users/agl4001/Documents/AOC-develop/results/Primate_TP53/Visualizations/Primate_TP53.2.codon.fas.FEL.json.FEL.svg, /Users/agl4001/Documents/AOC-develop/results/Primate_TP53/Visualizations/Primate_TP53.3.codon.fas.FEL.json.FEL.svg, /Users/agl4001/Documents/AOC-develop/results/Primate_TP53/Visualizations/Primate_TP53.4.codon.fas.FEL.json.FEL.svg, /Users/agl4001/Documents/AOC-develop/results/Primate_TP53/Visualizations/Primate_TP53.5.codon.fas.FEL.json.FEL.svg, /Users/agl4001/Documents/AOC-develop/results/Primate_TP53/Visualizations/Primate_TP53.1.codon.fas.FEL.json.FEL.figureLegend, /Users/agl4001/Documents/AOC-develop/results/Primate_TP53/Visualizations/Primate_TP53.2.codon.fas.FEL.json.FEL.figureLegend, /Users/agl4001/Documents/AOC-develop/results/Primate_TP53/Visualizations/Primate_TP53.3.codon.fas.FEL.json.FEL.figureLegend, /Users/agl4001/Documents/AOC-develop/results/Primate_TP53/Visualizations/Primate_TP53.4.codon.fas.FEL.json.FEL.figureLegend, /Users/agl4001/Documents/AOC-develop/results/Primate_TP53/Visualizations/Primate_TP53.5.codon.fas.FEL.json.FEL.figureLegend, /Users/agl4001/Documents/AOC-develop/results/Primate_TP53/Tables/Primate_TP53.1.codon.fas.MEME.json.MEME.csv, /Users/agl4001/Documents/AOC-develop/results/Primate_TP53/Tables/Primate_TP53.2.codon.fas.MEME.json.MEME.csv, /Users/agl4001/Documents/AOC-develop/results/Primate_TP53/Tables/Primate_TP53.3.codon.fas.MEME.json.MEME.csv, /Users/agl4001/Documents/AOC-develop/results/Primate_TP53/Tables/Primate_TP53.4.codon.fas.MEME.json.MEME.csv, /Users/agl4001/Documents/AOC-develop/results/Primate_TP53/Tables/Primate_TP53.5.codon.fas.MEME.json.MEME.csv, /Users/agl4001/Documents/AOC-develop/results/Primate_TP53/Visualizations/Primate_TP53.1.codon.fas.MEME.json.MEME.png, /Users/agl4001/Documents/AOC-develop/results/Primate_TP53/Visualizations/Primate_TP53.2.codon.fas.MEME.json.MEME.png, /Users/agl4001/Documents/AOC-develop/results/Primate_TP53/Visualizations/Primate_TP53.3.codon.fas.MEME.json.MEME.png, /Users/agl4001/Documents/AOC-develop/results/Primate_TP53/Visualizations/Primate_TP53.4.codon.fas.MEME.json.MEME.png, /Users/agl4001/Documents/AOC-develop/results/Primate_TP53/Visualizations/Primate_TP53.5.codon.fas.MEME.json.MEME.png, /Users/agl4001/Documents/AOC-develop/results/Primate_TP53/Visualizations/Primate_TP53.1.codon.fas.MEME.json.MEME.svg, /Users/agl4001/Documents/AOC-develop/results/Primate_TP53/Visualizations/Primate_TP53.2.codon.fas.MEME.json.MEME.svg, /Users/agl4001/Documents/AOC-develop/results/Primate_TP53/Visualizations/Primate_TP53.3.codon.fas.MEME.json.MEME.svg, /Users/agl4001/Documents/AOC-develop/results/Primate_TP53/Visualizations/Primate_TP53.4.codon.fas.MEME.json.MEME.svg, /Users/agl4001/Documents/AOC-develop/results/Primate_TP53/Visualizations/Primate_TP53.5.codon.fas.MEME.json.MEME.svg, /Users/agl4001/Documents/AOC-develop/results/Primate_TP53/Visualizations/Primate_TP53.1.codon.fas.MEME.json.MEME.figureLegend, /Users/agl4001/Documents/AOC-develop/results/Primate_TP53/Visualizations/Primate_TP53.2.codon.fas.MEME.json.MEME.figureLegend, /Users/agl4001/Documents/AOC-develop/results/Primate_TP53/Visualizations/Primate_TP53.3.codon.fas.MEME.json.MEME.figureLegend, /Users/agl4001/Documents/AOC-develop/results/Primate_TP53/Visualizations/Primate_TP53.4.codon.fas.MEME.json.MEME.figureLegend, /Users/agl4001/Documents/AOC-develop/results/Primate_TP53/Visualizations/Primate_TP53.5.codon.fas.MEME.json.MEME.figureLegend, /Users/agl4001/Documents/AOC-develop/results/Primate_TP53/Tables/Primate_TP53.AOC.executiveSummary.csv, /Users/agl4001/Documents/AOC-develop/results/Primate_TP53/Tables/Primate_TP53.AOC.merged_FEL_Results.csv, /Users/agl4001/Documents/AOC-develop/results/Primate_TP53/Tables/Primate_TP53.AOC.merged_MEME_Results.csv, /Users/agl4001/Documents/AOC-develop/results/Primate_TP53/Visualizations/Primate_TP53.FEL.merged.png, /Users/agl4001/Documents/AOC-develop/results/Primate_TP53/Visualizations/Primate_TP53.FEL.merged.svg
    jobid: 0
    reason: Input files updated by another job: /Users/agl4001/Documents/AOC-develop/results/Primate_TP53/Tables/Primate_TP53.AOC.executiveSummary.csv
    resources: tmpdir=/var/folders/h_/ggxlxnd12j36cf3lfm_8hx4c0000gr/T

[Thu Jun 26 09:30:47 2025]
Finished job 0.
2 of 2 steps (100%) done
Complete log: .snakemake/log/2025-06-26T093044.272842.snakemake.log
