Building DAG of jobs...
Using shell: /bin/bash
Provided cores: 12
Rules claiming more threads will be scaled down.
Job stats:
job               count
--------------  -------
ABSREL                5
AssignLineages        5
BGM                   5
BUSTEDS               5
BUSTEDSMH             5
CFEL                  5
FEL                   5
FMM                   5
FUBAR                 5
MEME                  5
RELAX                 5
SLAC                  5
all                   1
fasttree              5
tn93                  5
total                71

Select jobs to execute...

[Thu Jun 26 16:09:02 2025]
rule fasttree:
    input: /Users/agl4001/Documents/AOC-develop/results/Primate_TP53/Primate_TP53.1.codon.fas
    output: /Users/agl4001/Documents/AOC-develop/results/Primate_TP53/Primate_TP53.1.codon.fas.FastTree.treefile
    jobid: 6
    reason: Missing output files: /Users/agl4001/Documents/AOC-develop/results/Primate_TP53/Primate_TP53.1.codon.fas.FastTree.treefile
    wildcards: sample=Primate_TP53.1.codon.fas
    resources: tmpdir=/var/folders/h_/ggxlxnd12j36cf3lfm_8hx4c0000gr/T


[Thu Jun 26 16:09:02 2025]
rule tn93:
    input: /Users/agl4001/Documents/AOC-develop/results/Primate_TP53/Primate_TP53.2.codon.fas
    output: /Users/agl4001/Documents/AOC-develop/results/Primate_TP53/Primate_TP53.2.codon.fas.dst
    jobid: 2
    reason: Missing output files: /Users/agl4001/Documents/AOC-develop/results/Primate_TP53/Primate_TP53.2.codon.fas.dst
    wildcards: sample=Primate_TP53.2.codon.fas
    resources: tmpdir=/var/folders/h_/ggxlxnd12j36cf3lfm_8hx4c0000gr/T


[Thu Jun 26 16:09:02 2025]
rule fasttree:
    input: /Users/agl4001/Documents/AOC-develop/results/Primate_TP53/Primate_TP53.2.codon.fas
    output: /Users/agl4001/Documents/AOC-develop/results/Primate_TP53/Primate_TP53.2.codon.fas.FastTree.treefile
    jobid: 7
    reason: Missing output files: /Users/agl4001/Documents/AOC-develop/results/Primate_TP53/Primate_TP53.2.codon.fas.FastTree.treefile
    wildcards: sample=Primate_TP53.2.codon.fas
    resources: tmpdir=/var/folders/h_/ggxlxnd12j36cf3lfm_8hx4c0000gr/T


[Thu Jun 26 16:09:02 2025]
rule fasttree:
    input: /Users/agl4001/Documents/AOC-develop/results/Primate_TP53/Primate_TP53.3.codon.fas
    output: /Users/agl4001/Documents/AOC-develop/results/Primate_TP53/Primate_TP53.3.codon.fas.FastTree.treefile
    jobid: 8
    reason: Missing output files: /Users/agl4001/Documents/AOC-develop/results/Primate_TP53/Primate_TP53.3.codon.fas.FastTree.treefile
    wildcards: sample=Primate_TP53.3.codon.fas
    resources: tmpdir=/var/folders/h_/ggxlxnd12j36cf3lfm_8hx4c0000gr/T


[Thu Jun 26 16:09:02 2025]
rule tn93:
    input: /Users/agl4001/Documents/AOC-develop/results/Primate_TP53/Primate_TP53.4.codon.fas
    output: /Users/agl4001/Documents/AOC-develop/results/Primate_TP53/Primate_TP53.4.codon.fas.dst
    jobid: 4
    reason: Missing output files: /Users/agl4001/Documents/AOC-develop/results/Primate_TP53/Primate_TP53.4.codon.fas.dst
    wildcards: sample=Primate_TP53.4.codon.fas
    resources: tmpdir=/var/folders/h_/ggxlxnd12j36cf3lfm_8hx4c0000gr/T


[Thu Jun 26 16:09:02 2025]
rule fasttree:
    input: /Users/agl4001/Documents/AOC-develop/results/Primate_TP53/Primate_TP53.5.codon.fas
    output: /Users/agl4001/Documents/AOC-develop/results/Primate_TP53/Primate_TP53.5.codon.fas.FastTree.treefile
    jobid: 10
    reason: Missing output files: /Users/agl4001/Documents/AOC-develop/results/Primate_TP53/Primate_TP53.5.codon.fas.FastTree.treefile
    wildcards: sample=Primate_TP53.5.codon.fas
    resources: tmpdir=/var/folders/h_/ggxlxnd12j36cf3lfm_8hx4c0000gr/T


[Thu Jun 26 16:09:02 2025]
rule tn93:
    input: /Users/agl4001/Documents/AOC-develop/results/Primate_TP53/Primate_TP53.1.codon.fas
    output: /Users/agl4001/Documents/AOC-develop/results/Primate_TP53/Primate_TP53.1.codon.fas.dst
    jobid: 1
    reason: Missing output files: /Users/agl4001/Documents/AOC-develop/results/Primate_TP53/Primate_TP53.1.codon.fas.dst
    wildcards: sample=Primate_TP53.1.codon.fas
    resources: tmpdir=/var/folders/h_/ggxlxnd12j36cf3lfm_8hx4c0000gr/T


[Thu Jun 26 16:09:02 2025]
rule tn93:
    input: /Users/agl4001/Documents/AOC-develop/results/Primate_TP53/Primate_TP53.3.codon.fas
    output: /Users/agl4001/Documents/AOC-develop/results/Primate_TP53/Primate_TP53.3.codon.fas.dst
    jobid: 3
    reason: Missing output files: /Users/agl4001/Documents/AOC-develop/results/Primate_TP53/Primate_TP53.3.codon.fas.dst
    wildcards: sample=Primate_TP53.3.codon.fas
    resources: tmpdir=/var/folders/h_/ggxlxnd12j36cf3lfm_8hx4c0000gr/T


[Thu Jun 26 16:09:02 2025]
rule fasttree:
    input: /Users/agl4001/Documents/AOC-develop/results/Primate_TP53/Primate_TP53.4.codon.fas
    output: /Users/agl4001/Documents/AOC-develop/results/Primate_TP53/Primate_TP53.4.codon.fas.FastTree.treefile
    jobid: 9
    reason: Missing output files: /Users/agl4001/Documents/AOC-develop/results/Primate_TP53/Primate_TP53.4.codon.fas.FastTree.treefile
    wildcards: sample=Primate_TP53.4.codon.fas
    resources: tmpdir=/var/folders/h_/ggxlxnd12j36cf3lfm_8hx4c0000gr/T


[Thu Jun 26 16:09:02 2025]
rule tn93:
    input: /Users/agl4001/Documents/AOC-develop/results/Primate_TP53/Primate_TP53.5.codon.fas
    output: /Users/agl4001/Documents/AOC-develop/results/Primate_TP53/Primate_TP53.5.codon.fas.dst
    jobid: 5
    reason: Missing output files: /Users/agl4001/Documents/AOC-develop/results/Primate_TP53/Primate_TP53.5.codon.fas.dst
    wildcards: sample=Primate_TP53.5.codon.fas
    resources: tmpdir=/var/folders/h_/ggxlxnd12j36cf3lfm_8hx4c0000gr/T

[Thu Jun 26 16:09:02 2025]
Finished job 6.
1 of 71 steps (1%) done
[Thu Jun 26 16:09:02 2025]
Finished job 2.
2 of 71 steps (3%) done
Select jobs to execute...

[Thu Jun 26 16:09:02 2025]
rule MEME:
    input: /Users/agl4001/Documents/AOC-develop/results/Primate_TP53/Primate_TP53.1.codon.fas, /Users/agl4001/Documents/AOC-develop/results/Primate_TP53/Primate_TP53.1.codon.fas.FastTree.treefile
    output: /Users/agl4001/Documents/AOC-develop/results/Primate_TP53/Primate_TP53.1.codon.fas.MEME.json
    jobid: 26
    reason: Missing output files: /Users/agl4001/Documents/AOC-develop/results/Primate_TP53/Primate_TP53.1.codon.fas.MEME.json; Input files updated by another job: /Users/agl4001/Documents/AOC-develop/results/Primate_TP53/Primate_TP53.1.codon.fas.FastTree.treefile
    wildcards: sample=Primate_TP53.1.codon.fas
    resources: tmpdir=/var/folders/h_/ggxlxnd12j36cf3lfm_8hx4c0000gr/T


[Thu Jun 26 16:09:02 2025]
rule ABSREL:
    input: /Users/agl4001/Documents/AOC-develop/results/Primate_TP53/Primate_TP53.1.codon.fas, /Users/agl4001/Documents/AOC-develop/results/Primate_TP53/Primate_TP53.1.codon.fas.FastTree.treefile
    output: /Users/agl4001/Documents/AOC-develop/results/Primate_TP53/Primate_TP53.1.codon.fas.ABSREL.json
    jobid: 31
    reason: Missing output files: /Users/agl4001/Documents/AOC-develop/results/Primate_TP53/Primate_TP53.1.codon.fas.ABSREL.json; Input files updated by another job: /Users/agl4001/Documents/AOC-develop/results/Primate_TP53/Primate_TP53.1.codon.fas.FastTree.treefile
    wildcards: sample=Primate_TP53.1.codon.fas
    resources: tmpdir=/var/folders/h_/ggxlxnd12j36cf3lfm_8hx4c0000gr/T


[Thu Jun 26 16:09:02 2025]
rule FMM:
    input: /Users/agl4001/Documents/AOC-develop/results/Primate_TP53/Primate_TP53.1.codon.fas, /Users/agl4001/Documents/AOC-develop/results/Primate_TP53/Primate_TP53.1.codon.fas.FastTree.treefile
    output: /Users/agl4001/Documents/AOC-develop/results/Primate_TP53/Primate_TP53.1.codon.fas.FMM.json
    jobid: 51
    reason: Missing output files: /Users/agl4001/Documents/AOC-develop/results/Primate_TP53/Primate_TP53.1.codon.fas.FMM.json; Input files updated by another job: /Users/agl4001/Documents/AOC-develop/results/Primate_TP53/Primate_TP53.1.codon.fas.FastTree.treefile
    wildcards: sample=Primate_TP53.1.codon.fas
    resources: tmpdir=/var/folders/h_/ggxlxnd12j36cf3lfm_8hx4c0000gr/T


[Thu Jun 26 16:09:02 2025]
rule AssignLineages:
    input: /Users/agl4001/Documents/AOC-develop/results/Primate_TP53/Primate_TP53.1.codon.fas.FastTree.treefile
    output: /Users/agl4001/Documents/AOC-develop/results/Primate_TP53/Primate_TP53.1.codon.fas.FastTree.treefile.labelled
    jobid: 57
    reason: Missing output files: /Users/agl4001/Documents/AOC-develop/results/Primate_TP53/Primate_TP53.1.codon.fas.FastTree.treefile.labelled; Input files updated by another job: /Users/agl4001/Documents/AOC-develop/results/Primate_TP53/Primate_TP53.1.codon.fas.FastTree.treefile
    wildcards: sample=Primate_TP53.1.codon.fas
    resources: tmpdir=/var/folders/h_/ggxlxnd12j36cf3lfm_8hx4c0000gr/T

[Thu Jun 26 16:09:02 2025]
Finished job 4.
3 of 71 steps (4%) done
[Thu Jun 26 16:09:02 2025]
Finished job 7.
4 of 71 steps (6%) done
[Thu Jun 26 16:09:02 2025]
Finished job 10.
5 of 71 steps (7%) done
[Thu Jun 26 16:09:02 2025]
Finished job 1.
6 of 71 steps (8%) done
[Thu Jun 26 16:09:02 2025]
Finished job 3.
7 of 71 steps (10%) done
[Thu Jun 26 16:09:02 2025]
Finished job 8.
8 of 71 steps (11%) done
[Thu Jun 26 16:09:02 2025]
Finished job 5.
9 of 71 steps (13%) done
Select jobs to execute...

[Thu Jun 26 16:09:02 2025]
rule BUSTEDS:
    input: /Users/agl4001/Documents/AOC-develop/results/Primate_TP53/Primate_TP53.2.codon.fas, /Users/agl4001/Documents/AOC-develop/results/Primate_TP53/Primate_TP53.2.codon.fas.FastTree.treefile
    output: /Users/agl4001/Documents/AOC-develop/results/Primate_TP53/Primate_TP53.2.codon.fas.BUSTEDS.json
    jobid: 22
    reason: Missing output files: /Users/agl4001/Documents/AOC-develop/results/Primate_TP53/Primate_TP53.2.codon.fas.BUSTEDS.json; Input files updated by another job: /Users/agl4001/Documents/AOC-develop/results/Primate_TP53/Primate_TP53.2.codon.fas.FastTree.treefile
    wildcards: sample=Primate_TP53.2.codon.fas
    resources: tmpdir=/var/folders/h_/ggxlxnd12j36cf3lfm_8hx4c0000gr/T


[Thu Jun 26 16:09:02 2025]
rule SLAC:
    input: /Users/agl4001/Documents/AOC-develop/results/Primate_TP53/Primate_TP53.2.codon.fas, /Users/agl4001/Documents/AOC-develop/results/Primate_TP53/Primate_TP53.2.codon.fas.FastTree.treefile
    output: /Users/agl4001/Documents/AOC-develop/results/Primate_TP53/Primate_TP53.2.codon.fas.SLAC.json
    jobid: 37
    reason: Missing output files: /Users/agl4001/Documents/AOC-develop/results/Primate_TP53/Primate_TP53.2.codon.fas.SLAC.json; Input files updated by another job: /Users/agl4001/Documents/AOC-develop/results/Primate_TP53/Primate_TP53.2.codon.fas.FastTree.treefile
    wildcards: sample=Primate_TP53.2.codon.fas
    resources: tmpdir=/var/folders/h_/ggxlxnd12j36cf3lfm_8hx4c0000gr/T


[Thu Jun 26 16:09:02 2025]
rule FEL:
    input: /Users/agl4001/Documents/AOC-develop/results/Primate_TP53/Primate_TP53.5.codon.fas, /Users/agl4001/Documents/AOC-develop/results/Primate_TP53/Primate_TP53.5.codon.fas.FastTree.treefile
    output: /Users/agl4001/Documents/AOC-develop/results/Primate_TP53/Primate_TP53.5.codon.fas.FEL.json
    jobid: 15
    reason: Missing output files: /Users/agl4001/Documents/AOC-develop/results/Primate_TP53/Primate_TP53.5.codon.fas.FEL.json; Input files updated by another job: /Users/agl4001/Documents/AOC-develop/results/Primate_TP53/Primate_TP53.5.codon.fas.FastTree.treefile
    wildcards: sample=Primate_TP53.5.codon.fas
    resources: tmpdir=/var/folders/h_/ggxlxnd12j36cf3lfm_8hx4c0000gr/T


[Thu Jun 26 16:09:02 2025]
rule FUBAR:
    input: /Users/agl4001/Documents/AOC-develop/results/Primate_TP53/Primate_TP53.2.codon.fas, /Users/agl4001/Documents/AOC-develop/results/Primate_TP53/Primate_TP53.2.codon.fas.FastTree.treefile
    output: /Users/agl4001/Documents/AOC-develop/results/Primate_TP53/Primate_TP53.2.codon.fas.FUBAR.json
    jobid: 17
    reason: Missing output files: /Users/agl4001/Documents/AOC-develop/results/Primate_TP53/Primate_TP53.2.codon.fas.FUBAR.json; Input files updated by another job: /Users/agl4001/Documents/AOC-develop/results/Primate_TP53/Primate_TP53.2.codon.fas.FastTree.treefile
    wildcards: sample=Primate_TP53.2.codon.fas
    resources: tmpdir=/var/folders/h_/ggxlxnd12j36cf3lfm_8hx4c0000gr/T


[Thu Jun 26 16:09:02 2025]
rule AssignLineages:
    input: /Users/agl4001/Documents/AOC-develop/results/Primate_TP53/Primate_TP53.2.codon.fas.FastTree.treefile
    output: /Users/agl4001/Documents/AOC-develop/results/Primate_TP53/Primate_TP53.2.codon.fas.FastTree.treefile.labelled
    jobid: 59
    reason: Missing output files: /Users/agl4001/Documents/AOC-develop/results/Primate_TP53/Primate_TP53.2.codon.fas.FastTree.treefile.labelled; Input files updated by another job: /Users/agl4001/Documents/AOC-develop/results/Primate_TP53/Primate_TP53.2.codon.fas.FastTree.treefile
    wildcards: sample=Primate_TP53.2.codon.fas
    resources: tmpdir=/var/folders/h_/ggxlxnd12j36cf3lfm_8hx4c0000gr/T

[Thu Jun 26 16:09:02 2025]
rule FMM:
    input: /Users/agl4001/Documents/AOC-develop/results/Primate_TP53/Primate_TP53.5.codon.fas, /Users/agl4001/Documents/AOC-develop/results/Primate_TP53/Primate_TP53.5.codon.fas.FastTree.treefile
    output: /Users/agl4001/Documents/AOC-develop/results/Primate_TP53/Primate_TP53.5.codon.fas.FMM.json
    jobid: 55
    reason: Missing output files: /Users/agl4001/Documents/AOC-develop/results/Primate_TP53/Primate_TP53.5.codon.fas.FMM.json; Input files updated by another job: /Users/agl4001/Documents/AOC-develop/results/Primate_TP53/Primate_TP53.5.codon.fas.FastTree.treefile
    wildcards: sample=Primate_TP53.5.codon.fas
    resources: tmpdir=/var/folders/h_/ggxlxnd12j36cf3lfm_8hx4c0000gr/T


[Thu Jun 26 16:09:02 2025]
rule BUSTEDSMH:
    input: /Users/agl4001/Documents/AOC-develop/results/Primate_TP53/Primate_TP53.2.codon.fas, /Users/agl4001/Documents/AOC-develop/results/Primate_TP53/Primate_TP53.2.codon.fas.FastTree.treefile
    output: /Users/agl4001/Documents/AOC-develop/results/Primate_TP53/Primate_TP53.2.codon.fas.BUSTEDS-MH.json
    jobid: 47
    reason: Missing output files: /Users/agl4001/Documents/AOC-develop/results/Primate_TP53/Primate_TP53.2.codon.fas.BUSTEDS-MH.json; Input files updated by another job: /Users/agl4001/Documents/AOC-develop/results/Primate_TP53/Primate_TP53.2.codon.fas.FastTree.treefile
    wildcards: sample=Primate_TP53.2.codon.fas
    resources: tmpdir=/var/folders/h_/ggxlxnd12j36cf3lfm_8hx4c0000gr/T

Select jobs to execute...
[Thu Jun 26 16:09:03 2025]
Finished job 9.
10 of 71 steps (14%) done

[Thu Jun 26 16:09:03 2025]
rule FEL:
    input: /Users/agl4001/Documents/AOC-develop/results/Primate_TP53/Primate_TP53.4.codon.fas, /Users/agl4001/Documents/AOC-develop/results/Primate_TP53/Primate_TP53.4.codon.fas.FastTree.treefile
    output: /Users/agl4001/Documents/AOC-develop/results/Primate_TP53/Primate_TP53.4.codon.fas.FEL.json
    jobid: 14
    reason: Missing output files: /Users/agl4001/Documents/AOC-develop/results/Primate_TP53/Primate_TP53.4.codon.fas.FEL.json; Input files updated by another job: /Users/agl4001/Documents/AOC-develop/results/Primate_TP53/Primate_TP53.4.codon.fas.FastTree.treefile
    wildcards: sample=Primate_TP53.4.codon.fas
    resources: tmpdir=/var/folders/h_/ggxlxnd12j36cf3lfm_8hx4c0000gr/T

[Thu Jun 26 16:09:05 2025]
Finished job 57.
11 of 71 steps (15%) done
Select jobs to execute...

[Thu Jun 26 16:09:05 2025]
rule BUSTEDS:
    input: /Users/agl4001/Documents/AOC-develop/results/Primate_TP53/Primate_TP53.4.codon.fas, /Users/agl4001/Documents/AOC-develop/results/Primate_TP53/Primate_TP53.4.codon.fas.FastTree.treefile
    output: /Users/agl4001/Documents/AOC-develop/results/Primate_TP53/Primate_TP53.4.codon.fas.BUSTEDS.json
    jobid: 24
    reason: Missing output files: /Users/agl4001/Documents/AOC-develop/results/Primate_TP53/Primate_TP53.4.codon.fas.BUSTEDS.json; Input files updated by another job: /Users/agl4001/Documents/AOC-develop/results/Primate_TP53/Primate_TP53.4.codon.fas.FastTree.treefile
    wildcards: sample=Primate_TP53.4.codon.fas
    resources: tmpdir=/var/folders/h_/ggxlxnd12j36cf3lfm_8hx4c0000gr/T

[Thu Jun 26 16:09:05 2025]
Finished job 59.
12 of 71 steps (17%) done
Select jobs to execute...

[Thu Jun 26 16:09:05 2025]
rule FMM:
    input: /Users/agl4001/Documents/AOC-develop/results/Primate_TP53/Primate_TP53.4.codon.fas, /Users/agl4001/Documents/AOC-develop/results/Primate_TP53/Primate_TP53.4.codon.fas.FastTree.treefile
    output: /Users/agl4001/Documents/AOC-develop/results/Primate_TP53/Primate_TP53.4.codon.fas.FMM.json
    jobid: 54
    reason: Missing output files: /Users/agl4001/Documents/AOC-develop/results/Primate_TP53/Primate_TP53.4.codon.fas.FMM.json; Input files updated by another job: /Users/agl4001/Documents/AOC-develop/results/Primate_TP53/Primate_TP53.4.codon.fas.FastTree.treefile
    wildcards: sample=Primate_TP53.4.codon.fas
    resources: tmpdir=/var/folders/h_/ggxlxnd12j36cf3lfm_8hx4c0000gr/T

[Thu Jun 26 16:09:12 2025]
Finished job 17.
13 of 71 steps (18%) done
Select jobs to execute...

[Thu Jun 26 16:09:12 2025]
rule CFEL:
    input: /Users/agl4001/Documents/AOC-develop/results/Primate_TP53/Primate_TP53.2.codon.fas, /Users/agl4001/Documents/AOC-develop/results/Primate_TP53/Primate_TP53.2.codon.fas.FastTree.treefile.labelled
    output: /Users/agl4001/Documents/AOC-develop/results/Primate_TP53/Primate_TP53.2.codon.fas.CFEL.json
    jobid: 67
    reason: Missing output files: /Users/agl4001/Documents/AOC-develop/results/Primate_TP53/Primate_TP53.2.codon.fas.CFEL.json; Input files updated by another job: /Users/agl4001/Documents/AOC-develop/results/Primate_TP53/Primate_TP53.2.codon.fas.FastTree.treefile.labelled
    wildcards: sample=Primate_TP53.2.codon.fas
    resources: tmpdir=/var/folders/h_/ggxlxnd12j36cf3lfm_8hx4c0000gr/T

[Thu Jun 26 16:09:28 2025]
Finished job 37.
14 of 71 steps (20%) done
Select jobs to execute...

[Thu Jun 26 16:09:28 2025]
rule BUSTEDSMH:
    input: /Users/agl4001/Documents/AOC-develop/results/Primate_TP53/Primate_TP53.3.codon.fas, /Users/agl4001/Documents/AOC-develop/results/Primate_TP53/Primate_TP53.3.codon.fas.FastTree.treefile
    output: /Users/agl4001/Documents/AOC-develop/results/Primate_TP53/Primate_TP53.3.codon.fas.BUSTEDS-MH.json
    jobid: 48
    reason: Missing output files: /Users/agl4001/Documents/AOC-develop/results/Primate_TP53/Primate_TP53.3.codon.fas.BUSTEDS-MH.json; Input files updated by another job: /Users/agl4001/Documents/AOC-develop/results/Primate_TP53/Primate_TP53.3.codon.fas.FastTree.treefile
    wildcards: sample=Primate_TP53.3.codon.fas
    resources: tmpdir=/var/folders/h_/ggxlxnd12j36cf3lfm_8hx4c0000gr/T

[Thu Jun 26 16:09:32 2025]
Finished job 15.
15 of 71 steps (21%) done
Select jobs to execute...

[Thu Jun 26 16:09:32 2025]
rule BGM:
    input: /Users/agl4001/Documents/AOC-develop/results/Primate_TP53/Primate_TP53.1.codon.fas, /Users/agl4001/Documents/AOC-develop/results/Primate_TP53/Primate_TP53.1.codon.fas.FastTree.treefile
    output: /Users/agl4001/Documents/AOC-develop/results/Primate_TP53/Primate_TP53.1.codon.fas.BGM.json
    jobid: 41
    reason: Missing output files: /Users/agl4001/Documents/AOC-develop/results/Primate_TP53/Primate_TP53.1.codon.fas.BGM.json; Input files updated by another job: /Users/agl4001/Documents/AOC-develop/results/Primate_TP53/Primate_TP53.1.codon.fas.FastTree.treefile
    wildcards: sample=Primate_TP53.1.codon.fas
    resources: tmpdir=/var/folders/h_/ggxlxnd12j36cf3lfm_8hx4c0000gr/T

[Thu Jun 26 16:10:17 2025]
Finished job 67.
16 of 71 steps (23%) done
Select jobs to execute...

[Thu Jun 26 16:10:17 2025]
rule ABSREL:
    input: /Users/agl4001/Documents/AOC-develop/results/Primate_TP53/Primate_TP53.2.codon.fas, /Users/agl4001/Documents/AOC-develop/results/Primate_TP53/Primate_TP53.2.codon.fas.FastTree.treefile
    output: /Users/agl4001/Documents/AOC-develop/results/Primate_TP53/Primate_TP53.2.codon.fas.ABSREL.json
    jobid: 32
    reason: Missing output files: /Users/agl4001/Documents/AOC-develop/results/Primate_TP53/Primate_TP53.2.codon.fas.ABSREL.json; Input files updated by another job: /Users/agl4001/Documents/AOC-develop/results/Primate_TP53/Primate_TP53.2.codon.fas.FastTree.treefile
    wildcards: sample=Primate_TP53.2.codon.fas
    resources: tmpdir=/var/folders/h_/ggxlxnd12j36cf3lfm_8hx4c0000gr/T

[Thu Jun 26 16:10:51 2025]
Finished job 26.
17 of 71 steps (24%) done
Select jobs to execute...

[Thu Jun 26 16:10:51 2025]
rule BUSTEDS:
    input: /Users/agl4001/Documents/AOC-develop/results/Primate_TP53/Primate_TP53.5.codon.fas, /Users/agl4001/Documents/AOC-develop/results/Primate_TP53/Primate_TP53.5.codon.fas.FastTree.treefile
    output: /Users/agl4001/Documents/AOC-develop/results/Primate_TP53/Primate_TP53.5.codon.fas.BUSTEDS.json
    jobid: 25
    reason: Missing output files: /Users/agl4001/Documents/AOC-develop/results/Primate_TP53/Primate_TP53.5.codon.fas.BUSTEDS.json; Input files updated by another job: /Users/agl4001/Documents/AOC-develop/results/Primate_TP53/Primate_TP53.5.codon.fas.FastTree.treefile
    wildcards: sample=Primate_TP53.5.codon.fas
    resources: tmpdir=/var/folders/h_/ggxlxnd12j36cf3lfm_8hx4c0000gr/T

[Thu Jun 26 16:10:53 2025]
Finished job 31.
18 of 71 steps (25%) done
Select jobs to execute...

[Thu Jun 26 16:10:53 2025]
rule FUBAR:
    input: /Users/agl4001/Documents/AOC-develop/results/Primate_TP53/Primate_TP53.3.codon.fas, /Users/agl4001/Documents/AOC-develop/results/Primate_TP53/Primate_TP53.3.codon.fas.FastTree.treefile
    output: /Users/agl4001/Documents/AOC-develop/results/Primate_TP53/Primate_TP53.3.codon.fas.FUBAR.json
    jobid: 18
    reason: Missing output files: /Users/agl4001/Documents/AOC-develop/results/Primate_TP53/Primate_TP53.3.codon.fas.FUBAR.json; Input files updated by another job: /Users/agl4001/Documents/AOC-develop/results/Primate_TP53/Primate_TP53.3.codon.fas.FastTree.treefile
    wildcards: sample=Primate_TP53.3.codon.fas
    resources: tmpdir=/var/folders/h_/ggxlxnd12j36cf3lfm_8hx4c0000gr/T

[Thu Jun 26 16:11:01 2025]
Finished job 18.
19 of 71 steps (27%) done
Select jobs to execute...

[Thu Jun 26 16:11:01 2025]
rule RELAX:
    input: /Users/agl4001/Documents/AOC-develop/results/Primate_TP53/Primate_TP53.1.codon.fas, /Users/agl4001/Documents/AOC-develop/results/Primate_TP53/Primate_TP53.1.codon.fas.FastTree.treefile.labelled
    output: /Users/agl4001/Documents/AOC-develop/results/Primate_TP53/Primate_TP53.1.codon.fas.RELAX.json
    jobid: 56
    reason: Missing output files: /Users/agl4001/Documents/AOC-develop/results/Primate_TP53/Primate_TP53.1.codon.fas.RELAX.json; Input files updated by another job: /Users/agl4001/Documents/AOC-develop/results/Primate_TP53/Primate_TP53.1.codon.fas.FastTree.treefile.labelled
    wildcards: sample=Primate_TP53.1.codon.fas
    resources: tmpdir=/var/folders/h_/ggxlxnd12j36cf3lfm_8hx4c0000gr/T

[Thu Jun 26 16:11:17 2025]
Finished job 55.
20 of 71 steps (28%) done
Select jobs to execute...

[Thu Jun 26 16:11:17 2025]
rule BUSTEDSMH:
    input: /Users/agl4001/Documents/AOC-develop/results/Primate_TP53/Primate_TP53.4.codon.fas, /Users/agl4001/Documents/AOC-develop/results/Primate_TP53/Primate_TP53.4.codon.fas.FastTree.treefile
    output: /Users/agl4001/Documents/AOC-develop/results/Primate_TP53/Primate_TP53.4.codon.fas.BUSTEDS-MH.json
    jobid: 49
    reason: Missing output files: /Users/agl4001/Documents/AOC-develop/results/Primate_TP53/Primate_TP53.4.codon.fas.BUSTEDS-MH.json; Input files updated by another job: /Users/agl4001/Documents/AOC-develop/results/Primate_TP53/Primate_TP53.4.codon.fas.FastTree.treefile
    wildcards: sample=Primate_TP53.4.codon.fas
    resources: tmpdir=/var/folders/h_/ggxlxnd12j36cf3lfm_8hx4c0000gr/T

[Thu Jun 26 16:11:21 2025]
Finished job 41.
21 of 71 steps (30%) done
Select jobs to execute...

[Thu Jun 26 16:11:21 2025]
rule BGM:
    input: /Users/agl4001/Documents/AOC-develop/results/Primate_TP53/Primate_TP53.2.codon.fas, /Users/agl4001/Documents/AOC-develop/results/Primate_TP53/Primate_TP53.2.codon.fas.FastTree.treefile
    output: /Users/agl4001/Documents/AOC-develop/results/Primate_TP53/Primate_TP53.2.codon.fas.BGM.json
    jobid: 42
    reason: Missing output files: /Users/agl4001/Documents/AOC-develop/results/Primate_TP53/Primate_TP53.2.codon.fas.BGM.json; Input files updated by another job: /Users/agl4001/Documents/AOC-develop/results/Primate_TP53/Primate_TP53.2.codon.fas.FastTree.treefile
    wildcards: sample=Primate_TP53.2.codon.fas
    resources: tmpdir=/var/folders/h_/ggxlxnd12j36cf3lfm_8hx4c0000gr/T

[Thu Jun 26 16:11:42 2025]
Finished job 14.
22 of 71 steps (31%) done
Select jobs to execute...

[Thu Jun 26 16:11:42 2025]
rule SLAC:
    input: /Users/agl4001/Documents/AOC-develop/results/Primate_TP53/Primate_TP53.3.codon.fas, /Users/agl4001/Documents/AOC-develop/results/Primate_TP53/Primate_TP53.3.codon.fas.FastTree.treefile
    output: /Users/agl4001/Documents/AOC-develop/results/Primate_TP53/Primate_TP53.3.codon.fas.SLAC.json
    jobid: 38
    reason: Missing output files: /Users/agl4001/Documents/AOC-develop/results/Primate_TP53/Primate_TP53.3.codon.fas.SLAC.json; Input files updated by another job: /Users/agl4001/Documents/AOC-develop/results/Primate_TP53/Primate_TP53.3.codon.fas.FastTree.treefile
    wildcards: sample=Primate_TP53.3.codon.fas
    resources: tmpdir=/var/folders/h_/ggxlxnd12j36cf3lfm_8hx4c0000gr/T

[Thu Jun 26 16:11:48 2025]
Finished job 42.
23 of 71 steps (32%) done
Select jobs to execute...

[Thu Jun 26 16:11:48 2025]
rule ABSREL:
    input: /Users/agl4001/Documents/AOC-develop/results/Primate_TP53/Primate_TP53.3.codon.fas, /Users/agl4001/Documents/AOC-develop/results/Primate_TP53/Primate_TP53.3.codon.fas.FastTree.treefile
    output: /Users/agl4001/Documents/AOC-develop/results/Primate_TP53/Primate_TP53.3.codon.fas.ABSREL.json
    jobid: 33
    reason: Missing output files: /Users/agl4001/Documents/AOC-develop/results/Primate_TP53/Primate_TP53.3.codon.fas.ABSREL.json; Input files updated by another job: /Users/agl4001/Documents/AOC-develop/results/Primate_TP53/Primate_TP53.3.codon.fas.FastTree.treefile
    wildcards: sample=Primate_TP53.3.codon.fas
    resources: tmpdir=/var/folders/h_/ggxlxnd12j36cf3lfm_8hx4c0000gr/T

[Thu Jun 26 16:11:58 2025]
Finished job 38.
24 of 71 steps (34%) done
Select jobs to execute...

[Thu Jun 26 16:11:58 2025]
rule FUBAR:
    input: /Users/agl4001/Documents/AOC-develop/results/Primate_TP53/Primate_TP53.4.codon.fas, /Users/agl4001/Documents/AOC-develop/results/Primate_TP53/Primate_TP53.4.codon.fas.FastTree.treefile
    output: /Users/agl4001/Documents/AOC-develop/results/Primate_TP53/Primate_TP53.4.codon.fas.FUBAR.json
    jobid: 19
    reason: Missing output files: /Users/agl4001/Documents/AOC-develop/results/Primate_TP53/Primate_TP53.4.codon.fas.FUBAR.json; Input files updated by another job: /Users/agl4001/Documents/AOC-develop/results/Primate_TP53/Primate_TP53.4.codon.fas.FastTree.treefile
    wildcards: sample=Primate_TP53.4.codon.fas
    resources: tmpdir=/var/folders/h_/ggxlxnd12j36cf3lfm_8hx4c0000gr/T

[Thu Jun 26 16:12:07 2025]
Finished job 19.
25 of 71 steps (35%) done
Select jobs to execute...

[Thu Jun 26 16:12:07 2025]
rule AssignLineages:
    input: /Users/agl4001/Documents/AOC-develop/results/Primate_TP53/Primate_TP53.3.codon.fas.FastTree.treefile
    output: /Users/agl4001/Documents/AOC-develop/results/Primate_TP53/Primate_TP53.3.codon.fas.FastTree.treefile.labelled
    jobid: 61
    reason: Missing output files: /Users/agl4001/Documents/AOC-develop/results/Primate_TP53/Primate_TP53.3.codon.fas.FastTree.treefile.labelled; Input files updated by another job: /Users/agl4001/Documents/AOC-develop/results/Primate_TP53/Primate_TP53.3.codon.fas.FastTree.treefile
    wildcards: sample=Primate_TP53.3.codon.fas
    resources: tmpdir=/var/folders/h_/ggxlxnd12j36cf3lfm_8hx4c0000gr/T

[Thu Jun 26 16:12:08 2025]
Finished job 61.
26 of 71 steps (37%) done
Select jobs to execute...

[Thu Jun 26 16:12:09 2025]
rule FEL:
    input: /Users/agl4001/Documents/AOC-develop/results/Primate_TP53/Primate_TP53.3.codon.fas, /Users/agl4001/Documents/AOC-develop/results/Primate_TP53/Primate_TP53.3.codon.fas.FastTree.treefile
    output: /Users/agl4001/Documents/AOC-develop/results/Primate_TP53/Primate_TP53.3.codon.fas.FEL.json
    jobid: 13
    reason: Missing output files: /Users/agl4001/Documents/AOC-develop/results/Primate_TP53/Primate_TP53.3.codon.fas.FEL.json; Input files updated by another job: /Users/agl4001/Documents/AOC-develop/results/Primate_TP53/Primate_TP53.3.codon.fas.FastTree.treefile
    wildcards: sample=Primate_TP53.3.codon.fas
    resources: tmpdir=/var/folders/h_/ggxlxnd12j36cf3lfm_8hx4c0000gr/T

[Thu Jun 26 16:12:29 2025]
Finished job 32.
27 of 71 steps (38%) done
Select jobs to execute...

[Thu Jun 26 16:12:29 2025]
rule CFEL:
    input: /Users/agl4001/Documents/AOC-develop/results/Primate_TP53/Primate_TP53.3.codon.fas, /Users/agl4001/Documents/AOC-develop/results/Primate_TP53/Primate_TP53.3.codon.fas.FastTree.treefile.labelled
    output: /Users/agl4001/Documents/AOC-develop/results/Primate_TP53/Primate_TP53.3.codon.fas.CFEL.json
    jobid: 68
    reason: Missing output files: /Users/agl4001/Documents/AOC-develop/results/Primate_TP53/Primate_TP53.3.codon.fas.CFEL.json; Input files updated by another job: /Users/agl4001/Documents/AOC-develop/results/Primate_TP53/Primate_TP53.3.codon.fas.FastTree.treefile.labelled
    wildcards: sample=Primate_TP53.3.codon.fas
    resources: tmpdir=/var/folders/h_/ggxlxnd12j36cf3lfm_8hx4c0000gr/T

[Thu Jun 26 16:12:52 2025]
Finished job 13.
28 of 71 steps (39%) done
Select jobs to execute...

[Thu Jun 26 16:12:52 2025]
rule FEL:
    input: /Users/agl4001/Documents/AOC-develop/results/Primate_TP53/Primate_TP53.1.codon.fas, /Users/agl4001/Documents/AOC-develop/results/Primate_TP53/Primate_TP53.1.codon.fas.FastTree.treefile
    output: /Users/agl4001/Documents/AOC-develop/results/Primate_TP53/Primate_TP53.1.codon.fas.FEL.json
    jobid: 11
    reason: Missing output files: /Users/agl4001/Documents/AOC-develop/results/Primate_TP53/Primate_TP53.1.codon.fas.FEL.json; Input files updated by another job: /Users/agl4001/Documents/AOC-develop/results/Primate_TP53/Primate_TP53.1.codon.fas.FastTree.treefile
    wildcards: sample=Primate_TP53.1.codon.fas
    resources: tmpdir=/var/folders/h_/ggxlxnd12j36cf3lfm_8hx4c0000gr/T

[Thu Jun 26 16:13:56 2025]
Finished job 11.
29 of 71 steps (41%) done
Select jobs to execute...

[Thu Jun 26 16:13:56 2025]
rule BUSTEDSMH:
    input: /Users/agl4001/Documents/AOC-develop/results/Primate_TP53/Primate_TP53.5.codon.fas, /Users/agl4001/Documents/AOC-develop/results/Primate_TP53/Primate_TP53.5.codon.fas.FastTree.treefile
    output: /Users/agl4001/Documents/AOC-develop/results/Primate_TP53/Primate_TP53.5.codon.fas.BUSTEDS-MH.json
    jobid: 50
    reason: Missing output files: /Users/agl4001/Documents/AOC-develop/results/Primate_TP53/Primate_TP53.5.codon.fas.BUSTEDS-MH.json; Input files updated by another job: /Users/agl4001/Documents/AOC-develop/results/Primate_TP53/Primate_TP53.5.codon.fas.FastTree.treefile
    wildcards: sample=Primate_TP53.5.codon.fas
    resources: tmpdir=/var/folders/h_/ggxlxnd12j36cf3lfm_8hx4c0000gr/T

[Thu Jun 26 16:14:24 2025]
Finished job 68.
30 of 71 steps (42%) done
Select jobs to execute...

[Thu Jun 26 16:14:24 2025]
rule BGM:
    input: /Users/agl4001/Documents/AOC-develop/results/Primate_TP53/Primate_TP53.3.codon.fas, /Users/agl4001/Documents/AOC-develop/results/Primate_TP53/Primate_TP53.3.codon.fas.FastTree.treefile
    output: /Users/agl4001/Documents/AOC-develop/results/Primate_TP53/Primate_TP53.3.codon.fas.BGM.json
    jobid: 43
    reason: Missing output files: /Users/agl4001/Documents/AOC-develop/results/Primate_TP53/Primate_TP53.3.codon.fas.BGM.json; Input files updated by another job: /Users/agl4001/Documents/AOC-develop/results/Primate_TP53/Primate_TP53.3.codon.fas.FastTree.treefile
    wildcards: sample=Primate_TP53.3.codon.fas
    resources: tmpdir=/var/folders/h_/ggxlxnd12j36cf3lfm_8hx4c0000gr/T

[Thu Jun 26 16:14:33 2025]
Finished job 33.
31 of 71 steps (44%) done
Select jobs to execute...

[Thu Jun 26 16:14:33 2025]
rule CFEL:
    input: /Users/agl4001/Documents/AOC-develop/results/Primate_TP53/Primate_TP53.1.codon.fas, /Users/agl4001/Documents/AOC-develop/results/Primate_TP53/Primate_TP53.1.codon.fas.FastTree.treefile.labelled
    output: /Users/agl4001/Documents/AOC-develop/results/Primate_TP53/Primate_TP53.1.codon.fas.CFEL.json
    jobid: 66
    reason: Missing output files: /Users/agl4001/Documents/AOC-develop/results/Primate_TP53/Primate_TP53.1.codon.fas.CFEL.json; Input files updated by another job: /Users/agl4001/Documents/AOC-develop/results/Primate_TP53/Primate_TP53.1.codon.fas.FastTree.treefile.labelled
    wildcards: sample=Primate_TP53.1.codon.fas
    resources: tmpdir=/var/folders/h_/ggxlxnd12j36cf3lfm_8hx4c0000gr/T

[Thu Jun 26 16:14:42 2025]
Finished job 43.
32 of 71 steps (45%) done
Select jobs to execute...

[Thu Jun 26 16:14:42 2025]
rule RELAX:
    input: /Users/agl4001/Documents/AOC-develop/results/Primate_TP53/Primate_TP53.2.codon.fas, /Users/agl4001/Documents/AOC-develop/results/Primate_TP53/Primate_TP53.2.codon.fas.FastTree.treefile.labelled
    output: /Users/agl4001/Documents/AOC-develop/results/Primate_TP53/Primate_TP53.2.codon.fas.RELAX.json
    jobid: 58
    reason: Missing output files: /Users/agl4001/Documents/AOC-develop/results/Primate_TP53/Primate_TP53.2.codon.fas.RELAX.json; Input files updated by another job: /Users/agl4001/Documents/AOC-develop/results/Primate_TP53/Primate_TP53.2.codon.fas.FastTree.treefile.labelled
    wildcards: sample=Primate_TP53.2.codon.fas
    resources: tmpdir=/var/folders/h_/ggxlxnd12j36cf3lfm_8hx4c0000gr/T

[Thu Jun 26 16:15:10 2025]
Finished job 22.
33 of 71 steps (46%) done
Select jobs to execute...

[Thu Jun 26 16:15:10 2025]
rule MEME:
    input: /Users/agl4001/Documents/AOC-develop/results/Primate_TP53/Primate_TP53.2.codon.fas, /Users/agl4001/Documents/AOC-develop/results/Primate_TP53/Primate_TP53.2.codon.fas.FastTree.treefile
    output: /Users/agl4001/Documents/AOC-develop/results/Primate_TP53/Primate_TP53.2.codon.fas.MEME.json
    jobid: 27
    reason: Missing output files: /Users/agl4001/Documents/AOC-develop/results/Primate_TP53/Primate_TP53.2.codon.fas.MEME.json; Input files updated by another job: /Users/agl4001/Documents/AOC-develop/results/Primate_TP53/Primate_TP53.2.codon.fas.FastTree.treefile
    wildcards: sample=Primate_TP53.2.codon.fas
    resources: tmpdir=/var/folders/h_/ggxlxnd12j36cf3lfm_8hx4c0000gr/T

[Thu Jun 26 16:15:31 2025]
Finished job 66.
34 of 71 steps (48%) done
Select jobs to execute...

[Thu Jun 26 16:15:31 2025]
rule FUBAR:
    input: /Users/agl4001/Documents/AOC-develop/results/Primate_TP53/Primate_TP53.5.codon.fas, /Users/agl4001/Documents/AOC-develop/results/Primate_TP53/Primate_TP53.5.codon.fas.FastTree.treefile
    output: /Users/agl4001/Documents/AOC-develop/results/Primate_TP53/Primate_TP53.5.codon.fas.FUBAR.json
    jobid: 20
    reason: Missing output files: /Users/agl4001/Documents/AOC-develop/results/Primate_TP53/Primate_TP53.5.codon.fas.FUBAR.json; Input files updated by another job: /Users/agl4001/Documents/AOC-develop/results/Primate_TP53/Primate_TP53.5.codon.fas.FastTree.treefile
    wildcards: sample=Primate_TP53.5.codon.fas
    resources: tmpdir=/var/folders/h_/ggxlxnd12j36cf3lfm_8hx4c0000gr/T

[Thu Jun 26 16:15:37 2025]
Finished job 20.
35 of 71 steps (49%) done
Select jobs to execute...

[Thu Jun 26 16:15:37 2025]
rule FEL:
    input: /Users/agl4001/Documents/AOC-develop/results/Primate_TP53/Primate_TP53.2.codon.fas, /Users/agl4001/Documents/AOC-develop/results/Primate_TP53/Primate_TP53.2.codon.fas.FastTree.treefile
    output: /Users/agl4001/Documents/AOC-develop/results/Primate_TP53/Primate_TP53.2.codon.fas.FEL.json
    jobid: 12
    reason: Missing output files: /Users/agl4001/Documents/AOC-develop/results/Primate_TP53/Primate_TP53.2.codon.fas.FEL.json; Input files updated by another job: /Users/agl4001/Documents/AOC-develop/results/Primate_TP53/Primate_TP53.2.codon.fas.FastTree.treefile
    wildcards: sample=Primate_TP53.2.codon.fas
    resources: tmpdir=/var/folders/h_/ggxlxnd12j36cf3lfm_8hx4c0000gr/T

[Thu Jun 26 16:16:04 2025]
Finished job 27.
36 of 71 steps (51%) done
Select jobs to execute...

[Thu Jun 26 16:16:04 2025]
rule BGM:
    input: /Users/agl4001/Documents/AOC-develop/results/Primate_TP53/Primate_TP53.4.codon.fas, /Users/agl4001/Documents/AOC-develop/results/Primate_TP53/Primate_TP53.4.codon.fas.FastTree.treefile
    output: /Users/agl4001/Documents/AOC-develop/results/Primate_TP53/Primate_TP53.4.codon.fas.BGM.json
    jobid: 44
    reason: Missing output files: /Users/agl4001/Documents/AOC-develop/results/Primate_TP53/Primate_TP53.4.codon.fas.BGM.json; Input files updated by another job: /Users/agl4001/Documents/AOC-develop/results/Primate_TP53/Primate_TP53.4.codon.fas.FastTree.treefile
    wildcards: sample=Primate_TP53.4.codon.fas
    resources: tmpdir=/var/folders/h_/ggxlxnd12j36cf3lfm_8hx4c0000gr/T

[Thu Jun 26 16:16:06 2025]
Finished job 12.
37 of 71 steps (52%) done
Select jobs to execute...

[Thu Jun 26 16:16:06 2025]
rule AssignLineages:
    input: /Users/agl4001/Documents/AOC-develop/results/Primate_TP53/Primate_TP53.4.codon.fas.FastTree.treefile
    output: /Users/agl4001/Documents/AOC-develop/results/Primate_TP53/Primate_TP53.4.codon.fas.FastTree.treefile.labelled
    jobid: 63
    reason: Missing output files: /Users/agl4001/Documents/AOC-develop/results/Primate_TP53/Primate_TP53.4.codon.fas.FastTree.treefile.labelled; Input files updated by another job: /Users/agl4001/Documents/AOC-develop/results/Primate_TP53/Primate_TP53.4.codon.fas.FastTree.treefile
    wildcards: sample=Primate_TP53.4.codon.fas
    resources: tmpdir=/var/folders/h_/ggxlxnd12j36cf3lfm_8hx4c0000gr/T

[Thu Jun 26 16:16:08 2025]
Finished job 63.
38 of 71 steps (54%) done
Select jobs to execute...

[Thu Jun 26 16:16:08 2025]
rule CFEL:
    input: /Users/agl4001/Documents/AOC-develop/results/Primate_TP53/Primate_TP53.4.codon.fas, /Users/agl4001/Documents/AOC-develop/results/Primate_TP53/Primate_TP53.4.codon.fas.FastTree.treefile.labelled
    output: /Users/agl4001/Documents/AOC-develop/results/Primate_TP53/Primate_TP53.4.codon.fas.CFEL.json
    jobid: 69
    reason: Missing output files: /Users/agl4001/Documents/AOC-develop/results/Primate_TP53/Primate_TP53.4.codon.fas.CFEL.json; Input files updated by another job: /Users/agl4001/Documents/AOC-develop/results/Primate_TP53/Primate_TP53.4.codon.fas.FastTree.treefile.labelled
    wildcards: sample=Primate_TP53.4.codon.fas
    resources: tmpdir=/var/folders/h_/ggxlxnd12j36cf3lfm_8hx4c0000gr/T

[Thu Jun 26 16:16:18 2025]
Finished job 54.
39 of 71 steps (55%) done
Select jobs to execute...

[Thu Jun 26 16:16:18 2025]
rule BUSTEDS:
    input: /Users/agl4001/Documents/AOC-develop/results/Primate_TP53/Primate_TP53.3.codon.fas, /Users/agl4001/Documents/AOC-develop/results/Primate_TP53/Primate_TP53.3.codon.fas.FastTree.treefile
    output: /Users/agl4001/Documents/AOC-develop/results/Primate_TP53/Primate_TP53.3.codon.fas.BUSTEDS.json
    jobid: 23
    reason: Missing output files: /Users/agl4001/Documents/AOC-develop/results/Primate_TP53/Primate_TP53.3.codon.fas.BUSTEDS.json; Input files updated by another job: /Users/agl4001/Documents/AOC-develop/results/Primate_TP53/Primate_TP53.3.codon.fas.FastTree.treefile
    wildcards: sample=Primate_TP53.3.codon.fas
    resources: tmpdir=/var/folders/h_/ggxlxnd12j36cf3lfm_8hx4c0000gr/T

[Thu Jun 26 16:16:37 2025]
Finished job 44.
40 of 71 steps (56%) done
Select jobs to execute...

[Thu Jun 26 16:16:37 2025]
rule FUBAR:
    input: /Users/agl4001/Documents/AOC-develop/results/Primate_TP53/Primate_TP53.1.codon.fas, /Users/agl4001/Documents/AOC-develop/results/Primate_TP53/Primate_TP53.1.codon.fas.FastTree.treefile
    output: /Users/agl4001/Documents/AOC-develop/results/Primate_TP53/Primate_TP53.1.codon.fas.FUBAR.json
    jobid: 16
    reason: Missing output files: /Users/agl4001/Documents/AOC-develop/results/Primate_TP53/Primate_TP53.1.codon.fas.FUBAR.json; Input files updated by another job: /Users/agl4001/Documents/AOC-develop/results/Primate_TP53/Primate_TP53.1.codon.fas.FastTree.treefile
    wildcards: sample=Primate_TP53.1.codon.fas
    resources: tmpdir=/var/folders/h_/ggxlxnd12j36cf3lfm_8hx4c0000gr/T

[Thu Jun 26 16:16:43 2025]
Finished job 16.
41 of 71 steps (58%) done
Select jobs to execute...

[Thu Jun 26 16:16:43 2025]
rule AssignLineages:
    input: /Users/agl4001/Documents/AOC-develop/results/Primate_TP53/Primate_TP53.5.codon.fas.FastTree.treefile
    output: /Users/agl4001/Documents/AOC-develop/results/Primate_TP53/Primate_TP53.5.codon.fas.FastTree.treefile.labelled
    jobid: 65
    reason: Missing output files: /Users/agl4001/Documents/AOC-develop/results/Primate_TP53/Primate_TP53.5.codon.fas.FastTree.treefile.labelled; Input files updated by another job: /Users/agl4001/Documents/AOC-develop/results/Primate_TP53/Primate_TP53.5.codon.fas.FastTree.treefile
    wildcards: sample=Primate_TP53.5.codon.fas
    resources: tmpdir=/var/folders/h_/ggxlxnd12j36cf3lfm_8hx4c0000gr/T

[Thu Jun 26 16:16:47 2025]
Finished job 65.
42 of 71 steps (59%) done
Select jobs to execute...

[Thu Jun 26 16:16:47 2025]
rule FMM:
    input: /Users/agl4001/Documents/AOC-develop/results/Primate_TP53/Primate_TP53.2.codon.fas, /Users/agl4001/Documents/AOC-develop/results/Primate_TP53/Primate_TP53.2.codon.fas.FastTree.treefile
    output: /Users/agl4001/Documents/AOC-develop/results/Primate_TP53/Primate_TP53.2.codon.fas.FMM.json
    jobid: 52
    reason: Missing output files: /Users/agl4001/Documents/AOC-develop/results/Primate_TP53/Primate_TP53.2.codon.fas.FMM.json; Input files updated by another job: /Users/agl4001/Documents/AOC-develop/results/Primate_TP53/Primate_TP53.2.codon.fas.FastTree.treefile
    wildcards: sample=Primate_TP53.2.codon.fas
    resources: tmpdir=/var/folders/h_/ggxlxnd12j36cf3lfm_8hx4c0000gr/T

[Thu Jun 26 16:19:01 2025]
Error in rule RELAX:
    jobid: 58
    input: /Users/agl4001/Documents/AOC-develop/results/Primate_TP53/Primate_TP53.2.codon.fas, /Users/agl4001/Documents/AOC-develop/results/Primate_TP53/Primate_TP53.2.codon.fas.FastTree.treefile.labelled
    output: /Users/agl4001/Documents/AOC-develop/results/Primate_TP53/Primate_TP53.2.codon.fas.RELAX.json
    shell:
        hyphy RELAX --alignment /Users/agl4001/Documents/AOC-develop/results/Primate_TP53/Primate_TP53.2.codon.fas --tree /Users/agl4001/Documents/AOC-develop/results/Primate_TP53/Primate_TP53.2.codon.fas.FastTree.treefile.labelled --output /Users/agl4001/Documents/AOC-develop/results/Primate_TP53/Primate_TP53.2.codon.fas.RELAX.json --reference-group Haplorrhini --models All --mode 'Group mode' --starting-points 25 --srv Yes
        (one of the commands exited with non-zero exit code; note that snakemake uses bash strict mode!)

Removing output files of failed job RELAX since they might be corrupted:
/Users/agl4001/Documents/AOC-develop/results/Primate_TP53/Primate_TP53.2.codon.fas.RELAX.json
Select jobs to execute...

[Thu Jun 26 16:19:01 2025]
rule MEME:
    input: /Users/agl4001/Documents/AOC-develop/results/Primate_TP53/Primate_TP53.5.codon.fas, /Users/agl4001/Documents/AOC-develop/results/Primate_TP53/Primate_TP53.5.codon.fas.FastTree.treefile
    output: /Users/agl4001/Documents/AOC-develop/results/Primate_TP53/Primate_TP53.5.codon.fas.MEME.json
    jobid: 30
    reason: Missing output files: /Users/agl4001/Documents/AOC-develop/results/Primate_TP53/Primate_TP53.5.codon.fas.MEME.json; Input files updated by another job: /Users/agl4001/Documents/AOC-develop/results/Primate_TP53/Primate_TP53.5.codon.fas.FastTree.treefile
    wildcards: sample=Primate_TP53.5.codon.fas
    resources: tmpdir=/var/folders/h_/ggxlxnd12j36cf3lfm_8hx4c0000gr/T

[Thu Jun 26 16:19:24 2025]
Finished job 30.
43 of 71 steps (61%) done
Select jobs to execute...

[Thu Jun 26 16:19:24 2025]
rule BGM:
    input: /Users/agl4001/Documents/AOC-develop/results/Primate_TP53/Primate_TP53.5.codon.fas, /Users/agl4001/Documents/AOC-develop/results/Primate_TP53/Primate_TP53.5.codon.fas.FastTree.treefile
    output: /Users/agl4001/Documents/AOC-develop/results/Primate_TP53/Primate_TP53.5.codon.fas.BGM.json
    jobid: 45
    reason: Missing output files: /Users/agl4001/Documents/AOC-develop/results/Primate_TP53/Primate_TP53.5.codon.fas.BGM.json; Input files updated by another job: /Users/agl4001/Documents/AOC-develop/results/Primate_TP53/Primate_TP53.5.codon.fas.FastTree.treefile
    wildcards: sample=Primate_TP53.5.codon.fas
    resources: tmpdir=/var/folders/h_/ggxlxnd12j36cf3lfm_8hx4c0000gr/T

[Thu Jun 26 16:19:37 2025]
Finished job 45.
44 of 71 steps (62%) done
Select jobs to execute...

[Thu Jun 26 16:19:37 2025]
rule RELAX:
    input: /Users/agl4001/Documents/AOC-develop/results/Primate_TP53/Primate_TP53.3.codon.fas, /Users/agl4001/Documents/AOC-develop/results/Primate_TP53/Primate_TP53.3.codon.fas.FastTree.treefile.labelled
    output: /Users/agl4001/Documents/AOC-develop/results/Primate_TP53/Primate_TP53.3.codon.fas.RELAX.json
    jobid: 60
    reason: Missing output files: /Users/agl4001/Documents/AOC-develop/results/Primate_TP53/Primate_TP53.3.codon.fas.RELAX.json; Input files updated by another job: /Users/agl4001/Documents/AOC-develop/results/Primate_TP53/Primate_TP53.3.codon.fas.FastTree.treefile.labelled
    wildcards: sample=Primate_TP53.3.codon.fas
    resources: tmpdir=/var/folders/h_/ggxlxnd12j36cf3lfm_8hx4c0000gr/T

[Thu Jun 26 16:19:46 2025]
Finished job 25.
45 of 71 steps (63%) done
Select jobs to execute...

[Thu Jun 26 16:19:46 2025]
rule ABSREL:
    input: /Users/agl4001/Documents/AOC-develop/results/Primate_TP53/Primate_TP53.4.codon.fas, /Users/agl4001/Documents/AOC-develop/results/Primate_TP53/Primate_TP53.4.codon.fas.FastTree.treefile
    output: /Users/agl4001/Documents/AOC-develop/results/Primate_TP53/Primate_TP53.4.codon.fas.ABSREL.json
    jobid: 34
    reason: Missing output files: /Users/agl4001/Documents/AOC-develop/results/Primate_TP53/Primate_TP53.4.codon.fas.ABSREL.json; Input files updated by another job: /Users/agl4001/Documents/AOC-develop/results/Primate_TP53/Primate_TP53.4.codon.fas.FastTree.treefile
    wildcards: sample=Primate_TP53.4.codon.fas
    resources: tmpdir=/var/folders/h_/ggxlxnd12j36cf3lfm_8hx4c0000gr/T

[Thu Jun 26 16:21:24 2025]
Finished job 69.
46 of 71 steps (65%) done
Select jobs to execute...

[Thu Jun 26 16:21:24 2025]
rule RELAX:
    input: /Users/agl4001/Documents/AOC-develop/results/Primate_TP53/Primate_TP53.4.codon.fas, /Users/agl4001/Documents/AOC-develop/results/Primate_TP53/Primate_TP53.4.codon.fas.FastTree.treefile.labelled
    output: /Users/agl4001/Documents/AOC-develop/results/Primate_TP53/Primate_TP53.4.codon.fas.RELAX.json
    jobid: 62
    reason: Missing output files: /Users/agl4001/Documents/AOC-develop/results/Primate_TP53/Primate_TP53.4.codon.fas.RELAX.json; Input files updated by another job: /Users/agl4001/Documents/AOC-develop/results/Primate_TP53/Primate_TP53.4.codon.fas.FastTree.treefile.labelled
    wildcards: sample=Primate_TP53.4.codon.fas
    resources: tmpdir=/var/folders/h_/ggxlxnd12j36cf3lfm_8hx4c0000gr/T

[Thu Jun 26 16:22:24 2025]
Finished job 34.
47 of 71 steps (66%) done
Select jobs to execute...

[Thu Jun 26 16:22:24 2025]
rule CFEL:
    input: /Users/agl4001/Documents/AOC-develop/results/Primate_TP53/Primate_TP53.5.codon.fas, /Users/agl4001/Documents/AOC-develop/results/Primate_TP53/Primate_TP53.5.codon.fas.FastTree.treefile.labelled
    output: /Users/agl4001/Documents/AOC-develop/results/Primate_TP53/Primate_TP53.5.codon.fas.CFEL.json
    jobid: 70
    reason: Missing output files: /Users/agl4001/Documents/AOC-develop/results/Primate_TP53/Primate_TP53.5.codon.fas.CFEL.json; Input files updated by another job: /Users/agl4001/Documents/AOC-develop/results/Primate_TP53/Primate_TP53.5.codon.fas.FastTree.treefile.labelled
    wildcards: sample=Primate_TP53.5.codon.fas
    resources: tmpdir=/var/folders/h_/ggxlxnd12j36cf3lfm_8hx4c0000gr/T

[Thu Jun 26 16:22:24 2025]
Finished job 23.
48 of 71 steps (68%) done
Select jobs to execute...

[Thu Jun 26 16:22:25 2025]
rule RELAX:
    input: /Users/agl4001/Documents/AOC-develop/results/Primate_TP53/Primate_TP53.5.codon.fas, /Users/agl4001/Documents/AOC-develop/results/Primate_TP53/Primate_TP53.5.codon.fas.FastTree.treefile.labelled
    output: /Users/agl4001/Documents/AOC-develop/results/Primate_TP53/Primate_TP53.5.codon.fas.RELAX.json
    jobid: 64
    reason: Missing output files: /Users/agl4001/Documents/AOC-develop/results/Primate_TP53/Primate_TP53.5.codon.fas.RELAX.json; Input files updated by another job: /Users/agl4001/Documents/AOC-develop/results/Primate_TP53/Primate_TP53.5.codon.fas.FastTree.treefile.labelled
    wildcards: sample=Primate_TP53.5.codon.fas
    resources: tmpdir=/var/folders/h_/ggxlxnd12j36cf3lfm_8hx4c0000gr/T

[Thu Jun 26 16:22:56 2025]
Finished job 70.
49 of 71 steps (69%) done
Select jobs to execute...

[Thu Jun 26 16:22:56 2025]
rule MEME:
    input: /Users/agl4001/Documents/AOC-develop/results/Primate_TP53/Primate_TP53.4.codon.fas, /Users/agl4001/Documents/AOC-develop/results/Primate_TP53/Primate_TP53.4.codon.fas.FastTree.treefile
    output: /Users/agl4001/Documents/AOC-develop/results/Primate_TP53/Primate_TP53.4.codon.fas.MEME.json
    jobid: 29
    reason: Missing output files: /Users/agl4001/Documents/AOC-develop/results/Primate_TP53/Primate_TP53.4.codon.fas.MEME.json; Input files updated by another job: /Users/agl4001/Documents/AOC-develop/results/Primate_TP53/Primate_TP53.4.codon.fas.FastTree.treefile
    wildcards: sample=Primate_TP53.4.codon.fas
    resources: tmpdir=/var/folders/h_/ggxlxnd12j36cf3lfm_8hx4c0000gr/T

[Thu Jun 26 16:23:14 2025]
Finished job 52.
50 of 71 steps (70%) done
Select jobs to execute...

[Thu Jun 26 16:23:14 2025]
rule SLAC:
    input: /Users/agl4001/Documents/AOC-develop/results/Primate_TP53/Primate_TP53.1.codon.fas, /Users/agl4001/Documents/AOC-develop/results/Primate_TP53/Primate_TP53.1.codon.fas.FastTree.treefile
    output: /Users/agl4001/Documents/AOC-develop/results/Primate_TP53/Primate_TP53.1.codon.fas.SLAC.json
    jobid: 36
    reason: Missing output files: /Users/agl4001/Documents/AOC-develop/results/Primate_TP53/Primate_TP53.1.codon.fas.SLAC.json; Input files updated by another job: /Users/agl4001/Documents/AOC-develop/results/Primate_TP53/Primate_TP53.1.codon.fas.FastTree.treefile
    wildcards: sample=Primate_TP53.1.codon.fas
    resources: tmpdir=/var/folders/h_/ggxlxnd12j36cf3lfm_8hx4c0000gr/T

[Thu Jun 26 16:23:24 2025]
Finished job 36.
51 of 71 steps (72%) done
Select jobs to execute...

[Thu Jun 26 16:23:24 2025]
rule BUSTEDS:
    input: /Users/agl4001/Documents/AOC-develop/results/Primate_TP53/Primate_TP53.1.codon.fas, /Users/agl4001/Documents/AOC-develop/results/Primate_TP53/Primate_TP53.1.codon.fas.FastTree.treefile
    output: /Users/agl4001/Documents/AOC-develop/results/Primate_TP53/Primate_TP53.1.codon.fas.BUSTEDS.json
    jobid: 21
    reason: Missing output files: /Users/agl4001/Documents/AOC-develop/results/Primate_TP53/Primate_TP53.1.codon.fas.BUSTEDS.json; Input files updated by another job: /Users/agl4001/Documents/AOC-develop/results/Primate_TP53/Primate_TP53.1.codon.fas.FastTree.treefile
    wildcards: sample=Primate_TP53.1.codon.fas
    resources: tmpdir=/var/folders/h_/ggxlxnd12j36cf3lfm_8hx4c0000gr/T

[Thu Jun 26 16:25:42 2025]
Finished job 51.
52 of 71 steps (73%) done
Select jobs to execute...

[Thu Jun 26 16:25:43 2025]
rule MEME:
    input: /Users/agl4001/Documents/AOC-develop/results/Primate_TP53/Primate_TP53.3.codon.fas, /Users/agl4001/Documents/AOC-develop/results/Primate_TP53/Primate_TP53.3.codon.fas.FastTree.treefile
    output: /Users/agl4001/Documents/AOC-develop/results/Primate_TP53/Primate_TP53.3.codon.fas.MEME.json
    jobid: 28
    reason: Missing output files: /Users/agl4001/Documents/AOC-develop/results/Primate_TP53/Primate_TP53.3.codon.fas.MEME.json; Input files updated by another job: /Users/agl4001/Documents/AOC-develop/results/Primate_TP53/Primate_TP53.3.codon.fas.FastTree.treefile
    wildcards: sample=Primate_TP53.3.codon.fas
    resources: tmpdir=/var/folders/h_/ggxlxnd12j36cf3lfm_8hx4c0000gr/T

[Thu Jun 26 16:25:47 2025]
Finished job 29.
53 of 71 steps (75%) done
Select jobs to execute...

[Thu Jun 26 16:25:47 2025]
rule SLAC:
    input: /Users/agl4001/Documents/AOC-develop/results/Primate_TP53/Primate_TP53.5.codon.fas, /Users/agl4001/Documents/AOC-develop/results/Primate_TP53/Primate_TP53.5.codon.fas.FastTree.treefile
    output: /Users/agl4001/Documents/AOC-develop/results/Primate_TP53/Primate_TP53.5.codon.fas.SLAC.json
    jobid: 40
    reason: Missing output files: /Users/agl4001/Documents/AOC-develop/results/Primate_TP53/Primate_TP53.5.codon.fas.SLAC.json; Input files updated by another job: /Users/agl4001/Documents/AOC-develop/results/Primate_TP53/Primate_TP53.5.codon.fas.FastTree.treefile
    wildcards: sample=Primate_TP53.5.codon.fas
    resources: tmpdir=/var/folders/h_/ggxlxnd12j36cf3lfm_8hx4c0000gr/T

[Thu Jun 26 16:26:00 2025]
Finished job 40.
54 of 71 steps (76%) done
Select jobs to execute...

[Thu Jun 26 16:26:00 2025]
rule ABSREL:
    input: /Users/agl4001/Documents/AOC-develop/results/Primate_TP53/Primate_TP53.5.codon.fas, /Users/agl4001/Documents/AOC-develop/results/Primate_TP53/Primate_TP53.5.codon.fas.FastTree.treefile
    output: /Users/agl4001/Documents/AOC-develop/results/Primate_TP53/Primate_TP53.5.codon.fas.ABSREL.json
    jobid: 35
    reason: Missing output files: /Users/agl4001/Documents/AOC-develop/results/Primate_TP53/Primate_TP53.5.codon.fas.ABSREL.json; Input files updated by another job: /Users/agl4001/Documents/AOC-develop/results/Primate_TP53/Primate_TP53.5.codon.fas.FastTree.treefile
    wildcards: sample=Primate_TP53.5.codon.fas
    resources: tmpdir=/var/folders/h_/ggxlxnd12j36cf3lfm_8hx4c0000gr/T

[Thu Jun 26 16:26:45 2025]
Finished job 24.
55 of 71 steps (77%) done
Select jobs to execute...

[Thu Jun 26 16:26:45 2025]
rule SLAC:
    input: /Users/agl4001/Documents/AOC-develop/results/Primate_TP53/Primate_TP53.4.codon.fas, /Users/agl4001/Documents/AOC-develop/results/Primate_TP53/Primate_TP53.4.codon.fas.FastTree.treefile
    output: /Users/agl4001/Documents/AOC-develop/results/Primate_TP53/Primate_TP53.4.codon.fas.SLAC.json
    jobid: 39
    reason: Missing output files: /Users/agl4001/Documents/AOC-develop/results/Primate_TP53/Primate_TP53.4.codon.fas.SLAC.json; Input files updated by another job: /Users/agl4001/Documents/AOC-develop/results/Primate_TP53/Primate_TP53.4.codon.fas.FastTree.treefile
    wildcards: sample=Primate_TP53.4.codon.fas
    resources: tmpdir=/var/folders/h_/ggxlxnd12j36cf3lfm_8hx4c0000gr/T

[Thu Jun 26 16:27:00 2025]
Finished job 28.
56 of 71 steps (79%) done
Select jobs to execute...

[Thu Jun 26 16:27:00 2025]
rule FMM:
    input: /Users/agl4001/Documents/AOC-develop/results/Primate_TP53/Primate_TP53.3.codon.fas, /Users/agl4001/Documents/AOC-develop/results/Primate_TP53/Primate_TP53.3.codon.fas.FastTree.treefile
    output: /Users/agl4001/Documents/AOC-develop/results/Primate_TP53/Primate_TP53.3.codon.fas.FMM.json
    jobid: 53
    reason: Missing output files: /Users/agl4001/Documents/AOC-develop/results/Primate_TP53/Primate_TP53.3.codon.fas.FMM.json; Input files updated by another job: /Users/agl4001/Documents/AOC-develop/results/Primate_TP53/Primate_TP53.3.codon.fas.FastTree.treefile
    wildcards: sample=Primate_TP53.3.codon.fas
    resources: tmpdir=/var/folders/h_/ggxlxnd12j36cf3lfm_8hx4c0000gr/T

[Thu Jun 26 16:27:02 2025]
Finished job 35.
57 of 71 steps (80%) done
Select jobs to execute...

[Thu Jun 26 16:27:02 2025]
rule BUSTEDSMH:
    input: /Users/agl4001/Documents/AOC-develop/results/Primate_TP53/Primate_TP53.1.codon.fas, /Users/agl4001/Documents/AOC-develop/results/Primate_TP53/Primate_TP53.1.codon.fas.FastTree.treefile
    output: /Users/agl4001/Documents/AOC-develop/results/Primate_TP53/Primate_TP53.1.codon.fas.BUSTEDS-MH.json
    jobid: 46
    reason: Missing output files: /Users/agl4001/Documents/AOC-develop/results/Primate_TP53/Primate_TP53.1.codon.fas.BUSTEDS-MH.json; Input files updated by another job: /Users/agl4001/Documents/AOC-develop/results/Primate_TP53/Primate_TP53.1.codon.fas.FastTree.treefile
    wildcards: sample=Primate_TP53.1.codon.fas
    resources: tmpdir=/var/folders/h_/ggxlxnd12j36cf3lfm_8hx4c0000gr/T

[Thu Jun 26 16:27:14 2025]
Finished job 39.
58 of 71 steps (82%) done
[Thu Jun 26 16:28:50 2025]
Finished job 56.
59 of 71 steps (83%) done
[Thu Jun 26 16:29:19 2025]
Finished job 47.
60 of 71 steps (85%) done
[Thu Jun 26 16:29:51 2025]
Finished job 53.
61 of 71 steps (86%) done
[Thu Jun 26 16:31:27 2025]
Finished job 50.
62 of 71 steps (87%) done
[Thu Jun 26 16:33:52 2025]
Finished job 21.
63 of 71 steps (89%) done
[Thu Jun 26 16:34:15 2025]
Finished job 60.
64 of 71 steps (90%) done
[Thu Jun 26 16:36:47 2025]
Finished job 64.
65 of 71 steps (92%) done
[Thu Jun 26 16:37:26 2025]
Finished job 62.
66 of 71 steps (93%) done
[Thu Jun 26 16:39:52 2025]
Finished job 49.
67 of 71 steps (94%) done
[Thu Jun 26 16:51:46 2025]
Finished job 48.
68 of 71 steps (96%) done
[Thu Jun 26 18:22:21 2025]
Finished job 46.
69 of 71 steps (97%) done
Exiting because a job execution failed. Look above for error message
Complete log: .snakemake/log/2025-06-26T160901.739495.snakemake.log
