Building DAG of jobs...
Using shell: /bin/bash
Provided cores: 12
Rules claiming more threads will be scaled down.
Job stats:
job               count
--------------  -------
ABSREL                4
AssignLineages        4
BGM                   4
BUSTEDS               4
BUSTEDSMH             4
CFEL                  4
FEL                   4
FMM                   4
FUBAR                 4
MEME                  4
RELAX                 4
SLAC                  4
all                   1
fasttree              4
tn93                  4
total                57

Select jobs to execute...

[Thu Jun 26 14:49:01 2025]
rule tn93:
    input: /Users/agl4001/Documents/AOC-develop/results/Primate_ACE2/Primate_ACE2.3.codon.fas
    output: /Users/agl4001/Documents/AOC-develop/results/Primate_ACE2/Primate_ACE2.3.codon.fas.dst
    jobid: 3
    reason: Missing output files: /Users/agl4001/Documents/AOC-develop/results/Primate_ACE2/Primate_ACE2.3.codon.fas.dst
    wildcards: sample=Primate_ACE2.3.codon.fas
    resources: tmpdir=/var/folders/h_/ggxlxnd12j36cf3lfm_8hx4c0000gr/T


[Thu Jun 26 14:49:01 2025]
rule fasttree:
    input: /Users/agl4001/Documents/AOC-develop/results/Primate_ACE2/Primate_ACE2.2.codon.fas
    output: /Users/agl4001/Documents/AOC-develop/results/Primate_ACE2/Primate_ACE2.2.codon.fas.FastTree.treefile
    jobid: 6
    reason: Missing output files: /Users/agl4001/Documents/AOC-develop/results/Primate_ACE2/Primate_ACE2.2.codon.fas.FastTree.treefile
    wildcards: sample=Primate_ACE2.2.codon.fas
    resources: tmpdir=/var/folders/h_/ggxlxnd12j36cf3lfm_8hx4c0000gr/T


[Thu Jun 26 14:49:01 2025]
rule tn93:
    input: /Users/agl4001/Documents/AOC-develop/results/Primate_ACE2/Primate_ACE2.2.codon.fas
    output: /Users/agl4001/Documents/AOC-develop/results/Primate_ACE2/Primate_ACE2.2.codon.fas.dst
    jobid: 2
    reason: Missing output files: /Users/agl4001/Documents/AOC-develop/results/Primate_ACE2/Primate_ACE2.2.codon.fas.dst
    wildcards: sample=Primate_ACE2.2.codon.fas
    resources: tmpdir=/var/folders/h_/ggxlxnd12j36cf3lfm_8hx4c0000gr/T


[Thu Jun 26 14:49:01 2025]
rule fasttree:
    input: /Users/agl4001/Documents/AOC-develop/results/Primate_ACE2/Primate_ACE2.4.codon.fas
    output: /Users/agl4001/Documents/AOC-develop/results/Primate_ACE2/Primate_ACE2.4.codon.fas.FastTree.treefile
    jobid: 8
    reason: Missing output files: /Users/agl4001/Documents/AOC-develop/results/Primate_ACE2/Primate_ACE2.4.codon.fas.FastTree.treefile
    wildcards: sample=Primate_ACE2.4.codon.fas
    resources: tmpdir=/var/folders/h_/ggxlxnd12j36cf3lfm_8hx4c0000gr/T


[Thu Jun 26 14:49:01 2025]
rule tn93:
    input: /Users/agl4001/Documents/AOC-develop/results/Primate_ACE2/Primate_ACE2.4.codon.fas
    output: /Users/agl4001/Documents/AOC-develop/results/Primate_ACE2/Primate_ACE2.4.codon.fas.dst
    jobid: 4
    reason: Missing output files: /Users/agl4001/Documents/AOC-develop/results/Primate_ACE2/Primate_ACE2.4.codon.fas.dst
    wildcards: sample=Primate_ACE2.4.codon.fas
    resources: tmpdir=/var/folders/h_/ggxlxnd12j36cf3lfm_8hx4c0000gr/T


[Thu Jun 26 14:49:01 2025]
rule tn93:
    input: /Users/agl4001/Documents/AOC-develop/results/Primate_ACE2/Primate_ACE2.1.codon.fas
    output: /Users/agl4001/Documents/AOC-develop/results/Primate_ACE2/Primate_ACE2.1.codon.fas.dst
    jobid: 1
    reason: Missing output files: /Users/agl4001/Documents/AOC-develop/results/Primate_ACE2/Primate_ACE2.1.codon.fas.dst
    wildcards: sample=Primate_ACE2.1.codon.fas
    resources: tmpdir=/var/folders/h_/ggxlxnd12j36cf3lfm_8hx4c0000gr/T


[Thu Jun 26 14:49:01 2025]
rule fasttree:
    input: /Users/agl4001/Documents/AOC-develop/results/Primate_ACE2/Primate_ACE2.3.codon.fas
    output: /Users/agl4001/Documents/AOC-develop/results/Primate_ACE2/Primate_ACE2.3.codon.fas.FastTree.treefile
    jobid: 7
    reason: Missing output files: /Users/agl4001/Documents/AOC-develop/results/Primate_ACE2/Primate_ACE2.3.codon.fas.FastTree.treefile
    wildcards: sample=Primate_ACE2.3.codon.fas
    resources: tmpdir=/var/folders/h_/ggxlxnd12j36cf3lfm_8hx4c0000gr/T


[Thu Jun 26 14:49:01 2025]
rule fasttree:
    input: /Users/agl4001/Documents/AOC-develop/results/Primate_ACE2/Primate_ACE2.1.codon.fas
    output: /Users/agl4001/Documents/AOC-develop/results/Primate_ACE2/Primate_ACE2.1.codon.fas.FastTree.treefile
    jobid: 5
    reason: Missing output files: /Users/agl4001/Documents/AOC-develop/results/Primate_ACE2/Primate_ACE2.1.codon.fas.FastTree.treefile
    wildcards: sample=Primate_ACE2.1.codon.fas
    resources: tmpdir=/var/folders/h_/ggxlxnd12j36cf3lfm_8hx4c0000gr/T

[Thu Jun 26 14:49:01 2025]
Finished job 3.
1 of 57 steps (2%) done
[Thu Jun 26 14:49:01 2025]
Finished job 2.
2 of 57 steps (4%) done
[Thu Jun 26 14:49:01 2025]
Finished job 4.
3 of 57 steps (5%) done
[Thu Jun 26 14:49:01 2025]
Finished job 1.
4 of 57 steps (7%) done
[Thu Jun 26 14:49:01 2025]
Finished job 7.
5 of 57 steps (9%) done
Select jobs to execute...

[Thu Jun 26 14:49:01 2025]
rule FUBAR:
    input: /Users/agl4001/Documents/AOC-develop/results/Primate_ACE2/Primate_ACE2.3.codon.fas, /Users/agl4001/Documents/AOC-develop/results/Primate_ACE2/Primate_ACE2.3.codon.fas.FastTree.treefile
    output: /Users/agl4001/Documents/AOC-develop/results/Primate_ACE2/Primate_ACE2.3.codon.fas.FUBAR.json
    jobid: 15
    reason: Missing output files: /Users/agl4001/Documents/AOC-develop/results/Primate_ACE2/Primate_ACE2.3.codon.fas.FUBAR.json; Input files updated by another job: /Users/agl4001/Documents/AOC-develop/results/Primate_ACE2/Primate_ACE2.3.codon.fas.FastTree.treefile
    wildcards: sample=Primate_ACE2.3.codon.fas
    resources: tmpdir=/var/folders/h_/ggxlxnd12j36cf3lfm_8hx4c0000gr/T


[Thu Jun 26 14:49:01 2025]
rule FMM:
    input: /Users/agl4001/Documents/AOC-develop/results/Primate_ACE2/Primate_ACE2.3.codon.fas, /Users/agl4001/Documents/AOC-develop/results/Primate_ACE2/Primate_ACE2.3.codon.fas.FastTree.treefile
    output: /Users/agl4001/Documents/AOC-develop/results/Primate_ACE2/Primate_ACE2.3.codon.fas.FMM.json
    jobid: 43
    reason: Missing output files: /Users/agl4001/Documents/AOC-develop/results/Primate_ACE2/Primate_ACE2.3.codon.fas.FMM.json; Input files updated by another job: /Users/agl4001/Documents/AOC-develop/results/Primate_ACE2/Primate_ACE2.3.codon.fas.FastTree.treefile
    wildcards: sample=Primate_ACE2.3.codon.fas
    resources: tmpdir=/var/folders/h_/ggxlxnd12j36cf3lfm_8hx4c0000gr/T


[Thu Jun 26 14:49:01 2025]
rule AssignLineages:
    input: /Users/agl4001/Documents/AOC-develop/results/Primate_ACE2/Primate_ACE2.3.codon.fas.FastTree.treefile
    output: /Users/agl4001/Documents/AOC-develop/results/Primate_ACE2/Primate_ACE2.3.codon.fas.FastTree.treefile.labelled
    jobid: 50
    reason: Missing output files: /Users/agl4001/Documents/AOC-develop/results/Primate_ACE2/Primate_ACE2.3.codon.fas.FastTree.treefile.labelled; Input files updated by another job: /Users/agl4001/Documents/AOC-develop/results/Primate_ACE2/Primate_ACE2.3.codon.fas.FastTree.treefile
    wildcards: sample=Primate_ACE2.3.codon.fas
    resources: tmpdir=/var/folders/h_/ggxlxnd12j36cf3lfm_8hx4c0000gr/T

[Thu Jun 26 14:49:01 2025]
rule SLAC:
    input: /Users/agl4001/Documents/AOC-develop/results/Primate_ACE2/Primate_ACE2.3.codon.fas, /Users/agl4001/Documents/AOC-develop/results/Primate_ACE2/Primate_ACE2.3.codon.fas.FastTree.treefile
    output: /Users/agl4001/Documents/AOC-develop/results/Primate_ACE2/Primate_ACE2.3.codon.fas.SLAC.json
    jobid: 31
    reason: Missing output files: /Users/agl4001/Documents/AOC-develop/results/Primate_ACE2/Primate_ACE2.3.codon.fas.SLAC.json; Input files updated by another job: /Users/agl4001/Documents/AOC-develop/results/Primate_ACE2/Primate_ACE2.3.codon.fas.FastTree.treefile
    wildcards: sample=Primate_ACE2.3.codon.fas
    resources: tmpdir=/var/folders/h_/ggxlxnd12j36cf3lfm_8hx4c0000gr/T


[Thu Jun 26 14:49:01 2025]
rule BUSTEDS:
    input: /Users/agl4001/Documents/AOC-develop/results/Primate_ACE2/Primate_ACE2.3.codon.fas, /Users/agl4001/Documents/AOC-develop/results/Primate_ACE2/Primate_ACE2.3.codon.fas.FastTree.treefile
    output: /Users/agl4001/Documents/AOC-develop/results/Primate_ACE2/Primate_ACE2.3.codon.fas.BUSTEDS.json
    jobid: 19
    reason: Missing output files: /Users/agl4001/Documents/AOC-develop/results/Primate_ACE2/Primate_ACE2.3.codon.fas.BUSTEDS.json; Input files updated by another job: /Users/agl4001/Documents/AOC-develop/results/Primate_ACE2/Primate_ACE2.3.codon.fas.FastTree.treefile
    wildcards: sample=Primate_ACE2.3.codon.fas
    resources: tmpdir=/var/folders/h_/ggxlxnd12j36cf3lfm_8hx4c0000gr/T


[Thu Jun 26 14:49:01 2025]
rule FEL:
    input: /Users/agl4001/Documents/AOC-develop/results/Primate_ACE2/Primate_ACE2.3.codon.fas, /Users/agl4001/Documents/AOC-develop/results/Primate_ACE2/Primate_ACE2.3.codon.fas.FastTree.treefile
    output: /Users/agl4001/Documents/AOC-develop/results/Primate_ACE2/Primate_ACE2.3.codon.fas.FEL.json
    jobid: 11
    reason: Missing output files: /Users/agl4001/Documents/AOC-develop/results/Primate_ACE2/Primate_ACE2.3.codon.fas.FEL.json; Input files updated by another job: /Users/agl4001/Documents/AOC-develop/results/Primate_ACE2/Primate_ACE2.3.codon.fas.FastTree.treefile
    wildcards: sample=Primate_ACE2.3.codon.fas
    resources: tmpdir=/var/folders/h_/ggxlxnd12j36cf3lfm_8hx4c0000gr/T


[Thu Jun 26 14:49:01 2025]
rule MEME:
    input: /Users/agl4001/Documents/AOC-develop/results/Primate_ACE2/Primate_ACE2.3.codon.fas, /Users/agl4001/Documents/AOC-develop/results/Primate_ACE2/Primate_ACE2.3.codon.fas.FastTree.treefile
    output: /Users/agl4001/Documents/AOC-develop/results/Primate_ACE2/Primate_ACE2.3.codon.fas.MEME.json
    jobid: 23
    reason: Missing output files: /Users/agl4001/Documents/AOC-develop/results/Primate_ACE2/Primate_ACE2.3.codon.fas.MEME.json; Input files updated by another job: /Users/agl4001/Documents/AOC-develop/results/Primate_ACE2/Primate_ACE2.3.codon.fas.FastTree.treefile
    wildcards: sample=Primate_ACE2.3.codon.fas
    resources: tmpdir=/var/folders/h_/ggxlxnd12j36cf3lfm_8hx4c0000gr/T


[Thu Jun 26 14:49:01 2025]
rule BGM:
    input: /Users/agl4001/Documents/AOC-develop/results/Primate_ACE2/Primate_ACE2.3.codon.fas, /Users/agl4001/Documents/AOC-develop/results/Primate_ACE2/Primate_ACE2.3.codon.fas.FastTree.treefile
    output: /Users/agl4001/Documents/AOC-develop/results/Primate_ACE2/Primate_ACE2.3.codon.fas.BGM.json
    jobid: 35
    reason: Missing output files: /Users/agl4001/Documents/AOC-develop/results/Primate_ACE2/Primate_ACE2.3.codon.fas.BGM.json; Input files updated by another job: /Users/agl4001/Documents/AOC-develop/results/Primate_ACE2/Primate_ACE2.3.codon.fas.FastTree.treefile
    wildcards: sample=Primate_ACE2.3.codon.fas
    resources: tmpdir=/var/folders/h_/ggxlxnd12j36cf3lfm_8hx4c0000gr/T


[Thu Jun 26 14:49:01 2025]
rule ABSREL:
    input: /Users/agl4001/Documents/AOC-develop/results/Primate_ACE2/Primate_ACE2.3.codon.fas, /Users/agl4001/Documents/AOC-develop/results/Primate_ACE2/Primate_ACE2.3.codon.fas.FastTree.treefile
    output: /Users/agl4001/Documents/AOC-develop/results/Primate_ACE2/Primate_ACE2.3.codon.fas.ABSREL.json
    jobid: 27
    reason: Missing output files: /Users/agl4001/Documents/AOC-develop/results/Primate_ACE2/Primate_ACE2.3.codon.fas.ABSREL.json; Input files updated by another job: /Users/agl4001/Documents/AOC-develop/results/Primate_ACE2/Primate_ACE2.3.codon.fas.FastTree.treefile
    wildcards: sample=Primate_ACE2.3.codon.fas
    resources: tmpdir=/var/folders/h_/ggxlxnd12j36cf3lfm_8hx4c0000gr/T

[Thu Jun 26 14:49:01 2025]
Finished job 6.
6 of 57 steps (11%) done
Select jobs to execute...

[Thu Jun 26 14:49:02 2025]
rule BUSTEDS:
    input: /Users/agl4001/Documents/AOC-develop/results/Primate_ACE2/Primate_ACE2.2.codon.fas, /Users/agl4001/Documents/AOC-develop/results/Primate_ACE2/Primate_ACE2.2.codon.fas.FastTree.treefile
    output: /Users/agl4001/Documents/AOC-develop/results/Primate_ACE2/Primate_ACE2.2.codon.fas.BUSTEDS.json
    jobid: 18
    reason: Missing output files: /Users/agl4001/Documents/AOC-develop/results/Primate_ACE2/Primate_ACE2.2.codon.fas.BUSTEDS.json; Input files updated by another job: /Users/agl4001/Documents/AOC-develop/results/Primate_ACE2/Primate_ACE2.2.codon.fas.FastTree.treefile
    wildcards: sample=Primate_ACE2.2.codon.fas
    resources: tmpdir=/var/folders/h_/ggxlxnd12j36cf3lfm_8hx4c0000gr/T

[Thu Jun 26 14:49:02 2025]
Finished job 8.
7 of 57 steps (12%) done
Select jobs to execute...

[Thu Jun 26 14:49:02 2025]
rule FMM:
    input: /Users/agl4001/Documents/AOC-develop/results/Primate_ACE2/Primate_ACE2.2.codon.fas, /Users/agl4001/Documents/AOC-develop/results/Primate_ACE2/Primate_ACE2.2.codon.fas.FastTree.treefile
    output: /Users/agl4001/Documents/AOC-develop/results/Primate_ACE2/Primate_ACE2.2.codon.fas.FMM.json
    jobid: 42
    reason: Missing output files: /Users/agl4001/Documents/AOC-develop/results/Primate_ACE2/Primate_ACE2.2.codon.fas.FMM.json; Input files updated by another job: /Users/agl4001/Documents/AOC-develop/results/Primate_ACE2/Primate_ACE2.2.codon.fas.FastTree.treefile
    wildcards: sample=Primate_ACE2.2.codon.fas
    resources: tmpdir=/var/folders/h_/ggxlxnd12j36cf3lfm_8hx4c0000gr/T

[Thu Jun 26 14:49:02 2025]
Finished job 5.
8 of 57 steps (14%) done
Select jobs to execute...

[Thu Jun 26 14:49:02 2025]
rule MEME:
    input: /Users/agl4001/Documents/AOC-develop/results/Primate_ACE2/Primate_ACE2.4.codon.fas, /Users/agl4001/Documents/AOC-develop/results/Primate_ACE2/Primate_ACE2.4.codon.fas.FastTree.treefile
    output: /Users/agl4001/Documents/AOC-develop/results/Primate_ACE2/Primate_ACE2.4.codon.fas.MEME.json
    jobid: 24
    reason: Missing output files: /Users/agl4001/Documents/AOC-develop/results/Primate_ACE2/Primate_ACE2.4.codon.fas.MEME.json; Input files updated by another job: /Users/agl4001/Documents/AOC-develop/results/Primate_ACE2/Primate_ACE2.4.codon.fas.FastTree.treefile
    wildcards: sample=Primate_ACE2.4.codon.fas
    resources: tmpdir=/var/folders/h_/ggxlxnd12j36cf3lfm_8hx4c0000gr/T

[Thu Jun 26 14:49:04 2025]
Finished job 50.
9 of 57 steps (16%) done
Select jobs to execute...

[Thu Jun 26 14:49:04 2025]
rule BUSTEDS:
    input: /Users/agl4001/Documents/AOC-develop/results/Primate_ACE2/Primate_ACE2.1.codon.fas, /Users/agl4001/Documents/AOC-develop/results/Primate_ACE2/Primate_ACE2.1.codon.fas.FastTree.treefile
    output: /Users/agl4001/Documents/AOC-develop/results/Primate_ACE2/Primate_ACE2.1.codon.fas.BUSTEDS.json
    jobid: 17
    reason: Missing output files: /Users/agl4001/Documents/AOC-develop/results/Primate_ACE2/Primate_ACE2.1.codon.fas.BUSTEDS.json; Input files updated by another job: /Users/agl4001/Documents/AOC-develop/results/Primate_ACE2/Primate_ACE2.1.codon.fas.FastTree.treefile
    wildcards: sample=Primate_ACE2.1.codon.fas
    resources: tmpdir=/var/folders/h_/ggxlxnd12j36cf3lfm_8hx4c0000gr/T

[Thu Jun 26 14:49:09 2025]
Finished job 15.
10 of 57 steps (18%) done
Select jobs to execute...

[Thu Jun 26 14:49:09 2025]
rule FUBAR:
    input: /Users/agl4001/Documents/AOC-develop/results/Primate_ACE2/Primate_ACE2.2.codon.fas, /Users/agl4001/Documents/AOC-develop/results/Primate_ACE2/Primate_ACE2.2.codon.fas.FastTree.treefile
    output: /Users/agl4001/Documents/AOC-develop/results/Primate_ACE2/Primate_ACE2.2.codon.fas.FUBAR.json
    jobid: 14
    reason: Missing output files: /Users/agl4001/Documents/AOC-develop/results/Primate_ACE2/Primate_ACE2.2.codon.fas.FUBAR.json; Input files updated by another job: /Users/agl4001/Documents/AOC-develop/results/Primate_ACE2/Primate_ACE2.2.codon.fas.FastTree.treefile
    wildcards: sample=Primate_ACE2.2.codon.fas
    resources: tmpdir=/var/folders/h_/ggxlxnd12j36cf3lfm_8hx4c0000gr/T

[Thu Jun 26 14:49:17 2025]
Finished job 14.
11 of 57 steps (19%) done
Select jobs to execute...

[Thu Jun 26 14:49:17 2025]
rule CFEL:
    input: /Users/agl4001/Documents/AOC-develop/results/Primate_ACE2/Primate_ACE2.3.codon.fas, /Users/agl4001/Documents/AOC-develop/results/Primate_ACE2/Primate_ACE2.3.codon.fas.FastTree.treefile.labelled
    output: /Users/agl4001/Documents/AOC-develop/results/Primate_ACE2/Primate_ACE2.3.codon.fas.CFEL.json
    jobid: 55
    reason: Missing output files: /Users/agl4001/Documents/AOC-develop/results/Primate_ACE2/Primate_ACE2.3.codon.fas.CFEL.json; Input files updated by another job: /Users/agl4001/Documents/AOC-develop/results/Primate_ACE2/Primate_ACE2.3.codon.fas.FastTree.treefile.labelled
    wildcards: sample=Primate_ACE2.3.codon.fas
    resources: tmpdir=/var/folders/h_/ggxlxnd12j36cf3lfm_8hx4c0000gr/T

[Thu Jun 26 14:49:18 2025]
Finished job 35.
12 of 57 steps (21%) done
Select jobs to execute...

[Thu Jun 26 14:49:18 2025]
rule AssignLineages:
    input: /Users/agl4001/Documents/AOC-develop/results/Primate_ACE2/Primate_ACE2.2.codon.fas.FastTree.treefile
    output: /Users/agl4001/Documents/AOC-develop/results/Primate_ACE2/Primate_ACE2.2.codon.fas.FastTree.treefile.labelled
    jobid: 48
    reason: Missing output files: /Users/agl4001/Documents/AOC-develop/results/Primate_ACE2/Primate_ACE2.2.codon.fas.FastTree.treefile.labelled; Input files updated by another job: /Users/agl4001/Documents/AOC-develop/results/Primate_ACE2/Primate_ACE2.2.codon.fas.FastTree.treefile
    wildcards: sample=Primate_ACE2.2.codon.fas
    resources: tmpdir=/var/folders/h_/ggxlxnd12j36cf3lfm_8hx4c0000gr/T

[Thu Jun 26 14:49:19 2025]
Finished job 48.
13 of 57 steps (23%) done
Select jobs to execute...

[Thu Jun 26 14:49:20 2025]
rule SLAC:
    input: /Users/agl4001/Documents/AOC-develop/results/Primate_ACE2/Primate_ACE2.2.codon.fas, /Users/agl4001/Documents/AOC-develop/results/Primate_ACE2/Primate_ACE2.2.codon.fas.FastTree.treefile
    output: /Users/agl4001/Documents/AOC-develop/results/Primate_ACE2/Primate_ACE2.2.codon.fas.SLAC.json
    jobid: 30
    reason: Missing output files: /Users/agl4001/Documents/AOC-develop/results/Primate_ACE2/Primate_ACE2.2.codon.fas.SLAC.json; Input files updated by another job: /Users/agl4001/Documents/AOC-develop/results/Primate_ACE2/Primate_ACE2.2.codon.fas.FastTree.treefile
    wildcards: sample=Primate_ACE2.2.codon.fas
    resources: tmpdir=/var/folders/h_/ggxlxnd12j36cf3lfm_8hx4c0000gr/T

[Thu Jun 26 14:49:20 2025]
Finished job 31.
14 of 57 steps (25%) done
Select jobs to execute...

[Thu Jun 26 14:49:20 2025]
rule ABSREL:
    input: /Users/agl4001/Documents/AOC-develop/results/Primate_ACE2/Primate_ACE2.1.codon.fas, /Users/agl4001/Documents/AOC-develop/results/Primate_ACE2/Primate_ACE2.1.codon.fas.FastTree.treefile
    output: /Users/agl4001/Documents/AOC-develop/results/Primate_ACE2/Primate_ACE2.1.codon.fas.ABSREL.json
    jobid: 25
    reason: Missing output files: /Users/agl4001/Documents/AOC-develop/results/Primate_ACE2/Primate_ACE2.1.codon.fas.ABSREL.json; Input files updated by another job: /Users/agl4001/Documents/AOC-develop/results/Primate_ACE2/Primate_ACE2.1.codon.fas.FastTree.treefile
    wildcards: sample=Primate_ACE2.1.codon.fas
    resources: tmpdir=/var/folders/h_/ggxlxnd12j36cf3lfm_8hx4c0000gr/T

[Thu Jun 26 14:49:22 2025]
Finished job 11.
15 of 57 steps (26%) done
Select jobs to execute...

[Thu Jun 26 14:49:22 2025]
rule RELAX:
    input: /Users/agl4001/Documents/AOC-develop/results/Primate_ACE2/Primate_ACE2.3.codon.fas, /Users/agl4001/Documents/AOC-develop/results/Primate_ACE2/Primate_ACE2.3.codon.fas.FastTree.treefile.labelled
    output: /Users/agl4001/Documents/AOC-develop/results/Primate_ACE2/Primate_ACE2.3.codon.fas.RELAX.json
    jobid: 49
    reason: Missing output files: /Users/agl4001/Documents/AOC-develop/results/Primate_ACE2/Primate_ACE2.3.codon.fas.RELAX.json; Input files updated by another job: /Users/agl4001/Documents/AOC-develop/results/Primate_ACE2/Primate_ACE2.3.codon.fas.FastTree.treefile.labelled
    wildcards: sample=Primate_ACE2.3.codon.fas
    resources: tmpdir=/var/folders/h_/ggxlxnd12j36cf3lfm_8hx4c0000gr/T

[Thu Jun 26 14:49:36 2025]
Finished job 23.
16 of 57 steps (28%) done
Select jobs to execute...

[Thu Jun 26 14:49:36 2025]
rule BGM:
    input: /Users/agl4001/Documents/AOC-develop/results/Primate_ACE2/Primate_ACE2.4.codon.fas, /Users/agl4001/Documents/AOC-develop/results/Primate_ACE2/Primate_ACE2.4.codon.fas.FastTree.treefile
    output: /Users/agl4001/Documents/AOC-develop/results/Primate_ACE2/Primate_ACE2.4.codon.fas.BGM.json
    jobid: 36
    reason: Missing output files: /Users/agl4001/Documents/AOC-develop/results/Primate_ACE2/Primate_ACE2.4.codon.fas.BGM.json; Input files updated by another job: /Users/agl4001/Documents/AOC-develop/results/Primate_ACE2/Primate_ACE2.4.codon.fas.FastTree.treefile
    wildcards: sample=Primate_ACE2.4.codon.fas
    resources: tmpdir=/var/folders/h_/ggxlxnd12j36cf3lfm_8hx4c0000gr/T

[Thu Jun 26 14:49:51 2025]
Finished job 30.
17 of 57 steps (30%) done
Select jobs to execute...

[Thu Jun 26 14:49:51 2025]
rule MEME:
    input: /Users/agl4001/Documents/AOC-develop/results/Primate_ACE2/Primate_ACE2.2.codon.fas, /Users/agl4001/Documents/AOC-develop/results/Primate_ACE2/Primate_ACE2.2.codon.fas.FastTree.treefile
    output: /Users/agl4001/Documents/AOC-develop/results/Primate_ACE2/Primate_ACE2.2.codon.fas.MEME.json
    jobid: 22
    reason: Missing output files: /Users/agl4001/Documents/AOC-develop/results/Primate_ACE2/Primate_ACE2.2.codon.fas.MEME.json; Input files updated by another job: /Users/agl4001/Documents/AOC-develop/results/Primate_ACE2/Primate_ACE2.2.codon.fas.FastTree.treefile
    wildcards: sample=Primate_ACE2.2.codon.fas
    resources: tmpdir=/var/folders/h_/ggxlxnd12j36cf3lfm_8hx4c0000gr/T

[Thu Jun 26 14:49:53 2025]
Finished job 55.
18 of 57 steps (32%) done
Select jobs to execute...

[Thu Jun 26 14:49:53 2025]
rule AssignLineages:
    input: /Users/agl4001/Documents/AOC-develop/results/Primate_ACE2/Primate_ACE2.4.codon.fas.FastTree.treefile
    output: /Users/agl4001/Documents/AOC-develop/results/Primate_ACE2/Primate_ACE2.4.codon.fas.FastTree.treefile.labelled
    jobid: 52
    reason: Missing output files: /Users/agl4001/Documents/AOC-develop/results/Primate_ACE2/Primate_ACE2.4.codon.fas.FastTree.treefile.labelled; Input files updated by another job: /Users/agl4001/Documents/AOC-develop/results/Primate_ACE2/Primate_ACE2.4.codon.fas.FastTree.treefile
    wildcards: sample=Primate_ACE2.4.codon.fas
    resources: tmpdir=/var/folders/h_/ggxlxnd12j36cf3lfm_8hx4c0000gr/T

[Thu Jun 26 14:49:55 2025]
Finished job 52.
19 of 57 steps (33%) done
Select jobs to execute...

[Thu Jun 26 14:49:55 2025]
rule AssignLineages:
    input: /Users/agl4001/Documents/AOC-develop/results/Primate_ACE2/Primate_ACE2.1.codon.fas.FastTree.treefile
    output: /Users/agl4001/Documents/AOC-develop/results/Primate_ACE2/Primate_ACE2.1.codon.fas.FastTree.treefile.labelled
    jobid: 46
    reason: Missing output files: /Users/agl4001/Documents/AOC-develop/results/Primate_ACE2/Primate_ACE2.1.codon.fas.FastTree.treefile.labelled; Input files updated by another job: /Users/agl4001/Documents/AOC-develop/results/Primate_ACE2/Primate_ACE2.1.codon.fas.FastTree.treefile
    wildcards: sample=Primate_ACE2.1.codon.fas
    resources: tmpdir=/var/folders/h_/ggxlxnd12j36cf3lfm_8hx4c0000gr/T

[Thu Jun 26 14:49:57 2025]
Finished job 46.
20 of 57 steps (35%) done
Select jobs to execute...

[Thu Jun 26 14:49:57 2025]
rule FMM:
    input: /Users/agl4001/Documents/AOC-develop/results/Primate_ACE2/Primate_ACE2.4.codon.fas, /Users/agl4001/Documents/AOC-develop/results/Primate_ACE2/Primate_ACE2.4.codon.fas.FastTree.treefile
    output: /Users/agl4001/Documents/AOC-develop/results/Primate_ACE2/Primate_ACE2.4.codon.fas.FMM.json
    jobid: 44
    reason: Missing output files: /Users/agl4001/Documents/AOC-develop/results/Primate_ACE2/Primate_ACE2.4.codon.fas.FMM.json; Input files updated by another job: /Users/agl4001/Documents/AOC-develop/results/Primate_ACE2/Primate_ACE2.4.codon.fas.FastTree.treefile
    wildcards: sample=Primate_ACE2.4.codon.fas
    resources: tmpdir=/var/folders/h_/ggxlxnd12j36cf3lfm_8hx4c0000gr/T

[Thu Jun 26 14:50:39 2025]
Finished job 36.
21 of 57 steps (37%) done
Select jobs to execute...

[Thu Jun 26 14:50:39 2025]
rule BUSTEDSMH:
    input: /Users/agl4001/Documents/AOC-develop/results/Primate_ACE2/Primate_ACE2.4.codon.fas, /Users/agl4001/Documents/AOC-develop/results/Primate_ACE2/Primate_ACE2.4.codon.fas.FastTree.treefile
    output: /Users/agl4001/Documents/AOC-develop/results/Primate_ACE2/Primate_ACE2.4.codon.fas.BUSTEDS-MH.json
    jobid: 40
    reason: Missing output files: /Users/agl4001/Documents/AOC-develop/results/Primate_ACE2/Primate_ACE2.4.codon.fas.BUSTEDS-MH.json; Input files updated by another job: /Users/agl4001/Documents/AOC-develop/results/Primate_ACE2/Primate_ACE2.4.codon.fas.FastTree.treefile
    wildcards: sample=Primate_ACE2.4.codon.fas
    resources: tmpdir=/var/folders/h_/ggxlxnd12j36cf3lfm_8hx4c0000gr/T

[Thu Jun 26 14:51:24 2025]
Finished job 27.
22 of 57 steps (39%) done
Select jobs to execute...

[Thu Jun 26 14:51:24 2025]
rule BGM:
    input: /Users/agl4001/Documents/AOC-develop/results/Primate_ACE2/Primate_ACE2.1.codon.fas, /Users/agl4001/Documents/AOC-develop/results/Primate_ACE2/Primate_ACE2.1.codon.fas.FastTree.treefile
    output: /Users/agl4001/Documents/AOC-develop/results/Primate_ACE2/Primate_ACE2.1.codon.fas.BGM.json
    jobid: 33
    reason: Missing output files: /Users/agl4001/Documents/AOC-develop/results/Primate_ACE2/Primate_ACE2.1.codon.fas.BGM.json; Input files updated by another job: /Users/agl4001/Documents/AOC-develop/results/Primate_ACE2/Primate_ACE2.1.codon.fas.FastTree.treefile
    wildcards: sample=Primate_ACE2.1.codon.fas
    resources: tmpdir=/var/folders/h_/ggxlxnd12j36cf3lfm_8hx4c0000gr/T

[Thu Jun 26 14:52:03 2025]
Finished job 22.
23 of 57 steps (40%) done
Select jobs to execute...

[Thu Jun 26 14:52:03 2025]
rule BUSTEDS:
    input: /Users/agl4001/Documents/AOC-develop/results/Primate_ACE2/Primate_ACE2.4.codon.fas, /Users/agl4001/Documents/AOC-develop/results/Primate_ACE2/Primate_ACE2.4.codon.fas.FastTree.treefile
    output: /Users/agl4001/Documents/AOC-develop/results/Primate_ACE2/Primate_ACE2.4.codon.fas.BUSTEDS.json
    jobid: 20
    reason: Missing output files: /Users/agl4001/Documents/AOC-develop/results/Primate_ACE2/Primate_ACE2.4.codon.fas.BUSTEDS.json; Input files updated by another job: /Users/agl4001/Documents/AOC-develop/results/Primate_ACE2/Primate_ACE2.4.codon.fas.FastTree.treefile
    wildcards: sample=Primate_ACE2.4.codon.fas
    resources: tmpdir=/var/folders/h_/ggxlxnd12j36cf3lfm_8hx4c0000gr/T

[Thu Jun 26 14:52:09 2025]
Finished job 24.
24 of 57 steps (42%) done
Select jobs to execute...

[Thu Jun 26 14:52:09 2025]
rule FEL:
    input: /Users/agl4001/Documents/AOC-develop/results/Primate_ACE2/Primate_ACE2.1.codon.fas, /Users/agl4001/Documents/AOC-develop/results/Primate_ACE2/Primate_ACE2.1.codon.fas.FastTree.treefile
    output: /Users/agl4001/Documents/AOC-develop/results/Primate_ACE2/Primate_ACE2.1.codon.fas.FEL.json
    jobid: 9
    reason: Missing output files: /Users/agl4001/Documents/AOC-develop/results/Primate_ACE2/Primate_ACE2.1.codon.fas.FEL.json; Input files updated by another job: /Users/agl4001/Documents/AOC-develop/results/Primate_ACE2/Primate_ACE2.1.codon.fas.FastTree.treefile
    wildcards: sample=Primate_ACE2.1.codon.fas
    resources: tmpdir=/var/folders/h_/ggxlxnd12j36cf3lfm_8hx4c0000gr/T

[Thu Jun 26 14:53:03 2025]
Finished job 19.
25 of 57 steps (44%) done
Select jobs to execute...

[Thu Jun 26 14:53:03 2025]
rule FEL:
    input: /Users/agl4001/Documents/AOC-develop/results/Primate_ACE2/Primate_ACE2.4.codon.fas, /Users/agl4001/Documents/AOC-develop/results/Primate_ACE2/Primate_ACE2.4.codon.fas.FastTree.treefile
    output: /Users/agl4001/Documents/AOC-develop/results/Primate_ACE2/Primate_ACE2.4.codon.fas.FEL.json
    jobid: 12
    reason: Missing output files: /Users/agl4001/Documents/AOC-develop/results/Primate_ACE2/Primate_ACE2.4.codon.fas.FEL.json; Input files updated by another job: /Users/agl4001/Documents/AOC-develop/results/Primate_ACE2/Primate_ACE2.4.codon.fas.FastTree.treefile
    wildcards: sample=Primate_ACE2.4.codon.fas
    resources: tmpdir=/var/folders/h_/ggxlxnd12j36cf3lfm_8hx4c0000gr/T

[Thu Jun 26 14:53:19 2025]
Finished job 33.
26 of 57 steps (46%) done
Select jobs to execute...

[Thu Jun 26 14:53:19 2025]
rule RELAX:
    input: /Users/agl4001/Documents/AOC-develop/results/Primate_ACE2/Primate_ACE2.1.codon.fas, /Users/agl4001/Documents/AOC-develop/results/Primate_ACE2/Primate_ACE2.1.codon.fas.FastTree.treefile.labelled
    output: /Users/agl4001/Documents/AOC-develop/results/Primate_ACE2/Primate_ACE2.1.codon.fas.RELAX.json
    jobid: 45
    reason: Missing output files: /Users/agl4001/Documents/AOC-develop/results/Primate_ACE2/Primate_ACE2.1.codon.fas.RELAX.json; Input files updated by another job: /Users/agl4001/Documents/AOC-develop/results/Primate_ACE2/Primate_ACE2.1.codon.fas.FastTree.treefile.labelled
    wildcards: sample=Primate_ACE2.1.codon.fas
    resources: tmpdir=/var/folders/h_/ggxlxnd12j36cf3lfm_8hx4c0000gr/T

[Thu Jun 26 14:54:33 2025]
Finished job 12.
27 of 57 steps (47%) done
Select jobs to execute...

[Thu Jun 26 14:54:33 2025]
rule CFEL:
    input: /Users/agl4001/Documents/AOC-develop/results/Primate_ACE2/Primate_ACE2.1.codon.fas, /Users/agl4001/Documents/AOC-develop/results/Primate_ACE2/Primate_ACE2.1.codon.fas.FastTree.treefile.labelled
    output: /Users/agl4001/Documents/AOC-develop/results/Primate_ACE2/Primate_ACE2.1.codon.fas.CFEL.json
    jobid: 53
    reason: Missing output files: /Users/agl4001/Documents/AOC-develop/results/Primate_ACE2/Primate_ACE2.1.codon.fas.CFEL.json; Input files updated by another job: /Users/agl4001/Documents/AOC-develop/results/Primate_ACE2/Primate_ACE2.1.codon.fas.FastTree.treefile.labelled
    wildcards: sample=Primate_ACE2.1.codon.fas
    resources: tmpdir=/var/folders/h_/ggxlxnd12j36cf3lfm_8hx4c0000gr/T

[Thu Jun 26 14:54:45 2025]
Finished job 9.
28 of 57 steps (49%) done
Select jobs to execute...

[Thu Jun 26 14:54:45 2025]
rule FEL:
    input: /Users/agl4001/Documents/AOC-develop/results/Primate_ACE2/Primate_ACE2.2.codon.fas, /Users/agl4001/Documents/AOC-develop/results/Primate_ACE2/Primate_ACE2.2.codon.fas.FastTree.treefile
    output: /Users/agl4001/Documents/AOC-develop/results/Primate_ACE2/Primate_ACE2.2.codon.fas.FEL.json
    jobid: 10
    reason: Missing output files: /Users/agl4001/Documents/AOC-develop/results/Primate_ACE2/Primate_ACE2.2.codon.fas.FEL.json; Input files updated by another job: /Users/agl4001/Documents/AOC-develop/results/Primate_ACE2/Primate_ACE2.2.codon.fas.FastTree.treefile
    wildcards: sample=Primate_ACE2.2.codon.fas
    resources: tmpdir=/var/folders/h_/ggxlxnd12j36cf3lfm_8hx4c0000gr/T

[Thu Jun 26 14:55:23 2025]
Finished job 25.
29 of 57 steps (51%) done
Select jobs to execute...

[Thu Jun 26 14:55:23 2025]
rule RELAX:
    input: /Users/agl4001/Documents/AOC-develop/results/Primate_ACE2/Primate_ACE2.4.codon.fas, /Users/agl4001/Documents/AOC-develop/results/Primate_ACE2/Primate_ACE2.4.codon.fas.FastTree.treefile.labelled
    output: /Users/agl4001/Documents/AOC-develop/results/Primate_ACE2/Primate_ACE2.4.codon.fas.RELAX.json
    jobid: 51
    reason: Missing output files: /Users/agl4001/Documents/AOC-develop/results/Primate_ACE2/Primate_ACE2.4.codon.fas.RELAX.json; Input files updated by another job: /Users/agl4001/Documents/AOC-develop/results/Primate_ACE2/Primate_ACE2.4.codon.fas.FastTree.treefile.labelled
    wildcards: sample=Primate_ACE2.4.codon.fas
    resources: tmpdir=/var/folders/h_/ggxlxnd12j36cf3lfm_8hx4c0000gr/T

[Thu Jun 26 14:55:33 2025]
Finished job 42.
30 of 57 steps (53%) done
Select jobs to execute...

[Thu Jun 26 14:55:33 2025]
rule FUBAR:
    input: /Users/agl4001/Documents/AOC-develop/results/Primate_ACE2/Primate_ACE2.4.codon.fas, /Users/agl4001/Documents/AOC-develop/results/Primate_ACE2/Primate_ACE2.4.codon.fas.FastTree.treefile
    output: /Users/agl4001/Documents/AOC-develop/results/Primate_ACE2/Primate_ACE2.4.codon.fas.FUBAR.json
    jobid: 16
    reason: Missing output files: /Users/agl4001/Documents/AOC-develop/results/Primate_ACE2/Primate_ACE2.4.codon.fas.FUBAR.json; Input files updated by another job: /Users/agl4001/Documents/AOC-develop/results/Primate_ACE2/Primate_ACE2.4.codon.fas.FastTree.treefile
    wildcards: sample=Primate_ACE2.4.codon.fas
    resources: tmpdir=/var/folders/h_/ggxlxnd12j36cf3lfm_8hx4c0000gr/T

[Thu Jun 26 14:55:40 2025]
Finished job 16.
31 of 57 steps (54%) done
Select jobs to execute...

[Thu Jun 26 14:55:40 2025]
rule RELAX:
    input: /Users/agl4001/Documents/AOC-develop/results/Primate_ACE2/Primate_ACE2.2.codon.fas, /Users/agl4001/Documents/AOC-develop/results/Primate_ACE2/Primate_ACE2.2.codon.fas.FastTree.treefile.labelled
    output: /Users/agl4001/Documents/AOC-develop/results/Primate_ACE2/Primate_ACE2.2.codon.fas.RELAX.json
    jobid: 47
    reason: Missing output files: /Users/agl4001/Documents/AOC-develop/results/Primate_ACE2/Primate_ACE2.2.codon.fas.RELAX.json; Input files updated by another job: /Users/agl4001/Documents/AOC-develop/results/Primate_ACE2/Primate_ACE2.2.codon.fas.FastTree.treefile.labelled
    wildcards: sample=Primate_ACE2.2.codon.fas
    resources: tmpdir=/var/folders/h_/ggxlxnd12j36cf3lfm_8hx4c0000gr/T

[Thu Jun 26 14:55:41 2025]
Finished job 10.
32 of 57 steps (56%) done
Select jobs to execute...

[Thu Jun 26 14:55:41 2025]
rule FUBAR:
    input: /Users/agl4001/Documents/AOC-develop/results/Primate_ACE2/Primate_ACE2.1.codon.fas, /Users/agl4001/Documents/AOC-develop/results/Primate_ACE2/Primate_ACE2.1.codon.fas.FastTree.treefile
    output: /Users/agl4001/Documents/AOC-develop/results/Primate_ACE2/Primate_ACE2.1.codon.fas.FUBAR.json
    jobid: 13
    reason: Missing output files: /Users/agl4001/Documents/AOC-develop/results/Primate_ACE2/Primate_ACE2.1.codon.fas.FUBAR.json; Input files updated by another job: /Users/agl4001/Documents/AOC-develop/results/Primate_ACE2/Primate_ACE2.1.codon.fas.FastTree.treefile
    wildcards: sample=Primate_ACE2.1.codon.fas
    resources: tmpdir=/var/folders/h_/ggxlxnd12j36cf3lfm_8hx4c0000gr/T

[Thu Jun 26 14:55:48 2025]
Finished job 13.
33 of 57 steps (58%) done
Select jobs to execute...

[Thu Jun 26 14:55:48 2025]
rule BUSTEDSMH:
    input: /Users/agl4001/Documents/AOC-develop/results/Primate_ACE2/Primate_ACE2.1.codon.fas, /Users/agl4001/Documents/AOC-develop/results/Primate_ACE2/Primate_ACE2.1.codon.fas.FastTree.treefile
    output: /Users/agl4001/Documents/AOC-develop/results/Primate_ACE2/Primate_ACE2.1.codon.fas.BUSTEDS-MH.json
    jobid: 37
    reason: Missing output files: /Users/agl4001/Documents/AOC-develop/results/Primate_ACE2/Primate_ACE2.1.codon.fas.BUSTEDS-MH.json; Input files updated by another job: /Users/agl4001/Documents/AOC-develop/results/Primate_ACE2/Primate_ACE2.1.codon.fas.FastTree.treefile
    wildcards: sample=Primate_ACE2.1.codon.fas
    resources: tmpdir=/var/folders/h_/ggxlxnd12j36cf3lfm_8hx4c0000gr/T

[Thu Jun 26 14:56:24 2025]
Finished job 43.
34 of 57 steps (60%) done
Select jobs to execute...

[Thu Jun 26 14:56:24 2025]
rule CFEL:
    input: /Users/agl4001/Documents/AOC-develop/results/Primate_ACE2/Primate_ACE2.2.codon.fas, /Users/agl4001/Documents/AOC-develop/results/Primate_ACE2/Primate_ACE2.2.codon.fas.FastTree.treefile.labelled
    output: /Users/agl4001/Documents/AOC-develop/results/Primate_ACE2/Primate_ACE2.2.codon.fas.CFEL.json
    jobid: 54
    reason: Missing output files: /Users/agl4001/Documents/AOC-develop/results/Primate_ACE2/Primate_ACE2.2.codon.fas.CFEL.json; Input files updated by another job: /Users/agl4001/Documents/AOC-develop/results/Primate_ACE2/Primate_ACE2.2.codon.fas.FastTree.treefile.labelled
    wildcards: sample=Primate_ACE2.2.codon.fas
    resources: tmpdir=/var/folders/h_/ggxlxnd12j36cf3lfm_8hx4c0000gr/T

[Thu Jun 26 14:56:35 2025]
Finished job 44.
35 of 57 steps (61%) done
Select jobs to execute...

[Thu Jun 26 14:56:35 2025]
rule CFEL:
    input: /Users/agl4001/Documents/AOC-develop/results/Primate_ACE2/Primate_ACE2.4.codon.fas, /Users/agl4001/Documents/AOC-develop/results/Primate_ACE2/Primate_ACE2.4.codon.fas.FastTree.treefile.labelled
    output: /Users/agl4001/Documents/AOC-develop/results/Primate_ACE2/Primate_ACE2.4.codon.fas.CFEL.json
    jobid: 56
    reason: Missing output files: /Users/agl4001/Documents/AOC-develop/results/Primate_ACE2/Primate_ACE2.4.codon.fas.CFEL.json; Input files updated by another job: /Users/agl4001/Documents/AOC-develop/results/Primate_ACE2/Primate_ACE2.4.codon.fas.FastTree.treefile.labelled
    wildcards: sample=Primate_ACE2.4.codon.fas
    resources: tmpdir=/var/folders/h_/ggxlxnd12j36cf3lfm_8hx4c0000gr/T

[Thu Jun 26 14:58:23 2025]
Finished job 54.
36 of 57 steps (63%) done
Select jobs to execute...

[Thu Jun 26 14:58:23 2025]
rule FMM:
    input: /Users/agl4001/Documents/AOC-develop/results/Primate_ACE2/Primate_ACE2.1.codon.fas, /Users/agl4001/Documents/AOC-develop/results/Primate_ACE2/Primate_ACE2.1.codon.fas.FastTree.treefile
    output: /Users/agl4001/Documents/AOC-develop/results/Primate_ACE2/Primate_ACE2.1.codon.fas.FMM.json
    jobid: 41
    reason: Missing output files: /Users/agl4001/Documents/AOC-develop/results/Primate_ACE2/Primate_ACE2.1.codon.fas.FMM.json; Input files updated by another job: /Users/agl4001/Documents/AOC-develop/results/Primate_ACE2/Primate_ACE2.1.codon.fas.FastTree.treefile
    wildcards: sample=Primate_ACE2.1.codon.fas
    resources: tmpdir=/var/folders/h_/ggxlxnd12j36cf3lfm_8hx4c0000gr/T

[Thu Jun 26 14:59:40 2025]
Finished job 56.
37 of 57 steps (65%) done
Select jobs to execute...

[Thu Jun 26 14:59:41 2025]
rule SLAC:
    input: /Users/agl4001/Documents/AOC-develop/results/Primate_ACE2/Primate_ACE2.1.codon.fas, /Users/agl4001/Documents/AOC-develop/results/Primate_ACE2/Primate_ACE2.1.codon.fas.FastTree.treefile
    output: /Users/agl4001/Documents/AOC-develop/results/Primate_ACE2/Primate_ACE2.1.codon.fas.SLAC.json
    jobid: 29
    reason: Missing output files: /Users/agl4001/Documents/AOC-develop/results/Primate_ACE2/Primate_ACE2.1.codon.fas.SLAC.json; Input files updated by another job: /Users/agl4001/Documents/AOC-develop/results/Primate_ACE2/Primate_ACE2.1.codon.fas.FastTree.treefile
    wildcards: sample=Primate_ACE2.1.codon.fas
    resources: tmpdir=/var/folders/h_/ggxlxnd12j36cf3lfm_8hx4c0000gr/T

[Thu Jun 26 15:00:01 2025]
Finished job 53.
38 of 57 steps (67%) done
Select jobs to execute...

[Thu Jun 26 15:00:02 2025]
rule BUSTEDSMH:
    input: /Users/agl4001/Documents/AOC-develop/results/Primate_ACE2/Primate_ACE2.3.codon.fas, /Users/agl4001/Documents/AOC-develop/results/Primate_ACE2/Primate_ACE2.3.codon.fas.FastTree.treefile
    output: /Users/agl4001/Documents/AOC-develop/results/Primate_ACE2/Primate_ACE2.3.codon.fas.BUSTEDS-MH.json
    jobid: 39
    reason: Missing output files: /Users/agl4001/Documents/AOC-develop/results/Primate_ACE2/Primate_ACE2.3.codon.fas.BUSTEDS-MH.json; Input files updated by another job: /Users/agl4001/Documents/AOC-develop/results/Primate_ACE2/Primate_ACE2.3.codon.fas.FastTree.treefile
    wildcards: sample=Primate_ACE2.3.codon.fas
    resources: tmpdir=/var/folders/h_/ggxlxnd12j36cf3lfm_8hx4c0000gr/T

[Thu Jun 26 15:00:14 2025]
Finished job 29.
39 of 57 steps (68%) done
Select jobs to execute...

[Thu Jun 26 15:00:14 2025]
rule MEME:
    input: /Users/agl4001/Documents/AOC-develop/results/Primate_ACE2/Primate_ACE2.1.codon.fas, /Users/agl4001/Documents/AOC-develop/results/Primate_ACE2/Primate_ACE2.1.codon.fas.FastTree.treefile
    output: /Users/agl4001/Documents/AOC-develop/results/Primate_ACE2/Primate_ACE2.1.codon.fas.MEME.json
    jobid: 21
    reason: Missing output files: /Users/agl4001/Documents/AOC-develop/results/Primate_ACE2/Primate_ACE2.1.codon.fas.MEME.json; Input files updated by another job: /Users/agl4001/Documents/AOC-develop/results/Primate_ACE2/Primate_ACE2.1.codon.fas.FastTree.treefile
    wildcards: sample=Primate_ACE2.1.codon.fas
    resources: tmpdir=/var/folders/h_/ggxlxnd12j36cf3lfm_8hx4c0000gr/T

[Thu Jun 26 15:04:26 2025]
Finished job 21.
40 of 57 steps (70%) done
Select jobs to execute...

[Thu Jun 26 15:04:26 2025]
rule ABSREL:
    input: /Users/agl4001/Documents/AOC-develop/results/Primate_ACE2/Primate_ACE2.4.codon.fas, /Users/agl4001/Documents/AOC-develop/results/Primate_ACE2/Primate_ACE2.4.codon.fas.FastTree.treefile
    output: /Users/agl4001/Documents/AOC-develop/results/Primate_ACE2/Primate_ACE2.4.codon.fas.ABSREL.json
    jobid: 28
    reason: Missing output files: /Users/agl4001/Documents/AOC-develop/results/Primate_ACE2/Primate_ACE2.4.codon.fas.ABSREL.json; Input files updated by another job: /Users/agl4001/Documents/AOC-develop/results/Primate_ACE2/Primate_ACE2.4.codon.fas.FastTree.treefile
    wildcards: sample=Primate_ACE2.4.codon.fas
    resources: tmpdir=/var/folders/h_/ggxlxnd12j36cf3lfm_8hx4c0000gr/T

[Thu Jun 26 15:05:10 2025]
Finished job 18.
41 of 57 steps (72%) done
Select jobs to execute...

[Thu Jun 26 15:05:10 2025]
rule SLAC:
    input: /Users/agl4001/Documents/AOC-develop/results/Primate_ACE2/Primate_ACE2.4.codon.fas, /Users/agl4001/Documents/AOC-develop/results/Primate_ACE2/Primate_ACE2.4.codon.fas.FastTree.treefile
    output: /Users/agl4001/Documents/AOC-develop/results/Primate_ACE2/Primate_ACE2.4.codon.fas.SLAC.json
    jobid: 32
    reason: Missing output files: /Users/agl4001/Documents/AOC-develop/results/Primate_ACE2/Primate_ACE2.4.codon.fas.SLAC.json; Input files updated by another job: /Users/agl4001/Documents/AOC-develop/results/Primate_ACE2/Primate_ACE2.4.codon.fas.FastTree.treefile
    wildcards: sample=Primate_ACE2.4.codon.fas
    resources: tmpdir=/var/folders/h_/ggxlxnd12j36cf3lfm_8hx4c0000gr/T

[Thu Jun 26 15:05:37 2025]
Finished job 32.
42 of 57 steps (74%) done
Select jobs to execute...

[Thu Jun 26 15:05:37 2025]
rule BUSTEDSMH:
    input: /Users/agl4001/Documents/AOC-develop/results/Primate_ACE2/Primate_ACE2.2.codon.fas, /Users/agl4001/Documents/AOC-develop/results/Primate_ACE2/Primate_ACE2.2.codon.fas.FastTree.treefile
    output: /Users/agl4001/Documents/AOC-develop/results/Primate_ACE2/Primate_ACE2.2.codon.fas.BUSTEDS-MH.json
    jobid: 38
    reason: Missing output files: /Users/agl4001/Documents/AOC-develop/results/Primate_ACE2/Primate_ACE2.2.codon.fas.BUSTEDS-MH.json; Input files updated by another job: /Users/agl4001/Documents/AOC-develop/results/Primate_ACE2/Primate_ACE2.2.codon.fas.FastTree.treefile
    wildcards: sample=Primate_ACE2.2.codon.fas
    resources: tmpdir=/var/folders/h_/ggxlxnd12j36cf3lfm_8hx4c0000gr/T

[Thu Jun 26 15:06:41 2025]
Finished job 41.
43 of 57 steps (75%) done
Select jobs to execute...

[Thu Jun 26 15:06:41 2025]
rule ABSREL:
    input: /Users/agl4001/Documents/AOC-develop/results/Primate_ACE2/Primate_ACE2.2.codon.fas, /Users/agl4001/Documents/AOC-develop/results/Primate_ACE2/Primate_ACE2.2.codon.fas.FastTree.treefile
    output: /Users/agl4001/Documents/AOC-develop/results/Primate_ACE2/Primate_ACE2.2.codon.fas.ABSREL.json
    jobid: 26
    reason: Missing output files: /Users/agl4001/Documents/AOC-develop/results/Primate_ACE2/Primate_ACE2.2.codon.fas.ABSREL.json; Input files updated by another job: /Users/agl4001/Documents/AOC-develop/results/Primate_ACE2/Primate_ACE2.2.codon.fas.FastTree.treefile
    wildcards: sample=Primate_ACE2.2.codon.fas
    resources: tmpdir=/var/folders/h_/ggxlxnd12j36cf3lfm_8hx4c0000gr/T

[Thu Jun 26 15:08:14 2025]
Finished job 28.
44 of 57 steps (77%) done
Select jobs to execute...

[Thu Jun 26 15:08:14 2025]
rule BGM:
    input: /Users/agl4001/Documents/AOC-develop/results/Primate_ACE2/Primate_ACE2.2.codon.fas, /Users/agl4001/Documents/AOC-develop/results/Primate_ACE2/Primate_ACE2.2.codon.fas.FastTree.treefile
    output: /Users/agl4001/Documents/AOC-develop/results/Primate_ACE2/Primate_ACE2.2.codon.fas.BGM.json
    jobid: 34
    reason: Missing output files: /Users/agl4001/Documents/AOC-develop/results/Primate_ACE2/Primate_ACE2.2.codon.fas.BGM.json; Input files updated by another job: /Users/agl4001/Documents/AOC-develop/results/Primate_ACE2/Primate_ACE2.2.codon.fas.FastTree.treefile
    wildcards: sample=Primate_ACE2.2.codon.fas
    resources: tmpdir=/var/folders/h_/ggxlxnd12j36cf3lfm_8hx4c0000gr/T

[Thu Jun 26 15:08:28 2025]
Finished job 26.
45 of 57 steps (79%) done
[Thu Jun 26 15:08:32 2025]
Finished job 34.
46 of 57 steps (81%) done
[Thu Jun 26 15:10:10 2025]
Finished job 20.
47 of 57 steps (82%) done
[Thu Jun 26 15:10:56 2025]
Finished job 49.
48 of 57 steps (84%) done
[Thu Jun 26 15:11:01 2025]
Finished job 17.
49 of 57 steps (86%) done
[Thu Jun 26 15:12:41 2025]
Finished job 47.
50 of 57 steps (88%) done
[Thu Jun 26 15:14:59 2025]
Finished job 39.
51 of 57 steps (89%) done
[Thu Jun 26 15:19:41 2025]
Finished job 38.
52 of 57 steps (91%) done
[Thu Jun 26 15:22:22 2025]
Finished job 51.
53 of 57 steps (93%) done
[Thu Jun 26 15:22:36 2025]
Finished job 37.
54 of 57 steps (95%) done
[Thu Jun 26 15:22:45 2025]
Finished job 45.
55 of 57 steps (96%) done
[Thu Jun 26 15:26:39 2025]
Finished job 40.
56 of 57 steps (98%) done
Select jobs to execute...

[Thu Jun 26 15:26:39 2025]
localrule all:
    input: /Users/agl4001/Documents/AOC-develop/results/Primate_ACE2/Primate_ACE2.1.codon.fas.dst, /Users/agl4001/Documents/AOC-develop/results/Primate_ACE2/Primate_ACE2.2.codon.fas.dst, /Users/agl4001/Documents/AOC-develop/results/Primate_ACE2/Primate_ACE2.3.codon.fas.dst, /Users/agl4001/Documents/AOC-develop/results/Primate_ACE2/Primate_ACE2.4.codon.fas.dst, /Users/agl4001/Documents/AOC-develop/results/Primate_ACE2/Primate_ACE2.1.codon.fas.FastTree.treefile, /Users/agl4001/Documents/AOC-develop/results/Primate_ACE2/Primate_ACE2.2.codon.fas.FastTree.treefile, /Users/agl4001/Documents/AOC-develop/results/Primate_ACE2/Primate_ACE2.3.codon.fas.FastTree.treefile, /Users/agl4001/Documents/AOC-develop/results/Primate_ACE2/Primate_ACE2.4.codon.fas.FastTree.treefile, /Users/agl4001/Documents/AOC-develop/results/Primate_ACE2/Primate_ACE2.1.codon.fas.FEL.json, /Users/agl4001/Documents/AOC-develop/results/Primate_ACE2/Primate_ACE2.2.codon.fas.FEL.json, /Users/agl4001/Documents/AOC-develop/results/Primate_ACE2/Primate_ACE2.3.codon.fas.FEL.json, /Users/agl4001/Documents/AOC-develop/results/Primate_ACE2/Primate_ACE2.4.codon.fas.FEL.json, /Users/agl4001/Documents/AOC-develop/results/Primate_ACE2/Primate_ACE2.1.codon.fas.FUBAR.json, /Users/agl4001/Documents/AOC-develop/results/Primate_ACE2/Primate_ACE2.2.codon.fas.FUBAR.json, /Users/agl4001/Documents/AOC-develop/results/Primate_ACE2/Primate_ACE2.3.codon.fas.FUBAR.json, /Users/agl4001/Documents/AOC-develop/results/Primate_ACE2/Primate_ACE2.4.codon.fas.FUBAR.json, /Users/agl4001/Documents/AOC-develop/results/Primate_ACE2/Primate_ACE2.1.codon.fas.BUSTEDS.json, /Users/agl4001/Documents/AOC-develop/results/Primate_ACE2/Primate_ACE2.2.codon.fas.BUSTEDS.json, /Users/agl4001/Documents/AOC-develop/results/Primate_ACE2/Primate_ACE2.3.codon.fas.BUSTEDS.json, /Users/agl4001/Documents/AOC-develop/results/Primate_ACE2/Primate_ACE2.4.codon.fas.BUSTEDS.json, /Users/agl4001/Documents/AOC-develop/results/Primate_ACE2/Primate_ACE2.1.codon.fas.MEME.json, /Users/agl4001/Documents/AOC-develop/results/Primate_ACE2/Primate_ACE2.2.codon.fas.MEME.json, /Users/agl4001/Documents/AOC-develop/results/Primate_ACE2/Primate_ACE2.3.codon.fas.MEME.json, /Users/agl4001/Documents/AOC-develop/results/Primate_ACE2/Primate_ACE2.4.codon.fas.MEME.json, /Users/agl4001/Documents/AOC-develop/results/Primate_ACE2/Primate_ACE2.1.codon.fas.ABSREL.json, /Users/agl4001/Documents/AOC-develop/results/Primate_ACE2/Primate_ACE2.2.codon.fas.ABSREL.json, /Users/agl4001/Documents/AOC-develop/results/Primate_ACE2/Primate_ACE2.3.codon.fas.ABSREL.json, /Users/agl4001/Documents/AOC-develop/results/Primate_ACE2/Primate_ACE2.4.codon.fas.ABSREL.json, /Users/agl4001/Documents/AOC-develop/results/Primate_ACE2/Primate_ACE2.1.codon.fas.SLAC.json, /Users/agl4001/Documents/AOC-develop/results/Primate_ACE2/Primate_ACE2.2.codon.fas.SLAC.json, /Users/agl4001/Documents/AOC-develop/results/Primate_ACE2/Primate_ACE2.3.codon.fas.SLAC.json, /Users/agl4001/Documents/AOC-develop/results/Primate_ACE2/Primate_ACE2.4.codon.fas.SLAC.json, /Users/agl4001/Documents/AOC-develop/results/Primate_ACE2/Primate_ACE2.1.codon.fas.BGM.json, /Users/agl4001/Documents/AOC-develop/results/Primate_ACE2/Primate_ACE2.2.codon.fas.BGM.json, /Users/agl4001/Documents/AOC-develop/results/Primate_ACE2/Primate_ACE2.3.codon.fas.BGM.json, /Users/agl4001/Documents/AOC-develop/results/Primate_ACE2/Primate_ACE2.4.codon.fas.BGM.json, /Users/agl4001/Documents/AOC-develop/results/Primate_ACE2/Primate_ACE2.1.codon.fas.BUSTEDS-MH.json, /Users/agl4001/Documents/AOC-develop/results/Primate_ACE2/Primate_ACE2.2.codon.fas.BUSTEDS-MH.json, /Users/agl4001/Documents/AOC-develop/results/Primate_ACE2/Primate_ACE2.3.codon.fas.BUSTEDS-MH.json, /Users/agl4001/Documents/AOC-develop/results/Primate_ACE2/Primate_ACE2.4.codon.fas.BUSTEDS-MH.json, /Users/agl4001/Documents/AOC-develop/results/Primate_ACE2/Primate_ACE2.1.codon.fas.FMM.json, /Users/agl4001/Documents/AOC-develop/results/Primate_ACE2/Primate_ACE2.2.codon.fas.FMM.json, /Users/agl4001/Documents/AOC-develop/results/Primate_ACE2/Primate_ACE2.3.codon.fas.FMM.json, /Users/agl4001/Documents/AOC-develop/results/Primate_ACE2/Primate_ACE2.4.codon.fas.FMM.json, /Users/agl4001/Documents/AOC-develop/results/Primate_ACE2/Primate_ACE2.1.codon.fas.RELAX.json, /Users/agl4001/Documents/AOC-develop/results/Primate_ACE2/Primate_ACE2.2.codon.fas.RELAX.json, /Users/agl4001/Documents/AOC-develop/results/Primate_ACE2/Primate_ACE2.3.codon.fas.RELAX.json, /Users/agl4001/Documents/AOC-develop/results/Primate_ACE2/Primate_ACE2.4.codon.fas.RELAX.json, /Users/agl4001/Documents/AOC-develop/results/Primate_ACE2/Primate_ACE2.1.codon.fas.CFEL.json, /Users/agl4001/Documents/AOC-develop/results/Primate_ACE2/Primate_ACE2.2.codon.fas.CFEL.json, /Users/agl4001/Documents/AOC-develop/results/Primate_ACE2/Primate_ACE2.3.codon.fas.CFEL.json, /Users/agl4001/Documents/AOC-develop/results/Primate_ACE2/Primate_ACE2.4.codon.fas.CFEL.json
    jobid: 0
    reason: Input files updated by another job: /Users/agl4001/Documents/AOC-develop/results/Primate_ACE2/Primate_ACE2.3.codon.fas.RELAX.json, /Users/agl4001/Documents/AOC-develop/results/Primate_ACE2/Primate_ACE2.2.codon.fas.dst, /Users/agl4001/Documents/AOC-develop/results/Primate_ACE2/Primate_ACE2.4.codon.fas.dst, /Users/agl4001/Documents/AOC-develop/results/Primate_ACE2/Primate_ACE2.2.codon.fas.SLAC.json, /Users/agl4001/Documents/AOC-develop/results/Primate_ACE2/Primate_ACE2.3.codon.fas.FastTree.treefile, /Users/agl4001/Documents/AOC-develop/results/Primate_ACE2/Primate_ACE2.4.codon.fas.RELAX.json, /Users/agl4001/Documents/AOC-develop/results/Primate_ACE2/Primate_ACE2.3.codon.fas.BUSTEDS-MH.json, /Users/agl4001/Documents/AOC-develop/results/Primate_ACE2/Primate_ACE2.3.codon.fas.SLAC.json, /Users/agl4001/Documents/AOC-develop/results/Primate_ACE2/Primate_ACE2.4.codon.fas.BGM.json, /Users/agl4001/Documents/AOC-develop/results/Primate_ACE2/Primate_ACE2.4.codon.fas.ABSREL.json, /Users/agl4001/Documents/AOC-develop/results/Primate_ACE2/Primate_ACE2.2.codon.fas.FastTree.treefile, /Users/agl4001/Documents/AOC-develop/results/Primate_ACE2/Primate_ACE2.4.codon.fas.FastTree.treefile, /Users/agl4001/Documents/AOC-develop/results/Primate_ACE2/Primate_ACE2.4.codon.fas.SLAC.json, /Users/agl4001/Documents/AOC-develop/results/Primate_ACE2/Primate_ACE2.2.codon.fas.BUSTEDS-MH.json, /Users/agl4001/Documents/AOC-develop/results/Primate_ACE2/Primate_ACE2.4.codon.fas.MEME.json, /Users/agl4001/Documents/AOC-develop/results/Primate_ACE2/Primate_ACE2.3.codon.fas.FMM.json, /Users/agl4001/Documents/AOC-develop/results/Primate_ACE2/Primate_ACE2.2.codon.fas.BGM.json, /Users/agl4001/Documents/AOC-develop/results/Primate_ACE2/Primate_ACE2.4.codon.fas.CFEL.json, /Users/agl4001/Documents/AOC-develop/results/Primate_ACE2/Primate_ACE2.3.codon.fas.ABSREL.json, /Users/agl4001/Documents/AOC-develop/results/Primate_ACE2/Primate_ACE2.1.codon.fas.FEL.json, /Users/agl4001/Documents/AOC-develop/results/Primate_ACE2/Primate_ACE2.3.codon.fas.dst, /Users/agl4001/Documents/AOC-develop/results/Primate_ACE2/Primate_ACE2.1.codon.fas.FastTree.treefile, /Users/agl4001/Documents/AOC-develop/results/Primate_ACE2/Primate_ACE2.2.codon.fas.FUBAR.json, /Users/agl4001/Documents/AOC-develop/results/Primate_ACE2/Primate_ACE2.1.codon.fas.ABSREL.json, /Users/agl4001/Documents/AOC-develop/results/Primate_ACE2/Primate_ACE2.2.codon.fas.ABSREL.json, /Users/agl4001/Documents/AOC-develop/results/Primate_ACE2/Primate_ACE2.2.codon.fas.RELAX.json, /Users/agl4001/Documents/AOC-develop/results/Primate_ACE2/Primate_ACE2.1.codon.fas.dst, /Users/agl4001/Documents/AOC-develop/results/Primate_ACE2/Primate_ACE2.2.codon.fas.FMM.json, /Users/agl4001/Documents/AOC-develop/results/Primate_ACE2/Primate_ACE2.4.codon.fas.FEL.json, /Users/agl4001/Documents/AOC-develop/results/Primate_ACE2/Primate_ACE2.1.codon.fas.SLAC.json, /Users/agl4001/Documents/AOC-develop/results/Primate_ACE2/Primate_ACE2.1.codon.fas.BUSTEDS-MH.json, /Users/agl4001/Documents/AOC-develop/results/Primate_ACE2/Primate_ACE2.2.codon.fas.FEL.json, /Users/agl4001/Documents/AOC-develop/results/Primate_ACE2/Primate_ACE2.1.codon.fas.FUBAR.json, /Users/agl4001/Documents/AOC-develop/results/Primate_ACE2/Primate_ACE2.1.codon.fas.RELAX.json, /Users/agl4001/Documents/AOC-develop/results/Primate_ACE2/Primate_ACE2.3.codon.fas.BGM.json, /Users/agl4001/Documents/AOC-develop/results/Primate_ACE2/Primate_ACE2.3.codon.fas.CFEL.json, /Users/agl4001/Documents/AOC-develop/results/Primate_ACE2/Primate_ACE2.3.codon.fas.BUSTEDS.json, /Users/agl4001/Documents/AOC-develop/results/Primate_ACE2/Primate_ACE2.4.codon.fas.FUBAR.json, /Users/agl4001/Documents/AOC-develop/results/Primate_ACE2/Primate_ACE2.2.codon.fas.BUSTEDS.json, /Users/agl4001/Documents/AOC-develop/results/Primate_ACE2/Primate_ACE2.4.codon.fas.BUSTEDS.json, /Users/agl4001/Documents/AOC-develop/results/Primate_ACE2/Primate_ACE2.1.codon.fas.FMM.json, /Users/agl4001/Documents/AOC-develop/results/Primate_ACE2/Primate_ACE2.1.codon.fas.BUSTEDS.json, /Users/agl4001/Documents/AOC-develop/results/Primate_ACE2/Primate_ACE2.3.codon.fas.FEL.json, /Users/agl4001/Documents/AOC-develop/results/Primate_ACE2/Primate_ACE2.2.codon.fas.CFEL.json, /Users/agl4001/Documents/AOC-develop/results/Primate_ACE2/Primate_ACE2.3.codon.fas.FUBAR.json, /Users/agl4001/Documents/AOC-develop/results/Primate_ACE2/Primate_ACE2.2.codon.fas.MEME.json, /Users/agl4001/Documents/AOC-develop/results/Primate_ACE2/Primate_ACE2.4.codon.fas.BUSTEDS-MH.json, /Users/agl4001/Documents/AOC-develop/results/Primate_ACE2/Primate_ACE2.4.codon.fas.FMM.json, /Users/agl4001/Documents/AOC-develop/results/Primate_ACE2/Primate_ACE2.3.codon.fas.MEME.json, /Users/agl4001/Documents/AOC-develop/results/Primate_ACE2/Primate_ACE2.1.codon.fas.MEME.json, /Users/agl4001/Documents/AOC-develop/results/Primate_ACE2/Primate_ACE2.1.codon.fas.BGM.json, /Users/agl4001/Documents/AOC-develop/results/Primate_ACE2/Primate_ACE2.1.codon.fas.CFEL.json
    resources: tmpdir=/var/folders/h_/ggxlxnd12j36cf3lfm_8hx4c0000gr/T

[Thu Jun 26 15:26:39 2025]
Finished job 0.
57 of 57 steps (100%) done
Complete log: .snakemake/log/2025-06-26T144901.332013.snakemake.log
