Building DAG of jobs...
Using shell: /bin/bash
Provided cores: 12
Rules claiming more threads will be scaled down.
Job stats:
job               count
--------------  -------
ABSREL                1
AssignLineages        1
BGM                   1
BUSTEDS               1
BUSTEDSMH             1
CFEL                  1
FEL                   1
FMM                   1
FUBAR                 1
MEME                  1
RELAX                 1
SLAC                  1
all                   1
fasttree              1
tn93                  1
total                15

Select jobs to execute...

[Thu Jun 26 18:23:29 2025]
rule fasttree:
    input: /Users/agl4001/Documents/AOC-develop/results/Primate_BTG1/Primate_BTG1.1.codon.fas
    output: /Users/agl4001/Documents/AOC-develop/results/Primate_BTG1/Primate_BTG1.1.codon.fas.FastTree.treefile
    jobid: 2
    reason: Missing output files: /Users/agl4001/Documents/AOC-develop/results/Primate_BTG1/Primate_BTG1.1.codon.fas.FastTree.treefile
    wildcards: sample=Primate_BTG1.1.codon.fas
    resources: tmpdir=/var/folders/h_/ggxlxnd12j36cf3lfm_8hx4c0000gr/T


[Thu Jun 26 18:23:29 2025]
rule tn93:
    input: /Users/agl4001/Documents/AOC-develop/results/Primate_BTG1/Primate_BTG1.1.codon.fas
    output: /Users/agl4001/Documents/AOC-develop/results/Primate_BTG1/Primate_BTG1.1.codon.fas.dst
    jobid: 1
    reason: Missing output files: /Users/agl4001/Documents/AOC-develop/results/Primate_BTG1/Primate_BTG1.1.codon.fas.dst
    wildcards: sample=Primate_BTG1.1.codon.fas
    resources: tmpdir=/var/folders/h_/ggxlxnd12j36cf3lfm_8hx4c0000gr/T

[Thu Jun 26 18:23:29 2025]
Finished job 1.
1 of 15 steps (7%) done
[Thu Jun 26 18:23:30 2025]
Finished job 2.
2 of 15 steps (13%) done
Select jobs to execute...

[Thu Jun 26 18:23:30 2025]
rule BUSTEDSMH:
    input: /Users/agl4001/Documents/AOC-develop/results/Primate_BTG1/Primate_BTG1.1.codon.fas, /Users/agl4001/Documents/AOC-develop/results/Primate_BTG1/Primate_BTG1.1.codon.fas.FastTree.treefile
    output: /Users/agl4001/Documents/AOC-develop/results/Primate_BTG1/Primate_BTG1.1.codon.fas.BUSTEDS-MH.json
    jobid: 10
    reason: Missing output files: /Users/agl4001/Documents/AOC-develop/results/Primate_BTG1/Primate_BTG1.1.codon.fas.BUSTEDS-MH.json; Input files updated by another job: /Users/agl4001/Documents/AOC-develop/results/Primate_BTG1/Primate_BTG1.1.codon.fas.FastTree.treefile
    wildcards: sample=Primate_BTG1.1.codon.fas
    resources: tmpdir=/var/folders/h_/ggxlxnd12j36cf3lfm_8hx4c0000gr/T


[Thu Jun 26 18:23:30 2025]
rule FEL:
    input: /Users/agl4001/Documents/AOC-develop/results/Primate_BTG1/Primate_BTG1.1.codon.fas, /Users/agl4001/Documents/AOC-develop/results/Primate_BTG1/Primate_BTG1.1.codon.fas.FastTree.treefile
    output: /Users/agl4001/Documents/AOC-develop/results/Primate_BTG1/Primate_BTG1.1.codon.fas.FEL.json
    jobid: 3
    reason: Missing output files: /Users/agl4001/Documents/AOC-develop/results/Primate_BTG1/Primate_BTG1.1.codon.fas.FEL.json; Input files updated by another job: /Users/agl4001/Documents/AOC-develop/results/Primate_BTG1/Primate_BTG1.1.codon.fas.FastTree.treefile
    wildcards: sample=Primate_BTG1.1.codon.fas
    resources: tmpdir=/var/folders/h_/ggxlxnd12j36cf3lfm_8hx4c0000gr/T


[Thu Jun 26 18:23:30 2025]
rule MEME:
    input: /Users/agl4001/Documents/AOC-develop/results/Primate_BTG1/Primate_BTG1.1.codon.fas, /Users/agl4001/Documents/AOC-develop/results/Primate_BTG1/Primate_BTG1.1.codon.fas.FastTree.treefile
    output: /Users/agl4001/Documents/AOC-develop/results/Primate_BTG1/Primate_BTG1.1.codon.fas.MEME.json
    jobid: 6
    reason: Missing output files: /Users/agl4001/Documents/AOC-develop/results/Primate_BTG1/Primate_BTG1.1.codon.fas.MEME.json; Input files updated by another job: /Users/agl4001/Documents/AOC-develop/results/Primate_BTG1/Primate_BTG1.1.codon.fas.FastTree.treefile
    wildcards: sample=Primate_BTG1.1.codon.fas
    resources: tmpdir=/var/folders/h_/ggxlxnd12j36cf3lfm_8hx4c0000gr/T


[Thu Jun 26 18:23:30 2025]
rule SLAC:
    input: /Users/agl4001/Documents/AOC-develop/results/Primate_BTG1/Primate_BTG1.1.codon.fas, /Users/agl4001/Documents/AOC-develop/results/Primate_BTG1/Primate_BTG1.1.codon.fas.FastTree.treefile
    output: /Users/agl4001/Documents/AOC-develop/results/Primate_BTG1/Primate_BTG1.1.codon.fas.SLAC.json
    jobid: 8
    reason: Missing output files: /Users/agl4001/Documents/AOC-develop/results/Primate_BTG1/Primate_BTG1.1.codon.fas.SLAC.json; Input files updated by another job: /Users/agl4001/Documents/AOC-develop/results/Primate_BTG1/Primate_BTG1.1.codon.fas.FastTree.treefile
    wildcards: sample=Primate_BTG1.1.codon.fas
    resources: tmpdir=/var/folders/h_/ggxlxnd12j36cf3lfm_8hx4c0000gr/T


[Thu Jun 26 18:23:30 2025]
rule FUBAR:
    input: /Users/agl4001/Documents/AOC-develop/results/Primate_BTG1/Primate_BTG1.1.codon.fas, /Users/agl4001/Documents/AOC-develop/results/Primate_BTG1/Primate_BTG1.1.codon.fas.FastTree.treefile
    output: /Users/agl4001/Documents/AOC-develop/results/Primate_BTG1/Primate_BTG1.1.codon.fas.FUBAR.json
    jobid: 4
    reason: Missing output files: /Users/agl4001/Documents/AOC-develop/results/Primate_BTG1/Primate_BTG1.1.codon.fas.FUBAR.json; Input files updated by another job: /Users/agl4001/Documents/AOC-develop/results/Primate_BTG1/Primate_BTG1.1.codon.fas.FastTree.treefile
    wildcards: sample=Primate_BTG1.1.codon.fas
    resources: tmpdir=/var/folders/h_/ggxlxnd12j36cf3lfm_8hx4c0000gr/T


[Thu Jun 26 18:23:30 2025]
rule BGM:
    input: /Users/agl4001/Documents/AOC-develop/results/Primate_BTG1/Primate_BTG1.1.codon.fas, /Users/agl4001/Documents/AOC-develop/results/Primate_BTG1/Primate_BTG1.1.codon.fas.FastTree.treefile
    output: /Users/agl4001/Documents/AOC-develop/results/Primate_BTG1/Primate_BTG1.1.codon.fas.BGM.json
    jobid: 9
    reason: Missing output files: /Users/agl4001/Documents/AOC-develop/results/Primate_BTG1/Primate_BTG1.1.codon.fas.BGM.json; Input files updated by another job: /Users/agl4001/Documents/AOC-develop/results/Primate_BTG1/Primate_BTG1.1.codon.fas.FastTree.treefile
    wildcards: sample=Primate_BTG1.1.codon.fas
    resources: tmpdir=/var/folders/h_/ggxlxnd12j36cf3lfm_8hx4c0000gr/T


[Thu Jun 26 18:23:30 2025]
rule FMM:
    input: /Users/agl4001/Documents/AOC-develop/results/Primate_BTG1/Primate_BTG1.1.codon.fas, /Users/agl4001/Documents/AOC-develop/results/Primate_BTG1/Primate_BTG1.1.codon.fas.FastTree.treefile
    output: /Users/agl4001/Documents/AOC-develop/results/Primate_BTG1/Primate_BTG1.1.codon.fas.FMM.json
    jobid: 11
    reason: Missing output files: /Users/agl4001/Documents/AOC-develop/results/Primate_BTG1/Primate_BTG1.1.codon.fas.FMM.json; Input files updated by another job: /Users/agl4001/Documents/AOC-develop/results/Primate_BTG1/Primate_BTG1.1.codon.fas.FastTree.treefile
    wildcards: sample=Primate_BTG1.1.codon.fas
    resources: tmpdir=/var/folders/h_/ggxlxnd12j36cf3lfm_8hx4c0000gr/T


[Thu Jun 26 18:23:30 2025]
rule ABSREL:
    input: /Users/agl4001/Documents/AOC-develop/results/Primate_BTG1/Primate_BTG1.1.codon.fas, /Users/agl4001/Documents/AOC-develop/results/Primate_BTG1/Primate_BTG1.1.codon.fas.FastTree.treefile
    output: /Users/agl4001/Documents/AOC-develop/results/Primate_BTG1/Primate_BTG1.1.codon.fas.ABSREL.json
    jobid: 7
    reason: Missing output files: /Users/agl4001/Documents/AOC-develop/results/Primate_BTG1/Primate_BTG1.1.codon.fas.ABSREL.json; Input files updated by another job: /Users/agl4001/Documents/AOC-develop/results/Primate_BTG1/Primate_BTG1.1.codon.fas.FastTree.treefile
    wildcards: sample=Primate_BTG1.1.codon.fas
    resources: tmpdir=/var/folders/h_/ggxlxnd12j36cf3lfm_8hx4c0000gr/T


[Thu Jun 26 18:23:30 2025]
rule AssignLineages:
    input: /Users/agl4001/Documents/AOC-develop/results/Primate_BTG1/Primate_BTG1.1.codon.fas.FastTree.treefile
    output: /Users/agl4001/Documents/AOC-develop/results/Primate_BTG1/Primate_BTG1.1.codon.fas.FastTree.treefile.labelled
    jobid: 13
    reason: Missing output files: /Users/agl4001/Documents/AOC-develop/results/Primate_BTG1/Primate_BTG1.1.codon.fas.FastTree.treefile.labelled; Input files updated by another job: /Users/agl4001/Documents/AOC-develop/results/Primate_BTG1/Primate_BTG1.1.codon.fas.FastTree.treefile
    wildcards: sample=Primate_BTG1.1.codon.fas
    resources: tmpdir=/var/folders/h_/ggxlxnd12j36cf3lfm_8hx4c0000gr/T

[Thu Jun 26 18:23:30 2025]
rule BUSTEDS:
    input: /Users/agl4001/Documents/AOC-develop/results/Primate_BTG1/Primate_BTG1.1.codon.fas, /Users/agl4001/Documents/AOC-develop/results/Primate_BTG1/Primate_BTG1.1.codon.fas.FastTree.treefile
    output: /Users/agl4001/Documents/AOC-develop/results/Primate_BTG1/Primate_BTG1.1.codon.fas.BUSTEDS.json
    jobid: 5
    reason: Missing output files: /Users/agl4001/Documents/AOC-develop/results/Primate_BTG1/Primate_BTG1.1.codon.fas.BUSTEDS.json; Input files updated by another job: /Users/agl4001/Documents/AOC-develop/results/Primate_BTG1/Primate_BTG1.1.codon.fas.FastTree.treefile
    wildcards: sample=Primate_BTG1.1.codon.fas
    resources: tmpdir=/var/folders/h_/ggxlxnd12j36cf3lfm_8hx4c0000gr/T

[Thu Jun 26 18:23:31 2025]
Finished job 13.
3 of 15 steps (20%) done
Select jobs to execute...

[Thu Jun 26 18:23:31 2025]
rule RELAX:
    input: /Users/agl4001/Documents/AOC-develop/results/Primate_BTG1/Primate_BTG1.1.codon.fas, /Users/agl4001/Documents/AOC-develop/results/Primate_BTG1/Primate_BTG1.1.codon.fas.FastTree.treefile.labelled
    output: /Users/agl4001/Documents/AOC-develop/results/Primate_BTG1/Primate_BTG1.1.codon.fas.RELAX.json
    jobid: 12
    reason: Missing output files: /Users/agl4001/Documents/AOC-develop/results/Primate_BTG1/Primate_BTG1.1.codon.fas.RELAX.json; Input files updated by another job: /Users/agl4001/Documents/AOC-develop/results/Primate_BTG1/Primate_BTG1.1.codon.fas.FastTree.treefile.labelled
    wildcards: sample=Primate_BTG1.1.codon.fas
    resources: tmpdir=/var/folders/h_/ggxlxnd12j36cf3lfm_8hx4c0000gr/T


[Thu Jun 26 18:23:31 2025]
rule CFEL:
    input: /Users/agl4001/Documents/AOC-develop/results/Primate_BTG1/Primate_BTG1.1.codon.fas, /Users/agl4001/Documents/AOC-develop/results/Primate_BTG1/Primate_BTG1.1.codon.fas.FastTree.treefile.labelled
    output: /Users/agl4001/Documents/AOC-develop/results/Primate_BTG1/Primate_BTG1.1.codon.fas.CFEL.json
    jobid: 14
    reason: Missing output files: /Users/agl4001/Documents/AOC-develop/results/Primate_BTG1/Primate_BTG1.1.codon.fas.CFEL.json; Input files updated by another job: /Users/agl4001/Documents/AOC-develop/results/Primate_BTG1/Primate_BTG1.1.codon.fas.FastTree.treefile.labelled
    wildcards: sample=Primate_BTG1.1.codon.fas
    resources: tmpdir=/var/folders/h_/ggxlxnd12j36cf3lfm_8hx4c0000gr/T

[Thu Jun 26 18:23:34 2025]
Finished job 4.
4 of 15 steps (27%) done
[Thu Jun 26 18:23:39 2025]
Finished job 9.
5 of 15 steps (33%) done
[Thu Jun 26 18:23:45 2025]
Finished job 8.
6 of 15 steps (40%) done
[Thu Jun 26 18:23:49 2025]
Finished job 3.
7 of 15 steps (47%) done
[Thu Jun 26 18:23:53 2025]
Finished job 6.
8 of 15 steps (53%) done
[Thu Jun 26 18:24:04 2025]
Finished job 14.
9 of 15 steps (60%) done
[Thu Jun 26 18:24:09 2025]
Finished job 7.
10 of 15 steps (67%) done
[Thu Jun 26 18:24:33 2025]
Finished job 11.
11 of 15 steps (73%) done
[Thu Jun 26 18:25:08 2025]
Finished job 5.
12 of 15 steps (80%) done
[Thu Jun 26 18:28:41 2025]
Finished job 12.
13 of 15 steps (87%) done
[Thu Jun 26 18:29:05 2025]
Finished job 10.
14 of 15 steps (93%) done
Select jobs to execute...

[Thu Jun 26 18:29:05 2025]
localrule all:
    input: /Users/agl4001/Documents/AOC-develop/results/Primate_BTG1/Primate_BTG1.1.codon.fas.dst, /Users/agl4001/Documents/AOC-develop/results/Primate_BTG1/Primate_BTG1.1.codon.fas.FastTree.treefile, /Users/agl4001/Documents/AOC-develop/results/Primate_BTG1/Primate_BTG1.1.codon.fas.FEL.json, /Users/agl4001/Documents/AOC-develop/results/Primate_BTG1/Primate_BTG1.1.codon.fas.FUBAR.json, /Users/agl4001/Documents/AOC-develop/results/Primate_BTG1/Primate_BTG1.1.codon.fas.BUSTEDS.json, /Users/agl4001/Documents/AOC-develop/results/Primate_BTG1/Primate_BTG1.1.codon.fas.MEME.json, /Users/agl4001/Documents/AOC-develop/results/Primate_BTG1/Primate_BTG1.1.codon.fas.ABSREL.json, /Users/agl4001/Documents/AOC-develop/results/Primate_BTG1/Primate_BTG1.1.codon.fas.SLAC.json, /Users/agl4001/Documents/AOC-develop/results/Primate_BTG1/Primate_BTG1.1.codon.fas.BGM.json, /Users/agl4001/Documents/AOC-develop/results/Primate_BTG1/Primate_BTG1.1.codon.fas.BUSTEDS-MH.json, /Users/agl4001/Documents/AOC-develop/results/Primate_BTG1/Primate_BTG1.1.codon.fas.FMM.json, /Users/agl4001/Documents/AOC-develop/results/Primate_BTG1/Primate_BTG1.1.codon.fas.RELAX.json, /Users/agl4001/Documents/AOC-develop/results/Primate_BTG1/Primate_BTG1.1.codon.fas.CFEL.json
    jobid: 0
    reason: Input files updated by another job: /Users/agl4001/Documents/AOC-develop/results/Primate_BTG1/Primate_BTG1.1.codon.fas.SLAC.json, /Users/agl4001/Documents/AOC-develop/results/Primate_BTG1/Primate_BTG1.1.codon.fas.CFEL.json, /Users/agl4001/Documents/AOC-develop/results/Primate_BTG1/Primate_BTG1.1.codon.fas.dst, /Users/agl4001/Documents/AOC-develop/results/Primate_BTG1/Primate_BTG1.1.codon.fas.ABSREL.json, /Users/agl4001/Documents/AOC-develop/results/Primate_BTG1/Primate_BTG1.1.codon.fas.FEL.json, /Users/agl4001/Documents/AOC-develop/results/Primate_BTG1/Primate_BTG1.1.codon.fas.BUSTEDS.json, /Users/agl4001/Documents/AOC-develop/results/Primate_BTG1/Primate_BTG1.1.codon.fas.MEME.json, /Users/agl4001/Documents/AOC-develop/results/Primate_BTG1/Primate_BTG1.1.codon.fas.BUSTEDS-MH.json, /Users/agl4001/Documents/AOC-develop/results/Primate_BTG1/Primate_BTG1.1.codon.fas.RELAX.json, /Users/agl4001/Documents/AOC-develop/results/Primate_BTG1/Primate_BTG1.1.codon.fas.FUBAR.json, /Users/agl4001/Documents/AOC-develop/results/Primate_BTG1/Primate_BTG1.1.codon.fas.FastTree.treefile, /Users/agl4001/Documents/AOC-develop/results/Primate_BTG1/Primate_BTG1.1.codon.fas.BGM.json, /Users/agl4001/Documents/AOC-develop/results/Primate_BTG1/Primate_BTG1.1.codon.fas.FMM.json
    resources: tmpdir=/var/folders/h_/ggxlxnd12j36cf3lfm_8hx4c0000gr/T

[Thu Jun 26 18:29:05 2025]
Finished job 0.
15 of 15 steps (100%) done
Complete log: .snakemake/log/2025-06-26T182329.246778.snakemake.log
