Building DAG of jobs...
Using shell: /bin/bash
Provided cores: 12
Rules claiming more threads will be scaled down.
Job stats:
job                 count
----------------  -------
all                     1
executiveSummary        1
total                   2

Select jobs to execute...

[Fri Jun 27 11:09:14 2025]
rule executiveSummary:
    input: /Users/agl4001/Documents/AOC-develop/results/Placentals_ZNF805/Placentals_ZNF805
    output: /Users/agl4001/Documents/AOC-develop/results/Placentals_ZNF805/Tables/Placentals_ZNF805.AOC.executiveSummary.csv
    jobid: 19
    reason: Missing output files: /Users/agl4001/Documents/AOC-develop/results/Placentals_ZNF805/Tables/Placentals_ZNF805.AOC.executiveSummary.csv
    wildcards: sample=Placentals_ZNF805
    resources: tmpdir=/var/folders/h_/ggxlxnd12j36cf3lfm_8hx4c0000gr/T

Exiting because a job execution failed. Look above for error message
Complete log: .snakemake/log/2025-06-27T110913.285231.snakemake.log
