Building DAG of jobs...
Using shell: /bin/bash
Provided cores: 12
Rules claiming more threads will be scaled down.
Job stats:
job                 count
----------------  -------
MergeFELCSVs            1
MergeMEMECSVs           1
PlotFEL                 1
PlotFELMerge            1
PlotMEME                1
all                     1
executiveSummary        1
total                   7

Select jobs to execute...

[Thu Jun 26 18:29:07 2025]
rule executiveSummary:
    input: /Users/agl4001/Documents/AOC-develop/results/Primate_BTG1/Primate_BTG1
    output: /Users/agl4001/Documents/AOC-develop/results/Primate_BTG1/Tables/Primate_BTG1.AOC.executiveSummary.csv
    jobid: 3
    reason: Missing output files: /Users/agl4001/Documents/AOC-develop/results/Primate_BTG1/Tables/Primate_BTG1.AOC.executiveSummary.csv
    wildcards: sample=Primate_BTG1
    resources: tmpdir=/var/folders/h_/ggxlxnd12j36cf3lfm_8hx4c0000gr/T

[Thu Jun 26 18:29:07 2025]
rule PlotMEME:
    input: /Users/agl4001/Documents/AOC-develop/results/Primate_BTG1/Primate_BTG1.1.codon.fas.MEME.json
    output: /Users/agl4001/Documents/AOC-develop/results/Primate_BTG1/Tables/Primate_BTG1.1.codon.fas.MEME.json.MEME.csv, /Users/agl4001/Documents/AOC-develop/results/Primate_BTG1/Visualizations/Primate_BTG1.1.codon.fas.MEME.json.MEME.png, /Users/agl4001/Documents/AOC-develop/results/Primate_BTG1/Visualizations/Primate_BTG1.1.codon.fas.MEME.json.MEME.svg, /Users/agl4001/Documents/AOC-develop/results/Primate_BTG1/Visualizations/Primate_BTG1.1.codon.fas.MEME.json.MEME.figureLegend
    jobid: 2
    reason: Missing output files: /Users/agl4001/Documents/AOC-develop/results/Primate_BTG1/Tables/Primate_BTG1.1.codon.fas.MEME.json.MEME.csv, /Users/agl4001/Documents/AOC-develop/results/Primate_BTG1/Visualizations/Primate_BTG1.1.codon.fas.MEME.json.MEME.png, /Users/agl4001/Documents/AOC-develop/results/Primate_BTG1/Visualizations/Primate_BTG1.1.codon.fas.MEME.json.MEME.svg, /Users/agl4001/Documents/AOC-develop/results/Primate_BTG1/Visualizations/Primate_BTG1.1.codon.fas.MEME.json.MEME.figureLegend
    wildcards: sample=Primate_BTG1.1.codon.fas.MEME.json
    resources: tmpdir=/var/folders/h_/ggxlxnd12j36cf3lfm_8hx4c0000gr/T

[Thu Jun 26 18:29:07 2025]
rule PlotFEL:
    input: /Users/agl4001/Documents/AOC-develop/results/Primate_BTG1/Primate_BTG1.1.codon.fas.FEL.json
    output: /Users/agl4001/Documents/AOC-develop/results/Primate_BTG1/Tables/Primate_BTG1.1.codon.fas.FEL.json.FEL.csv, /Users/agl4001/Documents/AOC-develop/results/Primate_BTG1/Visualizations/Primate_BTG1.1.codon.fas.FEL.json.FEL.png, /Users/agl4001/Documents/AOC-develop/results/Primate_BTG1/Visualizations/Primate_BTG1.1.codon.fas.FEL.json.FEL.svg, /Users/agl4001/Documents/AOC-develop/results/Primate_BTG1/Visualizations/Primate_BTG1.1.codon.fas.FEL.json.FEL.figureLegend
    jobid: 1
    reason: Missing output files: /Users/agl4001/Documents/AOC-develop/results/Primate_BTG1/Visualizations/Primate_BTG1.1.codon.fas.FEL.json.FEL.figureLegend, /Users/agl4001/Documents/AOC-develop/results/Primate_BTG1/Visualizations/Primate_BTG1.1.codon.fas.FEL.json.FEL.png, /Users/agl4001/Documents/AOC-develop/results/Primate_BTG1/Visualizations/Primate_BTG1.1.codon.fas.FEL.json.FEL.svg, /Users/agl4001/Documents/AOC-develop/results/Primate_BTG1/Tables/Primate_BTG1.1.codon.fas.FEL.json.FEL.csv
    wildcards: sample=Primate_BTG1.1.codon.fas.FEL.json
    resources: tmpdir=/var/folders/h_/ggxlxnd12j36cf3lfm_8hx4c0000gr/T

[Thu Jun 26 18:29:09 2025]
Finished job 3.
1 of 7 steps (14%) done
[Thu Jun 26 18:29:09 2025]
Finished job 2.
2 of 7 steps (29%) done
Select jobs to execute...

[Thu Jun 26 18:29:09 2025]
rule MergeMEMECSVs:
    input: /Users/agl4001/Documents/AOC-develop/results/Primate_BTG1/Tables/Primate_BTG1.1.codon.fas.MEME.json.MEME.csv
    output: /Users/agl4001/Documents/AOC-develop/results/Primate_BTG1/Tables/Primate_BTG1.AOC.merged_MEME_Results.csv
    jobid: 5
    reason: Missing output files: /Users/agl4001/Documents/AOC-develop/results/Primate_BTG1/Tables/Primate_BTG1.AOC.merged_MEME_Results.csv; Input files updated by another job: /Users/agl4001/Documents/AOC-develop/results/Primate_BTG1/Tables/Primate_BTG1.1.codon.fas.MEME.json.MEME.csv
    wildcards: sample=Primate_BTG1
    resources: tmpdir=/var/folders/h_/ggxlxnd12j36cf3lfm_8hx4c0000gr/T

[Thu Jun 26 18:29:10 2025]
Finished job 1.
3 of 7 steps (43%) done
Select jobs to execute...

[Thu Jun 26 18:29:10 2025]
rule MergeFELCSVs:
    input: /Users/agl4001/Documents/AOC-develop/results/Primate_BTG1/Tables/Primate_BTG1.1.codon.fas.FEL.json.FEL.csv
    output: /Users/agl4001/Documents/AOC-develop/results/Primate_BTG1/Tables/Primate_BTG1.AOC.merged_FEL_Results.csv
    jobid: 4
    reason: Missing output files: /Users/agl4001/Documents/AOC-develop/results/Primate_BTG1/Tables/Primate_BTG1.AOC.merged_FEL_Results.csv; Input files updated by another job: /Users/agl4001/Documents/AOC-develop/results/Primate_BTG1/Tables/Primate_BTG1.1.codon.fas.FEL.json.FEL.csv
    wildcards: sample=Primate_BTG1
    resources: tmpdir=/var/folders/h_/ggxlxnd12j36cf3lfm_8hx4c0000gr/T

[Thu Jun 26 18:29:12 2025]
Finished job 5.
4 of 7 steps (57%) done
[Thu Jun 26 18:29:12 2025]
Finished job 4.
5 of 7 steps (71%) done
Select jobs to execute...

[Thu Jun 26 18:29:12 2025]
rule PlotFELMerge:
    input: /Users/agl4001/Documents/AOC-develop/results/Primate_BTG1/Tables/Primate_BTG1.AOC.merged_FEL_Results.csv
    output: /Users/agl4001/Documents/AOC-develop/results/Primate_BTG1/Visualizations/Primate_BTG1.FEL.merged.png, /Users/agl4001/Documents/AOC-develop/results/Primate_BTG1/Visualizations/Primate_BTG1.FEL.merged.svg
    jobid: 6
    reason: Missing output files: /Users/agl4001/Documents/AOC-develop/results/Primate_BTG1/Visualizations/Primate_BTG1.FEL.merged.svg, /Users/agl4001/Documents/AOC-develop/results/Primate_BTG1/Visualizations/Primate_BTG1.FEL.merged.png; Input files updated by another job: /Users/agl4001/Documents/AOC-develop/results/Primate_BTG1/Tables/Primate_BTG1.AOC.merged_FEL_Results.csv
    wildcards: sample=Primate_BTG1
    resources: tmpdir=/var/folders/h_/ggxlxnd12j36cf3lfm_8hx4c0000gr/T

[Thu Jun 26 18:29:14 2025]
Finished job 6.
6 of 7 steps (86%) done
Select jobs to execute...

[Thu Jun 26 18:29:14 2025]
localrule all:
    input: /Users/agl4001/Documents/AOC-develop/results/Primate_BTG1/Tables/Primate_BTG1.1.codon.fas.FEL.json.FEL.csv, /Users/agl4001/Documents/AOC-develop/results/Primate_BTG1/Visualizations/Primate_BTG1.1.codon.fas.FEL.json.FEL.png, /Users/agl4001/Documents/AOC-develop/results/Primate_BTG1/Visualizations/Primate_BTG1.1.codon.fas.FEL.json.FEL.svg, /Users/agl4001/Documents/AOC-develop/results/Primate_BTG1/Visualizations/Primate_BTG1.1.codon.fas.FEL.json.FEL.figureLegend, /Users/agl4001/Documents/AOC-develop/results/Primate_BTG1/Tables/Primate_BTG1.1.codon.fas.MEME.json.MEME.csv, /Users/agl4001/Documents/AOC-develop/results/Primate_BTG1/Visualizations/Primate_BTG1.1.codon.fas.MEME.json.MEME.png, /Users/agl4001/Documents/AOC-develop/results/Primate_BTG1/Visualizations/Primate_BTG1.1.codon.fas.MEME.json.MEME.svg, /Users/agl4001/Documents/AOC-develop/results/Primate_BTG1/Visualizations/Primate_BTG1.1.codon.fas.MEME.json.MEME.figureLegend, /Users/agl4001/Documents/AOC-develop/results/Primate_BTG1/Tables/Primate_BTG1.AOC.executiveSummary.csv, /Users/agl4001/Documents/AOC-develop/results/Primate_BTG1/Tables/Primate_BTG1.AOC.merged_FEL_Results.csv, /Users/agl4001/Documents/AOC-develop/results/Primate_BTG1/Tables/Primate_BTG1.AOC.merged_MEME_Results.csv, /Users/agl4001/Documents/AOC-develop/results/Primate_BTG1/Visualizations/Primate_BTG1.FEL.merged.png, /Users/agl4001/Documents/AOC-develop/results/Primate_BTG1/Visualizations/Primate_BTG1.FEL.merged.svg
    jobid: 0
    reason: Input files updated by another job: /Users/agl4001/Documents/AOC-develop/results/Primate_BTG1/Visualizations/Primate_BTG1.1.codon.fas.MEME.json.MEME.svg, /Users/agl4001/Documents/AOC-develop/results/Primate_BTG1/Visualizations/Primate_BTG1.FEL.merged.svg, /Users/agl4001/Documents/AOC-develop/results/Primate_BTG1/Tables/Primate_BTG1.AOC.merged_FEL_Results.csv, /Users/agl4001/Documents/AOC-develop/results/Primate_BTG1/Tables/Primate_BTG1.AOC.merged_MEME_Results.csv, /Users/agl4001/Documents/AOC-develop/results/Primate_BTG1/Visualizations/Primate_BTG1.1.codon.fas.FEL.json.FEL.svg, /Users/agl4001/Documents/AOC-develop/results/Primate_BTG1/Tables/Primate_BTG1.1.codon.fas.MEME.json.MEME.csv, /Users/agl4001/Documents/AOC-develop/results/Primate_BTG1/Tables/Primate_BTG1.AOC.executiveSummary.csv, /Users/agl4001/Documents/AOC-develop/results/Primate_BTG1/Tables/Primate_BTG1.1.codon.fas.FEL.json.FEL.csv, /Users/agl4001/Documents/AOC-develop/results/Primate_BTG1/Visualizations/Primate_BTG1.1.codon.fas.FEL.json.FEL.png, /Users/agl4001/Documents/AOC-develop/results/Primate_BTG1/Visualizations/Primate_BTG1.1.codon.fas.MEME.json.MEME.figureLegend, /Users/agl4001/Documents/AOC-develop/results/Primate_BTG1/Visualizations/Primate_BTG1.1.codon.fas.FEL.json.FEL.figureLegend, /Users/agl4001/Documents/AOC-develop/results/Primate_BTG1/Visualizations/Primate_BTG1.FEL.merged.png, /Users/agl4001/Documents/AOC-develop/results/Primate_BTG1/Visualizations/Primate_BTG1.1.codon.fas.MEME.json.MEME.png
    resources: tmpdir=/var/folders/h_/ggxlxnd12j36cf3lfm_8hx4c0000gr/T

[Thu Jun 26 18:29:14 2025]
Finished job 0.
7 of 7 steps (100%) done
Complete log: .snakemake/log/2025-06-26T182905.438698.snakemake.log
