Building DAG of jobs...
Using shell: /bin/bash
Provided cores: 12
Rules claiming more threads will be scaled down.
Job stats:
job                 count
----------------  -------
PlotBGM                 1
all                     1
executiveSummary        1
total                   3

Select jobs to execute...

[Thu Jun 26 07:33:34 2025]
rule PlotBGM:
    input: /Users/agl4001/Documents/AOC-develop/results/Primate_TP53/Primate_TP53.1.codon.fas.BGM.json
    output: /Users/agl4001/Documents/AOC-develop/results/Primate_TP53/Visualizations/Primate_TP53.1.codon.fas.BGM.json.BGM.csv, /Users/agl4001/Documents/AOC-develop/results/Primate_TP53/Visualizations/Primate_TP53.1.codon.fas.BGM.json.BGM.png, /Users/agl4001/Documents/AOC-develop/results/Primate_TP53/Visualizations/Primate_TP53.1.codon.fas.BGM.json.BGM.svg
    jobid: 11
    reason: Missing output files: /Users/agl4001/Documents/AOC-develop/results/Primate_TP53/Visualizations/Primate_TP53.1.codon.fas.BGM.json.BGM.svg, /Users/agl4001/Documents/AOC-develop/results/Primate_TP53/Visualizations/Primate_TP53.1.codon.fas.BGM.json.BGM.csv, /Users/agl4001/Documents/AOC-develop/results/Primate_TP53/Visualizations/Primate_TP53.1.codon.fas.BGM.json.BGM.png
    wildcards: sample=Primate_TP53.1.codon.fas.BGM.json
    resources: tmpdir=/var/folders/h_/ggxlxnd12j36cf3lfm_8hx4c0000gr/T

[Thu Jun 26 07:33:34 2025]
rule executiveSummary:
    input: /Users/agl4001/Documents/AOC-develop/results/Primate_TP53/Primate_TP53
    output: /Users/agl4001/Documents/AOC-develop/results/Primate_TP53/Tables/Primate_TP53.AOC.executiveSummary.csv
    jobid: 16
    reason: Missing output files: /Users/agl4001/Documents/AOC-develop/results/Primate_TP53/Tables/Primate_TP53.AOC.executiveSummary.csv
    wildcards: sample=Primate_TP53
    resources: tmpdir=/var/folders/h_/ggxlxnd12j36cf3lfm_8hx4c0000gr/T

[Thu Jun 26 07:33:36 2025]
Finished job 16.
1 of 3 steps (33%) done
Exiting because a job execution failed. Look above for error message
Complete log: .snakemake/log/2025-06-26T073332.790754.snakemake.log
