
# Average sequence length is (PROTEIN AA ungapped): 341.85714285714283
# Average sequence length is (NUCLEOTIDE NUC): 1025.5714285714284


# Processing: NP_775798.2 GTP-binding protein REM 2 [Homo sapiens]
# Species: Homo sapiens
# Match: NM_173527.3 Homo sapiens RRAD and GEM like GTPase 2 (REM2), mRNA 



# Processing: XP_009425749.1 GTP-binding protein REM 2 isoform X1 [Pan troglodytes]
# Species: Pan troglodytes
# Match: XM_009427474.5 PREDICTED: Pan troglodytes RRAD and GEM like GTPase 2 (REM2), transcript variant X1, mRNA 



# Processing: XP_001100692.1 GTP-binding protein REM 2 [Macaca mulatta]
# Species: Macaca mulatta
# Match: XM_001100692.4 PREDICTED: Macaca mulatta RRAD and GEM like GTPase 2 (REM2), mRNA 



# Processing: XP_035115986.1 GTP-binding protein REM 2 isoform X1 [Callithrix jacchus]
# Species: Callithrix jacchus
# Match: XM_035260095.2 PREDICTED: Callithrix jacchus RRAD and GEM like GTPase 2 (REM2), transcript variant X1, mRNA 



# Processing: XP_002824612.1 GTP-binding protein REM 2 [Pongo abelii]
# Species: Pongo abelii
# Match: XM_002824566.5 PREDICTED: Pongo abelii RRAD and GEM like GTPase 2 (REM2), mRNA 



# Processing: XP_003260643.2 GTP-binding protein REM 2 [Nomascus leucogenys]
# Species: Nomascus leucogenys
# Match: XM_003260595.2 PREDICTED: Nomascus leucogenys RRAD and GEM like GTPase 2 (REM2), mRNA 



# Processing: XP_003801957.1 GTP-binding protein REM 2 [Otolemur garnettii]
# Species: Otolemur garnettii
# Match: XM_003801909.3 PREDICTED: Otolemur garnettii RRAD and GEM like GTPase 2 (REM2), mRNA 



# Processing: XP_008958461.3 GTP-binding protein REM 2 isoform X1 [Pan paniscus]
# Species: Pan paniscus
# Match: XM_008960213.4 PREDICTED: Pan paniscus RRAD and GEM like GTPase 2 (REM2), transcript variant X1, mRNA 



# Processing: XP_003901614.1 GTP-binding protein REM 2 [Papio anubis]
# Species: Papio anubis
# Match: XM_003901565.5 PREDICTED: Papio anubis RRAD and GEM like GTPase 2 (REM2), mRNA 



# Processing: XP_003924384.1 GTP-binding protein REM 2 isoform X1 [Saimiri boliviensis]
# Species: Saimiri boliviensis
# Match: XM_003924335.4 PREDICTED: Saimiri boliviensis RRAD and GEM like GTPase 2 (REM2), transcript variant X1, mRNA 



# Processing: XP_055218351.1 GTP-binding protein REM 2 isoform X1 [Gorilla gorilla gorilla]
# Species: Gorilla gorilla gorilla
# Match: XM_055362376.2 PREDICTED: Gorilla gorilla gorilla RRAD and GEM like GTPase 2 (REM2), transcript variant X1, mRNA 



# Processing: XP_005560873.1 GTP-binding protein REM 2 [Macaca fascicularis]
# Species: Macaca fascicularis
# Match: XM_005560816.4 PREDICTED: Macaca fascicularis RRAD and GEM like GTPase 2 (REM2), transcript variant X1, mRNA 



# Processing: XP_007988978.3 GTP-binding protein REM 2 [Chlorocebus sabaeus]
# Species: Chlorocebus sabaeus
# Match: XM_007990787.3 PREDICTED: Chlorocebus sabaeus RRAD and GEM like GTPase 2 (REM2), mRNA 



# Processing: XP_008063462.1 GTP-binding protein REM 2 [Carlito syrichta]
# Species: Carlito syrichta
# Match: XM_008065271.2 PREDICTED: Carlito syrichta RRAD and GEM like GTPase 2 (REM2), mRNA 



# Processing: XP_010376660.2 GTP-binding protein REM 2 [Rhinopithecus roxellana]
# Species: Rhinopithecus roxellana
# Match: XM_010378358.2 PREDICTED: Rhinopithecus roxellana RRAD and GEM like GTPase 2 (REM2), mRNA 



# Processing: XP_011770654.1 GTP-binding protein REM 2 [Macaca nemestrina]
# Species: Macaca nemestrina
# Match: XM_011772352.3 PREDICTED: Macaca nemestrina RRAD and GEM like GTPase 2 (LOC105499627), mRNA 



# Processing: XP_011786352.1 PREDICTED: GTP-binding protein REM 2 [Colobus angolensis palliatus]
# Species: Colobus angolensis palliatus
# Match: XM_011930962.1 PREDICTED: Colobus angolensis palliatus RAS (RAD and GEM)-like GTP binding 2 (REM2), mRNA 



# Processing: XP_011846020.1 PREDICTED: GTP-binding protein REM 2 [Mandrillus leucophaeus]
# Species: Mandrillus leucophaeus
# Match: XM_011990630.1 PREDICTED: Mandrillus leucophaeus RAS (RAD and GEM)-like GTP binding 2 (REM2), mRNA 



# Processing: XP_011943923.1 PREDICTED: GTP-binding protein REM 2 [Cercocebus atys]
# Species: Cercocebus atys
# Match: XM_012088533.1 PREDICTED: Cercocebus atys RAS (RAD and GEM)-like GTP binding 2 (REM2), mRNA 



# Processing: XP_064230844.1 GTP-binding protein REM 2 [Aotus nancymaae]
# Species: Aotus nancymaae
# Match: XM_064374774.1 PREDICTED: Aotus nancymaae RRAD and GEM like GTPase 2 (REM2), mRNA 



# Processing: XP_012504901.1 PREDICTED: GTP-binding protein REM 2 [Propithecus coquereli]
# Species: Propithecus coquereli
# Match: XM_012649447.1 PREDICTED: Propithecus coquereli RAS (RAD and GEM)-like GTP binding 2 (REM2), mRNA 



# Processing: XP_012608143.1 GTP-binding protein REM 2 isoform X1 [Microcebus murinus]
# Species: Microcebus murinus
# Match: XM_012752689.1 PREDICTED: Microcebus murinus RRAD and GEM like GTPase 2 (REM2), transcript variant X1, mRNA 



# Processing: XP_017399988.1 GTP-binding protein REM 2 isoform X1 [Cebus imitator]
# Species: Cebus imitator
# Match: XM_017544499.2 PREDICTED: Cebus imitator RRAD and GEM like GTPase 2 (REM2), transcript variant X1, mRNA 



# Processing: XP_017719775.1 PREDICTED: GTP-binding protein REM 2 [Rhinopithecus bieti]
# Species: Rhinopithecus bieti
# Match: XM_017864286.1 PREDICTED: Rhinopithecus bieti RRAD and GEM like GTPase 2 (REM2), mRNA 



# Processing: XP_023086208.1 GTP-binding protein REM 2 isoform X1 [Piliocolobus tephrosceles]
# Species: Piliocolobus tephrosceles
# Match: XM_023230440.1 PREDICTED: Piliocolobus tephrosceles RRAD and GEM like GTPase 2 (REM2), transcript variant X1, mRNA 



# Processing: XP_025248260.1 GTP-binding protein REM 2 [Theropithecus gelada]
# Species: Theropithecus gelada
# Match: XM_025392475.1 PREDICTED: Theropithecus gelada RRAD and GEM like GTPase 2 (REM2), mRNA 



# Processing: XP_032035819.1 GTP-binding protein REM 2 [Hylobates moloch]
# Species: Hylobates moloch
# Match: XM_032179928.2 PREDICTED: Hylobates moloch RRAD and GEM like GTPase 2 (REM2), mRNA 



# Processing: XP_032121441.1 GTP-binding protein REM 2 isoform X1 [Sapajus apella]
# Species: Sapajus apella
# Match: XM_032265550.1 PREDICTED: Sapajus apella RRAD and GEM like GTPase 2 (REM2), transcript variant X1, mRNA 



# Processing: XP_033044495.1 GTP-binding protein REM 2 [Trachypithecus francoisi]
# Species: Trachypithecus francoisi
# Match: XM_033188604.1 PREDICTED: Trachypithecus francoisi RRAD and GEM like GTPase 2 (REM2), mRNA 



# Processing: XP_045381916.1 GTP-binding protein REM 2 isoform X1 [Lemur catta]
# Species: Lemur catta
# Match: XM_045525960.1 PREDICTED: Lemur catta RRAD and GEM like GTPase 2 (REM2), transcript variant X1, mRNA 



# Processing: XP_050652511.1 GTP-binding protein REM 2 [Macaca thibetana thibetana]
# Species: Macaca thibetana thibetana
# Match: XM_050796554.1 PREDICTED: Macaca thibetana thibetana RRAD and GEM like GTPase 2 (REM2), mRNA 



# Processing: XP_053451643.1 GTP-binding protein REM 2 isoform X1 [Nycticebus coucang]
# Species: Nycticebus coucang
# Match: XM_053595668.1 PREDICTED: Nycticebus coucang RRAD and GEM like GTPase 2 (REM2), transcript variant X1, mRNA 



# Processing: XP_054304838.1 GTP-binding protein REM 2 [Pongo pygmaeus]
# Species: Pongo pygmaeus
# Match: XM_054448863.2 PREDICTED: Pongo pygmaeus RRAD and GEM like GTPase 2 (REM2), mRNA 



# Processing: XP_055147851.1 GTP-binding protein REM 2 [Symphalangus syndactylus]
# Species: Symphalangus syndactylus
# Match: XM_055291876.2 PREDICTED: Symphalangus syndactylus RRAD and GEM like GTPase 2 (REM2), mRNA 



# Processing: XP_069319405.1 GTP-binding protein REM 2 [Eulemur rufifrons]
# Species: Eulemur rufifrons
# Match: XM_069463304.1 PREDICTED: Eulemur rufifrons RRAD and GEM like GTPase 2 (REM2), mRNA 

# Writing data to: /Users/agl4001/Documents/AOC-develop/results/Primate_REM2/Primate_REM2
--- The following had no matches
