IQ-TREE multicore version 2.4.0 for MacOS Intel 64-bit built Feb 12 2025
Developed by Bui Quang Minh, Nguyen Lam Tung, Olga Chernomor, Heiko Schmidt,
Dominik Schrempf, Michael Woodhams, Ly Trong Nhan, Thomas Wong

Host:    MAC307966 (SSE4.2, 64 GB RAM)
Command: iqtree -s /Users/agl4001/Documents/AOC-develop/results/Primate_REM2/Primate_REM2.RD.SA.codons.cln.fa -T AUTO -B 1000 --redo-tree
Seed:    282039 (Using SPRNG - Scalable Parallel Random Number Generator)
Time:    Thu Jun 26 18:29:36 2025
Kernel:  SSE2 - auto-detect threads (12 CPU cores detected)

Reading alignment file /Users/agl4001/Documents/AOC-develop/results/Primate_REM2/Primate_REM2.RD.SA.codons.cln.fa ... Fasta format detected
Reading fasta file: done in 0.000729084 secs using 87.23% CPU
Alignment most likely contains DNA/RNA sequences
WARNING: 3 sites contain only gaps or ambiguous characters.
Alignment has 35 sequences with 1290 columns, 330 distinct patterns
200 parsimony-informative, 364 singleton sites, 726 constant sites
                                                                                                               Gap/Ambiguity  Composition  p-value
Analyzing sequences: done in 1.69277e-05 secs using 88.61% CPU
   1  NM_173527_3_Homo_sapiens_RRAD_and_GEM_like_GTPase_2_REM2_mRNA                                                   20.93%    passed     98.65%
   2  XM_009427474_5_PREDICTED_Pan_troglodytes_RRAD_and_GEM_like_GTPase_2_REM2_transcript_variant_X1_mRNA             20.70%    passed     99.05%
   3  XM_055362376_2_PREDICTED_Gorilla_gorilla_gorilla_RRAD_and_GEM_like_GTPase_2_REM2_transcript_variant_X1_mRNA     20.70%    passed     97.80%
   4  XM_008960213_4_PREDICTED_Pan_paniscus_RRAD_and_GEM_like_GTPase_2_REM2_transcript_variant_X1_mRNA                10.23%    passed     49.70%
   5  XM_050796554_1_PREDICTED_Macaca_thibetana_thibetana_RRAD_and_GEM_like_GTPase_2_REM2_mRNA                        20.93%    passed     99.77%
   6  XM_001100692_4_PREDICTED_Macaca_mulatta_RRAD_and_GEM_like_GTPase_2_REM2_mRNA                                    20.93%    passed     99.97%
   7  XM_003901565_5_PREDICTED_Papio_anubis_RRAD_and_GEM_like_GTPase_2_REM2_mRNA                                      20.93%    passed     99.39%
   8  XM_005560816_4_PREDICTED_Macaca_fascicularis_RRAD_and_GEM_like_GTPase_2_REM2_transcript_variant_X1_mRNA         20.93%    passed     98.62%
   9  XM_011772352_3_PREDICTED_Macaca_nemestrina_RRAD_and_GEM_like_GTPase_2_LOC105499627_mRNA                         20.93%    passed     99.79%
  10  XM_011990630_1_PREDICTED_Mandrillus_leucophaeus_RAS_RAD_and_GEM_like_GTP_binding_2_REM2_mRNA                    20.93%    passed     98.62%
  11  XM_025392475_1_PREDICTED_Theropithecus_gelada_RRAD_and_GEM_like_GTPase_2_REM2_mRNA                              20.93%    passed     98.62%
  12  XM_012088533_1_PREDICTED_Cercocebus_atys_RAS_RAD_and_GEM_like_GTP_binding_2_REM2_mRNA                           20.93%    passed     98.62%
  13  XM_010378358_2_PREDICTED_Rhinopithecus_roxellana_RRAD_and_GEM_like_GTPase_2_REM2_mRNA                           20.93%    passed     99.14%
  14  XM_017864286_1_PREDICTED_Rhinopithecus_bieti_RRAD_and_GEM_like_GTPase_2_REM2_mRNA                               20.93%    passed     98.50%
  15  XM_033188604_1_PREDICTED_Trachypithecus_francoisi_RRAD_and_GEM_like_GTPase_2_REM2_mRNA                          20.93%    passed     98.77%
  16  XM_007990787_3_PREDICTED_Chlorocebus_sabaeus_RRAD_and_GEM_like_GTPase_2_REM2_mRNA                               20.93%    passed     99.96%
  17  XM_002824566_5_PREDICTED_Pongo_abelii_RRAD_and_GEM_like_GTPase_2_REM2_mRNA                                      20.93%    passed     98.70%
  18  XM_054448863_2_PREDICTED_Pongo_pygmaeus_RRAD_and_GEM_like_GTPase_2_REM2_mRNA                                    20.93%    passed     98.58%
  19  XM_003260595_2_PREDICTED_Nomascus_leucogenys_RRAD_and_GEM_like_GTPase_2_REM2_mRNA                               20.93%    passed     97.11%
  20  XM_055291876_2_PREDICTED_Symphalangus_syndactylus_RRAD_and_GEM_like_GTPase_2_REM2_mRNA                          20.93%    passed     99.34%
  21  XM_032179928_2_PREDICTED_Hylobates_moloch_RRAD_and_GEM_like_GTPase_2_REM2_mRNA                                  20.93%    passed     98.68%
  22  XM_035260095_2_PREDICTED_Callithrix_jacchus_RRAD_and_GEM_like_GTPase_2_REM2_transcript_variant_X1_mRNA          20.93%    passed     84.21%
  23  XM_064374774_1_PREDICTED_Aotus_nancymaae_RRAD_and_GEM_like_GTPase_2_REM2_mRNA                                   20.93%    passed     99.90%
  24  XM_032265550_1_PREDICTED_Sapajus_apella_RRAD_and_GEM_like_GTPase_2_REM2_transcript_variant_X1_mRNA              20.93%    passed     99.51%
  25  XM_017544499_2_PREDICTED_Cebus_imitator_RRAD_and_GEM_like_GTPase_2_REM2_transcript_variant_X1_mRNA              20.93%    passed     99.04%
  26  XM_003924335_4_PREDICTED_Saimiri_boliviensis_RRAD_and_GEM_like_GTPase_2_REM2_transcript_variant_X1_mRNA         20.93%    passed     99.89%
  27  XM_023230440_1_PREDICTED_Piliocolobus_tephrosceles_RRAD_and_GEM_like_GTPase_2_REM2_transcript_variant_X1_mRNA   13.49%    failed      1.34%
  28  XM_003801909_3_PREDICTED_Otolemur_garnettii_RRAD_and_GEM_like_GTPase_2_REM2_mRNA                                20.93%    passed     74.32%
  29  XM_053595668_1_PREDICTED_Nycticebus_coucang_RRAD_and_GEM_like_GTPase_2_REM2_transcript_variant_X1_mRNA          20.93%    passed     75.67%
  30  XM_012649447_1_PREDICTED_Propithecus_coquereli_RAS_RAD_and_GEM_like_GTP_binding_2_REM2_mRNA                     20.93%    passed     84.46%
  31  XM_012752689_1_PREDICTED_Microcebus_murinus_RRAD_and_GEM_like_GTPase_2_REM2_transcript_variant_X1_mRNA          20.93%    passed     94.73%
  32  XM_045525960_1_PREDICTED_Lemur_catta_RRAD_and_GEM_like_GTPase_2_REM2_transcript_variant_X1_mRNA                 20.93%    passed     96.25%
  33  XM_069463304_1_PREDICTED_Eulemur_rufifrons_RRAD_and_GEM_like_GTPase_2_REM2_mRNA                                 20.93%    passed     98.80%
  34  XM_008065271_2_PREDICTED_Carlito_syrichta_RRAD_and_GEM_like_GTPase_2_REM2_mRNA                                  20.93%    passed     49.97%
  35  XM_011930962_1_PREDICTED_Colobus_angolensis_palliatus_RAS_RAD_and_GEM_like_GTP_binding_2_REM2_mRNA              25.12%    passed     22.73%
****  TOTAL                                                                                                           20.52%  1 sequences failed composition chi2 test (p-value<5%; df=3)


Create initial parsimony tree by phylogenetic likelihood library (PLL)... 0.001 seconds
Measuring multi-threading efficiency up to 12 CPU cores
Increase to 10 rounds for branch lengths
556 trees examined
Threads: 1 / Time: 12.015 sec / Speedup: 1.000 / Efficiency: 100% / LogL: -8117
Threads: 2 / Time: 19.547 sec / Speedup: 0.615 / Efficiency: 31% / LogL: -8117
BEST NUMBER OF THREADS: 1

Perform fast likelihood tree search using GTR+I+G model...
Estimate model parameters (epsilon = 5.000)
Perform nearest neighbor interchange...
Estimate model parameters (epsilon = 1.000)
1. Initial log-likelihood: -6052.695
Optimal log-likelihood: -6052.147
Rate parameters:  A-C: 1.08769  A-G: 2.21851  A-T: 0.56880  C-G: 0.93386  C-T: 3.13518  G-T: 1.00000
Base frequencies:  A: 0.213  C: 0.321  G: 0.306  T: 0.160
Proportion of invariable sites: 0.245
Gamma shape alpha: 5.014
Parameters optimization took 1 rounds (0.014 sec)
Time for fast ML tree search: 0.095 seconds

NOTE: ModelFinder requires 5 MB RAM!
ModelFinder will test up to 484 DNA models (sample size: 1290 epsilon: 0.100) ...
 No. Model         -LnL         df  AIC          AICc         BIC
  1  GTR+F         6088.761     75  12327.522    12336.912    12714.701
  2  GTR+F+I       6057.464     76  12266.929    12276.578    12659.271
  3  GTR+F+G4      6047.646     76  12247.291    12256.940    12639.633
  4  GTR+F+I+G4    6049.600     77  12253.201    12263.112    12650.705
  5  GTR+F+R2      6049.272     77  12252.544    12262.455    12650.049
  6  GTR+F+R3      6046.891     79  12251.783    12262.229    12659.612
 14  GTR+F+I+R2    6047.000     78  12250.001    12260.177    12652.668
 15  GTR+F+I+R3    6041.552     80  12243.104    12253.823    12656.096
 25  SYM+G4        6070.366     73  12286.731    12295.616    12663.586
 47  TVM+F+G4      6052.129     75  12254.259    12263.649    12641.439
 69  TVMe+G4       6070.854     72  12285.708    12294.345    12657.400
 91  TIM3+F+G4     6049.754     74  12247.509    12256.644    12629.526
113  TIM3e+G4      6074.571     71  12291.143    12299.537    12657.673
135  TIM2+F+G4     6050.689     74  12249.378    12258.514    12631.395
157  TIM2e+G4      6087.750     71  12317.500    12325.894    12684.031
179  TIM+F+G4      6049.657     74  12247.313    12256.449    12629.331
201  TIMe+G4       6090.221     71  12322.442    12330.836    12688.972
223  TPM3u+F+G4    6054.229     73  12254.457    12263.342    12631.312
245  TPM3+G4       6075.058     70  12290.117    12298.271    12651.485
267  TPM2u+F+G4    6055.268     73  12256.536    12265.421    12633.391
289  TPM2+G4       6088.115     70  12316.231    12324.385    12677.599
311  K3Pu+F+G4     6054.218     73  12254.436    12263.321    12631.291
333  K3P+G4        6090.585     70  12321.170    12329.324    12682.537
355  TN+F+G4       6050.691     73  12247.383    12256.268    12624.238
377  TNe+G4        6090.267     70  12320.534    12328.689    12681.902
399  HKY+F+G4      6055.268     72  12254.535    12263.173    12626.228
421  K2P+G4        6090.632     69  12319.264    12327.182    12675.470
443  F81+F+G4      6140.859     71  12423.719    12432.113    12790.249
465  JC+G4         6158.588     68  12453.176    12460.862    12804.220
Akaike Information Criterion:           GTR+F+I+R3
Corrected Akaike Information Criterion: GTR+F+I+R3
Bayesian Information Criterion:         TN+F+G4
Best-fit model: TN+F+G4 chosen according to BIC

All model information printed to /Users/agl4001/Documents/AOC-develop/results/Primate_REM2/Primate_REM2.RD.SA.codons.cln.fa.model.gz
CPU time for ModelFinder: 34.100 seconds (0h:0m:34s)
Wall-clock time for ModelFinder: 34.477 seconds (0h:0m:34s)
Generating 1000 samples for ultrafast bootstrap (seed: 282039)...

NOTE: 2 MB RAM (0 GB) is required!
Estimate model parameters (epsilon = 0.100)
1. Initial log-likelihood: -6141.565
2. Current log-likelihood: -6051.777
3. Current log-likelihood: -6050.715
Optimal log-likelihood: -6050.692
Rate parameters:  A-C: 1.00000  A-G: 2.32769  A-T: 1.00000  C-G: 1.00000  C-T: 3.29730  G-T: 1.00000
Base frequencies:  A: 0.213  C: 0.321  G: 0.306  T: 0.160
Gamma shape alpha: 1.257
Parameters optimization took 3 rounds (0.043 sec)
Wrote distance file to... 
Computing ML distances based on estimated model parameters...
Calculating distance matrix: done in 0.00445509 secs using 99.19% CPU
Computing ML distances took 0.004524 sec (of wall-clock time) 0.004473 sec (of CPU time)
Setting up auxiliary I and S matrices: done in 4.88758e-05 secs using 102.3% CPU
Computing RapidNJ tree took 0.000180 sec (of wall-clock time) 0.000254 sec (of CPU time)
Log-likelihood of RapidNJ tree: -6064.932
--------------------------------------------------------------------
|             INITIALIZING CANDIDATE TREE SET                      |
--------------------------------------------------------------------
Generating 98 parsimony trees... 0.139 second
Computing log-likelihood of 98 initial trees ... 0.236 seconds
Current best score: -6050.692

Do NNI search on 20 best initial trees
Estimate model parameters (epsilon = 0.100)
BETTER TREE FOUND at iteration 1: -6050.691
BETTER TREE FOUND at iteration 3: -6050.691
BETTER TREE FOUND at iteration 9: -6050.691
Iteration 10 / LogL: -6050.691 / Time: 0h:0m:35s
Iteration 20 / LogL: -6050.691 / Time: 0h:0m:35s
Finish initializing candidate tree set (20)
Current best tree score: -6050.691 / CPU time: 1.292
Number of iterations: 20
--------------------------------------------------------------------
|               OPTIMIZING CANDIDATE TREE SET                      |
--------------------------------------------------------------------
Estimate model parameters (epsilon = 0.100)
BETTER TREE FOUND at iteration 22: -6047.269
Iteration 30 / LogL: -6047.271 / Time: 0h:0m:36s (0h:0m:6s left)
BETTER TREE FOUND at iteration 31: -6047.269
Iteration 40 / LogL: -6047.269 / Time: 0h:0m:36s (0h:0m:5s left)
Iteration 50 / LogL: -6047.277 / Time: 0h:0m:37s (0h:0m:5s left)
Log-likelihood cutoff on original alignment: -6073.731
BETTER TREE FOUND at iteration 53: -6047.269
Iteration 60 / LogL: -6047.271 / Time: 0h:0m:38s (0h:0m:5s left)
UPDATE BEST LOG-LIKELIHOOD: -6047.269
Iteration 70 / LogL: -6047.271 / Time: 0h:0m:38s (0h:0m:5s left)
UPDATE BEST LOG-LIKELIHOOD: -6047.269
Iteration 80 / LogL: -6047.271 / Time: 0h:0m:39s (0h:0m:4s left)
Iteration 90 / LogL: -6061.704 / Time: 0h:0m:39s (0h:0m:3s left)
Iteration 100 / LogL: -6047.273 / Time: 0h:0m:40s (0h:0m:3s left)
Log-likelihood cutoff on original alignment: -6073.134
NOTE: Bootstrap correlation coefficient of split occurrence frequencies: 0.988
NOTE: UFBoot does not converge, continue at least 100 more iterations
Iteration 110 / LogL: -6047.270 / Time: 0h:0m:41s (0h:0m:5s left)
BETTER TREE FOUND at iteration 116: -6047.269
BETTER TREE FOUND at iteration 118: -6047.268
Iteration 120 / LogL: -6047.270 / Time: 0h:0m:41s (0h:0m:5s left)
Iteration 130 / LogL: -6047.271 / Time: 0h:0m:42s (0h:0m:5s left)
Iteration 140 / LogL: -6047.269 / Time: 0h:0m:42s (0h:0m:4s left)
BETTER TREE FOUND at iteration 150: -6047.268
Iteration 150 / LogL: -6047.268 / Time: 0h:0m:43s (0h:0m:6s left)
Log-likelihood cutoff on original alignment: -6072.986
UPDATE BEST LOG-LIKELIHOOD: -6047.268
Iteration 160 / LogL: -6047.268 / Time: 0h:0m:44s (0h:0m:5s left)
Iteration 170 / LogL: -6047.269 / Time: 0h:0m:44s (0h:0m:4s left)
Iteration 180 / LogL: -6047.269 / Time: 0h:0m:45s (0h:0m:4s left)
BETTER TREE FOUND at iteration 190: -6047.268
Iteration 190 / LogL: -6047.268 / Time: 0h:0m:45s (0h:0m:6s left)
Iteration 200 / LogL: -6047.271 / Time: 0h:0m:46s (0h:0m:5s left)
Log-likelihood cutoff on original alignment: -6074.197
NOTE: Bootstrap correlation coefficient of split occurrence frequencies: 0.995
Iteration 210 / LogL: -6047.270 / Time: 0h:0m:47s (0h:0m:5s left)
Iteration 220 / LogL: -6047.272 / Time: 0h:0m:47s (0h:0m:4s left)
Iteration 230 / LogL: -6047.268 / Time: 0h:0m:48s (0h:0m:4s left)
Iteration 240 / LogL: -6047.269 / Time: 0h:0m:48s (0h:0m:3s left)
Iteration 250 / LogL: -6047.272 / Time: 0h:0m:49s (0h:0m:3s left)
Log-likelihood cutoff on original alignment: -6074.451
Iteration 260 / LogL: -6050.705 / Time: 0h:0m:50s (0h:0m:2s left)
Iteration 270 / LogL: -6047.270 / Time: 0h:0m:50s (0h:0m:1s left)
Iteration 280 / LogL: -6047.272 / Time: 0h:0m:51s (0h:0m:1s left)
Iteration 290 / LogL: -6050.693 / Time: 0h:0m:52s (0h:0m:0s left)
TREE SEARCH COMPLETED AFTER 291 ITERATIONS / Time: 0h:0m:52s

--------------------------------------------------------------------
|                    FINALIZING TREE SEARCH                        |
--------------------------------------------------------------------
Performs final model parameters optimization
Estimate model parameters (epsilon = 0.010)
1. Initial log-likelihood: -6047.268
Optimal log-likelihood: -6047.268
Rate parameters:  A-C: 1.00000  A-G: 2.33155  A-T: 1.00000  C-G: 1.00000  C-T: 3.29429  G-T: 1.00000
Base frequencies:  A: 0.213  C: 0.321  G: 0.306  T: 0.160
Gamma shape alpha: 1.251
Parameters optimization took 1 rounds (0.018 sec)
BEST SCORE FOUND : -6047.268
Creating bootstrap support values...
Split supports printed to NEXUS file /Users/agl4001/Documents/AOC-develop/results/Primate_REM2/Primate_REM2.RD.SA.codons.cln.fa.splits.nex
Total tree length: 1.146

Total number of iterations: 291
CPU time used for tree search: 17.056 sec (0h:0m:17s)
Wall-clock time used for tree search: 17.554 sec (0h:0m:17s)
Total CPU time used: 51.333 sec (0h:0m:51s)
Total wall-clock time used: 52.230 sec (0h:0m:52s)

Computing bootstrap consensus tree...
Reading input file /Users/agl4001/Documents/AOC-develop/results/Primate_REM2/Primate_REM2.RD.SA.codons.cln.fa.splits.nex...
35 taxa and 297 splits.
Consensus tree written to /Users/agl4001/Documents/AOC-develop/results/Primate_REM2/Primate_REM2.RD.SA.codons.cln.fa.contree
Reading input trees file /Users/agl4001/Documents/AOC-develop/results/Primate_REM2/Primate_REM2.RD.SA.codons.cln.fa.contree
Log-likelihood of consensus tree: -6047.280

Analysis results written to: 
  IQ-TREE report:                /Users/agl4001/Documents/AOC-develop/results/Primate_REM2/Primate_REM2.RD.SA.codons.cln.fa.iqtree
  Maximum-likelihood tree:       /Users/agl4001/Documents/AOC-develop/results/Primate_REM2/Primate_REM2.RD.SA.codons.cln.fa.treefile
  Likelihood distances:          /Users/agl4001/Documents/AOC-develop/results/Primate_REM2/Primate_REM2.RD.SA.codons.cln.fa.mldist

Ultrafast bootstrap approximation results written to:
  Split support values:          /Users/agl4001/Documents/AOC-develop/results/Primate_REM2/Primate_REM2.RD.SA.codons.cln.fa.splits.nex
  Consensus tree:                /Users/agl4001/Documents/AOC-develop/results/Primate_REM2/Primate_REM2.RD.SA.codons.cln.fa.contree
  Screen log file:               /Users/agl4001/Documents/AOC-develop/results/Primate_REM2/Primate_REM2.RD.SA.codons.cln.fa.log

Date and Time: Thu Jun 26 18:30:28 2025
