IQ-TREE multicore version 2.4.0 for MacOS Intel 64-bit built Feb 12 2025
Developed by Bui Quang Minh, Nguyen Lam Tung, Olga Chernomor, Heiko Schmidt,
Dominik Schrempf, Michael Woodhams, Ly Trong Nhan, Thomas Wong

Host:    MAC307966 (SSE4.2, 64 GB RAM)
Command: iqtree -s /Users/agl4001/Documents/AOC-develop/results/Primate_ACE2/Primate_ACE2.RD.SA.codons.cln.fa -T AUTO -B 1000 --redo-tree
Seed:    870142 (Using SPRNG - Scalable Parallel Random Number Generator)
Time:    Thu Jun 26 14:41:13 2025
Kernel:  SSE2 - auto-detect threads (12 CPU cores detected)

Reading alignment file /Users/agl4001/Documents/AOC-develop/results/Primate_ACE2/Primate_ACE2.RD.SA.codons.cln.fa ... Fasta format detected
Reading fasta file: done in 0.00136113 secs using 91.91% CPU
Alignment most likely contains DNA/RNA sequences
Alignment has 31 sequences with 3003 columns, 576 distinct patterns
462 parsimony-informative, 329 singleton sites, 2212 constant sites
                                                                                                                          Gap/Ambiguity  Composition  p-value
Analyzing sequences: done in 2.69413e-05 secs using 85.37% CPU
   1  NM_001371415_1_Homo_sapiens_angiotensin_converting_enzyme_2_ACE2_transcript_variant_1_mRNA                                 19.58%    passed     99.70%
   2  XM_016942979_2_PREDICTED_Pan_troglodytes_angiotensin_converting_enzyme_2_ACE2_transcript_variant_X1_mRNA                   19.58%    passed     99.93%
   3  XM_008974180_2_PREDICTED_Pan_paniscus_angiotensin_I_converting_enzyme_2_ACE2_transcript_variant_X1_mRNA                    19.58%    passed     99.47%
   4  XM_019019204_1_PREDICTED_Gorilla_gorilla_gorilla_angiotensin_I_converting_enzyme_2_ACE2_mRNA                               19.58%    passed     99.96%
   5  NM_001131132_2_Pongo_abelii_angiotensin_converting_enzyme_2_ACE2_mRNA                                                      19.58%    passed     97.05%
   6  XM_054471966_1_PREDICTED_Pongo_pygmaeus_angiotensin_converting_enzyme_2_ACE2_transcript_variant_X1_mRNA                    19.58%    passed     95.54%
   7  XM_003261084_3_PREDICTED_Nomascus_leucogenys_angiotensin_I_converting_enzyme_2_ACE2_mRNA                                   19.58%    passed     99.78%
   8  XM_032756617_1_PREDICTED_Hylobates_moloch_angiotensin_I_converting_enzyme_2_ACE2_mRNA                                      19.58%    passed     99.98%
   9  NM_001135696_1_Macaca_mulatta_angiotensin_converting_enzyme_2_ACE2_mRNA                                                    19.58%    passed     99.40%
  10  XM_011735203_2_PREDICTED_Macaca_nemestrina_angiotensin_I_converting_enzyme_2_ACE2_transcript_variant_X1_mRNA               19.58%    passed     97.69%
  11  XM_050777627_1_PREDICTED_Macaca_thibetana_thibetana_angiotensin_converting_enzyme_2_ACE2_transcript_variant_X1_mRNA        19.58%    passed     97.39%
  12  XM_005593037_3_PREDICTED_Macaca_fascicularis_angiotensin_converting_enzyme_2_ACE2_mRNA                                     19.58%    passed     95.45%
  13  XM_021933040_1_PREDICTED_Papio_anubis_angiotensin_I_converting_enzyme_2_ACE2_transcript_variant_X1_mRNA                    19.58%    passed     99.60%
  14  XM_025372062_1_PREDICTED_Theropithecus_gelada_angiotensin_I_converting_enzyme_2_ACE2_mRNA                                  19.58%    passed     98.68%
  15  XM_011995533_1_PREDICTED_Mandrillus_leucophaeus_angiotensin_I_converting_enzyme_2_ACE2_mRNA                                19.58%    passed     98.99%
  16  XM_012035808_1_PREDICTED_Cercocebus_atys_angiotensin_I_converting_enzyme_2_ACE2_transcript_variant_X1_mRNA                 19.58%    passed     99.38%
  17  XM_007991113_2_PREDICTED_Chlorocebus_sabaeus_angiotensin_I_converting_enzyme_2_ACE2_transcript_variant_X1_mRNA             19.58%    passed     95.36%
  18  XM_023199053_2_PREDICTED_Piliocolobus_tephrosceles_angiotensin_I_converting_enzyme_2_ACE2_mRNA                             19.58%    passed     97.25%
  19  XM_010366065_2_PREDICTED_Rhinopithecus_roxellana_angiotensin_I_converting_enzyme_2_ACE2_mRNA                               19.58%    passed     95.36%
  20  XM_017888580_1_PREDICTED_Rhinopithecus_bieti_angiotensin_I_converting_enzyme_2_ACE2_transcript_variant_X1_mRNA             27.67%    passed     96.41%
  21  XM_008988993_4_PREDICTED_Callithrix_jacchus_angiotensin_converting_enzyme_2_ACE2_mRNA                                      19.58%    passed     85.32%
  22  XM_017512376_2_PREDICTED_Cebus_imitator_angiotensin_I_converting_enzyme_2_ACE2_transcript_variant_X1_mRNA                  19.68%    passed     96.07%
  23  XM_032285963_1_PREDICTED_Sapajus_apella_angiotensin_I_converting_enzyme_2_ACE2_transcript_variant_X1_mRNA                  19.58%    passed     95.21%
  24  XM_012434682_2_PREDICTED_Aotus_nancymaae_angiotensin_I_converting_enzyme_2_ACE2_mRNA                                       19.58%    passed     87.44%
  25  XM_010336623_2_PREDICTED_Saimiri_boliviensis_boliviensis_angiotensin_converting_enzyme_2_ACE2_transcript_variant_X1_mRNA   19.58%    passed     93.20%
  26  XM_020285237_1_PREDICTED_Microcebus_murinus_angiotensin_I_converting_enzyme_2_ACE2_mRNA                                    14.99%    passed     99.21%
  27  XM_012638731_1_PREDICTED_Propithecus_coquereli_angiotensin_I_converting_enzyme_2_ACE2_transcript_variant_X1_mRNA           17.48%    passed     55.40%
  28  XM_045538336_1_PREDICTED_Lemur_catta_angiotensin_converting_enzyme_2_ACE2_mRNA                                              2.00%    passed     90.14%
  29  XM_053580366_1_PREDICTED_Nycticebus_coucang_angiotensin_converting_enzyme_2_ACE2_mRNA                                      19.58%    passed     55.70%
  30  XM_003791864_2_PREDICTED_Otolemur_garnettii_angiotensin_I_converting_enzyme_2_ACE2_mRNA                                    19.58%    failed      3.29%
  31  XM_008064619_1_PREDICTED_Carlito_syrichta_angiotensin_I_converting_enzyme_2_ACE2_mRNA                                      19.58%    passed     87.68%
****  TOTAL                                                                                                                      19.06%  1 sequences failed composition chi2 test (p-value<5%; df=3)


Create initial parsimony tree by phylogenetic likelihood library (PLL)... 0.002 seconds
Measuring multi-threading efficiency up to 12 CPU cores
Increase to 10 rounds for branch lengths
431 trees examined
Threads: 1 / Time: 12.017 sec / Speedup: 1.000 / Efficiency: 100% / LogL: -15294
Threads: 2 / Time: 58.092 sec / Speedup: 0.207 / Efficiency: 10% / LogL: -15294
BEST NUMBER OF THREADS: 1

Perform fast likelihood tree search using GTR+I+G model...
Estimate model parameters (epsilon = 5.000)
Perform nearest neighbor interchange...
Estimate model parameters (epsilon = 1.000)
1. Initial log-likelihood: -10967.494
Optimal log-likelihood: -10967.449
Rate parameters:  A-C: 1.95613  A-G: 5.10148  A-T: 0.75769  C-G: 1.83748  C-T: 6.42225  G-T: 1.00000
Base frequencies:  A: 0.307  C: 0.202  G: 0.230  T: 0.261
Proportion of invariable sites: 0.359
Gamma shape alpha: 1.681
Parameters optimization took 1 rounds (0.015 sec)
Time for fast ML tree search: 0.199 seconds

NOTE: ModelFinder requires 8 MB RAM!
ModelFinder will test up to 484 DNA models (sample size: 3003 epsilon: 0.100) ...
 No. Model         -LnL         df  AIC          AICc         BIC
  1  GTR+F         11115.323    67  22364.647    22367.751    22767.140
  2  GTR+F+I       10978.016    68  22092.033    22095.231    22500.534
  3  GTR+F+G4      10967.159    68  22070.318    22073.517    22478.819
  4  GTR+F+I+G4    10967.436    69  22072.871    22076.165    22487.380
  5  GTR+F+R2      10967.837    69  22073.673    22076.967    22488.181
  6  GTR+F+R3      10966.717    71  22075.434    22078.922    22501.957
 14  GTR+F+I+R2    10968.493    70  22076.986    22080.377    22497.502
 15  GTR+F+I+R3    10965.956    72  22075.911    22079.499    22508.442
 25  SYM+G4        11007.681    65  22145.361    22148.283    22535.840
 26  SYM+I+G4      11007.710    66  22147.419    22150.431    22543.905
 27  SYM+R2        11008.135    66  22148.271    22151.283    22544.757
 47  TVM+F+G4      10970.777    67  22075.553    22078.658    22478.047
 48  TVM+F+I+G4    10971.009    68  22078.018    22081.216    22486.519
 49  TVM+F+R2      10971.062    68  22078.123    22081.322    22486.624
 69  TVMe+G4       11007.833    64  22143.666    22146.498    22528.138
 70  TVMe+I+G4     11007.853    65  22145.706    22148.627    22536.184
 71  TVMe+R2       11008.128    65  22146.256    22149.177    22536.735
 91  TIM3+F+G4     10968.279    66  22068.558    22071.570    22465.044
 92  TIM3+F+I+G4   10968.503    67  22071.006    22074.110    22473.499
 93  TIM3+F+R2     10968.482    67  22070.964    22074.068    22473.457
113  TIM3e+G4      11009.354    63  22144.707    22147.451    22523.171
114  TIM3e+I+G4    11009.358    64  22146.716    22149.548    22531.188
115  TIM3e+R2      11009.527    64  22147.053    22149.885    22531.525
135  TIM2+F+G4     10993.217    66  22118.434    22121.446    22514.920
136  TIM2+F+I+G4   10993.274    67  22120.548    22123.652    22523.041
137  TIM2+F+R2     10993.356    67  22120.712    22123.816    22523.205
157  TIM2e+G4      11022.961    63  22171.923    22174.666    22550.387
158  TIM2e+I+G4    11022.857    64  22173.713    22176.545    22558.185
159  TIM2e+R2      11023.065    64  22174.131    22176.963    22558.602
179  TIM+F+G4      10990.571    66  22113.143    22116.155    22509.629
180  TIM+F+I+G4    10990.635    67  22115.270    22118.375    22517.764
181  TIM+F+R2      10990.607    67  22115.215    22118.319    22517.708
201  TIMe+G4       11021.616    63  22169.231    22171.975    22547.695
202  TIMe+I+G4     11021.529    64  22171.058    22173.890    22555.530
203  TIMe+R2       11021.611    64  22171.222    22174.054    22555.693
223  TPM3u+F+G4    10971.909    65  22073.819    22076.740    22464.297
224  TPM3u+F+I+G4  10972.066    66  22076.132    22079.145    22472.619
225  TPM3u+F+R2    10971.808    66  22075.616    22078.628    22472.102
245  TPM3+G4       11009.542    62  22143.084    22145.742    22515.541
246  TPM3+I+G4     11009.513    63  22145.026    22147.770    22523.491
247  TPM3+R2       11009.438    63  22144.876    22147.620    22523.340
267  TPM2u+F+G4    10996.562    65  22123.125    22126.046    22513.604
268  TPM2u+F+I+G4  10996.598    66  22125.196    22128.208    22521.682
269  TPM2u+F+R2    10996.469    66  22124.937    22127.950    22521.423
289  TPM2+G4       11023.167    62  22170.334    22172.991    22542.790
290  TPM2+I+G4     11023.036    63  22172.071    22174.815    22550.535
291  TPM2+R2       11023.033    63  22172.067    22174.811    22550.531
311  K3Pu+F+G4     10993.918    65  22117.835    22120.756    22508.314
312  K3Pu+F+I+G4   10993.959    66  22119.919    22122.931    22516.405
313  K3Pu+F+R2     10993.752    66  22119.505    22122.517    22515.991
333  K3P+G4        11021.834    62  22167.668    22170.325    22540.125
334  K3P+I+G4      11021.721    63  22169.443    22172.187    22547.907
335  K3P+R2        11021.633    63  22169.266    22172.010    22547.730
355  TN+F+G4       10993.375    65  22116.751    22119.672    22507.230
356  TN+F+I+G4     10993.370    66  22118.741    22121.753    22515.227
357  TN+F+R2       10993.248    66  22118.495    22121.508    22514.981
377  TNe+G4        11023.702    62  22171.404    22174.061    22543.861
378  TNe+I+G4      11023.560    63  22173.121    22175.864    22551.585
379  TNe+R2        11023.508    63  22173.016    22175.760    22551.480
399  HKY+F+G4      10996.734    64  22121.468    22124.300    22505.939
400  HKY+F+I+G4    10996.733    65  22123.467    22126.388    22513.946
401  HKY+F+R2      10996.543    65  22123.085    22126.006    22513.564
421  K2P+G4        11023.921    61  22169.842    22172.414    22536.291
422  K2P+I+G4      11023.777    62  22171.553    22174.210    22544.010
423  K2P+R2        11023.679    62  22171.357    22174.014    22543.814
443  F81+F+G4      11283.812    63  22693.623    22696.367    23072.087
444  F81+F+I+G4    11283.750    64  22695.499    22698.331    23079.971
445  F81+F+R2      11284.023    64  22696.047    22698.879    23080.518
465  JC+G4         11308.500    60  22736.999    22739.487    23097.441
466  JC+I+G4       11308.404    61  22738.807    22741.379    23105.257
467  JC+R2         11308.631    61  22739.262    22741.834    23105.712
Akaike Information Criterion:           TIM3+F+G4
Corrected Akaike Information Criterion: TIM3+F+G4
Bayesian Information Criterion:         TPM3u+F+G4
Best-fit model: TPM3u+F+G4 chosen according to BIC

All model information printed to /Users/agl4001/Documents/AOC-develop/results/Primate_ACE2/Primate_ACE2.RD.SA.codons.cln.fa.model.gz
CPU time for ModelFinder: 41.532 seconds (0h:0m:41s)
Wall-clock time for ModelFinder: 73.791 seconds (0h:1m:13s)
Generating 1000 samples for ultrafast bootstrap (seed: 870142)...

NOTE: 4 MB RAM (0 GB) is required!
Estimate model parameters (epsilon = 0.100)
1. Initial log-likelihood: -11283.865
2. Current log-likelihood: -11020.996
3. Current log-likelihood: -10971.968
Optimal log-likelihood: -10971.908
Rate parameters:  A-C: 2.21373  A-G: 6.60638  A-T: 1.00000  C-G: 2.21373  C-T: 6.60638  G-T: 1.00000
Base frequencies:  A: 0.307  C: 0.202  G: 0.230  T: 0.261
Gamma shape alpha: 0.505
Parameters optimization took 3 rounds (0.103 sec)
Wrote distance file to... 
Computing ML distances based on estimated model parameters...
Calculating distance matrix: done in 0.00802898 secs using 77.46% CPU
Computing ML distances took 0.008145 sec (of wall-clock time) 0.006299 sec (of CPU time)
Setting up auxiliary I and S matrices: done in 7.20024e-05 secs using 155.6% CPU
Computing RapidNJ tree took 0.000306 sec (of wall-clock time) 0.000452 sec (of CPU time)
Log-likelihood of RapidNJ tree: -10987.931
--------------------------------------------------------------------
|             INITIALIZING CANDIDATE TREE SET                      |
--------------------------------------------------------------------
Generating 98 parsimony trees... 0.246 second
Computing log-likelihood of 98 initial trees ... 0.496 seconds
Current best score: -10971.908

Do NNI search on 20 best initial trees
Estimate model parameters (epsilon = 0.100)
BETTER TREE FOUND at iteration 1: -10971.907
UPDATE BEST LOG-LIKELIHOOD: -10971.907
UPDATE BEST LOG-LIKELIHOOD: -10971.907
UPDATE BEST LOG-LIKELIHOOD: -10971.907
Iteration 10 / LogL: -10976.510 / Time: 0h:1m:15s
UPDATE BEST LOG-LIKELIHOOD: -10971.907
Iteration 20 / LogL: -10971.907 / Time: 0h:1m:15s
Finish initializing candidate tree set (3)
Current best tree score: -10971.907 / CPU time: 1.869
Number of iterations: 20
--------------------------------------------------------------------
|               OPTIMIZING CANDIDATE TREE SET                      |
--------------------------------------------------------------------
Iteration 30 / LogL: -10971.907 / Time: 0h:1m:16s (0h:0m:7s left)
Iteration 40 / LogL: -10971.907 / Time: 0h:1m:17s (0h:0m:5s left)
Iteration 50 / LogL: -10976.510 / Time: 0h:1m:18s (0h:0m:4s left)
Log-likelihood cutoff on original alignment: -11022.242
Iteration 60 / LogL: -10971.911 / Time: 0h:1m:19s (0h:0m:3s left)
Iteration 70 / LogL: -10971.907 / Time: 0h:1m:20s (0h:0m:2s left)
Iteration 80 / LogL: -10971.907 / Time: 0h:1m:21s (0h:0m:1s left)
Iteration 90 / LogL: -10976.554 / Time: 0h:1m:21s (0h:0m:1s left)
Iteration 100 / LogL: -10971.929 / Time: 0h:1m:22s (0h:0m:0s left)
Log-likelihood cutoff on original alignment: -11022.242
NOTE: Bootstrap correlation coefficient of split occurrence frequencies: 0.999
TREE SEARCH COMPLETED AFTER 102 ITERATIONS / Time: 0h:1m:23s

--------------------------------------------------------------------
|                    FINALIZING TREE SEARCH                        |
--------------------------------------------------------------------
Performs final model parameters optimization
Estimate model parameters (epsilon = 0.010)
1. Initial log-likelihood: -10971.907
Optimal log-likelihood: -10971.907
Rate parameters:  A-C: 2.21223  A-G: 6.60212  A-T: 1.00000  C-G: 2.21223  C-T: 6.60212  G-T: 1.00000
Base frequencies:  A: 0.307  C: 0.202  G: 0.230  T: 0.261
Gamma shape alpha: 0.504
Parameters optimization took 1 rounds (0.022 sec)
BEST SCORE FOUND : -10971.907
Creating bootstrap support values...
Split supports printed to NEXUS file /Users/agl4001/Documents/AOC-develop/results/Primate_ACE2/Primate_ACE2.RD.SA.codons.cln.fa.splits.nex
Total tree length: 0.558

Total number of iterations: 102
CPU time used for tree search: 8.382 sec (0h:0m:8s)
Wall-clock time used for tree search: 9.190 sec (0h:0m:9s)
Total CPU time used: 50.146 sec (0h:0m:50s)
Total wall-clock time used: 83.274 sec (0h:1m:23s)

Computing bootstrap consensus tree...
Reading input file /Users/agl4001/Documents/AOC-develop/results/Primate_ACE2/Primate_ACE2.RD.SA.codons.cln.fa.splits.nex...
31 taxa and 125 splits.
Consensus tree written to /Users/agl4001/Documents/AOC-develop/results/Primate_ACE2/Primate_ACE2.RD.SA.codons.cln.fa.contree
Reading input trees file /Users/agl4001/Documents/AOC-develop/results/Primate_ACE2/Primate_ACE2.RD.SA.codons.cln.fa.contree
Log-likelihood of consensus tree: -10971.914

Analysis results written to: 
  IQ-TREE report:                /Users/agl4001/Documents/AOC-develop/results/Primate_ACE2/Primate_ACE2.RD.SA.codons.cln.fa.iqtree
  Maximum-likelihood tree:       /Users/agl4001/Documents/AOC-develop/results/Primate_ACE2/Primate_ACE2.RD.SA.codons.cln.fa.treefile
  Likelihood distances:          /Users/agl4001/Documents/AOC-develop/results/Primate_ACE2/Primate_ACE2.RD.SA.codons.cln.fa.mldist

Ultrafast bootstrap approximation results written to:
  Split support values:          /Users/agl4001/Documents/AOC-develop/results/Primate_ACE2/Primate_ACE2.RD.SA.codons.cln.fa.splits.nex
  Consensus tree:                /Users/agl4001/Documents/AOC-develop/results/Primate_ACE2/Primate_ACE2.RD.SA.codons.cln.fa.contree
  Screen log file:               /Users/agl4001/Documents/AOC-develop/results/Primate_ACE2/Primate_ACE2.RD.SA.codons.cln.fa.log

Date and Time: Thu Jun 26 14:42:37 2025
